Mode 1
            -0.14322863191901680224
            -0.33207251282681632398
            -0.45478355744523790705
Mode 2
             0.38587494369039937459
             0.28389122632866481410
            -0.32881754567609727813
Mode 3
            -0.41012286662609104271
             0.38307740306302318078
            -0.15055104261321064496
Mode 4
            -0.00000000000000000001
            -0.00000000000000000001
             0.00000000000000000002
Mode 5
             0.00000008851564272239
             0.00000014864780521718
            -0.00000029489292156376
