0.2 3.72396e-09
0.4 4.31765e-09
0.6 4.29595e-09
0.8 4.29691e-09
1 4.29689e-09
0.515224 3.07522e-05
1.03097 6.14958e-05
1.54616 9.22377e-05
2.06163 0.000122986
2.57704 0.000153731
3.09208 0.000184477
3.60775 0.000215226
4.12292 0.000245972
4.6386 0.000276714
5.15415 0.000307462
5.66964 0.000338203
6.18518 0.000368947
6.70045 0.000399697
7.21592 0.000430441
7.73097 0.000461186
8.24642 0.000491931
8.76196 0.000522674
9.27722 0.000553422
9.79257 0.000584168
10.3079 0.000614913
10.8235 0.000645658
11.3393 0.0006764
11.8537 0.000707152
12.3698 0.000737893
12.8857 0.000768639
13.4003 0.000799384
13.9158 0.000830127
14.4313 0.000860882
14.9465 0.00089162
15.462 0.000922368
15.9773 0.000953116
16.4929 0.000983857
17.008 0.00101461
17.5237 0.00104535
18.0391 0.00107609
18.5546 0.00110684
19.0696 0.00113758
19.5853 0.00116833
20.0999 0.00119908
20.6161 0.00122982
21.1312 0.00126056
21.6469 0.00129131
22.1622 0.00132206
22.6777 0.0013528
23.1929 0.00138355
23.7085 0.00141429
24.2239 0.00144504
24.7393 0.00147578
25.2545 0.00150653
25.7703 0.00153727
26.2854 0.00156802
26.8003 0.00159876
27.3164 0.00162951
27.8317 0.00166026
28.3471 0.001691
28.8625 0.00172175
29.3781 0.00175249
29.8935 0.00178324
30.4087 0.00181398
30.9242 0.00184473
31.4395 0.00187547
31.9549 0.00190622
32.4705 0.00193697
32.9857 0.00196771
33.5011 0.00199846
34.0163 0.0020292
34.5326 0.00205995
35.0474 0.00209069
35.5633 0.00212143
36.0781 0.00215218
36.5934 0.00218293
37.1089 0.00221367
37.6243 0.00224442
38.1397 0.00227517
38.6551 0.00230591
39.1707 0.00233666
39.6861 0.0023674
40.202 0.00239815
40.7174 0.00242887
41.232 0.00245964
41.7476 0.00249038
42.2629 0.00252113
42.7783 0.00255187
43.2932 0.00258262
43.809 0.00261337
44.3246 0.00264411
44.84 0.00267486
45.3554 0.0027056
45.8707 0.00273635
46.3861 0.00276709
46.9017 0.00279784
47.4169 0.00282858
47.9323 0.00285933
48.4474 0.00289007
48.9633 0.00292082
49.4789 0.00295156
49.994 0.00298231
50.5094 0.00301305
51.0248 0.0030438
51.54 0.00307455
52.0557 0.00310529
52.5715 0.00313603
53.0867 0.00316679
53.6019 0.00319753
54.1174 0.00322827
54.6328 0.00325901
55.1481 0.00328977
55.6629 0.00332051
56.1786 0.00335126
56.6941 0.003382
57.2096 0.00341275
57.725 0.00344349
58.2403 0.00347424
58.7558 0.00350498
59.2713 0.00353573
59.7866 0.00356647
60.302 0.00359722
60.8175 0.00362796
61.3332 0.00365871
61.8482 0.00368945
62.3637 0.0037202
62.879 0.00375094
63.3944 0.00378169
63.9098 0.00381244
64.425 0.00384318
64.9405 0.00387393
65.4559 0.00390467
65.9715 0.00393542
66.4873 0.00396615
67.0023 0.00399691
67.518 0.00402765
68.0332 0.0040584
68.5484 0.00408914
69.064 0.00411989
69.5794 0.00415063
70.0947 0.00418138
70.6094 0.00421213
71.1253 0.00424287
71.641 0.00427362
72.1564 0.00430436
72.6717 0.00433511
73.1864 0.00436585
73.7024 0.0043966
74.2179 0.00442735
74.7328 0.0044581
75.2488 0.00448884
75.7641 0.00451958
76.2795 0.00455033
76.7949 0.00458108
77.3103 0.00461182
77.8256 0.00464256
78.3411 0.00467331
78.8571 0.00470405
79.3721 0.0047348
79.8872 0.00476555
80.4023 0.00479629
80.9183 0.00482704
81.4351 0.00485778
81.949 0.00488852
82.4639 0.00491927
82.9794 0.00495002
83.4951 0.00498076
84.0106 0.00501151
84.5262 0.00504225
85.0414 0.005073
85.5567 0.00510374
86.0722 0.00513449
86.5877 0.00516523
87.1029 0.00519598
87.6185 0.00522673
88.1338 0.00525747
88.649 0.00528822
89.1646 0.00531896
89.6798 0.00534971
90.1949 0.00538046
90.7105 0.0054112
91.2262 0.00544194
91.7413 0.00547269
92.2567 0.00550344
92.7724 0.00553418
93.2878 0.00556493
93.803 0.00559567
94.3195 0.00562641
94.8345 0.00565716
95.3494 0.00568791
95.864 0.00571865
96.3802 0.0057494
96.8956 0.00578014
97.4111 0.00581089
97.9265 0.00584163
98.4418 0.00587238
98.9573 0.00590313
99.4726 0.00593387
99.9883 0.00596463
100.503 0.00599536
101.019 0.00602611
101.534 0.00605685
102.05 0.0060876
102.565 0.00611834
103.081 0.00614909
103.596 0.00617983
104.111 0.00621057
104.627 0.00624133
105.142 0.00627207
105.657 0.00630282
106.173 0.00633356
106.688 0.00636431
107.204 0.00639505
107.72 0.0064258
108.234 0.00645654
108.75 0.00648729
109.265 0.00651803
109.781 0.00654878
110.296 0.00657953
110.811 0.00661027
111.327 0.00664101
111.842 0.00667176
112.357 0.00670251
112.872 0.00673325
113.389 0.006764
113.904 0.00679474
114.419 0.00682549
114.935 0.00685624
115.45 0.00688699
115.965 0.00691772
116.481 0.00694847
116.996 0.00697922
117.512 0.00700996
118.027 0.00704071
118.543 0.00707145
119.058 0.0071022
119.573 0.00713294
120.089 0.00716369
120.604 0.00719443
121.119 0.00722518
121.635 0.00725593
122.15 0.00728667
122.666 0.00731742
123.181 0.00734816
123.697 0.00737891
124.212 0.00740965
124.727 0.0074404
125.243 0.00747114
125.758 0.00750189
126.274 0.00753263
126.789 0.00756338
127.304 0.00759413
127.82 0.00762487
128.335 0.00765562
128.804 0.00768577
129.261 0.0077158
129.72 0.00774582
130.177 0.00777584
130.59 0.0078053
131.001 0.00783476
131.414 0.00786421
131.826 0.00789366
132.237 0.00792312
132.65 0.00795257
133.062 0.00798202
133.475 0.00801148
133.886 0.00804093
134.299 0.00807039
134.711 0.00809984
135.123 0.00812929
135.535 0.00815875
135.947 0.0081882
136.359 0.00821766
136.771 0.00824711
137.18 0.00827653
137.578 0.00830581
137.964 0.00833495
138.35 0.00836408
138.735 0.00839321
139.122 0.00842234
139.508 0.00845148
139.894 0.00848061
140.28 0.00850974
140.666 0.00853887
141.052 0.00856801
141.438 0.00859714
141.824 0.00862627
142.21 0.00865542
142.596 0.00868454
142.982 0.00871367
143.367 0.00874281
143.753 0.00877194
144.138 0.00880108
144.525 0.0088302
144.911 0.00885934
145.297 0.00888846
145.683 0.0089176
146.069 0.00894673
146.455 0.00897587
146.84 0.009005
147.228 0.00903412
147.614 0.00906325
147.999 0.00909239
148.385 0.00912153
148.751 0.00915096
149.103 0.00918056
149.457 0.00921016
149.794 0.00923998
150.117 0.00927001
150.44 0.00930004
150.764 0.00933007
151.087 0.0093601
151.41 0.00939013
151.734 0.00942015
152.057 0.00945018
152.381 0.00948021
152.703 0.00951024
153.027 0.00954027
153.35 0.0095703
153.673 0.00960033
153.997 0.00963036
154.32 0.00966039
154.636 0.0096905
154.949 0.00972067
155.252 0.00975095
155.557 0.00978124
155.859 0.00981152
156.162 0.0098418
156.466 0.00987208
156.77 0.00990236
157.072 0.00993265
157.375 0.00996294
157.679 0.00999322
157.982 0.0100235
158.286 0.0100538
158.589 0.0100841
158.892 0.0101144
159.196 0.0101446
159.499 0.0101749
159.803 0.0102052
160.106 0.0102355
160.41 0.0102658
160.714 0.0102961
161.016 0.0103263
161.319 0.0103566
161.623 0.0103869
161.926 0.0104172
162.23 0.0104475
162.533 0.0104778
162.836 0.010508
163.139 0.0105383
163.443 0.0105686
163.746 0.0105989
164.049 0.0106292
164.352 0.0106595
164.656 0.0106897
164.959 0.01072
165.263 0.0107503
165.567 0.0107806
165.871 0.0108109
166.173 0.0108412
166.476 0.0108714
166.779 0.0109017
167.083 0.010932
167.386 0.0109623
167.689 0.0109926
167.993 0.0110229
168.296 0.0110531
168.599 0.0110834
168.903 0.0111137
169.206 0.011144
169.51 0.0111743
169.813 0.0112046
170.116 0.0112348
170.42 0.0112651
170.723 0.0112954
171.026 0.0113257
171.329 0.011356
171.633 0.0113863
171.936 0.0114165
172.24 0.0114468
172.543 0.0114771
172.846 0.0115074
173.15 0.0115377
173.453 0.011568
173.756 0.0115982
174.06 0.0116285
174.363 0.0116588
174.666 0.0116891
174.97 0.0117194
175.273 0.0117497
175.577 0.0117799
175.88 0.0118102
176.183 0.0118405
176.487 0.0118708
176.79 0.0119011
177.093 0.0119314
177.397 0.0119616
177.7 0.0119919
178.003 0.0120222
178.307 0.0120525
178.61 0.0120828
178.913 0.0121131
179.217 0.0121433
179.52 0.0121736
179.823 0.0122039
180.127 0.0122342
180.431 0.0122645
180.733 0.0122948
181.037 0.012325
181.341 0.0123553
181.643 0.0123856
181.946 0.0124159
182.25 0.0124462
182.553 0.0124766
182.854 0.0125072
183.155 0.0125379
183.454 0.012569
183.754 0.0126
184.052 0.012631
184.351 0.0126621
184.65 0.0126931
184.949 0.0127242
185.249 0.0127552
185.547 0.0127862
185.847 0.0128173
186.146 0.0128483
186.445 0.0128793
186.744 0.0129104
187.043 0.0129414
187.341 0.0129725
187.641 0.0130035
187.94 0.0130345
188.239 0.0130656
188.538 0.0130966
188.837 0.0131276
189.136 0.0131587
189.436 0.0131897
189.734 0.0132208
190.033 0.0132518
190.333 0.0132828
190.632 0.0133139
190.931 0.0133449
191.23 0.0133759
191.529 0.013407
191.828 0.013438
192.127 0.013469
192.426 0.0135001
192.725 0.0135311
193.024 0.0135622
193.323 0.0135932
193.622 0.0136242
193.922 0.0136553
194.221 0.0136863
194.52 0.0137173
194.82 0.0137484
195.117 0.0137794
195.417 0.0138105
195.716 0.0138415
196.015 0.0138725
196.312 0.0139036
196.613 0.0139346
196.912 0.0139656
197.211 0.0139967
197.51 0.0140277
197.809 0.0140587
198.108 0.0140898
198.407 0.0141208
198.707 0.0141519
199.006 0.0141829
199.305 0.0142139
199.603 0.014245
199.903 0.014276
200.201 0.014307
200.501 0.0143381
200.8 0.0143691
201.099 0.0144002
201.396 0.0144311
201.662 0.0144613
201.925 0.0144915
202.189 0.0145216
202.453 0.0145517
202.717 0.0145819
202.979 0.0146119
203.175 0.0146404
203.284 0.0146666
203.379 0.0146925
203.475 0.0147184
203.569 0.0147443
203.668 0.0147702
203.764 0.0147962
203.858 0.0148221
203.962 0.014848
204.051 0.0148739
204.148 0.0148998
204.244 0.0149257
204.339 0.0149517
204.432 0.0149774
204.534 0.0150035
204.628 0.0150294
204.721 0.0150553
204.819 0.0150812
204.914 0.0151071
205.014 0.015133
205.106 0.015159
205.203 0.0151849
205.298 0.0152108
205.397 0.0152367
205.491 0.0152626
205.581 0.0152884
205.684 0.0153144
205.78 0.0153404
205.87 0.0153662
205.972 0.0153922
206.067 0.0154181
206.161 0.015444
206.259 0.0154699
206.354 0.0154958
206.452 0.0155217
206.547 0.0155477
206.646 0.0155736
206.739 0.0155995
206.833 0.0156254
206.931 0.0156513
207.027 0.0156772
207.114 0.015703
207.187 0.0157287
207.264 0.0157543
207.338 0.0157799
207.411 0.0158056
207.485 0.0158312
207.554 0.0158568
207.617 0.0158824
207.71 0.0159081
207.719 0.015933
207.773 0.0159583
207.836 0.0159839
207.886 0.0160092
207.942 0.0160346
207.997 0.01606
208.048 0.0160852
208.113 0.0161107
208.164 0.0161362
208.226 0.0161618
208.277 0.016187
208.332 0.0162124
208.39 0.0162379
208.442 0.0162632
208.514 0.0162887
208.556 0.016314
208.603 0.0163393
208.666 0.0163648
208.721 0.0163903
208.777 0.0164156
208.834 0.016441
208.885 0.0164664
208.945 0.0164918
209 0.0165172
209.056 0.0165426
209.109 0.0165679
209.167 0.0165934
209.223 0.0166188
209.268 0.0166442
209.335 0.0166696
209.391 0.0166951
209.444 0.0167204
209.502 0.0167458
209.559 0.0167714
209.613 0.0167966
209.666 0.016822
209.725 0.0168474
209.78 0.0168728
209.836 0.0168982
209.891 0.0169236
209.95 0.016949
209.998 0.0169743
210.052 0.0169997
210.106 0.017025
210.16 0.0170504
210.253 0.0170764
210.268 0.0171011
210.321 0.0171265
210.375 0.0171518
210.429 0.0171772
210.483 0.0172025
210.537 0.0172279
210.591 0.0172532
210.644 0.0172786
210.695 0.0173039
210.752 0.0173293
210.811 0.0173547
210.848 0.0173797
210.912 0.0174053
210.965 0.0174306
211.012 0.0174558
211.064 0.0174811
211.116 0.0175064
211.164 0.0175318
211.221 0.0175571
211.271 0.0175823
211.324 0.0176077
211.375 0.0176329
211.427 0.0176583
211.481 0.0176836
211.533 0.017709
211.585 0.0177342
211.633 0.0177595
211.698 0.0177849
211.739 0.0178101
211.808 0.0178356
211.846 0.0178608
211.9 0.0178861
211.95 0.0179114
212.002 0.0179367
212.053 0.017962
212.106 0.0179873
212.151 0.0180126
212.21 0.018038
212.262 0.0180632
212.315 0.0180886
212.362 0.0181138
212.419 0.0181392
212.471 0.0181645
212.513 0.0181896
212.575 0.0182151
212.628 0.0182405
212.679 0.0182657
212.731 0.0182911
212.784 0.0183162
212.836 0.0183417
212.888 0.018367
212.943 0.0183923
212.991 0.0184176
213.044 0.0184429
213.096 0.0184682
213.146 0.0184936
213.194 0.0185189
213.248 0.0185444
213.297 0.0185698
213.348 0.0185951
213.397 0.0186205
213.449 0.0186459
213.497 0.0186713
213.544 0.0186968
213.595 0.0187222
213.641 0.0187477
213.695 0.0187731
213.742 0.0187985
213.791 0.018824
213.84 0.0188494
213.894 0.0188749
213.942 0.0189002
213.991 0.0189258
214.011 0.0189514
214.058 0.0189777
214.091 0.0190039
214.098 0.0190301
214.152 0.0190563
214.183 0.0190825
214.214 0.0191086
214.244 0.0191348
214.284 0.0191611
214.307 0.0191872
214.337 0.0192134
214.37 0.0192396
214.407 0.0192657
214.427 0.0192919
214.463 0.0193181
214.493 0.0193443
214.524 0.0193705
214.555 0.0193967
214.586 0.0194229
214.617 0.0194491
214.638 0.019475
214.679 0.0195015
214.71 0.0195276
214.737 0.0195539
214.772 0.01958
214.803 0.0196062
214.848 0.0196326
214.862 0.0196586
214.896 0.0196848
214.906 0.0197106
214.953 0.0197371
214.946 0.0197629
215.141 0.0197909
215.05 0.0198157
215.083 0.0198419
215.114 0.0198681
215.145 0.0198943
215.175 0.0199205
215.207 0.0199466
215.238 0.0199728
215.269 0.019999
215.3 0.0200252
215.33 0.0200514
215.362 0.0200776
215.393 0.0201038
215.423 0.0201299
215.455 0.0201562
215.486 0.0201823
215.517 0.0202085
215.548 0.0202347
215.576 0.0202608
215.61 0.0202871
215.641 0.0203133
215.672 0.0203395
215.705 0.0203655
215.734 0.0203918
215.765 0.020418
215.796 0.0204442
215.834 0.0204705
215.858 0.0204966
215.89 0.0205228
215.92 0.020549
215.951 0.0205751
215.982 0.0206013
216.013 0.0206275
216.047 0.0206537
216.044 0.0206798
216.099 0.020706
216.137 0.0207323
216.129 0.0207579
216.2 0.0207847
216.231 0.0208108
216.262 0.020837
216.291 0.0208632
216.324 0.0208894
216.356 0.0209156
216.385 0.0209418
216.417 0.020968
216.457 0.0209942
216.48 0.0210204
216.505 0.0210464
216.551 0.0210727
216.572 0.0210989
216.603 0.0211251
216.634 0.0211513
216.665 0.0211775
216.689 0.0212034
216.727 0.0212299
216.748 0.0212559
216.769 0.0212821
216.82 0.0213084
216.851 0.0213346
216.882 0.0213608
216.913 0.021387
216.926 0.021413
216.975 0.0214394
217.006 0.0214655
217.037 0.0214917
217.068 0.0215179
217.099 0.0215441
217.098 0.02157
217.103 0.021596
217.083 0.0216227
217.223 0.0216488
217.254 0.021675
217.283 0.0217012
217.316 0.0217274
217.347 0.0217536
217.378 0.0217798
217.409 0.021806
217.441 0.0218322
217.471 0.0218584
217.502 0.0218845
217.533 0.0219107
217.542 0.0219369
217.54 0.0219631
217.627 0.0219893
217.658 0.0220155
217.718 0.0220418
217.726 0.0220678
217.751 0.022094
217.782 0.0221202
217.815 0.0221464
217.844 0.0221726
217.875 0.0221988
217.906 0.022225
217.937 0.0222512
217.977 0.0222774
217.999 0.0223035
217.999 0.0223293
218.061 0.0223559
218.092 0.0223821
218.133 0.0224084
218.145 0.0224344
218.185 0.0224607
218.216 0.0224868
218.254 0.0225131
218.278 0.0225393
218.31 0.0225654
218.34 0.0225916
218.371 0.0226178
218.37 0.0226439
218.433 0.0226702
218.464 0.0226964
218.433 0.022722
218.526 0.0227487
218.557 0.0227749
218.588 0.0228011
218.619 0.0228273
218.65 0.0228535
218.681 0.0228797
218.712 0.0229059
218.74 0.0229321
218.775 0.0229582
218.806 0.0229844
218.837 0.0230106
218.868 0.0230368
218.898 0.023063
218.93 0.0230892
218.961 0.0231154
218.968 0.0231416
219.022 0.0231678
219.053 0.023194
219.085 0.0232201
219.116 0.0232463
219.148 0.0232725
219.179 0.0232987
219.173 0.0233245
219.24 0.0233511
219.259 0.0233773
219.258 0.0234034
219.333 0.0234296
219.364 0.0234558
219.392 0.023482
219.427 0.0235082
219.457 0.0235344
219.488 0.0235606
219.533 0.0235867
219.55 0.0236129
219.581 0.0236391
219.527 0.0236647
219.642 0.0236915
219.674 0.0237176
219.703 0.0237438
219.734 0.02377
219.764 0.0237962
219.795 0.0238224
219.825 0.0238486
219.852 0.0238747
219.886 0.0239009
219.967 0.0239274
220.04 0.0239541
220.036 0.0239804
220.005 0.024007
220.005 0.0240338
220.056 0.0240616
220.076 0.0240889
220.09 0.0241159
220.084 0.0241429
219.983 0.0241684
220.139 0.0241972
220.174 0.0242244
220.18 0.0242513
220.198 0.0242785
220.194 0.0243055
220.212 0.0243323
220.237 0.0243599
220.27 0.024387
220.263 0.0244138
220.286 0.0244412
220.295 0.024468
220.304 0.024495
220.323 0.0245222
220.351 0.0245493
220.343 0.0245763
220.379 0.0246034
220.374 0.0246306
220.359 0.0246575
220.42 0.0246847
220.436 0.0247117
220.438 0.0247388
220.465 0.0247658
220.483 0.024793
220.484 0.0248201
220.514 0.0248472
220.53 0.0248742
220.547 0.0249014
220.548 0.0249283
220.546 0.0249553
220.593 0.0249826
220.609 0.0250096
220.603 0.0250368
220.64 0.0250638
220.656 0.0250909
220.663 0.0251186
220.677 0.0251467
220.697 0.0251752
220.694 0.0252043
220.709 0.0252331
220.718 0.0252619
220.718 0.0252907
220.737 0.02532
220.737 0.0253483
220.755 0.0253771
220.76 0.0254056
220.759 0.0254345
220.788 0.0254635
220.793 0.0254924
220.799 0.0255212
220.814 0.02555
220.819 0.0255789
220.826 0.0256077
220.841 0.0256363
220.86 0.0256652
220.856 0.025694
220.857 0.0257228
220.912 0.0257512
220.88 0.0257804
220.892 0.0258092
220.907 0.0258385
220.911 0.0258669
220.907 0.0258954
220.916 0.0259243
220.938 0.0259533
220.944 0.025982
220.957 0.0260109
220.966 0.0260397
220.975 0.0260685
220.984 0.0260973
220.993 0.0261262
221.026 0.0261554
221.01 0.0261838
221.023 0.0262126
221.031 0.0262413
221.04 0.0262701
221.049 0.026299
221.049 0.0263278
221.067 0.0263566
221.093 0.0263856
221.084 0.0264142
221.095 0.026443
221.088 0.0264718
221.113 0.0265006
221.114 0.0265295
221.125 0.0265585
221.141 0.0265871
221.15 0.0266159
221.163 0.0266447
221.17 0.0266733
221.186 0.0267021
221.189 0.0267311
221.193 0.0267599
221.209 0.0267886
221.223 0.0268174
221.229 0.0268462
221.231 0.0268752
221.226 0.0269037
221.285 0.0269329
221.26 0.0269615
221.269 0.0269904
221.27 0.0270191
221.288 0.027048
221.286 0.0270764
221.306 0.0271056
221.315 0.0271344
221.312 0.0271631
221.333 0.0271922
221.335 0.0272208
221.35 0.027249
221.365 0.0272784
221.371 0.0273072
221.379 0.027336
221.398 0.0273649
221.399 0.0273936
221.408 0.0274225
221.414 0.0274514
221.426 0.0274801
221.431 0.027509
221.444 0.0275371
221.453 0.0275665
221.454 0.0275952
221.487 0.0276242
221.481 0.0276529
221.489 0.0276819
221.499 0.0277105
221.509 0.0277395
221.518 0.0277681
221.519 0.0277969
221.541 0.0278257
221.545 0.0278546
221.556 0.0278834
221.555 0.0279121
221.575 0.0279408
221.582 0.0279694
221.588 0.0279984
221.6 0.0280274
221.608 0.0280562
221.617 0.0280849
221.63 0.0281138
221.639 0.0281424
221.646 0.0281714
221.649 0.0282009
221.688 0.0282299
221.676 0.0282578
221.683 0.0282867
221.703 0.0283156
221.703 0.0283445
221.703 0.0283728
221.721 0.0284018
221.74 0.0284306
221.738 0.0284595
221.733 0.0284882
221.737 0.0285169
221.762 0.028546
221.764 0.0285747
221.786 0.0286037
221.792 0.0286322
221.824 0.028661
221.814 0.02869
221.819 0.0287188
221.828 0.0287476
221.834 0.0287767
221.856 0.0288054
221.857 0.028834
221.881 0.0288623
221.875 0.0288916
221.863 0.0289203
221.895 0.0289492
221.898 0.0289781
221.913 0.0290069
221.923 0.0290357
221.918 0.0290642
221.941 0.0290933
221.919 0.0291219
221.959 0.0291509
221.968 0.0291797
221.968 0.0292085
221.985 0.0292373
221.986 0.029266
222.005 0.0292949
222.035 0.0293241
222.023 0.0293525
222.032 0.0293814
222.056 0.0294098
222.051 0.0294389
222.06 0.0294678
222.07 0.0294965
222.067 0.0295252
222.074 0.0295539
222.093 0.029583
222.116 0.0296118
222.127 0.0296404
222.122 0.0296693
222.127 0.0296981
222.134 0.0297268
222.155 0.0297561
222.162 0.0297846
222.175 0.0298135
222.183 0.0298422
222.183 0.029871
222.182 0.0298999
222.207 0.0299287
222.249 0.0299573
222.227 0.0299864
222.229 0.0300151
222.247 0.0300438
222.269 0.0300728
222.264 0.0301015
222.265 0.0301304
222.281 0.0301591
222.302 0.030188
222.289 0.0302167
222.283 0.0302455
222.317 0.0302744
222.327 0.0303032
222.336 0.030332
222.347 0.0303609
222.356 0.0303895
222.354 0.0304184
222.367 0.030447
222.366 0.0304759
222.388 0.0305048
222.4 0.0305336
222.41 0.0305625
222.419 0.0305913
222.427 0.0306201
222.441 0.0306491
222.445 0.0306777
222.449 0.030706
222.465 0.0307355
222.474 0.0307641
222.461 0.0307928
222.492 0.0308217
222.504 0.0308505
222.511 0.0308793
222.517 0.0309082
222.532 0.0309368
222.539 0.0309658
222.548 0.0309946
222.557 0.0310234
222.568 0.0310521
222.55 0.031081
222.585 0.0311095
222.593 0.0311386
222.602 0.0311673
222.621 0.0311962
222.621 0.031225
222.628 0.0312537
222.641 0.0312826
222.646 0.0313113
222.658 0.0313403
222.669 0.031369
222.675 0.0313977
222.687 0.0314268
222.695 0.0314555
222.701 0.0314843
222.713 0.0315131
222.728 0.0315417
222.731 0.0315707
222.74 0.0315995
222.75 0.0316284
222.761 0.031657
222.77 0.0316858
222.782 0.0317149
222.788 0.0317436
222.793 0.0317726
222.803 0.0318012
222.815 0.03183
222.824 0.0318588
222.832 0.0318876
222.842 0.0319164
222.855 0.0319452
222.871 0.031974
222.87 0.0320028
222.879 0.0320316
222.881 0.0320601
222.896 0.0320893
222.91 0.0321182
222.922 0.0321472
222.918 0.0321755
222.934 0.0322045
222.945 0.0322333
222.948 0.0322622
222.951 0.0322908
222.964 0.0323195
223.011 0.0323486
222.99 0.0323774
222.998 0.0324062
223.008 0.0324349
223.02 0.0324638
223.025 0.0324925
223.022 0.0325209
223.049 0.0325503
223.055 0.0325789
223.065 0.0326077
223.072 0.0326365
223.101 0.0326658
223.092 0.0326943
223.1 0.032723
223.109 0.0327518
223.134 0.0327809
223.128 0.0328094
223.14 0.0328383
223.145 0.032867
223.132 0.0328962
223.176 0.0329248
223.164 0.0329534
223.184 0.0329821
223.19 0.0330111
223.202 0.0330399
223.213 0.0330687
223.217 0.0330975
223.23 0.0331263
223.234 0.0331551
223.232 0.0331842
223.265 0.0332126
223.261 0.0332415
223.268 0.0332702
223.283 0.0332992
223.286 0.0333281
223.3 0.0333569
223.307 0.0333859
223.318 0.0334148
223.324 0.0334437
223.334 0.0334726
223.328 0.0335019
223.337 0.0335305
223.351 0.0335591
223.379 0.0335885
223.38 0.0336171
223.39 0.0336463
223.393 0.0336749
223.402 0.0337039
223.418 0.0337327
223.42 0.0337616
223.427 0.0337905
223.437 0.0338194
223.462 0.0338483
223.45 0.0338772
223.456 0.0339062
223.476 0.0339352
223.475 0.0339639
223.483 0.0339928
223.491 0.0340217
223.503 0.0340504
223.513 0.0340793
223.515 0.0341084
223.516 0.0341373
223.531 0.0341664
223.539 0.0341955
223.556 0.0342244
223.554 0.0342534
223.561 0.0342824
223.569 0.0343114
223.576 0.0343405
223.584 0.0343694
223.595 0.0343979
223.6 0.0344277
223.609 0.0344559
223.614 0.0344854
223.621 0.0345145
223.629 0.0345434
223.661 0.0345731
223.644 0.0346014
223.651 0.0346304
223.658 0.0346595
223.672 0.0346882
223.674 0.0347175
223.682 0.0347465
223.688 0.0347755
223.696 0.0348045
223.703 0.0348335
223.697 0.0348622
223.718 0.0348915
223.727 0.0349204
223.782 0.0349497
223.741 0.0349785
223.746 0.0350073
223.77 0.0350364
223.759 0.0350654
223.77 0.0350945
223.782 0.0351235
223.785 0.0351525
223.796 0.0351815
223.805 0.0352107
223.803 0.0352394
223.819 0.0352685
223.823 0.0352975
223.83 0.0353265
223.84 0.0353554
223.845 0.0353845
223.865 0.0354136
223.86 0.0354425
223.867 0.0354715
223.881 0.0355009
223.896 0.0355297
223.886 0.0355585
223.89 0.0355875
223.906 0.0356166
223.91 0.0356454
223.924 0.0356742
223.926 0.0357035
223.933 0.0357327
223.942 0.0357615
223.947 0.0357905
223.949 0.0358194
223.96 0.0358484
223.97 0.0358776
223.979 0.0359066
223.999 0.0359353
223.994 0.0359646
223.989 0.0359931
223.994 0.0360218
224.017 0.0360515
224.024 0.0360805
224.033 0.0361096
224.037 0.0361386
224.046 0.0361676
224.047 0.0361964
224.05 0.0362252
224.069 0.0362548
224.074 0.0362833
224.081 0.0363127
224.083 0.0363414
224.099 0.0363706
224.115 0.0363997
224.113 0.0364286
224.12 0.0364576
224.129 0.0364866
224.154 0.0365157
224.137 0.0365451
224.149 0.0365735
224.157 0.0366027
224.155 0.0366317
224.158 0.0366604
224.18 0.0366898
224.174 0.0367188
224.19 0.0367481
224.2 0.0367769
224.229 0.0368066
224.218 0.0368353
224.22 0.0368641
224.219 0.0368931
224.236 0.0369223
224.237 0.0369517
224.245 0.0369813
224.248 0.0370108
224.246 0.03704
224.244 0.0370695
224.249 0.0370991
224.249 0.037129
224.239 0.0371583
224.249 0.0371883
224.251 0.0372179
224.257 0.0372471
224.251 0.0372772
224.261 0.0373071
224.249 0.0373364
224.252 0.0373661
224.255 0.0373958
224.255 0.0374255
224.252 0.0374549
224.244 0.0374843
224.246 0.0375142
224.255 0.037544
224.266 0.0375739
224.259 0.0376035
224.261 0.0376331
224.261 0.0376627
224.261 0.0376925
224.263 0.037722
224.253 0.0377514
224.263 0.0377814
224.265 0.037811
224.267 0.0378407
224.271 0.0378704
224.264 0.0378998
224.268 0.0379296
224.269 0.0379593
224.273 0.0379887
224.278 0.0380188
224.271 0.0380482
224.26 0.0380775
224.284 0.0381078
224.276 0.0381371
224.274 0.0381669
224.274 0.0381965
224.275 0.0382262
224.276 0.0382558
224.275 0.0382853
224.279 0.0383151
224.277 0.0383447
224.279 0.0383744
224.28 0.0384041
224.28 0.0384339
224.28 0.0384636
224.3 0.0384934
224.283 0.0385227
224.279 0.0385521
224.285 0.0385821
224.286 0.0386118
224.29 0.0386416
224.287 0.038671
224.288 0.0387005
224.285 0.03873
224.283 0.0387595
224.292 0.0387898
224.292 0.0388192
224.295 0.0388491
224.294 0.0388786
224.294 0.0389081
224.291 0.0389379
224.294 0.0389675
224.288 0.038997
224.295 0.0390268
224.304 0.0390567
224.297 0.0390861
224.299 0.0391156
224.299 0.0391452
224.299 0.0391751
224.316 0.0392052
224.3 0.0392345
224.303 0.0392641
224.307 0.0392937
224.304 0.0393233
224.303 0.039353
224.304 0.0393827
224.306 0.0394123
224.308 0.0394421
224.303 0.0394716
224.306 0.0395012
224.311 0.039531
224.312 0.0395603
224.306 0.0395896
224.31 0.0396199
224.308 0.0396495
224.318 0.0396789
224.312 0.0397089
224.314 0.0397387
224.309 0.0397681
224.318 0.0397977
224.302 0.0398273
224.315 0.0398571
224.313 0.0398868
224.318 0.0399164
224.32 0.0399461
224.321 0.0399755
224.316 0.0400054
224.315 0.0400348
224.321 0.0400647
224.322 0.0400943
224.322 0.040124
224.324 0.0401536
224.324 0.0401833
224.326 0.040213
224.327 0.0402426
224.322 0.0402722
224.341 0.040302
224.328 0.0403315
224.33 0.0403612
224.329 0.0403909
224.334 0.0404204
224.335 0.0404503
224.333 0.0404799
224.317 0.0405096
224.333 0.0405392
224.334 0.0405688
224.33 0.0405984
224.336 0.040628
224.33 0.0406575
224.337 0.0406875
224.343 0.0407169
224.338 0.0407467
224.337 0.0407762
224.339 0.040806
224.334 0.0408354
224.371 0.0408654
224.342 0.040895
224.358 0.0409249
224.343 0.0409543
224.345 0.040984
224.347 0.0410135
224.346 0.0410432
224.343 0.041073
224.336 0.0411024
224.352 0.0411323
224.351 0.0411618
224.351 0.0411915
224.35 0.0412211
224.348 0.0412508
224.352 0.0412805
224.353 0.0413102
224.353 0.0413398
224.353 0.0413695
224.354 0.0413991
224.355 0.0414288
224.355 0.0414586
224.354 0.041488
224.362 0.0415176
224.355 0.0415473
224.359 0.041577
224.367 0.0416067
224.361 0.0416364
224.361 0.0416659
224.361 0.0416957
224.36 0.0417254
224.343 0.0417548
224.366 0.0417846
224.368 0.0418144
224.366 0.0418439
224.351 0.0418735
224.367 0.0419033
224.367 0.0419329
224.368 0.0419625
224.369 0.0419922
224.368 0.0420219
224.37 0.0420514
224.371 0.0420812
224.372 0.0421109
224.366 0.0421406
224.376 0.0421703
224.374 0.0421998
224.378 0.0422295
224.374 0.0422591
224.37 0.0422887
224.362 0.0423183
224.385 0.0423481
224.378 0.0423777
224.38 0.0424074
224.378 0.0424371
224.382 0.0424668
224.384 0.0424963
224.382 0.042526
224.383 0.0425556
224.379 0.0425852
224.386 0.0426149
224.404 0.0426451
224.378 0.0426742
224.4 0.0427041
224.383 0.0427335
224.386 0.0427632
224.388 0.0427928
224.396 0.0428225
224.395 0.0428523
224.392 0.0428818
224.379 0.0429119
224.395 0.0429414
224.389 0.0429709
224.398 0.0430006
224.393 0.0430301
224.395 0.0430597
224.393 0.0430891
224.394 0.043119
224.391 0.0431485
224.398 0.0431784
224.38 0.0432081
224.426 0.0432378
224.4 0.0432675
224.401 0.0432969
224.402 0.0433267
224.405 0.0433563
224.392 0.0433857
224.404 0.0434156
224.405 0.0434453
224.399 0.0434749
224.392 0.0435042
224.442 0.0435342
224.407 0.0435639
224.407 0.0435935
224.406 0.0436233
224.419 0.0436531
224.411 0.0436825
224.408 0.043712
224.412 0.0437418
224.397 0.0437714
224.4 0.0438011
224.414 0.0438308
224.427 0.0438604
224.416 0.0438902
224.417 0.0439197
224.415 0.0439494
224.416 0.0439789
224.429 0.0440085
224.419 0.0440383
224.422 0.044068
224.413 0.0440976
224.416 0.0441271
224.431 0.0441569
224.422 0.0441866
224.426 0.0442162
224.423 0.044246
224.425 0.0442756
224.433 0.0443053
224.427 0.0443349
224.404 0.0443645
224.427 0.0443942
224.427 0.044424
224.436 0.0444532
224.43 0.0444832
224.436 0.0445126
224.431 0.0445424
224.431 0.0445721
224.429 0.0446017
224.433 0.0446314
224.462 0.0446608
224.436 0.0446907
224.436 0.0447203
224.431 0.0447498
224.426 0.0447793
224.439 0.0448093
224.444 0.0448392
224.44 0.0448686
224.44 0.0448983
224.45 0.0449279
224.442 0.0449576
224.43 0.044987
224.444 0.0450169
224.443 0.0450467
224.439 0.0450761
224.419 0.0451054
224.468 0.0451359
224.448 0.0451652
224.449 0.045195
224.451 0.0452245
224.445 0.045254
224.454 0.0452838
224.454 0.0453134
224.453 0.0453431
224.453 0.0453727
224.464 0.0454025
224.456 0.0454321
224.455 0.0454617
224.447 0.0454913
224.465 0.0455211
224.458 0.0455507
224.457 0.0455803
224.453 0.04561
224.472 0.0456398
224.46 0.0456693
224.461 0.045699
224.457 0.0457286
224.49 0.0457585
224.463 0.0457879
224.466 0.0458174
224.467 0.0458473
224.466 0.0458769
224.47 0.0459066
224.469 0.0459363
224.468 0.045966
224.467 0.0459954
224.464 0.046025
224.476 0.0460549
224.474 0.0460845
224.467 0.0461138
224.472 0.0461438
224.493 0.0461734
224.474 0.0462031
224.474 0.0462327
224.466 0.0462623
224.475 0.046292
224.484 0.0463217
224.476 0.0463513
224.478 0.046381
224.494 0.0464106
224.479 0.0464403
224.48 0.04647
224.489 0.0464997
224.484 0.0465293
224.482 0.0465589
224.461 0.0465884
224.463 0.0466178
224.48 0.0466478
224.481 0.0466774
224.488 0.046707
224.499 0.0467367
224.489 0.0467665
224.489 0.0467963
224.489 0.0468258
224.481 0.0468554
224.486 0.0468852
224.491 0.0469147
224.492 0.0469445
224.492 0.0469741
224.478 0.0470035
224.494 0.0470334
224.496 0.047063
224.497 0.0470929
224.5 0.0471224
224.489 0.047152
224.489 0.0471814
224.487 0.0472112
224.497 0.0472408
224.501 0.0472705
224.499 0.0473003
224.506 0.0473297
224.503 0.0473595
224.502 0.047389
224.509 0.0474188
224.502 0.0474485
224.508 0.0474782
224.509 0.0475079
224.489 0.0475372
224.515 0.0475671
224.508 0.0475968
224.509 0.0476265
224.506 0.0476559
224.511 0.0476857
224.509 0.0477154
224.496 0.047745
224.512 0.0477747
224.514 0.0478044
224.514 0.047834
224.516 0.0478635
224.515 0.0478933
224.502 0.0479227
224.51 0.0479525
224.521 0.0479823
224.518 0.048012
224.505 0.0480413
224.531 0.0480716
224.52 0.0481009
224.521 0.0481306
224.526 0.0481603
224.529 0.04819
224.528 0.0482197
224.52 0.0482492
224.523 0.0482788
224.525 0.0483085
224.518 0.0483382
224.515 0.0483681
224.535 0.0483976
224.526 0.0484271
224.565 0.0484572
224.529 0.0484865
224.531 0.048516
224.531 0.0485457
224.535 0.0485753
224.534 0.0486049
224.528 0.0486344
224.528 0.0486641
224.537 0.0486938
224.524 0.0487237
224.536 0.0487532
224.538 0.048783
224.531 0.0488126
224.544 0.0488424
224.54 0.0488719
224.532 0.0489017
224.543 0.0489312
224.542 0.0489609
224.538 0.048991
224.561 0.0490202
224.539 0.0490496
224.538 0.0490793
224.548 0.049109
224.549 0.0491388
224.546 0.0491685
224.572 0.0491982
224.549 0.0492278
224.55 0.0492575
224.549 0.049287
224.553 0.0493169
224.559 0.0493466
224.549 0.0493761
224.55 0.0494058
224.539 0.0494349
224.556 0.0494651
224.555 0.0494947
224.581 0.0495246
224.554 0.0495541
224.558 0.0495836
224.555 0.0496132
224.559 0.049643
224.566 0.0496726
224.55 0.049702
224.584 0.0497325
224.562 0.0497615
224.563 0.0497912
224.563 0.0498209
224.555 0.0498506
224.573 0.0498799
224.559 0.0499098
224.566 0.0499395
224.56 0.049969
224.566 0.0499989
224.58 0.0500287
224.566 0.050058
224.573 0.0500879
224.571 0.0501174
224.558 0.0501467
224.572 0.0501767
224.573 0.0502064
224.571 0.050236
224.573 0.0502657
224.575 0.0502953
224.584 0.0503251
224.577 0.0503546
224.577 0.0503843
224.578 0.0504139
224.573 0.0504434
224.58 0.0504732
224.581 0.0505029
224.607 0.0505328
224.582 0.0505622
224.582 0.0505919
224.582 0.0506214
224.589 0.0506513
224.581 0.0506808
224.581 0.0507104
224.585 0.05074
224.587 0.0507698
224.59 0.0507994
224.588 0.0508291
224.589 0.0508587
224.59 0.0508885
224.59 0.0509181
224.587 0.0509477
224.593 0.0509773
224.593 0.051007
224.595 0.0510367
224.592 0.0510665
224.595 0.0510959
224.604 0.0511256
224.596 0.0511553
224.6 0.0511851
224.603 0.0512146
224.601 0.0512443
224.601 0.051274
224.601 0.0513036
224.601 0.0513331
224.601 0.0513628
224.602 0.0513924
224.603 0.0514221
224.603 0.0514518
224.606 0.0514815
224.604 0.0515109
224.605 0.0515408
224.606 0.0515702
224.607 0.0516001
224.608 0.0516297
224.608 0.0516593
224.608 0.0516891
224.612 0.0517187
224.604 0.0517483
224.614 0.051778
224.606 0.0518075
224.613 0.0518373
224.612 0.0518669
224.615 0.0518966
224.616 0.0519263
224.615 0.0519559
224.615 0.0519856
224.619 0.0520152
224.626 0.0520449
224.636 0.052075
224.611 0.0521041
224.618 0.0521334
224.621 0.0521635
224.628 0.0521932
224.622 0.0522229
224.606 0.0522525
224.629 0.0522821
224.62 0.0523118
224.625 0.0523415
224.627 0.0523711
224.627 0.0524007
224.636 0.0524298
224.612 0.0524598
224.63 0.0524897
224.643 0.0525193
224.635 0.052549
224.631 0.0525788
224.635 0.0526082
224.635 0.052638
224.644 0.0526676
224.632 0.0526973
224.635 0.0527271
224.636 0.0527566
224.631 0.0527862
224.639 0.0528159
224.633 0.0528455
224.636 0.0528751
224.639 0.0529048
224.638 0.0529346
224.641 0.0529642
224.654 0.0529939
224.635 0.0530233
224.64 0.0530532
224.644 0.0530828
224.648 0.0531122
224.647 0.0531421
224.642 0.0531717
224.654 0.0532016
224.648 0.053231
224.656 0.0532609
224.668 0.0532907
224.649 0.0533198
224.643 0.0533495
224.651 0.0533793
224.652 0.053409
224.652 0.0534388
224.653 0.0534683
224.652 0.0534979
224.658 0.0535276
224.656 0.0535573
224.658 0.0535869
224.659 0.0536165
224.657 0.053646
224.663 0.053676
224.647 0.0537054
224.667 0.0537355
224.661 0.0537648
224.66 0.0537943
224.664 0.0538241
224.664 0.0538539
224.669 0.0538835
224.666 0.053913
224.668 0.0539427
224.667 0.0539721
224.668 0.0540021
224.668 0.0540317
224.671 0.0540612
224.662 0.0540908
224.67 0.0541207
224.672 0.0541504
224.655 0.0541795
224.669 0.0542095
224.673 0.0542393
224.673 0.0542691
224.677 0.054299
224.669 0.0543281
224.677 0.0543578
224.675 0.0543875
224.681 0.0544172
224.678 0.0544468
224.679 0.0544765
224.679 0.0545062
224.68 0.0545358
224.675 0.0545654
224.678 0.054595
224.683 0.0546248
224.679 0.0546542
224.684 0.0546841
224.687 0.0547138
224.699 0.0547432
224.687 0.054773
224.687 0.0548027
224.693 0.0548326
224.689 0.054862
224.69 0.0548917
224.691 0.0549213
224.708 0.0549513
224.696 0.0549807
224.692 0.0550103
224.686 0.0550398
224.694 0.0550694
224.692 0.0550992
224.695 0.0551289
224.698 0.0551587
224.697 0.0551882
224.697 0.0552179
224.698 0.0552476
224.699 0.0552772
224.695 0.0553068
224.689 0.0553364
224.703 0.0553661
224.699 0.0553958
224.693 0.0554255
224.714 0.0554549
224.705 0.0554847
224.706 0.0555142
224.704 0.0555441
224.705 0.0555737
224.707 0.0556034
224.71 0.055633
224.71 0.0556626
224.708 0.0556923
224.706 0.0557219
224.706 0.0557514
224.707 0.055781
224.703 0.0558105
224.7 0.05584
224.698 0.0558696
224.69 0.0558993
224.704 0.0559287
224.704 0.0559583
224.692 0.0559879
224.689 0.0560173
224.716 0.056047
224.695 0.0560765
224.694 0.0561061
224.689 0.0561356
224.688 0.0561653
224.704 0.0561947
224.688 0.0562243
224.683 0.0562538
224.683 0.0562833
224.682 0.0563129
224.681 0.0563425
224.679 0.056372
224.681 0.0564016
224.668 0.0564311
224.679 0.0564605
224.677 0.05649
224.674 0.0565197
224.673 0.0565494
224.67 0.0565789
224.668 0.0566084
224.661 0.056638
224.669 0.0566676
224.676 0.0566971
224.659 0.0567267
224.662 0.0567562
224.663 0.0567857
224.654 0.0568153
224.658 0.0568449
224.65 0.0568742
224.656 0.0569039
224.657 0.0569331
224.654 0.056963
224.655 0.0569926
224.661 0.0570223
224.645 0.0570515
224.65 0.0570813
224.647 0.0571107
224.644 0.05714
224.639 0.0571696
224.636 0.0571991
224.619 0.0572284
224.623 0.0572579
224.629 0.0572875
224.627 0.0573169
224.615 0.0573464
224.616 0.0573758
224.615 0.0574053
224.614 0.0574347
224.61 0.057464
224.633 0.0574938
224.597 0.0575231
224.597 0.0575523
224.595 0.057582
224.591 0.0576115
224.587 0.0576409
224.582 0.0576702
224.583 0.0576998
224.577 0.0577293
224.572 0.0577588
224.565 0.0577883
224.567 0.0578177
224.552 0.0578469
224.56 0.0578766
224.551 0.0579062
224.555 0.0579355
224.549 0.0579651
224.548 0.0579946
224.555 0.058024
224.541 0.0580534
224.537 0.058083
224.526 0.0581125
224.521 0.0581419
224.527 0.0581714
224.521 0.0582008
224.522 0.0582304
224.515 0.0582598
224.513 0.0582894
224.511 0.0583188
224.526 0.0583481
224.507 0.0583778
224.502 0.0584071
224.489 0.0584366
224.492 0.0584662
224.486 0.0584959
224.486 0.0585251
224.484 0.0585546
224.481 0.0585841
224.476 0.0586135
224.472 0.0586431
224.472 0.0586723
224.466 0.058702
224.461 0.0587316
224.454 0.0587608
224.458 0.0587904
224.465 0.0588199
224.45 0.0588493
224.443 0.0588788
224.441 0.0589085
224.445 0.0589378
224.433 0.0589671
224.429 0.058997
224.421 0.0590263
224.424 0.0590558
224.425 0.0590854
224.424 0.0591148
224.42 0.0591441
224.42 0.0591736
224.41 0.0592031
224.414 0.0592327
224.404 0.059262
224.401 0.0592914
224.407 0.0593211
224.384 0.0593503
224.389 0.0593799
224.388 0.0594095
224.392 0.0594391
224.381 0.0594684
224.377 0.0594978
224.374 0.0595273
224.366 0.0595567
224.371 0.0595863
224.364 0.0596158
224.358 0.0596453
224.358 0.0596746
224.354 0.0597042
224.345 0.0597337
224.348 0.0597631
224.342 0.0597925
224.342 0.0598221
224.337 0.0598516
224.334 0.059881
224.328 0.0599103
224.327 0.0599399
224.323 0.0599692
224.319 0.0599988
224.319 0.0600284
224.314 0.0600578
224.311 0.0600873
224.307 0.0601168
224.299 0.0601462
224.302 0.0601757
224.287 0.0602049
224.295 0.0602348
224.291 0.0602642
224.289 0.0602935
224.293 0.0603234
224.28 0.0603525
224.284 0.0603821
224.274 0.0604115
224.255 0.0604405
224.27 0.0604706
224.266 0.0604999
224.262 0.0605294
224.26 0.0605589
224.254 0.0605883
224.242 0.0606175
224.252 0.0606474
224.248 0.0606769
224.237 0.0607063
224.237 0.0607357
224.234 0.0607652
224.236 0.0607948
224.228 0.0608242
224.228 0.0608537
224.22 0.0608831
224.218 0.0609126
224.214 0.0609421
224.214 0.0609716
224.207 0.061001
224.211 0.0610307
224.201 0.06106
224.198 0.0610895
224.199 0.061119
224.208 0.0611486
224.184 0.0611779
224.185 0.0612073
224.18 0.0612368
224.179 0.0612664
224.176 0.0612958
224.171 0.0613254
224.169 0.0613548
224.167 0.0613843
224.161 0.0614137
224.153 0.0614429
224.153 0.0614727
224.147 0.061502
224.151 0.0615314
224.145 0.0615611
224.137 0.0615905
224.138 0.06162
224.147 0.0616498
224.111 0.0616784
224.131 0.0617086
224.125 0.061738
224.123 0.0617672
224.119 0.0617971
224.115 0.0618263
224.111 0.0618559
224.115 0.061885
224.104 0.0619148
224.101 0.0619442
224.094 0.0619737
224.096 0.0620033
224.087 0.0620327
224.085 0.0620622
224.121 0.0620922
224.078 0.0621213
224.077 0.0621506
224.075 0.0621801
224.073 0.0622098
224.069 0.0622391
224.064 0.0622686
224.061 0.062298
224.067 0.0623276
224.056 0.0623568
224.053 0.0623864
224.039 0.0624159
224.046 0.0624454
224.041 0.0624748
224.043 0.0625043
224.035 0.0625338
224.028 0.0625632
224.027 0.0625929
224.031 0.0626223
224.022 0.0626517
224.019 0.0626813
224.015 0.0627105
224.009 0.0627402
224.002 0.0627693
224.007 0.0627991
224.002 0.0628285
223.998 0.0628578
223.995 0.0628875
224.01 0.0629169
223.991 0.0629463
223.98 0.0629757
223.981 0.0630055
223.978 0.0630349
223.982 0.0630645
223.967 0.0630937
223.964 0.0631232
223.965 0.0631528
223.961 0.0631823
223.959 0.0632119
223.958 0.0632412
223.953 0.0632707
223.948 0.0633001
223.938 0.0633294
223.944 0.0633592
223.938 0.0633886
223.927 0.0634175
223.931 0.0634475
223.926 0.0634768
223.926 0.0635064
223.923 0.0635359
223.914 0.0635653
223.918 0.0635951
223.912 0.0636244
223.919 0.0636537
223.904 0.0636834
223.911 0.0637128
223.897 0.0637422
223.895 0.0637717
223.915 0.0638019
223.889 0.0638307
223.886 0.0638601
223.882 0.0638896
223.881 0.0639191
223.875 0.0639486
223.872 0.0639781
223.871 0.0640074
223.865 0.0640371
223.861 0.0640665
223.876 0.0640957
223.848 0.0641252
223.853 0.064155
223.848 0.0641844
223.844 0.0642137
223.842 0.0642433
223.84 0.0642729
223.835 0.0643022
223.827 0.0643316
223.829 0.0643613
223.826 0.0643908
223.822 0.0644202
223.817 0.0644492
223.815 0.0644792
223.813 0.0645087
223.807 0.064538
223.813 0.0645673
223.801 0.064597
223.797 0.0646264
223.794 0.0646555
223.794 0.0646851
223.787 0.064715
223.786 0.0647445
223.783 0.0647739
223.772 0.0648033
223.77 0.0648324
223.764 0.0648622
223.768 0.0648919
223.766 0.0649212
223.754 0.0649506
223.759 0.0649802
223.748 0.0650097
223.754 0.0650392
223.745 0.0650684
223.751 0.0650982
223.743 0.0651276
223.741 0.065157
223.733 0.0651865
223.732 0.065216
223.729 0.0652455
223.725 0.0652751
223.723 0.0653045
223.721 0.0653339
223.715 0.0653635
223.712 0.0653933
223.706 0.0654229
223.704 0.0654524
223.701 0.065482
223.697 0.0655116
223.692 0.0655413
223.687 0.0655706
223.686 0.0656004
223.682 0.06563
223.679 0.0656597
223.675 0.0656892
223.67 0.0657189
223.669 0.0657484
223.665 0.065778
223.658 0.0658079
223.65 0.0658372
223.653 0.0658669
223.652 0.0658966
223.651 0.0659263
223.643 0.0659557
223.64 0.0659853
223.636 0.066015
223.63 0.0660445
223.626 0.0660741
223.623 0.0661037
223.624 0.0661333
223.61 0.0661627
223.601 0.0661923
223.59 0.0662211
223.576 0.0662501
223.561 0.0662793
223.546 0.0663081
223.53 0.0663374
223.515 0.0663666
223.499 0.0663953
223.486 0.0664244
223.472 0.0664535
223.456 0.0664825
223.443 0.0665118
223.427 0.0665408
223.412 0.0665697
223.397 0.0665988
223.386 0.0666279
223.366 0.0666571
223.35 0.0666862
223.334 0.0667153
223.316 0.0667445
223.297 0.0667734
223.278 0.0668022
223.258 0.0668314
223.239 0.0668604
223.22 0.0668894
223.2 0.0669184
223.182 0.0669474
223.171 0.0669764
223.142 0.0670055
223.122 0.0670343
223.106 0.0670633
223.087 0.0670924
223.066 0.0671214
223.049 0.0671504
223.031 0.0671794
223.009 0.0672083
222.989 0.0672373
222.972 0.0672662
222.953 0.0672956
222.932 0.0673244
222.912 0.0673533
222.891 0.0673823
222.874 0.0674113
222.855 0.0674403
222.835 0.0674693
222.813 0.0674981
222.797 0.0675273
222.782 0.0675563
222.759 0.0675853
222.739 0.0676143
222.719 0.0676435
222.7 0.0676724
222.681 0.067701
222.662 0.0677303
222.643 0.0677593
222.624 0.0677883
222.604 0.0678173
222.585 0.0678462
222.563 0.0678754
222.55 0.0679046
222.528 0.0679333
222.503 0.0679624
222.491 0.0679915
222.471 0.0680203
222.451 0.0680493
222.433 0.0680783
222.415 0.0681073
222.392 0.0681363
222.373 0.0681653
222.354 0.0681944
222.335 0.0682233
222.317 0.068252
222.297 0.0682813
222.278 0.0683102
222.26 0.0683393
222.238 0.0683682
222.22 0.0683972
222.2 0.0684263
222.182 0.0684552
222.161 0.0684843
222.14 0.0685132
222.124 0.0685422
222.107 0.0685711
222.085 0.0686002
222.06 0.0686292
222.048 0.0686582
222.027 0.0686871
222.011 0.0687161
221.99 0.0687451
221.97 0.0687742
221.951 0.0688031
221.932 0.0688322
221.914 0.0688611
221.893 0.0688901
221.874 0.0689191
221.855 0.0689482
221.835 0.0689771
221.817 0.0690061
221.798 0.0690351
221.777 0.0690641
221.759 0.0690931
221.739 0.069122
221.719 0.0691511
221.701 0.0691801
221.68 0.0692089
221.664 0.0692383
221.646 0.0692671
221.614 0.0692958
221.602 0.0693249
221.586 0.069354
221.567 0.0693832
221.544 0.0694121
221.528 0.0694413
221.509 0.0694704
221.489 0.0694994
221.472 0.0695284
221.452 0.0695576
221.431 0.0695867
221.418 0.0696158
221.395 0.0696448
221.374 0.0696739
221.354 0.0697029
221.333 0.0697319
221.316 0.0697611
221.295 0.0697902
221.288 0.0698196
221.258 0.0698483
221.238 0.0698774
221.223 0.0699067
221.199 0.0699354
221.185 0.0699646
221.161 0.0699937
221.141 0.0700227
221.123 0.0700518
221.104 0.0700809
221.083 0.0701099
221.066 0.070139
221.044 0.070168
221.027 0.0701974
221.008 0.0702263
220.986 0.0702553
220.967 0.0702843
220.946 0.0703134
220.929 0.0703425
220.909 0.0703715
220.89 0.0704007
220.869 0.0704297
220.852 0.0704587
220.832 0.0704878
220.813 0.0705169
220.793 0.0705458
220.776 0.070575
220.755 0.0706041
220.736 0.0706332
220.713 0.0706621
220.697 0.0706913
220.676 0.0707204
220.658 0.0707494
220.639 0.0707785
220.621 0.0708076
220.601 0.0708366
220.581 0.0708658
220.56 0.0708947
220.546 0.070924
220.523 0.0709529
220.504 0.070982
220.486 0.0710112
220.463 0.0710402
220.446 0.0710693
220.427 0.0710983
220.407 0.0711274
220.389 0.0711564
220.37 0.0711854
220.349 0.0712146
220.331 0.0712437
220.309 0.0712732
220.292 0.0713018
220.272 0.0713309
220.253 0.07136
220.234 0.071389
220.214 0.0714182
220.195 0.0714471
220.176 0.0714762
220.157 0.0715053
220.138 0.0715344
220.117 0.0715634
220.099 0.0715926
220.077 0.0716215
220.06 0.0716506
220.039 0.0716797
220.021 0.0717088
220.001 0.0717378
219.983 0.0717669
219.963 0.071796
219.942 0.071825
219.925 0.0718541
219.905 0.0718832
219.886 0.0719123
219.867 0.0719414
219.846 0.0719704
219.827 0.0719995
219.808 0.0720285
219.791 0.0720575
219.77 0.0720867
219.747 0.0721157
219.732 0.0721449
219.711 0.0721739
219.693 0.072203
219.673 0.072232
219.654 0.0722611
219.634 0.0722902
219.617 0.0723193
219.596 0.0723484
219.578 0.0723775
219.556 0.0724064
219.539 0.0724355
219.52 0.0724645
219.504 0.0724939
219.482 0.0725229
219.461 0.0725517
219.443 0.0725808
219.422 0.0726103
219.404 0.0726393
219.383 0.0726683
219.363 0.0726974
219.346 0.0727266
219.324 0.0727557
219.307 0.0727848
219.286 0.0728141
219.267 0.0728432
219.247 0.0728723
219.228 0.0729015
219.208 0.0729306
219.189 0.0729599
219.169 0.072989
219.152 0.0730182
219.131 0.0730472
219.109 0.0730765
219.092 0.0731055
219.072 0.0731346
219.053 0.0731638
219.034 0.0731929
219.019 0.0732222
218.995 0.0732512
218.975 0.0732804
218.956 0.0733095
218.935 0.0733388
218.917 0.0733678
218.899 0.0733971
218.878 0.0734261
218.859 0.0734553
218.838 0.0734843
218.82 0.0735136
218.801 0.0735426
218.781 0.0735718
218.762 0.0736009
218.744 0.0736302
218.725 0.0736592
218.7 0.0736883
218.685 0.0737176
218.666 0.0737468
218.644 0.0737759
218.626 0.073805
218.606 0.0738342
218.593 0.0738634
218.562 0.0738925
218.548 0.0739216
218.528 0.0739507
218.516 0.07398
218.493 0.0740091
218.471 0.0740382
218.452 0.0740672
218.435 0.074097
218.412 0.0741256
218.393 0.0741548
218.373 0.0741839
218.354 0.074213
218.334 0.0742422
218.314 0.0742709
218.293 0.0743004
218.276 0.0743296
218.26 0.074359
218.237 0.0743879
218.218 0.0744171
218.213 0.0744464
218.175 0.0744749
218.161 0.0745044
218.141 0.0745336
218.122 0.0745631
218.101 0.0745921
218.082 0.0746212
218.063 0.0746503
218.045 0.0746796
218.024 0.0747086
218.004 0.0747377
217.985 0.0747668
217.965 0.074796
217.944 0.074825
217.929 0.0748542
217.907 0.0748834
217.888 0.0749126
217.868 0.0749417
217.849 0.0749709
217.833 0.075
217.81 0.0750292
217.784 0.075058
217.772 0.0750874
217.752 0.0751166
217.732 0.0751457
217.713 0.0751749
217.692 0.0752039
217.673 0.0752332
217.655 0.0752623
217.631 0.0752914
217.617 0.0753206
217.597 0.0753498
217.577 0.0753788
217.558 0.0754081
217.538 0.0754372
217.527 0.0754668
217.5 0.0754955
217.481 0.0755246
217.462 0.0755539
217.441 0.0755832
217.421 0.0756121
217.404 0.0756413
217.383 0.0756704
217.364 0.0756996
217.344 0.0757287
217.325 0.0757577
217.308 0.075787
217.285 0.0758162
217.267 0.0758453
217.247 0.0758744
217.227 0.0759036
217.208 0.0759326
217.19 0.0759619
217.169 0.0759909
217.152 0.0760203
217.131 0.0760493
217.108 0.0760785
217.092 0.0761076
217.072 0.0761367
217.054 0.0761659
217.033 0.076195
217.012 0.0762242
216.993 0.0762535
216.976 0.0762824
216.956 0.0763116
216.937 0.0763407
216.916 0.0763699
216.895 0.0763989
216.879 0.0764283
216.86 0.0764573
216.839 0.0764865
216.82 0.0765156
216.8 0.0765447
216.781 0.0765739
216.761 0.0766031
216.74 0.076632
216.722 0.0766613
216.701 0.0766904
216.685 0.0767196
216.665 0.0767489
216.645 0.0767779
216.626 0.076807
216.606 0.0768362
216.589 0.0768655
216.567 0.0768945
216.547 0.0769237
216.527 0.0769528
216.509 0.076982
216.492 0.0770111
216.471 0.0770402
216.451 0.0770694
216.43 0.0770985
216.412 0.0771277
216.394 0.0771569
216.373 0.0771861
216.355 0.0772152
216.336 0.0772443
216.315 0.0772734
216.296 0.0773026
216.276 0.0773317
216.257 0.0773609
216.233 0.0773897
216.219 0.0774192
216.199 0.0774483
216.18 0.0774775
216.161 0.0775067
216.14 0.0775357
216.12 0.0775644
216.095 0.0775937
216.077 0.077623
216.062 0.0776525
216.042 0.0776817
216.022 0.0777107
216.002 0.0777397
215.984 0.0777689
215.966 0.0777981
215.945 0.0778271
215.927 0.0778564
215.907 0.0778855
215.886 0.0779146
215.868 0.0779438
215.85 0.0779729
215.829 0.0780021
215.811 0.0780313
215.792 0.0780604
215.774 0.0780896
215.75 0.0781187
215.732 0.0781478
215.712 0.078177
215.693 0.0782062
215.673 0.0782353
215.654 0.0782644
215.633 0.0782936
215.617 0.0783227
215.597 0.0783518
215.578 0.078381
215.558 0.0784102
215.54 0.0784394
215.523 0.0784687
215.5 0.0784976
215.48 0.0785267
215.46 0.0785559
215.441 0.078585
215.421 0.0786142
215.4 0.0786431
215.383 0.0786724
215.361 0.0787014
215.345 0.0787307
215.325 0.0787599
215.305 0.078789
215.286 0.0788182
215.266 0.0788473
215.247 0.0788766
215.231 0.0789057
215.209 0.0789348
215.185 0.0789639
215.172 0.0789931
215.149 0.0790222
215.133 0.0790515
215.11 0.0790806
215.091 0.0791097
215.073 0.0791388
215.06 0.0791679
215.029 0.0791972
215.011 0.0792262
214.998 0.0792554
214.974 0.0792845
214.956 0.0793137
214.936 0.0793428
214.918 0.079372
214.9 0.0794012
214.878 0.0794304
214.862 0.0794598
214.839 0.0794885
214.82 0.0795178
214.801 0.0795468
214.786 0.0795762
214.762 0.0796051
214.746 0.0796344
214.723 0.0796634
214.707 0.0796923
214.687 0.0797218
214.664 0.0797509
214.648 0.0797801
214.626 0.0798091
214.606 0.0798383
214.587 0.0798675
214.564 0.0798968
214.544 0.0799261
214.523 0.0799554
214.502 0.0799847
214.482 0.080014
214.459 0.0800433
214.438 0.0800725
214.418 0.0801018
214.395 0.0801311
214.375 0.0801604
214.355 0.0801897
214.337 0.0802191
214.31 0.0802482
214.291 0.0802776
214.269 0.0803067
214.25 0.0803362
214.227 0.0803654
214.204 0.0803946
214.185 0.080424
214.164 0.0804532
214.144 0.080482
214.124 0.0805118
214.101 0.0805411
214.08 0.0805704
214.057 0.0805996
214.039 0.0806288
214.02 0.0806583
213.993 0.0806873
213.973 0.0807167
213.954 0.0807461
213.932 0.0807754
213.915 0.0808045
213.889 0.0808339
213.864 0.0808629
213.85 0.0808925
213.824 0.0809218
213.805 0.0809511
213.786 0.0809803
213.763 0.0810097
213.743 0.0810389
213.717 0.0810681
213.715 0.081098
213.675 0.0811266
213.657 0.0811561
213.633 0.0811856
213.61 0.081215
213.588 0.0812444
213.563 0.0812738
213.543 0.0813032
213.517 0.0813328
213.495 0.0813624
213.474 0.0813916
213.451 0.081421
213.426 0.0814504
213.407 0.0814799
213.381 0.0815092
213.36 0.0815387
213.34 0.0815679
213.314 0.0815976
213.29 0.081627
213.269 0.0816563
213.246 0.0816858
213.223 0.0817152
213.201 0.0817447
213.178 0.0817741
213.155 0.0818036
213.13 0.081833
213.108 0.0818623
213.086 0.0818918
213.063 0.0819213
213.041 0.0819506
213.017 0.0819801
213.002 0.0820098
212.972 0.082039
212.948 0.0820683
212.926 0.0820979
212.904 0.0821272
212.887 0.0821569
212.859 0.0821862
212.833 0.0822156
212.82 0.0822454
212.788 0.0822743
212.765 0.0823038
212.743 0.0823332
212.721 0.0823627
212.698 0.0823922
212.675 0.0824216
212.655 0.0824508
212.63 0.0824804
212.608 0.0825102
212.585 0.0825392
212.561 0.0825687
212.538 0.0825981
212.517 0.0826276
212.493 0.0826569
212.469 0.0826864
212.447 0.0827158
212.426 0.0827454
212.401 0.0827747
212.378 0.0828041
212.355 0.0828335
212.332 0.0828629
212.309 0.0828924
212.287 0.0829218
212.264 0.0829513
212.242 0.0829806
212.219 0.0830101
212.196 0.0830395
212.173 0.0830689
212.149 0.0830984
212.128 0.0831279
212.104 0.0831572
212.082 0.0831866
212.057 0.0832161
212.036 0.0832456
212.012 0.0832749
211.99 0.0833044
211.965 0.0833339
211.943 0.0833632
211.922 0.0833927
211.899 0.083422
211.878 0.0834515
211.853 0.083481
211.831 0.0835104
211.807 0.0835398
211.779 0.083569
211.761 0.0835986
211.741 0.0836281
211.716 0.0836575
211.693 0.083687
211.672 0.0837164
211.67 0.0837466
211.621 0.0837755
211.601 0.0838046
211.579 0.083834
211.553 0.0838634
211.534 0.083893
211.511 0.0839225
211.488 0.0839518
211.465 0.0839811
211.441 0.0840107
211.419 0.0840401
211.397 0.0840695
211.374 0.0840989
211.35 0.0841285
211.327 0.0841578
211.306 0.0841873
211.282 0.0842166
211.259 0.0842461
211.235 0.0842755
211.214 0.084305
211.191 0.0843343
211.168 0.0843638
211.146 0.0843931
211.122 0.0844226
211.1 0.0844521
211.083 0.0844815
211.054 0.0845109
211.031 0.0845403
211.008 0.0845697
210.987 0.0845992
210.965 0.0846285
210.94 0.0846581
210.919 0.0846875
210.894 0.0847169
210.872 0.0847462
210.848 0.0847758
210.826 0.0848054
210.803 0.0848346
210.78 0.084864
210.753 0.0848933
210.734 0.0849229
210.711 0.0849523
210.687 0.084982
210.663 0.0850118
210.635 0.0850413
210.608 0.0850712
210.575 0.0851014
210.539 0.0851317
210.507 0.0851621
210.476 0.0851923
210.441 0.0852227
210.408 0.085253
210.372 0.0852834
210.342 0.0853138
210.308 0.0853442
210.27 0.0853746
210.231 0.0854051
210.195 0.0854358
210.157 0.0854665
210.12 0.0854973
210.082 0.0855277
210.042 0.0855583
210.007 0.0855889
209.969 0.0856195
209.929 0.0856504
209.889 0.0856809
209.855 0.0857116
209.817 0.0857422
209.778 0.0857729
209.74 0.0858035
209.706 0.0858344
209.665 0.0858647
209.627 0.0858955
209.586 0.0859261
209.548 0.0859567
209.514 0.0859874
209.475 0.086018
209.443 0.0860488
209.401 0.0860793
209.368 0.0861103
209.325 0.0861405
209.289 0.0861713
209.247 0.0862019
209.209 0.0862326
209.168 0.0862631
209.132 0.0862936
209.098 0.0863244
209.058 0.0863551
209.018 0.0863857
208.983 0.0864164
208.943 0.0864469
208.905 0.0864775
208.869 0.0865083
208.832 0.0865388
208.792 0.0865698
208.755 0.0866002
208.717 0.0866308
208.679 0.0866615
208.641 0.0866922
208.61 0.086723
208.564 0.0867535
208.527 0.0867841
208.49 0.0868147
208.452 0.0868453
208.412 0.086876
208.378 0.0869067
208.34 0.0869372
208.301 0.0869678
208.266 0.0869987
208.228 0.0870293
208.187 0.0870598
208.147 0.0870905
208.106 0.0871211
208.075 0.0871517
208.035 0.0871825
208.001 0.0872132
207.956 0.0872437
207.928 0.0872745
207.884 0.087305
207.844 0.0873357
207.81 0.0873663
207.767 0.0873969
207.732 0.0874276
207.695 0.0874583
207.656 0.0874889
207.621 0.0875194
207.578 0.0875502
207.542 0.0875809
207.504 0.0876114
207.47 0.0876423
207.429 0.0876728
207.385 0.0877033
207.363 0.087734
207.317 0.0877647
207.277 0.0877953
207.242 0.0878259
207.196 0.0878565
207.161 0.0878872
207.126 0.0879178
207.087 0.0879485
207.047 0.0879791
207.01 0.0880097
206.973 0.0880404
206.937 0.0880711
206.899 0.0881018
206.861 0.0881323
206.823 0.0881631
206.783 0.0881937
206.745 0.0882242
206.707 0.0882548
206.671 0.0882857
206.633 0.0883162
206.595 0.0883469
206.556 0.0883775
206.516 0.0884082
206.479 0.0884387
206.441 0.0884695
206.406 0.0885001
206.367 0.0885308
206.33 0.0885613
206.293 0.088592
206.254 0.0886227
206.216 0.0886534
206.18 0.088684
206.139 0.0887145
206.102 0.0887452
206.069 0.0887758
206.026 0.0888066
205.989 0.0888371
205.95 0.0888678
205.915 0.0888984
205.876 0.0889292
205.839 0.0889597
205.799 0.0889904
205.761 0.089021
205.723 0.0890516
205.68 0.0890823
205.645 0.0891131
205.61 0.0891436
205.574 0.0891743
205.535 0.0892049
205.496 0.0892355
205.458 0.0892662
205.419 0.0892968
205.382 0.0893275
205.345 0.0893581
205.308 0.0893886
205.269 0.0894194
205.23 0.08945
205.196 0.0894806
205.156 0.0895112
205.115 0.0895419
205.078 0.0895727
205.039 0.0896033
205.006 0.089634
204.965 0.0896645
204.927 0.0896951
204.889 0.0897258
204.849 0.0897565
204.816 0.0897872
204.775 0.0898177
204.737 0.0898483
204.701 0.0898792
204.662 0.0899096
204.624 0.0899403
204.587 0.089971
204.551 0.0900015
204.511 0.0900322
204.473 0.0900629
204.435 0.0900937
204.396 0.0901241
204.362 0.0901547
204.321 0.0901856
204.29 0.090216
204.246 0.0902467
204.207 0.0902774
204.17 0.090308
204.132 0.0903387
204.095 0.0903693
204.056 0.0904001
204.02 0.0904306
203.981 0.0904612
203.944 0.0904919
203.911 0.0905227
203.865 0.0905532
203.827 0.0905839
203.791 0.0906145
203.753 0.0906451
203.715 0.0906757
203.67 0.0907061
203.637 0.0907372
203.605 0.0907676
203.564 0.0907981
203.524 0.090829
203.487 0.0908596
203.455 0.0908902
203.418 0.0909207
203.373 0.0909515
203.334 0.0909821
203.3 0.0910128
203.256 0.0910435
203.222 0.0910741
203.182 0.0911047
203.148 0.0911354
203.108 0.091166
203.071 0.0911967
203.031 0.0912274
202.995 0.0912579
202.956 0.0912886
202.921 0.0913192
202.88 0.0913499
202.844 0.0913805
202.812 0.0914114
202.779 0.0914419
202.729 0.0914724
202.691 0.0915031
202.654 0.0915337
202.615 0.0915643
202.578 0.091595
202.538 0.0916255
202.498 0.0916563
202.465 0.0916871
202.426 0.0917175
202.386 0.0917482
202.351 0.0917788
202.314 0.0918096
202.272 0.0918402
202.237 0.0918708
202.2 0.0919014
202.161 0.0919319
202.12 0.0919626
202.084 0.0919935
202.048 0.092024
202.011 0.0920548
201.972 0.0920853
201.933 0.092116
201.891 0.0921464
201.858 0.0921773
201.819 0.0922079
201.782 0.0922384
201.743 0.0922692
201.706 0.0922998
201.667 0.0923304
201.635 0.0923613
201.595 0.0923917
201.554 0.0924224
201.517 0.0924531
201.48 0.0924837
201.442 0.0925143
201.404 0.0925449
201.365 0.0925756
201.327 0.0926063
201.286 0.0926367
201.25 0.0926675
201.214 0.0926981
201.176 0.0927288
201.139 0.0927595
201.099 0.0927901
201.062 0.0928207
201.024 0.0928514
200.986 0.092882
200.948 0.0929127
200.91 0.0929433
200.873 0.092974
200.834 0.0930046
200.798 0.0930352
200.759 0.093066
200.721 0.0930965
200.683 0.0931271
200.645 0.0931577
200.609 0.0931885
200.572 0.0932191
200.53 0.0932498
200.494 0.0932804
200.449 0.0933113
200.418 0.0933417
200.38 0.0933723
200.343 0.0934029
200.302 0.0934336
200.266 0.0934642
200.231 0.093495
200.192 0.0935254
200.152 0.0935562
200.114 0.0935868
200.074 0.0936174
200.039 0.093648
200.001 0.0936787
199.965 0.0937095
199.924 0.09374
199.888 0.0937706
199.85 0.0938013
199.812 0.093832
199.781 0.0938627
199.736 0.0938933
199.695 0.0939239
199.66 0.0939545
199.622 0.0939851
199.585 0.094016
199.546 0.0940465
199.508 0.0940771
199.47 0.0941078
199.432 0.0941385
199.394 0.094169
199.357 0.0941997
199.319 0.0942303
199.286 0.0942611
199.243 0.0942917
199.205 0.0943222
199.168 0.0943529
199.129 0.0943835
199.093 0.0944141
199.055 0.0944449
199.016 0.0944755
198.978 0.0945061
198.94 0.0945368
198.902 0.0945674
198.864 0.094598
198.826 0.0946286
198.788 0.0946593
198.75 0.09469
198.712 0.0947206
198.674 0.0947512
198.639 0.0947819
198.599 0.0948125
198.562 0.0948431
198.523 0.0948738
198.485 0.0949045
198.447 0.0949351
198.427 0.0949658
198.37 0.0949964
198.333 0.095027
198.296 0.0950577
198.258 0.0950883
198.224 0.095119
198.182 0.0951496
198.14 0.0951802
198.106 0.0952109
198.069 0.0952415
198.029 0.0952721
197.992 0.0953028
197.955 0.0953334
197.917 0.0953641
197.879 0.0953947
197.842 0.0954254
197.803 0.095456
197.764 0.0954867
197.727 0.0955173
197.689 0.0955479
197.652 0.0955786
197.614 0.0956092
197.578 0.0956398
197.536 0.0956705
197.499 0.0957012
197.462 0.0957318
197.425 0.0957625
197.387 0.0957931
197.35 0.0958237
197.31 0.0958544
197.272 0.0958849
197.234 0.0959157
197.197 0.0959462
197.16 0.0959771
197.122 0.0960076
197.083 0.0960382
197.048 0.0960685
197.008 0.0960994
196.97 0.0961301
196.932 0.0961608
196.893 0.0961915
196.866 0.0962222
196.815 0.0962527
196.78 0.0962834
196.742 0.096314
196.698 0.0963446
196.675 0.0963755
196.629 0.0964059
196.59 0.0964365
196.552 0.0964671
196.529 0.0964977
196.477 0.0965285
196.436 0.0965591
196.403 0.0965897
196.368 0.0966206
196.325 0.0966511
196.287 0.0966817
196.249 0.0967124
196.214 0.0967432
196.174 0.0967736
196.136 0.0968043
196.1 0.0968348
196.061 0.0968656
196.015 0.0968964
195.985 0.0969269
195.949 0.0969576
195.908 0.0969881
195.868 0.0970189
195.839 0.0970495
195.795 0.09708
195.758 0.0971107
195.717 0.0971415
195.681 0.097172
195.643 0.0972026
195.603 0.0972333
195.566 0.0972639
195.531 0.0972944
195.492 0.0973254
195.45 0.0973558
195.42 0.0973866
195.379 0.0974171
195.34 0.0974478
195.311 0.0974785
195.263 0.0975091
195.227 0.0975397
195.19 0.0975704
195.152 0.0976011
195.112 0.0976317
195.074 0.0976622
195.036 0.097693
194.999 0.0977236
194.961 0.0977542
194.924 0.0977849
194.877 0.0978152
194.847 0.0978462
194.809 0.0978768
194.773 0.0979074
194.737 0.0979381
194.697 0.0979686
194.658 0.0979994
194.62 0.09803
194.581 0.0980607
194.545 0.0980913
194.506 0.0981219
194.468 0.0981526
194.427 0.0981832
194.392 0.0982139
194.353 0.0982445
194.319 0.0982752
194.28 0.0983057
194.246 0.0983364
194.201 0.0983671
194.166 0.0983978
194.127 0.0984284
194.09 0.0984589
194.051 0.0984897
194.013 0.0985204
193.975 0.0985509
193.938 0.0985815
193.9 0.0986122
193.861 0.0986429
193.825 0.0986735
193.794 0.0987042
193.748 0.0987348
193.707 0.0987655
193.671 0.0987961
193.636 0.0988267
193.595 0.0988573
193.558 0.098888
193.518 0.0989186
193.482 0.0989493
193.441 0.0989798
193.411 0.0990107
193.367 0.0990413
193.331 0.0990719
193.294 0.0991025
193.254 0.0991332
193.22 0.0991638
193.18 0.0991945
193.143 0.0992251
193.103 0.0992558
193.066 0.0992862
193.027 0.099317
192.991 0.0993477
192.953 0.0993783
192.924 0.0994091
192.879 0.0994396
192.837 0.0994702
192.802 0.0995009
192.763 0.0995315
192.722 0.0995624
192.694 0.0995929
192.649 0.0996235
192.606 0.0996541
192.574 0.0996847
192.534 0.0997153
192.497 0.0997461
192.46 0.0997766
192.422 0.0998073
192.376 0.0998378
192.347 0.0998685
192.31 0.0998993
192.27 0.0999299
192.232 0.0999606
192.195 0.0999912
192.157 0.100022
192.12 0.100052
192.084 0.100083
192.043 0.100114
192.005 0.100144
191.967 0.100175
191.925 0.100206
191.888 0.100236
191.846 0.100267
191.815 0.100298
191.778 0.100328
191.74 0.100359
191.702 0.100389
191.663 0.10042
191.627 0.100451
191.588 0.100481
191.55 0.100512
191.512 0.100543
191.475 0.100573
191.437 0.100604
191.39 0.100635
191.36 0.100665
191.323 0.100696
191.266 0.100726
191.247 0.100757
191.211 0.100788
191.17 0.100819
191.133 0.100849
191.096 0.10088
191.058 0.10091
191.019 0.100941
190.98 0.100972
190.944 0.101002
190.905 0.101033
190.868 0.101064
190.831 0.101094
190.791 0.101125
190.754 0.101156
190.717 0.101186
190.678 0.101217
190.637 0.101248
190.602 0.101278
190.566 0.101309
190.527 0.101339
190.485 0.10137
190.451 0.101401
190.402 0.101431
190.374 0.101462
190.337 0.101493
190.301 0.101523
190.265 0.101554
190.225 0.101585
190.18 0.101615
190.148 0.101646
190.111 0.101676
190.073 0.101707
190.031 0.101738
189.995 0.101768
189.956 0.101799
189.924 0.10183
189.883 0.10186
189.842 0.101891
189.807 0.101922
189.769 0.101952
189.73 0.101983
189.693 0.102014
189.655 0.102044
189.617 0.102075
189.579 0.102106
189.541 0.102136
189.506 0.102167
189.467 0.102197
189.429 0.102228
189.39 0.102259
189.352 0.102289
189.319 0.10232
189.275 0.102351
189.239 0.102381
189.2 0.102412
189.162 0.102443
189.128 0.102473
189.086 0.102504
189.048 0.102534
189.01 0.102565
188.975 0.102596
188.936 0.102626
188.897 0.102657
188.861 0.102688
188.821 0.102718
188.784 0.102749
188.746 0.10278
188.709 0.10281
188.668 0.102841
188.629 0.102872
188.595 0.102902
188.557 0.102933
188.519 0.102964
188.48 0.102994
188.446 0.103025
188.403 0.103055
188.366 0.103086
188.328 0.103117
188.285 0.103147
188.26 0.103178
188.214 0.103209
188.177 0.103239
188.139 0.10327
188.102 0.103301
188.061 0.103331
188.029 0.103362
187.987 0.103393
187.954 0.103423
187.908 0.103454
187.874 0.103484
187.836 0.103515
187.798 0.103546
187.765 0.103576
187.721 0.103607
187.685 0.103638
187.647 0.103668
187.609 0.103699
187.57 0.10373
187.533 0.10376
187.495 0.103791
187.456 0.103821
187.421 0.103852
187.38 0.103883
187.344 0.103913
187.303 0.103944
187.267 0.103975
187.236 0.104005
187.195 0.104036
187.153 0.104067
187.115 0.104097
187.078 0.104128
187.04 0.104159
187.002 0.104189
186.954 0.10422
186.926 0.10425
186.889 0.104281
186.851 0.104312
186.812 0.104342
186.774 0.104373
186.737 0.104404
186.699 0.104434
186.661 0.104465
186.624 0.104496
186.584 0.104526
186.548 0.104557
186.511 0.104587
186.473 0.104618
186.437 0.104649
186.395 0.10468
186.362 0.10471
186.32 0.104741
186.283 0.104771
186.243 0.104802
186.203 0.104833
186.169 0.104863
186.133 0.104894
186.091 0.104925
186.054 0.104955
186.017 0.104986
185.983 0.105016
185.941 0.105047
185.904 0.105078
185.865 0.105109
185.827 0.105139
185.8 0.10517
185.751 0.1052
185.717 0.105231
185.676 0.105262
185.642 0.105292
185.595 0.105323
185.563 0.105354
185.523 0.105384
185.487 0.105415
185.448 0.105446
185.409 0.105476
185.372 0.105507
185.338 0.105538
185.298 0.105568
185.259 0.105599
185.22 0.10563
185.186 0.10566
185.15 0.105691
185.107 0.105721
185.071 0.105752
185.032 0.105783
184.987 0.105813
184.95 0.105844
184.921 0.105875
184.881 0.105905
184.843 0.105936
184.804 0.105967
184.768 0.105997
184.727 0.106028
184.694 0.106059
184.653 0.106089
184.614 0.10612
184.577 0.10615
184.539 0.106181
184.5 0.106212
184.467 0.106242
184.427 0.106273
184.387 0.106304
184.354 0.106334
184.311 0.106365
184.276 0.106395
184.237 0.106426
184.194 0.106457
184.161 0.106487
184.122 0.106518
184.086 0.106549
184.046 0.106579
184.008 0.10661
183.968 0.106641
183.932 0.106671
183.896 0.106702
183.86 0.106733
183.822 0.106763
183.78 0.106794
183.745 0.106825
183.703 0.106855
183.668 0.106886
183.627 0.106917
183.59 0.106947
183.553 0.106978
183.516 0.107008
183.478 0.107039
183.44 0.107069
183.401 0.1071
183.364 0.107131
183.325 0.107162
183.282 0.107192
183.249 0.107223
183.209 0.107253
183.178 0.107284
183.135 0.107315
183.098 0.107345
183.064 0.107376
183.023 0.107407
182.984 0.107437
182.948 0.107468
182.912 0.107499
182.871 0.107529
182.835 0.10756
182.796 0.107591
182.758 0.107621
182.72 0.107652
182.683 0.107682
182.644 0.107713
182.606 0.107744
182.568 0.107774
182.53 0.107805
182.493 0.107836
182.455 0.107866
182.417 0.107897
182.379 0.107928
182.34 0.107958
182.304 0.107989
182.265 0.10802
182.232 0.10805
182.191 0.108081
182.152 0.108112
182.114 0.108142
182.076 0.108173
182.038 0.108203
181.998 0.108234
181.962 0.108265
181.924 0.108295
181.886 0.108326
181.843 0.108357
181.812 0.108387
181.77 0.108418
181.734 0.108449
181.697 0.108479
181.658 0.10851
181.62 0.108541
181.581 0.108571
181.544 0.108602
181.506 0.108632
181.471 0.108663
181.431 0.108694
181.394 0.108724
181.355 0.108755
181.317 0.108786
181.28 0.108816
181.242 0.108847
181.204 0.108878
181.166 0.108908
181.128 0.108939
181.092 0.10897
181.05 0.109
181.013 0.109031
180.974 0.109061
180.939 0.109092
180.901 0.109123
180.863 0.109153
180.826 0.109184
180.787 0.109215
180.749 0.109245
180.71 0.109276
180.675 0.109307
180.635 0.109337
180.598 0.109368
180.561 0.109398
180.522 0.109429
180.484 0.10946
180.446 0.10949
180.408 0.109521
180.37 0.109552
180.332 0.109582
180.295 0.109613
180.259 0.109644
180.219 0.109674
180.181 0.109705
180.143 0.109736
180.105 0.109766
180.067 0.109797
180.025 0.109828
179.991 0.109858
179.954 0.109889
179.916 0.109919
179.877 0.10995
179.84 0.109981
179.797 0.110011
179.762 0.110042
179.726 0.110073
179.688 0.110103
179.647 0.110135
179.612 0.110165
179.575 0.110195
179.536 0.110226
179.499 0.110257
179.461 0.110287
179.422 0.110318
179.384 0.110349
179.348 0.110379
179.309 0.11041
179.272 0.11044
179.236 0.110471
179.196 0.110502
179.158 0.110532
179.12 0.110563
179.076 0.110593
179.044 0.110624
179.006 0.110655
178.968 0.110686
178.93 0.110716
178.891 0.110747
178.855 0.110777
178.816 0.110808
178.779 0.110839
178.741 0.110869
178.706 0.1109
178.665 0.110931
178.628 0.110961
178.59 0.110992
178.552 0.111023
178.515 0.111053
178.476 0.111084
178.437 0.111115
178.401 0.111145
178.362 0.111176
178.323 0.111207
178.286 0.111237
178.248 0.111268
178.211 0.111298
178.172 0.111329
178.134 0.11136
178.097 0.11139
178.058 0.111421
178.022 0.111452
177.983 0.111482
177.947 0.111513
177.907 0.111544
177.868 0.111574
177.832 0.111605
177.793 0.111635
177.758 0.111666
177.717 0.111697
177.68 0.111727
177.642 0.111758
177.603 0.111789
177.566 0.111819
177.528 0.11185
177.49 0.111881
177.453 0.111911
177.414 0.111942
177.377 0.111972
177.337 0.112003
177.3 0.112034
177.263 0.112064
177.226 0.112095
177.187 0.112126
177.149 0.112156
177.109 0.112187
177.074 0.112218
177.035 0.112248
176.998 0.112279
176.961 0.11231
176.921 0.11234
176.884 0.112371
176.846 0.112402
176.812 0.112432
176.773 0.112463
176.732 0.112493
176.694 0.112524
176.649 0.112554
176.614 0.112585
176.583 0.112616
176.542 0.112647
176.505 0.112677
176.467 0.112708
176.429 0.112739
176.39 0.112769
176.351 0.1128
176.316 0.11283
176.277 0.112861
176.239 0.112892
176.205 0.112923
176.163 0.112953
176.126 0.112984
176.088 0.113014
176.048 0.113045
176.012 0.113076
175.975 0.113106
175.936 0.113137
175.899 0.113168
175.861 0.113198
175.825 0.113229
175.785 0.113259
175.747 0.11329
175.712 0.113321
175.673 0.113351
175.633 0.113382
175.597 0.113413
175.558 0.113443
175.52 0.113474
175.48 0.113505
175.445 0.113535
175.408 0.113566
175.368 0.113597
175.33 0.113627
175.293 0.113658
175.26 0.113688
175.216 0.113719
175.178 0.11375
175.14 0.11378
175.104 0.113811
175.065 0.113842
175.029 0.113872
174.989 0.113903
174.951 0.113934
174.915 0.113964
174.876 0.113995
174.838 0.114026
174.804 0.114056
174.762 0.114087
174.723 0.114118
174.685 0.114148
174.648 0.114179
174.611 0.11421
174.571 0.11424
174.534 0.114271
174.495 0.114301
174.458 0.114332
174.412 0.114362
174.383 0.114393
174.345 0.114424
174.307 0.114454
174.268 0.114485
174.232 0.114516
174.193 0.114546
174.155 0.114577
174.116 0.114608
174.078 0.114638
174.042 0.114669
174.005 0.1147
173.966 0.11473
173.93 0.114761
173.89 0.114792
173.852 0.114822
173.813 0.114853
173.777 0.114883
173.739 0.114914
173.7 0.114945
173.661 0.114975
173.625 0.115006
173.586 0.115037
173.549 0.115067
173.511 0.115098
173.473 0.115129
173.437 0.115159
173.398 0.11519
173.359 0.115221
173.321 0.115251
173.284 0.115282
173.248 0.115312
173.21 0.115343
173.17 0.115374
173.133 0.115405
173.095 0.115435
173.057 0.115466
173.019 0.115496
172.979 0.115527
172.942 0.115558
172.904 0.115588
172.867 0.115619
172.83 0.11565
172.79 0.11568
172.753 0.115711
172.713 0.115741
172.678 0.115772
172.637 0.115803
172.601 0.115833
172.568 0.115864
172.526 0.115895
172.488 0.115926
172.451 0.115956
172.412 0.115987
172.372 0.116017
172.335 0.116048
172.303 0.116078
172.261 0.116109
172.218 0.11614
172.186 0.116171
172.143 0.116201
172.108 0.116232
172.075 0.116263
172.032 0.116293
171.998 0.116324
171.961 0.116354
171.921 0.116385
171.881 0.116416
171.843 0.116446
171.806 0.116477
171.766 0.116508
171.729 0.116538
171.696 0.116569
171.654 0.1166
171.617 0.11663
171.578 0.116661
171.54 0.116692
171.503 0.116722
171.47 0.116753
171.428 0.116783
171.388 0.116814
171.351 0.116845
171.315 0.116875
171.271 0.116906
171.237 0.116937
171.2 0.116967
171.162 0.116998
171.124 0.117029
171.087 0.117059
171.04 0.11709
171.024 0.117121
170.971 0.117151
170.929 0.117182
170.896 0.117212
170.859 0.117243
170.819 0.117274
170.785 0.117304
170.744 0.117335
170.706 0.117366
170.668 0.117396
170.624 0.117427
170.591 0.117458
170.554 0.117488
170.515 0.117519
170.488 0.11755
170.441 0.11758
170.402 0.117611
170.362 0.117641
170.328 0.117672
170.296 0.117703
170.249 0.117733
170.213 0.117764
170.175 0.117795
170.138 0.117825
170.1 0.117856
170.062 0.117887
170.025 0.117917
169.977 0.117948
169.955 0.117978
169.912 0.118009
169.873 0.11804
169.835 0.11807
169.798 0.118101
169.76 0.118131
169.722 0.118162
169.683 0.118193
169.646 0.118224
169.607 0.118254
169.571 0.118285
169.534 0.118315
169.495 0.118346
169.457 0.118377
169.418 0.118407
169.38 0.118438
169.343 0.118469
169.305 0.118499
169.273 0.11853
169.226 0.118561
169.19 0.118591
169.153 0.118622
169.115 0.118653
169.079 0.118683
169.039 0.118714
169.002 0.118745
168.966 0.118775
168.925 0.118806
168.886 0.118836
168.851 0.118867
168.812 0.118898
168.773 0.118928
168.736 0.118959
168.7 0.11899
168.661 0.11902
168.623 0.119051
168.585 0.119082
168.563 0.119112
168.509 0.119143
168.476 0.119174
168.434 0.119204
168.395 0.119235
168.358 0.119265
168.318 0.119296
168.286 0.119327
168.241 0.119357
168.206 0.119388
168.166 0.119419
168.13 0.119449
168.092 0.11948
168.056 0.119511
168.016 0.119541
167.978 0.119572
167.939 0.119602
167.902 0.119633
167.867 0.119664
167.827 0.119695
167.789 0.119725
167.745 0.119755
167.713 0.119786
167.676 0.119817
167.636 0.119848
167.596 0.119879
167.56 0.119909
167.524 0.11994
167.485 0.11997
167.463 0.120001
167.412 0.120032
167.372 0.120062
167.34 0.120093
167.299 0.120123
167.258 0.120154
167.22 0.120185
167.179 0.120215
167.145 0.120246
167.109 0.120277
167.069 0.120307
167.03 0.120338
166.993 0.120369
166.957 0.120399
166.917 0.12043
166.88 0.120461
166.841 0.120491
166.802 0.120522
166.766 0.120552
166.724 0.120583
166.689 0.120614
166.638 0.120644
166.614 0.120675
166.578 0.120706
166.539 0.120736
166.5 0.120767
166.463 0.120798
166.422 0.120828
166.388 0.120859
166.35 0.12089
166.311 0.12092
166.277 0.120951
166.236 0.120981
166.195 0.121012
166.156 0.121043
166.119 0.121074
166.079 0.121105
166.039 0.121136
166.002 0.121167
165.964 0.121198
165.925 0.121229
165.886 0.121259
165.847 0.12129
165.805 0.121321
165.77 0.121352
165.733 0.121383
165.693 0.121414
165.655 0.121445
165.615 0.121476
165.577 0.121507
165.54 0.121538
165.501 0.121568
165.46 0.121599
165.42 0.12163
165.383 0.121661
165.343 0.121692
165.305 0.121723
165.268 0.121754
165.225 0.121785
165.19 0.121816
165.151 0.121846
165.113 0.121877
165.075 0.121908
165.035 0.121939
164.996 0.12197
164.957 0.122001
164.916 0.122032
164.876 0.122063
164.843 0.122094
164.804 0.122124
164.763 0.122155
164.728 0.122186
164.682 0.122217
164.649 0.122248
164.611 0.122279
164.57 0.12231
164.533 0.122341
164.495 0.122371
164.456 0.122402
164.416 0.122433
164.377 0.122464
164.34 0.122495
164.299 0.122526
164.262 0.122557
164.225 0.122588
164.185 0.122618
164.145 0.12265
164.104 0.122681
164.066 0.122712
164.026 0.122743
163.985 0.122774
163.947 0.122806
163.898 0.122837
163.87 0.122868
163.821 0.122899
163.788 0.12293
163.751 0.122961
163.709 0.122992
163.669 0.123024
163.631 0.123055
163.592 0.123086
163.553 0.123117
163.512 0.123148
163.473 0.123179
163.433 0.123211
163.393 0.123242
163.353 0.123273
163.316 0.123304
163.274 0.123335
163.235 0.123366
163.195 0.123397
163.158 0.123429
163.119 0.12346
163.077 0.123491
163.04 0.123522
162.993 0.123553
162.959 0.123584
162.921 0.123615
162.88 0.123647
162.84 0.123678
162.799 0.123709
162.754 0.12374
162.724 0.123771
162.682 0.123802
162.644 0.123834
162.604 0.123865
162.562 0.123896
162.524 0.123927
162.485 0.123958
162.444 0.123989
162.404 0.124021
162.365 0.124052
162.314 0.124083
162.286 0.124114
162.252 0.124145
162.202 0.124176
162.168 0.124207
162.125 0.124239
162.087 0.12427
162.049 0.124301
162.007 0.124332
161.986 0.124363
161.928 0.124394
161.894 0.124426
161.845 0.124457
161.811 0.124488
161.774 0.124519
161.734 0.12455
161.695 0.124581
161.653 0.124612
161.614 0.124644
161.575 0.124675
161.534 0.124706
161.489 0.124737
161.449 0.124768
161.421 0.124799
161.375 0.124831
161.338 0.124862
161.296 0.124893
161.258 0.124924
161.218 0.124955
161.18 0.124986
161.139 0.125017
161.099 0.125049
161.06 0.12508
161.024 0.125111
160.982 0.125142
160.943 0.125173
160.901 0.125204
160.862 0.125236
160.816 0.125267
160.784 0.125298
160.743 0.125329
160.704 0.12536
160.665 0.125391
160.626 0.125423
160.588 0.125454
160.546 0.125485
160.506 0.125516
160.467 0.125547
160.426 0.125578
160.384 0.125609
160.337 0.125641
160.303 0.125672
160.269 0.125703
160.234 0.125734
160.19 0.125765
160.15 0.125796
160.121 0.125828
160.074 0.125859
160.033 0.12589
159.987 0.125921
159.952 0.125952
159.913 0.125983
159.873 0.126015
159.835 0.126046
159.795 0.126077
159.75 0.126108
159.715 0.126139
159.679 0.12617
159.638 0.126201
159.599 0.126233
159.555 0.126264
159.517 0.126295
159.477 0.126326
159.446 0.126357
159.4 0.126388
159.361 0.12642
159.32 0.126451
159.281 0.126482
159.246 0.126513
159.202 0.126544
159.154 0.126575
159.121 0.126606
159.081 0.126638
159.043 0.126669
159.009 0.1267
158.961 0.126731
158.926 0.126762
158.886 0.126793
158.846 0.126824
158.803 0.126855
158.768 0.126887
158.728 0.126918
158.684 0.126949
158.658 0.12698
158.609 0.127011
158.568 0.127043
158.529 0.127074
158.489 0.127105
158.446 0.127136
158.411 0.127167
158.372 0.127198
158.331 0.12723
158.292 0.127261
158.247 0.127292
158.212 0.127323
158.175 0.127354
158.133 0.127385
158.094 0.127417
158.053 0.127448
158.021 0.127479
157.975 0.12751
157.933 0.127541
157.896 0.127572
157.854 0.127603
157.819 0.127635
157.778 0.127666
157.738 0.127697
157.699 0.127728
157.661 0.127759
157.62 0.12779
157.579 0.127821
157.541 0.127853
157.502 0.127884
157.461 0.127915
157.423 0.127946
157.385 0.127977
157.343 0.128008
157.308 0.12804
157.264 0.128071
157.222 0.128102
157.186 0.128133
157.146 0.128164
157.106 0.128195
157.067 0.128227
157.028 0.128258
156.986 0.128289
156.947 0.12832
156.908 0.128351
156.868 0.128382
156.827 0.128413
156.791 0.128444
156.751 0.128476
156.717 0.128507
156.67 0.128538
156.631 0.128569
156.591 0.1286
156.552 0.128631
156.513 0.128663
156.476 0.128694
156.433 0.128725
156.398 0.128756
156.356 0.128787
156.314 0.128818
156.276 0.12885
156.235 0.128881
156.196 0.128912
156.156 0.128943
156.117 0.128974
156.077 0.129005
156.038 0.129037
155.999 0.129068
155.96 0.129099
155.92 0.12913
155.88 0.129161
155.838 0.129192
155.8 0.129223
155.761 0.129255
155.722 0.129286
155.682 0.129317
155.641 0.129348
155.603 0.129379
155.562 0.12941
155.523 0.129442
155.486 0.129473
155.445 0.129504
155.405 0.129535
155.367 0.129566
155.325 0.129597
155.286 0.129629
155.248 0.12966
155.21 0.129691
155.167 0.129722
155.127 0.129753
155.089 0.129784
155.051 0.129815
155.009 0.129847
154.967 0.129878
154.931 0.129909
154.894 0.12994
154.864 0.129971
154.812 0.130002
154.773 0.130033
154.732 0.130065
154.694 0.130096
154.655 0.130127
154.611 0.130158
154.57 0.130189
154.537 0.130221
154.496 0.130252
154.454 0.130283
154.415 0.130314
154.378 0.130345
154.335 0.130376
154.298 0.130407
154.255 0.130438
154.218 0.13047
154.178 0.130501
154.14 0.130532
154.101 0.130563
154.06 0.130594
154.018 0.130626
153.981 0.130657
153.941 0.130688
153.897 0.130719
153.863 0.13075
153.823 0.130781
153.784 0.130812
153.744 0.130844
153.705 0.130875
153.663 0.130906
153.626 0.130937
153.584 0.130968
153.546 0.131
153.507 0.131031
153.467 0.131062
153.425 0.131093
153.391 0.131124
153.346 0.131155
153.31 0.131186
153.269 0.131218
153.229 0.131249
153.19 0.13128
153.151 0.131311
153.11 0.131342
153.07 0.131373
153.033 0.131404
152.991 0.131436
152.954 0.131467
152.913 0.131498
152.874 0.131529
152.835 0.13156
152.8 0.131592
152.757 0.131623
152.715 0.131654
152.677 0.131685
152.637 0.131716
152.595 0.131747
152.556 0.131778
152.519 0.131809
152.475 0.131841
152.436 0.131872
152.4 0.131903
152.358 0.131934
152.328 0.131965
152.28 0.131996
152.241 0.132028
152.202 0.132059
152.164 0.13209
152.121 0.132121
152.085 0.132152
152.044 0.132183
152.004 0.132214
151.964 0.132246
151.925 0.132277
151.886 0.132308
151.845 0.132339
151.806 0.13237
151.766 0.132401
151.727 0.132432
151.688 0.132464
151.648 0.132495
151.6 0.132526
151.568 0.132557
151.529 0.132588
151.486 0.132619
151.447 0.132651
151.411 0.132682
151.375 0.132713
151.332 0.132744
151.293 0.132775
151.254 0.132806
151.214 0.132838
151.167 0.132869
151.152 0.1329
151.094 0.132931
151.055 0.132962
151.015 0.132993
150.98 0.133024
150.936 0.133056
150.898 0.133087
150.858 0.133118
150.818 0.133149
150.779 0.13318
150.739 0.133211
150.699 0.133243
150.66 0.133274
150.621 0.133305
150.58 0.133336
150.542 0.133367
150.501 0.133398
150.463 0.133429
150.423 0.133461
150.384 0.133492
150.344 0.133523
150.302 0.133554
150.265 0.133585
150.223 0.133616
150.187 0.133648
150.143 0.133679
150.105 0.13371
150.065 0.133741
150.027 0.133772
149.987 0.133803
149.95 0.133834
149.911 0.133866
149.867 0.133897
149.829 0.133928
149.789 0.133959
149.751 0.13399
149.711 0.134021
149.67 0.134053
149.638 0.134084
149.592 0.134115
149.553 0.134146
149.512 0.134177
149.475 0.134208
149.437 0.13424
149.4 0.134271
149.356 0.134302
149.315 0.134333
149.277 0.134364
149.235 0.134395
149.198 0.134426
149.157 0.134458
149.117 0.134489
149.076 0.13452
149.04 0.134551
149 0.134582
148.958 0.134613
148.917 0.134644
148.88 0.134676
148.841 0.134707
148.8 0.134738
148.761 0.134769
148.723 0.1348
148.681 0.134831
148.642 0.134863
148.604 0.134894
148.565 0.134925
148.524 0.134956
148.483 0.134987
148.445 0.135018
148.404 0.135049
148.367 0.135081
148.327 0.135112
148.286 0.135143
148.247 0.135174
148.209 0.135205
148.168 0.135237
148.128 0.135268
148.089 0.135299
148.05 0.13533
148.011 0.135361
147.97 0.135392
147.932 0.135423
147.892 0.135454
147.852 0.135486
147.811 0.135517
147.773 0.135548
147.733 0.135579
147.694 0.13561
147.656 0.135641
147.614 0.135673
147.574 0.135704
147.533 0.135735
147.495 0.135766
147.456 0.135797
147.413 0.135829
147.375 0.13586
147.34 0.135891
147.299 0.135922
147.256 0.135953
147.22 0.135984
147.179 0.136015
147.139 0.136047
147.101 0.136078
147.062 0.136109
147.017 0.13614
146.983 0.136171
146.942 0.136202
146.902 0.136233
146.863 0.136265
146.823 0.136296
146.785 0.136327
146.745 0.136358
146.707 0.136389
146.665 0.13642
146.626 0.136451
146.582 0.136483
146.548 0.136514
146.506 0.136545
146.468 0.136576
146.427 0.136607
146.389 0.136638
146.35 0.136669
146.319 0.136701
146.27 0.136732
146.231 0.136763
146.188 0.136794
146.152 0.136825
146.107 0.136856
146.074 0.136888
146.033 0.136919
145.995 0.13695
145.954 0.136981
145.915 0.137012
145.872 0.137044
145.846 0.137075
145.796 0.137106
145.756 0.137137
145.717 0.137168
145.676 0.137199
145.636 0.137231
145.597 0.137262
145.557 0.137293
145.519 0.137324
145.48 0.137355
145.438 0.137386
145.4 0.137417
145.36 0.137448
145.319 0.13748
145.282 0.137511
145.242 0.137542
145.202 0.137573
145.163 0.137604
145.122 0.137635
145.084 0.137667
145.044 0.137698
145.002 0.137729
144.965 0.13776
144.924 0.137791
144.885 0.137822
144.845 0.137854
144.808 0.137885
144.764 0.137916
144.724 0.137947
144.687 0.137978
144.648 0.138009
144.61 0.13804
144.57 0.138072
144.529 0.138103
144.49 0.138134
144.451 0.138165
144.412 0.138196
144.372 0.138227
144.332 0.138258
144.294 0.13829
144.254 0.138321
144.211 0.138352
144.175 0.138383
144.135 0.138414
144.093 0.138445
144.056 0.138477
144.018 0.138508
143.972 0.138539
143.936 0.13857
143.896 0.138601
143.858 0.138632
143.818 0.138664
143.778 0.138695
143.737 0.138726
143.696 0.138757
143.66 0.138788
143.622 0.138819
143.581 0.13885
143.541 0.138882
143.504 0.138913
143.463 0.138944
143.423 0.138975
143.383 0.139006
143.348 0.139037
143.303 0.139069
