0.2 9.87042e-09
0.4 1.10041e-08
0.6 1.09772e-08
0.8 1.09783e-08
1 1.09784e-08
0.515224 3.04989e-05
1.03097 6.0973e-05
1.54616 9.14415e-05
2.06163 0.000121931
2.57704 0.000152409
3.09208 0.00018289
3.60775 0.000213383
4.12292 0.000243864
4.6386 0.000274333
5.15415 0.00030482
5.66964 0.000335288
6.18518 0.000365763
6.70045 0.000396258
7.21592 0.000426731
7.73097 0.000457211
8.24642 0.000487689
8.76196 0.000518162
9.27722 0.00054865
9.79257 0.000579132
10.3079 0.000609611
10.8235 0.000640089
11.3393 0.000670557
11.8537 0.000701058
12.3698 0.000731523
12.8857 0.000762005
13.4003 0.000792485
13.9158 0.000822957
14.4313 0.000853469
14.9465 0.000883923
15.462 0.00091441
15.9773 0.000944899
16.4929 0.000975366
17.008 0.00100585
17.5237 0.00103633
18.0391 0.0010668
18.5546 0.00109729
19.0696 0.00112776
19.5853 0.00115824
20.0999 0.00118873
20.6161 0.00121921
21.1312 0.00124967
21.6469 0.00128016
22.1622 0.00131065
22.6777 0.00134113
23.1929 0.0013716
23.7085 0.00140209
24.2239 0.00143256
24.7393 0.00146304
25.2545 0.00149354
25.7703 0.001524
26.2854 0.00155448
26.8003 0.00158496
27.3164 0.00161544
27.8317 0.00164592
28.3471 0.0016764
28.8625 0.0017069
29.3781 0.00173736
29.8935 0.00176785
30.4087 0.00179832
30.9242 0.00182879
31.4395 0.00185928
31.9549 0.00188977
32.4705 0.00192026
32.9857 0.00195073
33.5011 0.0019812
34.0163 0.00201168
34.5326 0.00204217
35.0474 0.00207264
35.5633 0.00210309
36.0781 0.00213359
36.5934 0.00216408
37.1089 0.00219456
37.6243 0.00222504
38.1397 0.00225553
38.6551 0.002286
39.1707 0.00231648
39.6861 0.00234696
40.202 0.00237744
40.7174 0.00240786
41.232 0.00243841
41.7476 0.00246888
42.2629 0.00249936
42.7783 0.00252984
43.2932 0.00256033
43.809 0.00259081
44.3246 0.00262128
44.84 0.00265176
45.3554 0.00268224
45.8707 0.00271272
46.3861 0.0027432
46.9017 0.00277368
47.4169 0.00280416
47.9323 0.00283464
48.4474 0.00286512
48.9633 0.00289559
49.4789 0.00292608
49.994 0.00295656
50.5094 0.00298704
51.0248 0.00301752
51.54 0.00304801
52.0557 0.00307848
52.5715 0.00310895
53.0867 0.00313945
53.6019 0.00316991
54.1174 0.00320039
54.6328 0.00323085
55.1481 0.00326137
55.6629 0.00329186
56.1786 0.00332234
56.6941 0.0033528
57.2096 0.00338328
57.725 0.00341375
58.2403 0.00344425
58.7558 0.00347473
59.2713 0.00350522
59.7866 0.00353568
60.302 0.00356615
60.8175 0.00359663
61.3332 0.00362711
61.8482 0.0036576
62.3637 0.00368808
62.879 0.00371855
63.3944 0.00374903
63.9098 0.00377952
64.425 0.00380999
64.9405 0.00384048
65.4559 0.00387096
65.9715 0.00390145
66.4873 0.00393188
67.0023 0.0039624
67.518 0.00399287
68.0332 0.00402336
68.5484 0.00405383
69.064 0.00408432
69.5794 0.00411479
70.0947 0.00414528
70.6094 0.00417575
71.1253 0.00420625
71.641 0.00423672
72.1564 0.00426718
72.6717 0.00429767
73.1864 0.00432814
73.7024 0.00435864
74.2179 0.00438912
74.7328 0.00441961
75.2488 0.00445008
75.7641 0.00448056
76.2795 0.00451103
76.7949 0.00454153
77.3103 0.004572
77.8256 0.00460247
78.3411 0.00463296
78.8571 0.00466343
79.3721 0.00469391
79.8872 0.0047244
80.4023 0.00475489
80.9183 0.00478536
81.4351 0.00481583
81.949 0.00484631
82.4639 0.00487679
82.9794 0.00490728
83.4951 0.00493775
84.0106 0.00496823
84.5262 0.00499871
85.0414 0.00502919
85.5567 0.00505967
86.0722 0.00509015
86.5877 0.00512063
87.1029 0.00515111
87.6185 0.00518159
88.1338 0.00521208
88.649 0.00524255
89.1646 0.00527303
89.6798 0.00530352
90.1949 0.005334
90.7105 0.00536448
91.2262 0.00539495
91.7413 0.00542543
92.2567 0.00545591
92.7724 0.0054864
93.2878 0.00551687
93.803 0.00554734
94.3195 0.00557782
94.8345 0.00560831
95.3494 0.00563879
95.864 0.00566927
96.3802 0.00569975
96.8956 0.00573023
97.4111 0.00576071
97.9265 0.00579119
98.4418 0.00582167
98.9573 0.00585215
99.4726 0.00588263
99.9883 0.00591314
100.503 0.00594359
101.019 0.00597408
101.534 0.00600456
102.05 0.00603504
102.565 0.00606551
103.081 0.00609599
103.596 0.00612646
104.111 0.00615693
104.627 0.00618743
105.142 0.00621792
105.657 0.0062484
106.173 0.00627887
106.688 0.00630935
107.204 0.00633983
107.72 0.00637032
108.234 0.00640079
108.75 0.00643128
109.265 0.00646175
109.781 0.00649223
110.296 0.00652271
110.811 0.00655319
111.327 0.00658366
111.842 0.00661415
112.357 0.00664463
112.872 0.00667512
113.389 0.00670559
113.904 0.00673607
114.419 0.00676656
114.935 0.00679703
115.45 0.00682753
115.965 0.00685798
116.481 0.00688848
116.996 0.00691895
117.512 0.00694943
118.027 0.00697991
118.543 0.00701039
119.058 0.00704087
119.573 0.00707135
120.089 0.00710183
120.604 0.00713231
121.119 0.0071628
121.635 0.00719327
122.15 0.00722375
122.666 0.00725423
123.181 0.00728471
123.697 0.00731519
124.212 0.00734567
124.727 0.00737615
125.243 0.00740663
125.758 0.00743711
126.274 0.00746759
126.789 0.00749807
127.304 0.00752855
127.82 0.00755903
128.335 0.00758952
128.804 0.00761807
129.261 0.00764622
129.72 0.00767435
130.177 0.00770245
130.59 0.00772876
131.001 0.00775507
131.414 0.00778132
131.826 0.0078076
132.237 0.0078339
132.65 0.00786017
133.062 0.00788645
133.475 0.00791272
133.886 0.00793901
134.299 0.0079653
134.711 0.00799157
135.123 0.00801784
135.535 0.00804414
135.947 0.00807042
136.359 0.0080967
136.771 0.00812298
137.18 0.00814915
137.578 0.00817487
137.964 0.00820012
138.35 0.00822534
138.735 0.00825058
139.122 0.00827582
139.508 0.00830106
139.894 0.00832631
140.28 0.00835154
140.666 0.00837676
141.052 0.00840202
141.438 0.00842725
141.824 0.00845248
142.21 0.00847777
142.596 0.00850298
142.982 0.00852822
143.367 0.00855346
143.753 0.0085787
144.138 0.00860395
144.525 0.00862916
144.911 0.0086544
145.297 0.00867963
145.683 0.00870488
146.069 0.00873012
146.455 0.00875535
146.84 0.0087806
147.228 0.00880578
147.614 0.00883103
147.999 0.00885629
148.385 0.00888154
148.751 0.00890776
149.103 0.00893449
149.457 0.00896124
149.794 0.00898873
150.117 0.00901688
150.44 0.00904503
150.764 0.00907318
151.087 0.00910133
151.41 0.0091295
151.734 0.00915762
152.057 0.00918577
152.381 0.00921391
152.703 0.00924208
153.027 0.00927022
153.35 0.00929837
153.673 0.00932653
153.997 0.00935467
154.32 0.00938282
154.636 0.00941126
154.949 0.00943987
155.252 0.00946883
155.557 0.0094978
155.859 0.00952678
156.162 0.00955576
156.466 0.00958473
156.77 0.00961369
157.072 0.00964269
157.375 0.00967168
157.679 0.00970065
157.982 0.00972961
158.286 0.00975859
158.589 0.00978758
158.892 0.00981656
159.196 0.00984557
159.499 0.00987452
159.803 0.0099035
160.106 0.00993247
160.41 0.00996148
160.714 0.00999044
161.016 0.0100194
161.319 0.0100484
161.623 0.0100774
161.926 0.0101063
162.23 0.0101353
162.533 0.0101643
162.836 0.0101933
163.139 0.0102222
163.443 0.0102512
163.746 0.0102802
164.049 0.0103092
164.352 0.0103382
164.656 0.0103671
164.959 0.0103961
165.263 0.0104251
165.567 0.0104541
165.871 0.010483
166.173 0.010512
166.476 0.010541
166.779 0.01057
167.083 0.010599
167.386 0.0106279
167.689 0.0106569
167.993 0.0106859
168.296 0.0107149
168.599 0.0107439
168.903 0.0107728
169.206 0.0108018
169.51 0.0108308
169.813 0.0108597
170.116 0.0108887
170.42 0.0109177
170.723 0.0109467
171.026 0.0109756
171.329 0.0110047
171.633 0.0110336
171.936 0.0110626
172.24 0.0110916
172.543 0.0111206
172.846 0.0111495
173.15 0.0111785
173.453 0.0112075
173.756 0.0112365
174.06 0.0112654
174.363 0.0112944
174.666 0.0113234
174.97 0.0113524
175.273 0.0113814
175.577 0.0114103
175.88 0.0114393
176.183 0.0114683
176.487 0.0114973
176.79 0.0115262
177.093 0.0115552
177.397 0.0115842
177.7 0.0116132
178.003 0.0116422
178.307 0.0116711
178.61 0.0117001
178.913 0.0117291
179.217 0.0117581
179.52 0.011787
179.823 0.011816
180.127 0.011845
180.431 0.011874
180.733 0.0119029
181.037 0.0119319
181.341 0.0119609
181.643 0.0119899
181.946 0.0120188
182.25 0.0120478
182.553 0.0120772
182.854 0.0121073
183.155 0.0121377
183.454 0.0121691
183.754 0.0122005
184.052 0.012232
184.351 0.0122634
184.65 0.0122948
184.949 0.0123262
185.249 0.0123577
185.547 0.0123891
185.847 0.0124205
186.146 0.012452
186.445 0.0124834
186.744 0.0125148
187.043 0.0125462
187.341 0.0125777
187.641 0.0126091
187.94 0.0126405
188.239 0.0126719
188.538 0.0127034
188.837 0.0127348
189.136 0.0127662
189.436 0.0127976
189.734 0.0128291
190.033 0.0128605
190.333 0.0128919
190.632 0.0129233
190.931 0.0129548
191.23 0.0129862
191.529 0.0130176
191.828 0.0130491
192.127 0.0130805
192.426 0.0131119
192.725 0.0131433
193.024 0.0131748
193.323 0.0132062
193.622 0.0132376
193.922 0.013269
194.221 0.0133004
194.52 0.0133318
194.82 0.0133633
195.117 0.0133947
195.417 0.0134261
195.716 0.0134576
196.015 0.013489
196.312 0.0135204
196.613 0.0135518
196.912 0.0135832
197.211 0.0136147
197.51 0.0136461
197.809 0.0136775
198.108 0.013709
198.407 0.0137404
198.707 0.0137718
199.006 0.0138032
199.305 0.0138346
199.603 0.0138661
199.903 0.0138975
200.201 0.0139289
200.501 0.0139604
200.8 0.0139918
201.099 0.0140232
201.396 0.0140545
201.662 0.0140831
201.925 0.0141116
202.189 0.0141401
202.453 0.0141686
202.717 0.0141971
202.979 0.0142252
203.175 0.0142484
203.284 0.0142641
203.379 0.0142789
203.475 0.0142936
203.569 0.0143084
203.668 0.0143232
203.764 0.014338
203.858 0.0143527
203.962 0.0143677
204.051 0.0143823
204.148 0.0143971
204.244 0.0144119
204.339 0.0144267
204.432 0.014441
204.534 0.0144562
204.628 0.014471
204.721 0.0144856
204.819 0.0145005
204.914 0.0145153
205.014 0.01453
205.106 0.0145449
205.203 0.0145596
205.298 0.0145744
205.397 0.0145893
205.491 0.0146039
205.581 0.0146184
205.684 0.0146335
205.78 0.0146483
205.87 0.0146628
205.972 0.0146779
206.067 0.0146926
206.161 0.0147072
206.259 0.0147222
206.354 0.0147369
206.452 0.0147517
206.547 0.0147665
206.646 0.0147813
206.739 0.014796
206.833 0.0148107
206.931 0.0148256
207.027 0.0148404
207.114 0.0148548
207.187 0.0148687
207.264 0.0148826
207.338 0.0148963
207.411 0.0149103
207.485 0.0149242
207.554 0.014938
207.617 0.0149517
207.71 0.0149656
207.719 0.0149771
207.773 0.0149899
207.836 0.0150038
207.886 0.0150164
207.942 0.0150295
207.997 0.0150426
208.048 0.0150551
208.113 0.0150686
208.164 0.015082
208.226 0.0150957
208.277 0.0151083
208.332 0.0151213
208.39 0.0151346
208.442 0.0151474
208.514 0.0151611
208.556 0.0151737
208.603 0.0151864
208.666 0.0152001
208.721 0.0152133
208.777 0.0152263
208.834 0.0152392
208.885 0.0152523
208.945 0.0152656
209 0.0152785
209.056 0.0152917
209.109 0.0153045
209.167 0.015318
209.223 0.015331
209.268 0.0153441
209.335 0.0153573
209.391 0.0153705
209.444 0.0153833
209.502 0.0153966
209.559 0.0154103
209.613 0.0154228
209.666 0.0154358
209.725 0.0154491
209.78 0.0154622
209.836 0.0154753
209.891 0.0154883
209.95 0.0155015
209.998 0.0155142
210.052 0.0155272
210.106 0.0155401
210.16 0.0155531
210.253 0.015568
210.268 0.015579
210.321 0.015592
210.375 0.0156049
210.429 0.0156179
210.483 0.0156308
210.537 0.0156438
210.591 0.0156568
210.644 0.0156697
210.695 0.0156826
210.752 0.0156956
210.811 0.0157089
210.848 0.0157207
210.912 0.0157343
210.965 0.0157471
211.012 0.0157595
211.064 0.0157724
211.116 0.0157852
211.164 0.0157983
211.221 0.0158109
211.271 0.0158236
211.324 0.0158365
211.375 0.0158492
211.427 0.0158623
211.481 0.015875
211.533 0.015888
211.585 0.0159006
211.633 0.0159131
211.698 0.0159265
211.739 0.0159389
211.808 0.0159524
211.846 0.0159647
211.9 0.0159775
211.95 0.0159902
212.002 0.0160031
212.053 0.0160159
212.106 0.0160287
212.151 0.0160415
212.21 0.0160544
212.262 0.0160671
212.315 0.0160801
212.362 0.0160926
212.419 0.0161056
212.471 0.0161184
212.513 0.0161306
212.575 0.0161441
212.628 0.0161569
212.679 0.0161697
212.731 0.0161825
212.784 0.0161949
212.836 0.0162082
212.888 0.0162209
212.943 0.0162338
212.991 0.0162466
213.044 0.0162594
213.096 0.0162722
213.146 0.0162852
213.194 0.0162979
213.248 0.0163113
213.297 0.0163245
213.348 0.0163374
213.397 0.0163503
213.449 0.0163636
213.497 0.0163766
213.544 0.01639
213.595 0.0164033
213.641 0.0164165
213.695 0.0164298
213.742 0.016443
213.791 0.0164562
213.84 0.0164694
213.894 0.0164828
213.942 0.0164957
213.991 0.0165092
214.011 0.0165232
214.058 0.0165391
214.091 0.0165548
214.098 0.0165704
214.152 0.0165862
214.183 0.0166018
214.214 0.0166174
214.244 0.016633
214.284 0.016649
214.307 0.0166644
214.337 0.0166802
214.37 0.0166959
214.407 0.0167112
214.427 0.0167268
214.463 0.0167428
214.493 0.0167584
214.524 0.0167741
214.555 0.0167898
214.586 0.0168054
214.617 0.0168211
214.638 0.0168359
214.679 0.0168524
214.71 0.016868
214.737 0.0168839
214.772 0.0168994
214.803 0.0169151
214.848 0.0169313
214.862 0.0169463
214.896 0.0169621
214.906 0.0169766
214.953 0.0169931
214.946 0.0170075
215.141 0.0170292
215.05 0.0170404
215.083 0.0170561
215.114 0.0170717
215.145 0.0170874
215.175 0.0171031
215.207 0.0171187
215.238 0.0171344
215.269 0.0171501
215.3 0.0171657
215.33 0.0171814
215.362 0.0171971
215.393 0.0172127
215.423 0.0172283
215.455 0.0172441
215.486 0.0172597
215.517 0.0172754
215.548 0.0172911
215.576 0.0173065
215.61 0.0173225
215.641 0.0173381
215.672 0.0173537
215.705 0.017369
215.734 0.0173851
215.765 0.0174007
215.796 0.0174164
215.834 0.0174323
215.858 0.0174477
215.89 0.0174634
215.92 0.0174791
215.951 0.0174947
215.982 0.0175104
216.013 0.017526
216.047 0.0175417
216.044 0.0175569
216.099 0.0175728
216.137 0.0175887
216.129 0.0176025
216.2 0.01762
216.231 0.0176357
216.262 0.0176514
216.291 0.0176668
216.324 0.0176826
216.356 0.0176985
216.385 0.0177141
216.417 0.0177297
216.457 0.0177456
216.48 0.0177611
216.505 0.0177762
216.551 0.0177923
216.572 0.017808
216.603 0.0178237
216.634 0.0178393
216.665 0.017855
216.689 0.0178698
216.727 0.0178864
216.748 0.0179016
216.769 0.0179171
216.82 0.0179334
216.851 0.017949
216.882 0.0179647
216.913 0.0179803
216.926 0.0179956
216.975 0.0180117
217.006 0.0180273
217.037 0.018043
217.068 0.0180587
217.099 0.0180743
217.098 0.0180892
217.103 0.0181041
217.083 0.0181213
217.223 0.018137
217.254 0.0181527
217.283 0.0181682
217.316 0.018184
217.347 0.0181997
217.378 0.0182153
217.409 0.018231
217.441 0.0182467
217.471 0.0182623
217.502 0.018278
217.533 0.0182937
217.542 0.0183093
217.54 0.018325
217.627 0.0183407
217.658 0.0183563
217.718 0.0183724
217.726 0.0183876
217.751 0.0184033
217.782 0.018419
217.815 0.0184347
217.844 0.0184503
217.875 0.018466
217.906 0.0184817
217.937 0.0184973
217.977 0.0185131
217.999 0.0185286
217.999 0.0185428
218.061 0.0185599
218.092 0.0185756
218.133 0.0185917
218.145 0.0186068
218.185 0.0186226
218.216 0.0186382
218.254 0.0186541
218.278 0.0186697
218.31 0.0186853
218.34 0.0187009
218.371 0.0187166
218.37 0.0187319
218.433 0.0187479
218.464 0.0187636
218.433 0.0187776
218.526 0.018795
218.557 0.0188106
218.588 0.0188263
218.619 0.0188419
218.65 0.0188576
218.681 0.0188733
218.712 0.0188889
218.74 0.0189048
218.775 0.0189203
218.806 0.0189359
218.837 0.0189516
218.868 0.0189673
218.898 0.018983
218.93 0.0189986
218.961 0.0190143
218.968 0.01903
219.022 0.0190456
219.053 0.0190614
219.085 0.0190769
219.116 0.0190926
219.148 0.0191083
219.179 0.0191241
219.173 0.0191383
219.24 0.0191553
219.259 0.019171
219.258 0.0191865
219.333 0.0192023
219.364 0.0192179
219.392 0.0192336
219.427 0.0192492
219.457 0.0192649
219.488 0.0192806
219.533 0.0192962
219.55 0.0193119
219.581 0.0193275
219.527 0.0193411
219.642 0.0193588
219.674 0.0193744
219.703 0.01939
219.734 0.0194056
219.764 0.0194213
219.795 0.019437
219.825 0.0194527
219.852 0.0194682
219.886 0.0194841
219.967 0.0195005
220.04 0.0195179
220.036 0.0195341
220.005 0.019551
220.005 0.0195686
220.056 0.0195895
220.076 0.0196088
220.09 0.0196271
220.084 0.0196453
219.983 0.0196589
220.139 0.019683
220.174 0.0197019
220.18 0.0197201
220.198 0.0197389
220.194 0.0197571
220.212 0.0197747
220.237 0.0197952
220.27 0.0198137
220.263 0.0198315
220.286 0.0198511
220.295 0.0198688
220.304 0.019887
220.323 0.0199058
220.351 0.0199246
220.343 0.019943
220.379 0.0199614
220.374 0.0199804
220.359 0.0199985
220.42 0.0200174
220.436 0.0200357
220.438 0.0200544
220.465 0.0200727
220.483 0.0200915
220.484 0.0201101
220.514 0.0201287
220.53 0.0201473
220.547 0.0201661
220.548 0.020184
220.546 0.0202023
220.593 0.0202215
220.609 0.02024
220.603 0.020259
220.64 0.0202772
220.656 0.020296
220.663 0.0203163
220.677 0.0203385
220.697 0.0203615
220.694 0.0203865
220.709 0.0204108
220.718 0.0204349
220.718 0.0204592
220.737 0.0204849
220.737 0.0205074
220.755 0.0205316
220.76 0.0205548
220.759 0.0205794
220.788 0.0206041
220.793 0.0206284
220.799 0.0206526
220.814 0.0206768
220.819 0.0207013
220.826 0.0207256
220.841 0.0207489
220.86 0.0207733
220.856 0.0207976
220.857 0.0208216
220.912 0.0208447
220.88 0.0208702
220.892 0.0208943
220.907 0.0209201
220.911 0.0209427
220.907 0.0209661
220.916 0.0209906
220.938 0.0210153
220.944 0.021039
220.957 0.0210636
220.966 0.0210878
220.975 0.0211119
220.984 0.0211361
220.993 0.0211606
221.026 0.0211862
221.01 0.0212087
221.023 0.0212331
221.031 0.021257
221.04 0.0212812
221.049 0.0213054
221.049 0.0213296
221.067 0.0213537
221.093 0.0213785
221.084 0.021402
221.095 0.0214263
221.088 0.0214504
221.113 0.0214747
221.114 0.0214989
221.125 0.0215237
221.141 0.0215472
221.15 0.0215716
221.163 0.0215956
221.17 0.021619
221.186 0.0216434
221.189 0.0216682
221.193 0.0216923
221.209 0.0217163
221.223 0.0217404
221.229 0.0217646
221.231 0.0217893
221.226 0.0218125
221.285 0.0218379
221.26 0.0218615
221.269 0.0218858
221.27 0.0219096
221.288 0.0219341
221.286 0.0219572
221.306 0.0219824
221.315 0.0220066
221.312 0.0220304
221.333 0.0220555
221.335 0.0220792
221.35 0.0221013
221.365 0.0221275
221.371 0.0221517
221.379 0.0221758
221.398 0.0222004
221.399 0.0222239
221.408 0.0222484
221.414 0.0222729
221.426 0.0222968
221.431 0.0223212
221.444 0.0223432
221.453 0.0223695
221.454 0.0223932
221.487 0.0224178
221.481 0.0224418
221.489 0.0224665
221.499 0.0224901
221.509 0.022515
221.518 0.0225386
221.519 0.0225627
221.541 0.0225868
221.545 0.0226113
221.556 0.0226352
221.555 0.0226592
221.575 0.0226831
221.582 0.0227067
221.588 0.0227313
221.6 0.0227562
221.608 0.0227803
221.617 0.0228042
221.63 0.0228288
221.639 0.0228522
221.646 0.022877
221.649 0.0229035
221.688 0.0229281
221.676 0.0229494
221.683 0.0229737
221.703 0.0229984
221.703 0.0230228
221.703 0.0230454
221.721 0.0230703
221.74 0.0230943
221.738 0.0231189
221.733 0.0231426
221.737 0.0231665
221.762 0.0231916
221.764 0.0232155
221.786 0.0232402
221.792 0.0232633
221.824 0.0232875
221.814 0.0233122
221.819 0.0233364
221.828 0.0233607
221.834 0.0233858
221.856 0.0234098
221.857 0.0234332
221.881 0.0234557
221.875 0.0234816
221.863 0.0235054
221.895 0.0235299
221.898 0.0235541
221.913 0.0235783
221.923 0.0236024
221.918 0.0236256
221.941 0.0236508
221.919 0.0236745
221.959 0.0236992
221.968 0.0237234
221.968 0.0237474
221.985 0.0237716
221.986 0.0237954
222.005 0.02382
222.035 0.0238453
222.023 0.0238684
222.032 0.0238926
222.056 0.0239157
222.051 0.0239409
222.06 0.0239652
222.07 0.0239891
222.067 0.0240129
222.074 0.0240368
222.093 0.024062
222.116 0.024086
222.127 0.0241096
222.122 0.024134
222.127 0.0241582
222.134 0.024182
222.155 0.0242076
222.162 0.0242308
222.175 0.0242556
222.183 0.0242794
222.183 0.0243035
222.182 0.0243278
222.207 0.024352
222.249 0.0243756
222.227 0.0244006
222.229 0.0244245
222.247 0.0244483
222.269 0.0244731
222.264 0.0244971
222.265 0.0245213
222.281 0.0245454
222.302 0.0245697
222.289 0.0245938
222.283 0.0246178
222.317 0.0246422
222.327 0.0246664
222.336 0.0246905
222.347 0.0247149
222.356 0.0247386
222.354 0.024763
222.367 0.0247866
222.366 0.0248111
222.388 0.0248356
222.4 0.0248598
222.41 0.024884
222.419 0.0249082
222.427 0.0249323
222.441 0.0249572
222.445 0.0249807
222.449 0.0250031
222.465 0.0250297
222.474 0.0250532
222.461 0.0250772
222.492 0.0251016
222.504 0.0251258
222.511 0.0251499
222.517 0.0251743
222.532 0.0251979
222.539 0.0252226
222.548 0.0252467
222.557 0.0252709
222.568 0.0252948
222.55 0.0253193
222.585 0.0253426
222.593 0.0253676
222.602 0.0253914
222.621 0.025416
222.621 0.0254401
222.628 0.0254639
222.641 0.0254885
222.646 0.0255123
222.658 0.0255369
222.669 0.0255609
222.675 0.0255847
222.687 0.0256096
222.695 0.0256338
222.701 0.0256577
222.713 0.0256819
222.728 0.0257055
222.731 0.0257301
222.74 0.0257544
222.75 0.0257787
222.761 0.0258025
222.77 0.0258266
222.782 0.0258516
222.788 0.0258754
222.793 0.0259004
222.803 0.0259238
222.815 0.0259478
222.824 0.025972
222.832 0.0259963
222.842 0.0260203
222.855 0.0260446
222.871 0.0260688
222.87 0.0260929
222.879 0.0261171
222.881 0.0261403
222.896 0.0261656
222.91 0.0261901
222.922 0.026215
222.918 0.0262374
222.934 0.0262623
222.945 0.0262866
222.948 0.0263111
222.951 0.0263344
222.964 0.0263584
223.011 0.0263833
222.99 0.0264076
222.998 0.0264318
223.008 0.0264556
223.02 0.02648
223.025 0.026504
223.022 0.0265267
223.049 0.0265527
223.055 0.0265762
223.065 0.0266006
223.072 0.0266248
223.101 0.0266505
223.092 0.0266735
223.1 0.0266975
223.109 0.0267216
223.134 0.0267466
223.128 0.02677
223.14 0.0267943
223.145 0.0268182
223.132 0.0268436
223.176 0.0268671
223.164 0.0268907
223.184 0.0269146
223.19 0.0269395
223.202 0.0269634
223.213 0.0269876
223.217 0.0270118
223.23 0.0270361
223.234 0.0270602
223.232 0.0270852
223.265 0.0271081
223.261 0.0271327
223.268 0.0271564
223.283 0.0271811
223.286 0.0272058
223.3 0.02723
223.307 0.0272546
223.318 0.0272792
223.324 0.0273036
223.334 0.027328
223.328 0.0273538
223.337 0.0273775
223.351 0.0274008
223.379 0.0274271
223.38 0.0274504
223.39 0.027476
223.393 0.0274996
223.402 0.0275243
223.418 0.0275484
223.42 0.0275728
223.427 0.0275973
223.437 0.0276218
223.462 0.0276464
223.45 0.0276708
223.456 0.0276956
223.476 0.0277203
223.475 0.0277444
223.483 0.0277687
223.491 0.0277934
223.503 0.0278171
223.513 0.0278415
223.515 0.0278668
223.516 0.027891
223.531 0.0279163
223.539 0.0279413
223.556 0.027966
223.554 0.0279908
223.561 0.0280156
223.569 0.0280404
223.576 0.0280654
223.584 0.02809
223.595 0.0281131
223.6 0.0281404
223.609 0.0281628
223.614 0.0281892
223.621 0.0282142
223.629 0.0282389
223.661 0.0282658
223.644 0.0282885
223.651 0.0283132
223.658 0.0283382
223.672 0.028362
223.674 0.0283878
223.682 0.0284126
223.688 0.0284374
223.696 0.0284622
223.703 0.028487
223.697 0.0285109
223.718 0.0285368
223.727 0.0285614
223.782 0.0285871
223.741 0.0286111
223.746 0.0286353
223.77 0.0286604
223.759 0.0286853
223.77 0.0287104
223.782 0.0287353
223.785 0.02876
223.796 0.0287847
223.805 0.0288102
223.803 0.0288343
223.819 0.0288593
223.823 0.028884
223.83 0.0289088
223.84 0.0289334
223.845 0.0289585
223.865 0.0289834
223.86 0.029008
223.867 0.0290329
223.881 0.0290588
223.896 0.0290832
223.886 0.0291073
223.89 0.0291322
223.906 0.0291571
223.91 0.0291813
223.924 0.0292055
223.926 0.0292314
223.933 0.0292566
223.942 0.0292811
223.947 0.0293056
223.949 0.0293303
223.96 0.0293551
223.97 0.0293804
223.979 0.0294051
223.999 0.0294292
223.994 0.0294548
223.989 0.029478
223.994 0.029502
224.017 0.0295291
224.024 0.0295539
224.033 0.0295789
224.037 0.0296037
224.046 0.0296285
224.047 0.0296527
224.05 0.0296769
224.069 0.0297036
224.074 0.0297269
224.081 0.0297531
224.083 0.0297768
224.099 0.0298022
224.115 0.0298274
224.113 0.0298518
224.12 0.0298765
224.129 0.0299015
224.154 0.0299266
224.137 0.0299527
224.149 0.0299756
224.157 0.0300009
224.155 0.0300256
224.158 0.0300497
224.18 0.0300757
224.174 0.0301005
224.19 0.0301261
224.2 0.0301505
224.229 0.0301776
224.218 0.0302012
224.22 0.0302255
224.219 0.0302502
224.236 0.0302758
224.237 0.0303019
224.245 0.0303285
224.248 0.0303549
224.246 0.0303805
224.244 0.0304071
224.249 0.0304338
224.249 0.0304613
224.239 0.0304872
224.249 0.0305151
224.251 0.0305419
224.257 0.0305675
224.251 0.0305959
224.261 0.0306235
224.249 0.0306492
224.252 0.0306764
224.255 0.0307037
224.255 0.0307306
224.252 0.0307566
224.244 0.030783
224.246 0.0308105
224.255 0.0308379
224.266 0.0308655
224.259 0.0308923
224.261 0.0309191
224.261 0.0309461
224.261 0.0309734
224.263 0.0309999
224.253 0.031026
224.263 0.031054
224.265 0.0310806
224.267 0.0311078
224.271 0.0311348
224.264 0.031161
224.268 0.0311884
224.269 0.0312154
224.273 0.0312414
224.278 0.0312699
224.271 0.0312961
224.26 0.0313217
224.284 0.031351
224.276 0.0313767
224.274 0.0314039
224.274 0.0314308
224.275 0.0314579
224.276 0.0314847
224.275 0.0315112
224.279 0.0315386
224.277 0.0315652
224.279 0.0315924
224.28 0.0316193
224.28 0.0316466
224.28 0.0316737
224.3 0.0317015
224.283 0.031727
224.279 0.0317533
224.285 0.0317812
224.286 0.0318085
224.29 0.0318356
224.287 0.0318617
224.288 0.0318884
224.285 0.0319145
224.283 0.0319411
224.292 0.0319702
224.292 0.0319964
224.295 0.0320241
224.294 0.0320503
224.294 0.0320768
224.291 0.0321041
224.294 0.0321309
224.288 0.0321575
224.295 0.0321849
224.304 0.0322126
224.297 0.0322387
224.299 0.032265
224.299 0.032292
224.299 0.0323196
224.316 0.032348
224.3 0.0323737
224.303 0.0324004
224.307 0.0324273
224.304 0.0324539
224.303 0.0324811
224.304 0.0325081
224.306 0.032535
224.308 0.0325623
224.303 0.0325887
224.306 0.0326157
224.311 0.0326429
224.312 0.0326687
224.306 0.0326944
224.31 0.0327235
224.308 0.0327504
224.318 0.0327766
224.312 0.0328043
224.314 0.0328318
224.309 0.0328581
224.318 0.0328848
224.302 0.0329113
224.315 0.032939
224.313 0.0329661
224.318 0.0329926
224.32 0.03302
224.321 0.033046
224.316 0.0330735
224.315 0.0330998
224.321 0.0331276
224.322 0.0331543
224.322 0.0331813
224.324 0.0332081
224.324 0.033235
224.326 0.0332621
224.327 0.033289
224.322 0.0333158
224.341 0.0333431
224.328 0.0333696
224.33 0.0333966
224.329 0.0334237
224.334 0.0334503
224.335 0.0334778
224.333 0.0335047
224.317 0.0335317
224.333 0.0335584
224.334 0.0335853
224.33 0.0336121
224.336 0.0336388
224.33 0.0336652
224.337 0.0336932
224.343 0.0337194
224.338 0.0337468
224.337 0.0337733
224.339 0.0338007
224.334 0.0338268
224.371 0.0338546
224.342 0.0338815
224.358 0.0339091
224.343 0.0339353
224.345 0.0339623
224.347 0.0339889
224.346 0.0340159
224.343 0.0340432
224.336 0.0340693
224.352 0.0340972
224.351 0.0341237
224.351 0.0341507
224.35 0.0341776
224.348 0.0342047
224.352 0.0342317
224.353 0.0342586
224.353 0.0342855
224.353 0.0343125
224.354 0.0343393
224.355 0.0343665
224.355 0.0343937
224.354 0.0344199
224.362 0.0344467
224.355 0.0344737
224.359 0.0345009
224.367 0.0345279
224.361 0.0345549
224.361 0.0345814
224.361 0.0346087
224.36 0.0346358
224.343 0.034662
224.366 0.0346895
224.368 0.0347167
224.366 0.0347432
224.351 0.0347701
224.367 0.0347972
224.367 0.0348241
224.368 0.034851
224.369 0.034878
224.368 0.0349051
224.37 0.0349314
224.371 0.0349588
224.372 0.0349859
224.366 0.0350129
224.376 0.0350401
224.374 0.0350665
224.378 0.0350937
224.374 0.0351205
224.37 0.0351472
224.362 0.0351739
224.385 0.0352013
224.378 0.0352281
224.38 0.0352551
224.378 0.0352821
224.382 0.0353092
224.384 0.0353358
224.382 0.0353627
224.383 0.0353897
224.379 0.0354164
224.386 0.0354434
224.404 0.0354721
224.378 0.0354972
224.4 0.0355248
224.383 0.035551
224.386 0.0355781
224.388 0.0356051
224.396 0.0356321
224.395 0.0356592
224.392 0.0356859
224.379 0.0357142
224.395 0.0357408
224.389 0.0357671
224.398 0.035794
224.393 0.0358206
224.395 0.0358472
224.393 0.0358735
224.394 0.0359011
224.391 0.0359276
224.398 0.0359552
224.38 0.0359823
224.426 0.0360096
224.4 0.0360366
224.401 0.0360628
224.402 0.03609
224.405 0.036117
224.392 0.0361429
224.404 0.0361706
224.405 0.0361976
224.399 0.0362244
224.392 0.0362504
224.442 0.0362785
224.407 0.0363053
224.407 0.0363322
224.406 0.0363596
224.419 0.036387
224.411 0.036413
224.408 0.0364396
224.412 0.0364669
224.397 0.0364937
224.4 0.0365206
224.414 0.0365477
224.427 0.0365745
224.416 0.0366019
224.417 0.0366285
224.415 0.0366555
224.416 0.0366821
224.429 0.0367087
224.419 0.0367362
224.422 0.0367632
224.413 0.0367899
224.416 0.0368164
224.431 0.0368438
224.422 0.0368709
224.426 0.0368977
224.423 0.036925
224.425 0.0369517
224.433 0.0369789
224.427 0.0370055
224.404 0.0370324
224.427 0.0370594
224.427 0.0370868
224.436 0.0371125
224.43 0.0371403
224.436 0.0371666
224.431 0.037194
224.431 0.037221
224.429 0.0372477
224.433 0.0372748
224.462 0.0373008
224.436 0.0373288
224.436 0.0373554
224.431 0.0373818
224.426 0.0374083
224.439 0.0374364
224.444 0.0374639
224.44 0.0374903
224.44 0.0375171
224.45 0.0375438
224.442 0.0375711
224.43 0.0375972
224.444 0.037625
224.443 0.0376523
224.439 0.0376784
224.419 0.0377041
224.468 0.0377338
224.448 0.0377596
224.449 0.037787
224.451 0.0378136
224.445 0.03784
224.454 0.0378674
224.454 0.037894
224.453 0.0379211
224.453 0.0379481
224.464 0.0379753
224.456 0.0380022
224.455 0.0380288
224.447 0.0380556
224.465 0.0380831
224.458 0.0381097
224.457 0.0381366
224.453 0.0381636
224.472 0.0381909
224.46 0.0382174
224.461 0.0382444
224.457 0.0382712
224.49 0.0382991
224.463 0.0383252
224.466 0.0383515
224.467 0.0383793
224.466 0.0384061
224.47 0.038433
224.469 0.0384601
224.468 0.0384871
224.467 0.0385134
224.464 0.03854
224.476 0.0385677
224.474 0.0385945
224.467 0.0386204
224.472 0.0386483
224.493 0.0386753
224.474 0.0387022
224.474 0.0387291
224.466 0.0387558
224.475 0.038783
224.484 0.0388101
224.476 0.0388369
224.478 0.0388638
224.494 0.0388906
224.479 0.0389176
224.48 0.0389446
224.489 0.0389717
224.484 0.0389987
224.482 0.0390254
224.461 0.0390516
224.463 0.0390779
224.48 0.039106
224.481 0.0391325
224.488 0.0391593
224.499 0.0391865
224.489 0.039214
224.489 0.0392414
224.489 0.0392678
224.481 0.0392945
224.486 0.0393219
224.491 0.0393485
224.492 0.0393758
224.492 0.0394024
224.478 0.0394285
224.494 0.0394563
224.496 0.0394832
224.497 0.039511
224.5 0.0395373
224.489 0.039564
224.489 0.0395903
224.487 0.0396175
224.497 0.0396444
224.501 0.0396713
224.499 0.0396987
224.506 0.0397249
224.503 0.0397524
224.502 0.0397787
224.509 0.0398061
224.502 0.0398331
224.508 0.0398602
224.509 0.0398873
224.489 0.039913
224.515 0.0399409
224.508 0.039968
224.509 0.0399949
224.506 0.0400211
224.511 0.0400485
224.509 0.0400756
224.496 0.0401024
224.512 0.0401296
224.514 0.0401564
224.514 0.0401834
224.516 0.0402096
224.515 0.0402372
224.502 0.0402632
224.51 0.0402906
224.521 0.0403181
224.518 0.040345
224.505 0.040371
224.531 0.0404
224.52 0.0404258
224.521 0.0404527
224.526 0.0404798
224.529 0.0405069
224.528 0.0405342
224.52 0.0405605
224.523 0.0405872
224.525 0.0406142
224.518 0.0406412
224.515 0.0406692
224.535 0.0406956
224.526 0.0407219
224.565 0.0407504
224.529 0.0407762
224.531 0.0408026
224.531 0.0408298
224.535 0.0408563
224.534 0.0408833
224.528 0.0409097
224.528 0.0409367
224.537 0.0409636
224.524 0.0409915
224.536 0.0410181
224.538 0.0410452
224.531 0.0410721
224.544 0.0410996
224.54 0.0411259
224.532 0.0411532
224.543 0.0411799
224.542 0.0412067
224.538 0.0412352
224.561 0.0412606
224.539 0.0412869
224.538 0.041314
224.548 0.041341
224.549 0.0413683
224.546 0.0413954
224.572 0.0414225
224.549 0.0414491
224.55 0.0414764
224.549 0.0415028
224.553 0.0415304
224.559 0.0415575
224.549 0.0415839
224.55 0.0416112
224.539 0.0416362
224.556 0.0416649
224.555 0.0416915
224.581 0.0417194
224.554 0.0417458
224.558 0.0417724
224.555 0.0417991
224.559 0.0418264
224.566 0.0418533
224.55 0.0418794
224.584 0.0419091
224.562 0.0419339
224.563 0.0419609
224.563 0.0419879
224.555 0.042015
224.573 0.0420409
224.559 0.0420685
224.566 0.0420955
224.56 0.0421222
224.566 0.0421498
224.58 0.0421772
224.566 0.0422029
224.573 0.0422308
224.571 0.0422571
224.558 0.0422828
224.572 0.0423109
224.573 0.0423379
224.571 0.0423647
224.573 0.0423917
224.575 0.0424187
224.584 0.0424461
224.577 0.0424725
224.577 0.0424994
224.578 0.0425264
224.573 0.0425527
224.58 0.0425803
224.581 0.0426073
224.607 0.042635
224.582 0.042661
224.582 0.042688
224.582 0.0427146
224.589 0.0427424
224.581 0.0427687
224.581 0.0427955
224.585 0.0428221
224.587 0.0428495
224.59 0.0428764
224.588 0.0429034
224.589 0.0429304
224.59 0.0429575
224.59 0.0429844
224.587 0.043011
224.593 0.0430379
224.593 0.043065
224.595 0.043092
224.592 0.0431194
224.595 0.0431455
224.604 0.0431728
224.596 0.0431996
224.6 0.0432271
224.603 0.0432536
224.601 0.0432805
224.601 0.0433078
224.601 0.0433345
224.601 0.0433609
224.601 0.0433881
224.602 0.0434148
224.603 0.0434419
224.603 0.0434688
224.606 0.0434959
224.604 0.0435222
224.605 0.04355
224.606 0.0435758
224.607 0.0436036
224.608 0.0436306
224.608 0.0436572
224.608 0.0436847
224.612 0.0437114
224.604 0.0437381
224.614 0.0437653
224.606 0.0437917
224.613 0.0438191
224.612 0.0438456
224.615 0.0438729
224.616 0.0438998
224.615 0.0439267
224.615 0.0439536
224.619 0.0439805
224.626 0.0440078
224.636 0.044036
224.611 0.0440611
224.618 0.044087
224.621 0.0441153
224.628 0.0441424
224.622 0.0441694
224.606 0.0441962
224.629 0.0442231
224.62 0.04425
224.625 0.044277
224.627 0.044304
224.627 0.0443307
224.636 0.0443556
224.612 0.0443837
224.63 0.0444117
224.643 0.0444384
224.635 0.0444654
224.631 0.0444929
224.635 0.044519
224.635 0.0445465
224.644 0.0445731
224.632 0.0446001
224.635 0.0446276
224.636 0.0446539
224.631 0.0446807
224.639 0.0447077
224.633 0.0447345
224.636 0.0447614
224.639 0.0447884
224.638 0.0448157
224.641 0.0448425
224.654 0.0448697
224.635 0.0448958
224.64 0.0449233
224.644 0.0449502
224.648 0.0449765
224.647 0.045004
224.642 0.0450308
224.654 0.0450585
224.648 0.0450847
224.656 0.0451125
224.668 0.0451399
224.649 0.045165
224.643 0.0451921
224.651 0.0452195
224.652 0.0452464
224.652 0.0452738
224.653 0.0453003
224.652 0.045327
224.658 0.0453541
224.656 0.0453811
224.658 0.045408
224.659 0.0454349
224.657 0.0454612
224.663 0.0454891
224.647 0.0455152
224.667 0.0455438
224.661 0.0455696
224.66 0.0455958
224.664 0.0456235
224.664 0.0456507
224.669 0.0456775
224.666 0.0457041
224.668 0.0457311
224.667 0.0457573
224.668 0.0457852
224.668 0.0458121
224.671 0.0458385
224.662 0.045865
224.67 0.0458928
224.672 0.0459198
224.655 0.0459452
224.669 0.0459733
224.673 0.0460005
224.673 0.0460281
224.677 0.0460557
224.669 0.0460809
224.677 0.046108
224.675 0.0461348
224.681 0.0461621
224.678 0.0461887
224.679 0.046216
224.679 0.0462429
224.68 0.0462698
224.675 0.0462966
224.678 0.0463232
224.683 0.0463506
224.679 0.0463767
224.684 0.0464045
224.687 0.0464314
224.699 0.0464578
224.687 0.0464851
224.687 0.0465122
224.693 0.0465399
224.689 0.046566
224.69 0.046593
224.691 0.0466199
224.708 0.0466477
224.696 0.0466738
224.692 0.0467007
224.686 0.0467272
224.694 0.0467541
224.692 0.0467813
224.695 0.0468083
224.698 0.0468357
224.697 0.0468623
224.697 0.0468892
224.698 0.0469164
224.699 0.0469431
224.695 0.0469698
224.689 0.0469965
224.703 0.0470237
224.699 0.0470507
224.693 0.0470778
224.714 0.0471039
224.705 0.0471316
224.706 0.0471578
224.704 0.0471857
224.705 0.0472123
224.707 0.0472393
224.71 0.0472663
224.71 0.047293
224.708 0.0473199
224.706 0.0473467
224.706 0.0473733
224.707 0.0474
224.703 0.0474264
224.7 0.0474528
224.698 0.0474796
224.69 0.0475065
224.704 0.0475329
224.704 0.0475596
224.692 0.0475864
224.689 0.0476123
224.716 0.0476393
224.695 0.0476658
224.694 0.0476927
224.689 0.047719
224.688 0.047746
224.704 0.0477724
224.688 0.0477989
224.683 0.0478254
224.683 0.047852
224.682 0.0478787
224.681 0.0479055
224.679 0.0479318
224.681 0.0479586
224.668 0.0479849
224.679 0.0480112
224.677 0.0480377
224.674 0.0480645
224.673 0.0480917
224.67 0.0481181
224.668 0.0481447
224.661 0.0481712
224.669 0.048198
224.676 0.0482244
224.659 0.0482511
224.662 0.0482776
224.663 0.0483042
224.654 0.048331
224.658 0.0483575
224.65 0.0483833
224.656 0.0484106
224.657 0.0484361
224.654 0.0484638
224.655 0.0484905
224.661 0.0485175
224.645 0.048543
224.65 0.0485703
224.647 0.0485964
224.644 0.0486222
224.639 0.0486491
224.636 0.0486754
224.619 0.0487013
224.623 0.0487275
224.629 0.0487543
224.627 0.0487807
224.615 0.0488069
224.616 0.0488331
224.615 0.0488596
224.614 0.0488856
224.61 0.0489112
224.633 0.0489388
224.597 0.0489644
224.597 0.0489902
224.595 0.0490171
224.591 0.0490434
224.587 0.0490696
224.582 0.0490954
224.583 0.0491221
224.577 0.0491486
224.572 0.0491751
224.565 0.0492016
224.567 0.0492276
224.552 0.0492531
224.56 0.0492803
224.551 0.0493069
224.555 0.0493327
224.549 0.0493595
224.548 0.0493857
224.555 0.049412
224.541 0.0494379
224.537 0.0494648
224.526 0.0494912
224.521 0.0495173
224.527 0.0495439
224.521 0.0495698
224.522 0.0495967
224.515 0.0496227
224.513 0.0496495
224.511 0.0496756
224.526 0.0497015
224.507 0.0497284
224.502 0.0497544
224.489 0.0497808
224.492 0.0498073
224.486 0.0498347
224.486 0.04986
224.484 0.0498863
224.481 0.0499127
224.476 0.0499391
224.472 0.0499656
224.472 0.0499912
224.466 0.0500181
224.461 0.050045
224.454 0.0500705
224.458 0.0500972
224.465 0.0501237
224.45 0.0501498
224.443 0.0501762
224.441 0.0502033
224.445 0.0502289
224.433 0.0502549
224.429 0.0502826
224.421 0.0503082
224.424 0.0503348
224.425 0.0503615
224.424 0.0503877
224.42 0.0504135
224.42 0.05044
224.41 0.0504661
224.414 0.0504929
224.404 0.0505187
224.401 0.0505449
224.407 0.0505721
224.384 0.0505973
224.389 0.0506242
224.388 0.0506509
224.392 0.0506776
224.381 0.0507036
224.377 0.0507296
224.374 0.0507559
224.366 0.050782
224.371 0.0508088
224.364 0.0508352
224.358 0.0508618
224.358 0.0508877
224.354 0.0509142
224.345 0.0509407
224.348 0.0509669
224.342 0.0509928
224.342 0.0510196
224.337 0.0510461
224.334 0.0510722
224.328 0.0510982
224.327 0.0511249
224.323 0.0511506
224.319 0.0511773
224.319 0.0512039
224.314 0.0512303
224.311 0.0512567
224.307 0.051283
224.299 0.0513091
224.302 0.0513355
224.287 0.0513611
224.295 0.0513887
224.291 0.0514149
224.289 0.0514407
224.293 0.0514683
224.28 0.0514937
224.284 0.0515204
224.274 0.0515462
224.255 0.0515713
224.27 0.0515996
224.266 0.0516253
224.262 0.0516517
224.26 0.0516783
224.254 0.0517043
224.242 0.0517299
224.252 0.0517575
224.248 0.0517839
224.237 0.0518099
224.237 0.0518363
224.234 0.0518627
224.236 0.0518892
224.228 0.0519154
224.228 0.051942
224.22 0.0519681
224.218 0.0519945
224.214 0.0520209
224.214 0.0520472
224.207 0.0520734
224.211 0.0521005
224.201 0.0521262
224.198 0.0521526
224.199 0.052179
224.208 0.0522057
224.184 0.0522315
224.185 0.0522578
224.18 0.0522842
224.179 0.0523108
224.176 0.0523371
224.171 0.0523638
224.169 0.0523898
224.167 0.0524163
224.161 0.0524425
224.153 0.052468
224.153 0.0524952
224.147 0.0525212
224.151 0.0525471
224.145 0.0525742
224.137 0.0526003
224.138 0.052627
224.147 0.0526543
224.111 0.0526777
224.131 0.0527065
224.125 0.0527324
224.123 0.0527579
224.119 0.0527856
224.115 0.0528113
224.111 0.0528378
224.115 0.0528632
224.104 0.0528904
224.101 0.0529167
224.094 0.0529428
224.096 0.0529698
224.087 0.0529959
224.085 0.0530224
224.121 0.0530504
224.078 0.0530755
224.077 0.0531012
224.075 0.0531276
224.073 0.0531547
224.069 0.0531804
224.064 0.0532068
224.061 0.053233
224.067 0.05326
224.056 0.0532853
224.053 0.0533119
224.039 0.0533386
224.046 0.0533649
224.041 0.0533912
224.043 0.0534174
224.035 0.0534438
224.028 0.0534701
224.027 0.053497
224.031 0.0535233
224.022 0.0535492
224.019 0.0535759
224.015 0.0536016
224.009 0.0536286
224.002 0.0536538
224.007 0.053681
224.002 0.0537073
223.998 0.053733
223.995 0.0537599
224.01 0.0537862
223.991 0.0538125
223.98 0.0538385
223.981 0.0538657
223.978 0.0538918
223.982 0.0539187
223.967 0.053944
223.964 0.0539705
223.965 0.0539972
223.961 0.0540237
223.959 0.0540505
223.958 0.0540762
223.953 0.0541026
223.948 0.0541289
223.938 0.0541546
223.944 0.0541819
223.938 0.0542081
223.927 0.0542327
223.931 0.0542606
223.926 0.0542865
223.926 0.0543132
223.923 0.0543397
223.914 0.0543656
223.918 0.054393
223.912 0.0544188
223.919 0.0544448
223.904 0.0544717
223.911 0.0544978
223.897 0.0545239
223.895 0.0545503
223.915 0.054579
223.889 0.0546032
223.886 0.0546294
223.882 0.0546559
223.881 0.0546822
223.875 0.0547087
223.872 0.0547351
223.871 0.0547608
223.865 0.0547878
223.861 0.0548141
223.876 0.0548395
223.848 0.0548661
223.853 0.0548933
223.848 0.0549196
223.844 0.0549453
223.842 0.0549721
223.84 0.0549986
223.835 0.0550247
223.827 0.0550505
223.829 0.0550778
223.826 0.055104
223.822 0.0551304
223.817 0.0551552
223.815 0.0551832
223.813 0.0552095
223.807 0.0552354
223.813 0.055261
223.801 0.0552883
223.797 0.0553142
223.794 0.0553395
223.794 0.0553664
223.787 0.0553939
223.786 0.0554204
223.783 0.0554464
223.772 0.0554727
223.77 0.0554977
223.764 0.0555251
223.768 0.0555522
223.766 0.055578
223.754 0.0556041
223.759 0.0556307
223.748 0.0556571
223.754 0.0556836
223.745 0.0557092
223.751 0.0557365
223.743 0.0557627
223.741 0.0557887
223.733 0.0558152
223.732 0.0558417
223.729 0.0558681
223.725 0.0558948
223.723 0.0559208
223.721 0.0559472
223.715 0.0559739
223.712 0.0560013
223.706 0.0560279
223.704 0.0560544
223.701 0.0560811
223.697 0.0561079
223.692 0.0561349
223.687 0.0561609
223.686 0.0561882
223.682 0.0562148
223.679 0.056242
223.675 0.0562686
223.67 0.0562955
223.669 0.0563221
223.665 0.0563488
223.658 0.0563765
223.65 0.0564022
223.653 0.0564293
223.652 0.0564563
223.651 0.0564834
223.643 0.0565096
223.64 0.0565363
223.636 0.0565633
223.63 0.0565898
223.626 0.0566167
223.623 0.0566434
223.624 0.0566702
223.61 0.0566961
223.601 0.0567229
223.59 0.0567472
223.576 0.0567719
223.561 0.0567972
223.546 0.0568216
223.53 0.0568474
223.515 0.0568728
223.499 0.0568967
223.486 0.0569219
223.472 0.0569469
223.456 0.0569717
223.443 0.0569974
223.427 0.0570221
223.412 0.0570467
223.397 0.057072
223.386 0.0570968
223.366 0.0571224
223.35 0.0571477
223.334 0.0571728
223.316 0.0571981
223.297 0.0572227
223.278 0.0572468
223.258 0.0572722
223.239 0.057297
223.22 0.0573218
223.2 0.0573466
223.182 0.0573715
223.171 0.0573962
223.142 0.0574213
223.122 0.0574455
223.106 0.0574705
223.087 0.0574954
223.066 0.0575203
223.049 0.0575451
223.031 0.0575699
223.009 0.0575944
222.989 0.0576191
222.972 0.0576438
222.953 0.0576696
222.932 0.0576938
222.912 0.0577185
222.891 0.0577433
222.874 0.0577681
222.855 0.057793
222.835 0.0578177
222.813 0.0578419
222.797 0.0578673
222.782 0.0578921
222.759 0.0579169
222.739 0.0579418
222.719 0.057967
222.7 0.0579915
222.681 0.058015
222.662 0.0580409
222.643 0.0580658
222.624 0.0580904
222.604 0.0581154
222.585 0.0581397
222.563 0.0581651
222.55 0.0581906
222.528 0.0582144
222.503 0.0582398
222.491 0.0582648
222.471 0.0582888
222.451 0.0583138
222.433 0.0583386
222.415 0.0583633
222.392 0.058388
222.373 0.0584129
222.354 0.0584381
222.335 0.0584625
222.317 0.0584865
222.297 0.058512
222.278 0.0585368
222.26 0.0585617
222.238 0.0585862
222.22 0.058611
222.2 0.0586361
222.182 0.0586607
222.161 0.0586858
222.14 0.0587104
222.124 0.058735
222.107 0.0587595
222.085 0.0587846
222.06 0.0588096
222.048 0.0588343
222.027 0.0588588
222.011 0.0588836
221.99 0.0589083
221.97 0.0589334
221.951 0.0589582
221.932 0.058983
221.914 0.0590076
221.893 0.0590326
221.874 0.0590574
221.855 0.0590823
221.835 0.0591067
221.817 0.0591318
221.798 0.0591564
221.777 0.0591811
221.759 0.059206
221.739 0.0592307
221.719 0.0592556
221.701 0.0592804
221.68 0.0593047
221.664 0.0593307
221.646 0.059355
221.614 0.0593789
221.602 0.059404
221.586 0.0594289
221.567 0.0594543
221.544 0.0594789
221.528 0.0595043
221.509 0.0595294
221.489 0.0595544
221.472 0.0595792
221.452 0.0596046
221.431 0.0596296
221.418 0.059655
221.395 0.0596797
221.374 0.0597046
221.354 0.0597297
221.333 0.0597545
221.316 0.0597797
221.295 0.0598049
221.288 0.0598311
221.258 0.0598549
221.238 0.05988
221.223 0.0599059
221.199 0.0599298
221.185 0.0599553
221.161 0.0599802
221.141 0.0600052
221.123 0.0600301
221.104 0.0600554
221.083 0.0600802
221.066 0.0601054
221.044 0.0601299
221.027 0.0601561
221.008 0.0601807
220.986 0.0602054
220.967 0.0602302
220.946 0.0602552
220.929 0.0602804
220.909 0.0603054
220.89 0.0603306
220.869 0.0603555
220.852 0.0603804
220.832 0.0604056
220.813 0.0604307
220.793 0.0604553
220.776 0.0604807
220.755 0.0605058
220.736 0.0605307
220.713 0.0605553
220.697 0.0605808
220.676 0.0606058
220.658 0.0606305
220.639 0.0606559
220.621 0.0606809
220.601 0.0607057
220.581 0.0607313
220.56 0.0607558
220.546 0.0607815
220.523 0.060806
220.504 0.0608312
220.486 0.0608564
220.463 0.0608813
220.446 0.0609063
220.427 0.0609314
220.407 0.0609563
220.389 0.0609811
220.37 0.0610059
220.349 0.0610315
220.331 0.0610566
220.309 0.061083
220.292 0.0611066
220.272 0.0611316
220.253 0.0611567
220.234 0.0611817
220.214 0.0612069
220.195 0.0612315
220.176 0.0612568
220.157 0.0612818
220.138 0.0613069
220.117 0.0613318
220.099 0.0613571
220.077 0.0613817
220.06 0.0614069
220.039 0.0614318
220.021 0.0614571
220.001 0.061482
219.983 0.061507
219.963 0.0615321
219.942 0.0615569
219.925 0.0615821
219.905 0.0616072
219.886 0.0616322
219.867 0.0616573
219.846 0.0616822
219.827 0.0617074
219.808 0.0617322
219.791 0.0617568
219.77 0.0617825
219.747 0.0618072
219.732 0.0618327
219.711 0.0618575
219.693 0.0618827
219.673 0.0619076
219.654 0.0619327
219.634 0.0619577
219.617 0.061983
219.596 0.0620079
219.578 0.0620329
219.556 0.0620577
219.539 0.0620828
219.52 0.0621074
219.504 0.0621337
219.482 0.0621584
219.461 0.0621826
219.443 0.0622079
219.422 0.062234
219.404 0.062259
219.383 0.0622839
219.363 0.062309
219.346 0.0623343
219.324 0.0623596
219.307 0.0623847
219.286 0.0624103
219.267 0.0624356
219.247 0.0624605
219.228 0.0624862
219.208 0.0625114
219.189 0.0625369
219.169 0.062562
219.152 0.0625876
219.131 0.0626124
219.109 0.0626383
219.092 0.0626629
219.072 0.0626883
219.053 0.0627136
219.034 0.0627387
219.019 0.0627646
218.995 0.0627894
218.975 0.0628147
218.956 0.0628398
218.935 0.0628656
218.917 0.0628905
218.899 0.0629161
218.878 0.0629411
218.859 0.0629664
218.838 0.0629914
218.82 0.063017
218.801 0.0630418
218.781 0.0630674
218.762 0.0630926
218.744 0.0631183
218.725 0.0631432
218.7 0.0631682
218.685 0.0631939
218.666 0.0632193
218.644 0.0632447
218.626 0.0632698
218.606 0.063295
218.593 0.0633207
218.562 0.0633456
218.548 0.0633709
218.528 0.0633958
218.516 0.0634218
218.493 0.0634469
218.471 0.063472
218.452 0.0634969
218.435 0.0635242
218.412 0.0635479
218.393 0.0635733
218.373 0.0635984
218.354 0.0636235
218.334 0.063649
218.314 0.0636728
218.293 0.0636992
218.276 0.0637246
218.26 0.0637506
218.237 0.0637753
218.218 0.0638006
218.213 0.0638264
218.175 0.0638498
218.161 0.0638762
218.141 0.0639015
218.122 0.0639278
218.101 0.0639526
218.082 0.0639778
218.063 0.064003
218.045 0.0640287
218.024 0.0640535
218.004 0.0640788
217.985 0.064104
217.965 0.0641293
217.944 0.0641541
217.929 0.0641795
217.907 0.0642052
217.888 0.0642304
217.868 0.0642556
217.849 0.064281
217.833 0.0643061
217.81 0.0643316
217.784 0.0643559
217.772 0.064382
217.752 0.0644073
217.732 0.0644326
217.713 0.064458
217.692 0.0644829
217.673 0.0645086
217.655 0.0645338
217.631 0.0645586
217.617 0.0645841
217.597 0.0646097
217.577 0.0646347
217.558 0.0646602
217.538 0.0646855
217.527 0.0647121
217.5 0.0647359
217.481 0.0647612
217.462 0.064787
217.441 0.0648126
217.421 0.0648371
217.404 0.0648626
217.383 0.0648878
217.364 0.0649132
217.344 0.0649383
217.325 0.0649633
217.308 0.064989
217.285 0.0650142
217.267 0.0650394
217.247 0.0650648
217.227 0.0650901
217.208 0.0651151
217.19 0.0651407
217.169 0.0651654
217.152 0.0651917
217.131 0.0652164
217.108 0.0652417
217.092 0.0652668
217.072 0.0652922
217.054 0.0653176
217.033 0.0653429
217.012 0.0653683
216.993 0.0653938
216.976 0.0654185
216.956 0.0654439
216.937 0.0654691
216.916 0.0654944
216.895 0.0655193
216.879 0.0655453
216.86 0.0655702
216.839 0.0655957
216.82 0.0656209
216.8 0.0656458
216.781 0.0656714
216.761 0.0656969
216.74 0.0657213
216.722 0.0657471
216.701 0.0657723
216.685 0.0657976
216.665 0.0658234
216.645 0.0658483
216.626 0.0658734
216.606 0.065899
216.589 0.0659245
216.567 0.0659495
216.547 0.0659747
216.527 0.066
216.509 0.0660253
216.492 0.0660507
216.471 0.0660756
216.451 0.0661012
216.43 0.0661262
216.412 0.0661519
216.394 0.0661771
216.373 0.0662025
216.355 0.0662278
216.336 0.0662531
216.315 0.0662782
216.296 0.0663036
216.276 0.0663288
216.257 0.0663541
216.233 0.0663782
216.219 0.0664046
216.199 0.0664299
216.18 0.0664551
216.161 0.0664806
216.14 0.0665055
216.12 0.0665295
216.095 0.066555
216.077 0.0665808
216.062 0.0666074
216.042 0.066633
216.022 0.0666577
216.002 0.0666826
215.984 0.0667079
215.966 0.0667333
215.945 0.0667583
215.927 0.0667838
215.907 0.0668091
215.886 0.0668341
215.868 0.0668596
215.85 0.0668847
215.829 0.0669102
215.811 0.0669356
215.792 0.0669609
215.774 0.0669861
215.75 0.0670113
215.732 0.0670365
215.712 0.0670619
215.693 0.0670873
215.673 0.0671126
215.654 0.0671376
215.633 0.067163
215.617 0.0671882
215.597 0.0672135
215.578 0.0672388
215.558 0.0672642
215.54 0.0672897
215.523 0.0673155
215.5 0.0673399
215.48 0.0673653
215.46 0.0673906
215.441 0.0674157
215.421 0.0674411
215.4 0.0674658
215.383 0.0674915
215.361 0.0675161
215.345 0.0675421
215.325 0.0675676
215.305 0.0675927
215.286 0.067618
215.266 0.0676434
215.247 0.0676689
215.231 0.0676941
215.209 0.0677192
215.185 0.0677444
215.172 0.0677699
215.149 0.067795
215.133 0.0678206
215.11 0.0678459
215.091 0.0678709
215.073 0.0678961
215.06 0.0679214
215.029 0.0679471
215.011 0.067972
214.998 0.0679974
214.974 0.0680223
214.956 0.0680478
214.936 0.0680729
214.918 0.0680984
214.9 0.0681241
214.878 0.0681492
214.862 0.0681755
214.839 0.0681994
214.82 0.068225
214.801 0.0682499
214.786 0.0682759
214.762 0.0683007
214.746 0.0683263
214.723 0.0683511
214.707 0.0683757
214.687 0.0684019
214.664 0.0684271
214.648 0.0684526
214.626 0.0684774
214.606 0.0685029
214.587 0.0685283
214.564 0.068554
214.544 0.0685799
214.523 0.0686056
214.502 0.0686314
214.482 0.0686572
214.459 0.0686829
214.438 0.0687085
214.418 0.0687342
214.395 0.06876
214.375 0.0687859
214.355 0.0688114
214.337 0.0688377
214.31 0.0688627
214.291 0.0688888
214.269 0.0689141
214.25 0.0689403
214.227 0.0689658
214.204 0.0689915
214.185 0.0690175
214.164 0.069043
214.144 0.0690672
214.124 0.0690944
214.101 0.0691203
214.08 0.0691459
214.057 0.0691716
214.039 0.0691971
214.02 0.0692234
213.993 0.0692483
213.973 0.0692744
213.954 0.0693003
213.932 0.0693261
213.915 0.0693514
213.889 0.0693775
213.864 0.0694024
213.85 0.0694289
213.824 0.0694546
213.805 0.0694804
213.786 0.0695059
213.763 0.069532
213.743 0.0695576
213.717 0.0695832
213.715 0.0696107
213.675 0.0696342
213.657 0.0696608
213.633 0.069687
213.61 0.0697133
213.588 0.0697394
213.563 0.0697655
213.543 0.0697916
213.517 0.0698183
213.495 0.0698451
213.474 0.0698704
213.451 0.0698967
213.426 0.0699227
213.407 0.0699492
213.381 0.069975
213.36 0.0700014
213.34 0.0700268
213.314 0.0700538
213.29 0.07008
213.269 0.0701059
213.246 0.0701324
213.223 0.0701584
213.201 0.0701848
213.178 0.0702109
213.155 0.0702372
213.13 0.0702635
213.108 0.0702893
213.086 0.0703155
213.063 0.0703419
213.041 0.0703679
213.017 0.0703942
213.002 0.0704212
212.972 0.0704467
212.948 0.0704727
212.926 0.0704992
212.904 0.0705252
212.887 0.0705523
212.859 0.070578
212.833 0.0706039
212.82 0.0706313
212.788 0.0706561
212.765 0.0706825
212.743 0.0707085
212.721 0.0707349
212.698 0.0707613
212.675 0.0707873
212.655 0.070813
212.63 0.0708398
212.608 0.070867
212.585 0.0708919
212.561 0.0709183
212.538 0.0709444
212.517 0.070971
212.493 0.0709968
212.469 0.071023
212.447 0.0710493
212.426 0.0710759
212.401 0.0711016
212.378 0.0711277
212.355 0.071154
212.332 0.0711801
212.309 0.0712063
212.287 0.0712327
212.264 0.071259
212.242 0.0712847
212.219 0.0713111
212.196 0.0713373
212.173 0.0713634
212.149 0.0713899
212.128 0.0714162
212.104 0.0714421
212.082 0.0714683
212.057 0.0714947
212.036 0.0715209
212.012 0.0715469
211.99 0.0715731
211.965 0.0715997
211.943 0.0716255
211.922 0.071652
211.899 0.0716777
211.878 0.071704
211.853 0.0717304
211.831 0.0717566
211.807 0.0717826
211.779 0.0718083
211.761 0.0718348
211.741 0.0718613
211.716 0.0718876
211.693 0.0719138
211.672 0.07194
211.67 0.0719687
211.621 0.0719931
211.601 0.0720184
211.579 0.0720445
211.553 0.0720705
211.534 0.0720972
211.511 0.0721236
211.488 0.0721495
211.465 0.0721752
211.441 0.0722019
211.419 0.0722281
211.397 0.0722543
211.374 0.0722804
211.35 0.072307
211.327 0.0723328
211.306 0.0723592
211.282 0.0723852
211.259 0.0724115
211.235 0.0724377
211.214 0.0724639
211.191 0.0724898
211.168 0.0725163
211.146 0.0725421
211.122 0.0725686
211.1 0.0725949
211.083 0.0726211
211.054 0.0726471
211.031 0.0726734
211.008 0.0726994
210.987 0.0727259
210.965 0.0727515
210.94 0.0727783
210.919 0.0728045
210.894 0.0728305
210.872 0.0728563
210.848 0.072883
210.826 0.0729097
210.803 0.0729353
210.78 0.0729614
210.753 0.0729872
210.734 0.0730139
210.711 0.0730401
210.687 0.073067
210.663 0.0730944
210.635 0.0731211
210.608 0.0731486
210.575 0.0731773
210.539 0.0732064
210.507 0.0732357
210.476 0.0732646
210.441 0.0732939
210.408 0.0733229
210.372 0.0733524
210.342 0.0733814
210.308 0.0734109
210.27 0.0734403
210.231 0.07347
210.195 0.0735002
210.157 0.0735305
210.12 0.0735613
210.082 0.0735907
210.042 0.0736206
210.007 0.0736507
209.969 0.0736807
209.929 0.0737116
209.889 0.0737414
209.855 0.0737717
209.817 0.0738018
209.778 0.0738321
209.74 0.073862
209.706 0.0738928
209.665 0.073922
209.627 0.0739525
209.586 0.0739827
209.548 0.0740127
209.514 0.0740429
209.475 0.074073
209.443 0.0741038
209.401 0.0741334
209.368 0.0741647
209.325 0.0741934
209.289 0.0742241
209.247 0.0742539
209.209 0.0742844
209.168 0.0743139
209.132 0.0743437
209.098 0.0743744
209.058 0.0744046
209.018 0.0744346
208.983 0.074465
208.943 0.0744946
208.905 0.0745246
208.869 0.0745554
208.832 0.0745851
208.792 0.0746162
208.755 0.0746458
208.717 0.0746758
208.679 0.0747059
208.641 0.0747362
208.61 0.0747669
208.564 0.0747966
208.527 0.0748265
208.49 0.0748567
208.452 0.0748866
208.412 0.0749172
208.378 0.0749472
208.34 0.074977
208.301 0.0750071
208.266 0.075038
208.228 0.0750681
208.187 0.0750978
208.147 0.075128
208.106 0.0751581
208.075 0.075188
208.035 0.0752186
208.001 0.075249
207.956 0.0752787
207.928 0.0753093
207.884 0.0753391
207.844 0.0753695
207.81 0.0753995
207.767 0.0754293
207.732 0.0754596
207.695 0.0754901
207.656 0.0755199
207.621 0.0755498
207.578 0.0755802
207.542 0.0756106
207.504 0.0756402
207.47 0.0756713
207.429 0.0757009
207.385 0.0757308
207.363 0.0757611
207.317 0.0757913
207.277 0.0758214
207.242 0.0758514
207.196 0.0758815
207.161 0.0759118
207.126 0.0759417
207.087 0.075972
207.047 0.0760022
207.01 0.076032
206.973 0.0760625
206.937 0.0760927
206.899 0.0761232
206.861 0.0761527
206.823 0.0761834
206.783 0.0762133
206.745 0.076243
206.707 0.076273
206.671 0.0763039
206.633 0.0763338
206.595 0.0763641
206.556 0.076394
206.516 0.0764243
206.479 0.0764541
206.441 0.0764847
206.406 0.0765146
206.367 0.0765449
206.33 0.0765746
206.293 0.0766051
206.254 0.0766353
206.216 0.0766658
206.18 0.0766958
206.139 0.0767256
206.102 0.0767559
206.069 0.0767858
206.026 0.0768163
205.989 0.0768462
205.95 0.0768766
205.915 0.0769065
205.876 0.076937
205.839 0.0769669
205.799 0.0769971
205.761 0.0770272
205.723 0.0770571
205.68 0.0770874
205.645 0.0771182
205.61 0.0771478
205.574 0.0771782
205.535 0.077208
205.496 0.0772383
205.458 0.0772683
205.419 0.0772984
205.382 0.0773287
205.345 0.0773587
205.308 0.0773883
205.269 0.0774191
205.23 0.0774492
205.196 0.077479
205.156 0.0775092
205.115 0.0775394
205.078 0.07757
205.039 0.0776
205.006 0.0776305
204.965 0.0776601
204.927 0.0776901
204.889 0.0777204
204.849 0.0777509
204.816 0.0777813
204.775 0.0778109
204.737 0.0778408
204.701 0.0778717
204.662 0.0779013
204.624 0.0779315
204.587 0.0779617
204.551 0.0779916
204.511 0.0780219
204.473 0.0780522
204.435 0.0780827
204.396 0.0781123
204.362 0.0781421
204.321 0.078173
204.29 0.0782027
204.246 0.0782329
204.207 0.0782632
204.17 0.0782933
204.132 0.0783235
204.095 0.0783535
204.056 0.078384
204.02 0.0784138
203.981 0.0784439
203.944 0.078474
203.911 0.0785048
203.865 0.0785344
203.827 0.0785648
203.791 0.0785948
203.753 0.0786247
203.715 0.078655
203.67 0.0786841
203.637 0.0787157
203.605 0.0787453
203.564 0.0787749
203.524 0.0788058
203.487 0.078836
203.455 0.0788659
203.418 0.0788955
203.373 0.0789263
203.334 0.0789561
203.3 0.0789867
203.256 0.0790167
203.222 0.0790468
203.182 0.0790769
203.148 0.0791071
203.108 0.0791373
203.071 0.0791674
203.031 0.0791979
202.995 0.0792275
202.956 0.0792578
202.921 0.0792879
202.88 0.0793182
202.844 0.0793482
202.812 0.0793793
202.779 0.079409
202.729 0.0794387
202.691 0.0794688
202.654 0.0794988
202.615 0.0795289
202.578 0.0795593
202.538 0.0795889
202.498 0.0796196
202.465 0.0796501
202.426 0.0796796
202.386 0.07971
202.351 0.0797399
202.314 0.0797706
202.272 0.0798004
202.237 0.0798304
202.2 0.0798607
202.161 0.0798901
202.12 0.0799207
202.084 0.0799516
202.048 0.0799813
202.011 0.0800118
201.972 0.0800417
201.933 0.0800718
201.891 0.0801012
201.858 0.0801323
201.819 0.0801624
201.782 0.080192
201.743 0.0802225
201.706 0.0802526
201.667 0.0802826
201.635 0.0803135
201.595 0.0803428
201.554 0.0803732
201.517 0.0804034
201.48 0.0804335
201.442 0.0804637
201.404 0.0804937
201.365 0.0805239
201.327 0.0805542
201.286 0.0805838
201.25 0.0806142
201.214 0.0806444
201.176 0.0806745
201.139 0.0807048
201.099 0.0807349
201.062 0.0807651
201.024 0.0807953
200.986 0.0808253
200.948 0.0808555
200.91 0.0808857
200.873 0.0809158
200.834 0.0809458
200.798 0.080976
200.759 0.0810066
200.721 0.0810364
200.683 0.0810663
200.645 0.0810964
200.609 0.081127
200.572 0.0811569
200.53 0.0811872
200.494 0.0812173
200.449 0.0812483
200.418 0.0812776
200.38 0.0813078
200.343 0.0813375
200.302 0.0813681
200.266 0.0813981
200.231 0.0814285
200.192 0.0814581
200.152 0.0814888
200.114 0.0815187
200.074 0.0815487
200.039 0.0815787
200.001 0.081609
199.965 0.0816397
199.924 0.0816692
199.888 0.0816995
199.85 0.0817298
199.812 0.0817599
199.781 0.0817904
199.736 0.0818202
199.695 0.0818503
199.66 0.0818803
199.622 0.0819105
199.585 0.0819412
199.546 0.0819709
199.508 0.0820009
199.47 0.0820312
199.432 0.0820615
199.394 0.0820914
199.357 0.0821216
199.319 0.0821518
199.286 0.0821823
199.243 0.0822122
199.205 0.0822421
199.168 0.0822722
199.129 0.0823024
199.093 0.0823325
199.055 0.082363
199.016 0.0823931
198.978 0.082423
198.94 0.0824533
198.902 0.0824834
198.864 0.0825135
198.826 0.0825435
198.788 0.0825736
198.75 0.0826039
198.712 0.0826339
198.674 0.0826641
198.639 0.0826943
198.599 0.0827244
198.562 0.0827544
198.523 0.0827847
198.485 0.0828149
198.447 0.082845
198.427 0.0828753
198.37 0.0829053
198.333 0.0829355
198.296 0.0829656
198.258 0.0829958
198.224 0.083026
198.182 0.0830561
198.14 0.0830861
198.106 0.0831163
198.069 0.0831464
198.029 0.0831765
197.992 0.0832068
197.955 0.0832368
197.917 0.083267
197.879 0.0832972
197.842 0.0833273
197.803 0.0833573
197.764 0.0833877
197.727 0.0834178
197.689 0.0834478
197.652 0.083478
197.614 0.0835081
197.578 0.0835381
197.536 0.0835684
197.499 0.0835986
197.462 0.0836286
197.425 0.083659
197.387 0.0836892
197.35 0.0837191
197.31 0.0837493
197.272 0.0837791
197.234 0.0838096
197.197 0.0838396
197.16 0.0838705
197.122 0.0839001
197.083 0.0839302
197.048 0.0839593
197.008 0.08399
196.97 0.0840206
196.932 0.0840509
196.893 0.084081
196.866 0.0841114
196.815 0.0841412
196.78 0.0841714
196.742 0.0842014
196.698 0.0842314
196.675 0.0842626
196.629 0.0842919
196.59 0.0843218
196.552 0.0843519
196.529 0.0843819
196.477 0.0844124
196.436 0.0844425
196.403 0.0844726
196.368 0.0845035
196.325 0.0845332
196.287 0.0845631
196.249 0.0845934
196.214 0.0846241
196.174 0.0846535
196.136 0.0846838
196.1 0.0847135
196.061 0.084744
196.015 0.0847747
195.985 0.0848045
195.949 0.0848347
195.908 0.0848646
195.868 0.0848952
195.839 0.0849252
195.795 0.0849549
195.758 0.0849853
195.717 0.0850159
195.681 0.0850456
195.643 0.0850756
195.603 0.0851059
195.566 0.0851359
195.531 0.0851655
195.492 0.0851967
195.45 0.0852263
195.42 0.0852568
195.379 0.0852865
195.34 0.0853168
195.311 0.0853473
195.263 0.0853771
195.227 0.0854072
195.19 0.0854374
195.152 0.0854678
195.112 0.0854978
195.074 0.0855274
195.036 0.0855581
194.999 0.0855882
194.961 0.0856183
194.924 0.0856485
194.877 0.0856775
194.847 0.0857087
194.809 0.0857388
194.773 0.0857688
194.737 0.0857992
194.697 0.085829
194.658 0.0858594
194.62 0.0858896
194.581 0.0859197
194.545 0.0859498
194.506 0.08598
194.468 0.0860101
194.427 0.0860404
194.392 0.0860706
194.353 0.0861006
194.319 0.086131
194.28 0.0861605
194.246 0.0861909
194.201 0.0862211
194.166 0.0862514
194.127 0.0862814
194.09 0.0863114
194.051 0.0863418
194.013 0.0863721
193.975 0.086402
193.938 0.086432
193.9 0.0864624
193.861 0.0864925
193.825 0.0865225
193.794 0.086553
193.748 0.086583
193.707 0.0866131
193.671 0.0866433
193.636 0.0866733
193.595 0.0867034
193.558 0.0867336
193.518 0.0867637
193.482 0.0867939
193.441 0.0868237
193.411 0.0868544
193.367 0.0868845
193.331 0.0869145
193.294 0.0869446
193.254 0.0869748
193.22 0.087005
193.18 0.0870351
193.143 0.0870652
193.103 0.0870955
193.066 0.0871251
193.027 0.0871558
192.991 0.0871859
192.953 0.087216
192.924 0.0872465
192.879 0.0872762
192.837 0.0873064
192.802 0.0873366
192.763 0.0873667
192.722 0.0873975
192.694 0.0874272
192.649 0.0874572
192.606 0.0874872
192.574 0.0875172
192.534 0.0875473
192.497 0.0875781
192.46 0.0876077
192.422 0.087638
192.376 0.0876677
192.347 0.0876981
192.31 0.0877285
192.27 0.0877585
192.232 0.0877888
192.195 0.0878191
192.157 0.0878495
192.12 0.0878791
192.084 0.0879092
192.043 0.0879395
192.005 0.0879696
191.967 0.0879998
191.925 0.0880298
191.888 0.0880599
191.846 0.0880909
191.815 0.0881201
191.778 0.0881504
191.74 0.08818
191.702 0.0882104
191.663 0.0882403
191.627 0.0882709
191.588 0.0883011
191.55 0.0883314
191.512 0.0883615
191.475 0.0883917
191.437 0.0884216
191.39 0.0884516
191.36 0.0884821
191.323 0.0885126
191.266 0.0885415
191.247 0.0885725
191.211 0.0886026
191.17 0.088633
191.133 0.0886629
191.096 0.0886936
191.058 0.0887231
191.019 0.0887545
190.98 0.0887836
190.944 0.0888135
190.905 0.0888437
190.868 0.0888739
190.831 0.088904
190.791 0.0889342
190.754 0.0889643
190.717 0.0889942
190.678 0.0890246
190.637 0.089055
190.602 0.0890849
190.566 0.0891147
190.527 0.0891445
190.485 0.089175
190.451 0.0892056
190.402 0.089235
190.374 0.0892659
190.337 0.0892959
190.301 0.0893265
190.265 0.0893563
190.225 0.0893864
190.18 0.0894165
190.148 0.0894466
190.111 0.0894767
190.073 0.0895069
190.031 0.0895369
189.995 0.0895672
189.956 0.0895974
189.924 0.0896275
189.883 0.0896576
189.842 0.0896877
189.807 0.0897177
189.769 0.0897478
189.73 0.0897781
189.693 0.0898085
189.655 0.0898385
189.617 0.0898687
189.579 0.0898988
189.541 0.0899287
189.506 0.0899592
189.467 0.0899891
189.429 0.0900191
189.39 0.0900492
189.352 0.0900797
189.319 0.0901095
189.275 0.0901397
189.239 0.0901702
189.2 0.0902003
189.162 0.0902305
189.128 0.0902608
189.086 0.0902907
189.048 0.0903206
189.01 0.0903513
188.975 0.0903817
188.936 0.0904113
188.897 0.0904415
188.861 0.0904717
188.821 0.0905017
188.784 0.090532
188.746 0.090562
188.709 0.0905923
188.668 0.0906221
188.629 0.0906524
188.595 0.0906824
188.557 0.0907125
188.519 0.0907428
188.48 0.090773
188.446 0.0908036
188.403 0.0908332
188.366 0.0908634
188.328 0.0908936
188.285 0.0909236
188.26 0.0909541
188.214 0.0909835
188.177 0.0910142
188.139 0.0910444
188.102 0.0910742
188.061 0.0911043
188.029 0.0911348
187.987 0.0911648
187.954 0.0911951
187.908 0.091225
187.874 0.0912553
187.836 0.0912853
187.798 0.0913157
187.765 0.0913453
187.721 0.0913757
187.685 0.0914058
187.647 0.0914359
187.609 0.0914662
187.57 0.0914964
187.533 0.0915265
187.495 0.0915567
187.456 0.0915868
187.421 0.0916171
187.38 0.0916467
187.344 0.0916773
187.303 0.0917075
187.267 0.0917377
187.236 0.0917677
187.195 0.0917978
187.153 0.0918283
187.115 0.0918582
187.078 0.0918883
187.04 0.0919185
187.002 0.0919487
186.954 0.0919779
186.926 0.0920088
186.889 0.0920391
186.851 0.0920691
186.812 0.0920994
186.774 0.0921296
186.737 0.0921596
186.699 0.0921895
186.661 0.09222
186.624 0.09225
186.584 0.0922799
186.548 0.0923105
186.511 0.09234
186.473 0.0923703
186.437 0.0924006
186.395 0.0924309
186.362 0.0924614
186.32 0.0924913
186.283 0.0925214
186.243 0.0925515
186.203 0.0925813
186.169 0.0926117
186.133 0.0926422
186.091 0.092672
186.054 0.0927023
186.017 0.0927323
185.983 0.092762
185.941 0.0927927
185.904 0.0928231
185.865 0.092853
185.827 0.0928831
185.8 0.0929137
185.751 0.0929435
185.717 0.0929736
185.676 0.0930037
185.642 0.0930338
185.595 0.0930629
185.563 0.0930942
185.523 0.0931244
185.487 0.0931542
185.448 0.0931846
185.409 0.0932149
185.372 0.0932447
185.338 0.0932757
185.298 0.0933053
185.259 0.0933353
185.22 0.0933657
185.186 0.0933953
185.15 0.093426
185.107 0.0934558
185.071 0.0934857
185.032 0.0935161
184.987 0.093546
184.95 0.0935756
184.921 0.0936066
184.881 0.0936364
184.843 0.0936665
184.804 0.0936971
184.768 0.093727
184.727 0.0937576
184.694 0.0937879
184.653 0.0938176
184.614 0.0938476
184.577 0.0938777
184.539 0.0939079
184.5 0.0939381
184.467 0.0939681
184.427 0.093998
184.387 0.0940284
184.354 0.0940595
184.311 0.0940887
184.276 0.0941184
184.237 0.0941495
184.194 0.0941792
184.161 0.0942091
184.122 0.0942395
184.086 0.0942695
184.046 0.0942998
184.008 0.0943297
183.968 0.0943603
183.932 0.0943903
183.896 0.0944204
183.86 0.0944505
183.822 0.0944809
183.78 0.0945109
183.745 0.0945412
183.703 0.0945712
183.668 0.0946011
183.627 0.0946319
183.59 0.0946614
183.553 0.0946916
183.516 0.0947216
183.478 0.094752
183.44 0.0947816
183.401 0.0948122
183.364 0.0948425
183.325 0.0948726
183.282 0.0949025
183.249 0.0949326
183.209 0.0949628
183.178 0.0949924
183.135 0.0950234
183.098 0.0950535
183.064 0.0950837
183.023 0.0951138
182.984 0.0951434
182.948 0.0951739
182.912 0.095204
182.871 0.0952346
182.835 0.0952645
182.796 0.0952945
182.758 0.0953247
182.72 0.0953546
182.683 0.0953849
182.644 0.0954151
182.606 0.0954452
182.568 0.0954753
182.53 0.0955055
182.493 0.0955356
182.455 0.0955658
182.417 0.0955959
182.379 0.0956263
182.34 0.0956564
182.304 0.0956866
182.265 0.0957164
182.232 0.0957466
182.191 0.095777
182.152 0.0958071
182.114 0.0958373
182.076 0.0958675
182.038 0.0958974
181.998 0.0959272
181.962 0.0959577
181.924 0.0959877
181.886 0.0960181
181.843 0.096048
181.812 0.0960779
181.77 0.0961089
181.734 0.0961389
181.697 0.0961688
181.658 0.0961989
181.62 0.0962292
181.581 0.0962592
181.544 0.0962893
181.506 0.0963197
181.471 0.0963497
181.431 0.0963798
181.394 0.0964102
181.355 0.0964401
181.317 0.0964704
181.28 0.0965004
181.242 0.0965306
181.204 0.0965606
181.166 0.0965906
181.128 0.0966207
181.092 0.0966512
181.05 0.0966813
181.013 0.0967111
180.974 0.0967417
180.939 0.0967718
180.901 0.0968018
180.863 0.0968318
180.826 0.0968621
180.787 0.0968922
180.749 0.0969225
180.71 0.0969527
180.675 0.0969824
180.635 0.0970128
180.598 0.097043
180.561 0.0970729
180.522 0.0971033
180.484 0.0971334
180.446 0.0971636
180.408 0.0971936
180.37 0.0972239
180.332 0.0972542
180.295 0.0972845
180.259 0.0973141
180.219 0.0973444
180.181 0.0973746
180.143 0.0974048
180.105 0.0974347
180.067 0.0974649
180.025 0.0974955
179.991 0.0975252
179.954 0.0975553
179.916 0.0975855
179.877 0.0976146
179.84 0.0976459
179.797 0.097676
179.762 0.0977068
179.726 0.0977364
179.688 0.0977666
179.647 0.0977997
179.612 0.0978268
179.575 0.0978571
179.536 0.0978872
179.499 0.0979173
179.461 0.0979474
179.422 0.0979778
179.384 0.0980079
179.348 0.0980374
179.309 0.0980684
179.272 0.0980981
179.236 0.0981283
179.196 0.0981583
179.158 0.0981882
179.12 0.0982178
179.076 0.0982481
179.044 0.0982789
179.006 0.098309
178.968 0.0983392
178.93 0.0983693
178.891 0.0983997
178.855 0.0984297
178.816 0.0984598
178.779 0.0984898
178.741 0.09852
178.706 0.0985499
178.665 0.0985803
178.628 0.0986108
178.59 0.0986404
178.552 0.0986707
178.515 0.0987003
178.476 0.098731
178.437 0.0987612
178.401 0.0987913
178.362 0.0988215
178.323 0.0988519
178.286 0.0988817
178.248 0.098912
178.211 0.098942
178.172 0.0989721
178.134 0.0990024
178.097 0.0990324
178.058 0.0990624
178.022 0.099093
177.983 0.099123
177.947 0.0991532
177.907 0.0991833
177.868 0.0992144
177.832 0.0992435
177.793 0.0992736
177.758 0.099304
177.717 0.099334
177.68 0.0993643
177.642 0.0993946
177.603 0.0994251
177.566 0.0994545
177.528 0.0994848
177.49 0.0995149
177.453 0.099545
177.414 0.099575
177.377 0.0996052
177.337 0.0996352
177.3 0.0996654
177.263 0.0996956
177.226 0.0997263
177.187 0.099756
177.149 0.0997858
177.109 0.0998161
177.074 0.0998462
177.035 0.0998764
176.998 0.0999066
176.961 0.099937
176.921 0.0999671
176.884 0.0999971
176.846 0.100027
176.812 0.100058
176.773 0.100088
176.732 0.100117
176.694 0.100148
176.649 0.100177
176.614 0.100208
176.583 0.100239
176.542 0.100268
176.505 0.100299
176.467 0.100329
176.429 0.100359
176.39 0.100389
176.351 0.100418
176.316 0.100449
176.277 0.100479
176.239 0.10051
176.205 0.10054
176.163 0.10057
176.126 0.1006
176.088 0.10063
176.048 0.10066
176.012 0.10069
175.975 0.10072
175.936 0.100751
175.899 0.100781
175.861 0.100811
175.825 0.100841
175.785 0.100871
175.747 0.100902
175.712 0.100932
175.673 0.100962
175.633 0.100992
175.597 0.101022
175.558 0.101052
175.52 0.101082
175.48 0.101112
175.445 0.101143
175.408 0.101173
175.368 0.101203
175.33 0.101233
175.293 0.101263
175.26 0.101293
175.216 0.101323
175.178 0.101353
175.14 0.101384
175.104 0.101414
175.065 0.101444
175.029 0.101474
174.989 0.101504
174.951 0.101534
174.915 0.101565
174.876 0.101595
174.838 0.101625
174.804 0.101655
174.762 0.101685
174.723 0.101715
174.685 0.101745
174.648 0.101775
174.611 0.101806
174.571 0.101836
174.534 0.101866
174.495 0.101896
174.458 0.101926
174.412 0.101956
174.383 0.101987
174.345 0.102017
174.307 0.102046
174.268 0.102077
174.232 0.102107
174.193 0.102137
174.155 0.102167
174.116 0.102198
174.078 0.102228
174.042 0.102258
174.005 0.102288
173.966 0.102318
173.93 0.102348
173.89 0.102379
173.852 0.102409
173.813 0.102438
173.777 0.102468
173.739 0.102499
173.7 0.102529
173.661 0.102559
173.625 0.10259
173.586 0.10262
173.549 0.10265
173.511 0.10268
173.473 0.10271
173.437 0.10274
173.398 0.10277
173.359 0.102801
173.321 0.102831
173.284 0.102861
173.248 0.102891
173.21 0.102921
173.17 0.102951
173.133 0.102981
173.095 0.103011
173.057 0.103042
173.019 0.103072
172.979 0.103102
172.942 0.103132
172.904 0.103162
172.867 0.103192
172.83 0.103222
172.79 0.103253
172.753 0.103283
172.713 0.103313
172.678 0.103343
172.637 0.103373
172.601 0.103403
172.568 0.103434
172.526 0.103464
172.488 0.103494
172.451 0.103524
172.412 0.103554
172.372 0.103584
172.335 0.103614
172.303 0.103644
172.261 0.103675
172.218 0.103705
172.186 0.103735
172.143 0.103765
172.108 0.103795
172.075 0.103826
172.032 0.103856
171.998 0.103885
171.961 0.103916
171.921 0.103946
171.881 0.103976
171.843 0.104006
171.806 0.104036
171.766 0.104067
171.729 0.104097
171.696 0.104127
171.654 0.104157
171.617 0.104187
171.578 0.104217
171.54 0.104248
171.503 0.104278
171.47 0.104307
171.428 0.104338
171.388 0.104368
171.351 0.104398
171.315 0.104428
171.271 0.104458
171.237 0.104489
171.2 0.104518
171.162 0.104549
171.124 0.10458
171.087 0.104609
171.04 0.104639
171.024 0.104671
170.971 0.104699
170.929 0.10473
170.896 0.10476
170.859 0.10479
170.819 0.104821
170.785 0.104851
170.744 0.104881
170.706 0.10491
170.668 0.104941
170.624 0.104971
170.591 0.105001
170.554 0.105031
170.515 0.105061
170.488 0.105092
170.441 0.105121
170.402 0.105152
170.362 0.105182
170.328 0.105212
170.296 0.105243
170.249 0.105272
170.213 0.105303
170.175 0.105333
170.138 0.105363
170.1 0.105393
170.062 0.105423
170.025 0.105453
169.977 0.105483
169.955 0.105513
169.912 0.105544
169.873 0.105574
169.835 0.105604
169.798 0.105633
169.76 0.105663
169.722 0.105694
169.683 0.105725
169.646 0.105755
169.607 0.105785
169.571 0.105815
169.534 0.105844
169.495 0.105875
169.457 0.105905
169.418 0.105935
169.38 0.105965
169.343 0.105996
169.305 0.106026
169.273 0.106056
169.226 0.106086
169.19 0.106116
169.153 0.106147
169.115 0.106176
169.079 0.106206
169.039 0.106237
169.002 0.106267
168.966 0.106297
168.925 0.106327
168.886 0.106358
168.851 0.106388
168.812 0.106418
168.773 0.106448
168.736 0.106478
168.7 0.106508
168.661 0.106538
168.623 0.106569
168.585 0.106599
168.563 0.106629
168.509 0.106659
168.476 0.10669
168.434 0.10672
168.395 0.106749
168.358 0.106779
168.318 0.10681
168.286 0.106839
168.241 0.10687
168.206 0.1069
168.166 0.10693
168.13 0.10696
168.092 0.10699
168.056 0.107021
168.016 0.107051
167.978 0.107081
167.939 0.107111
167.902 0.107141
167.867 0.107171
167.827 0.107202
167.789 0.107231
167.745 0.107261
167.713 0.107292
167.676 0.107321
167.636 0.107354
167.596 0.107386
167.56 0.107413
167.524 0.107443
167.485 0.107473
167.463 0.107504
167.412 0.107534
167.372 0.107563
167.34 0.107594
167.299 0.107623
167.258 0.107654
167.22 0.107684
167.179 0.107714
167.145 0.107744
167.109 0.107774
167.069 0.107805
167.03 0.107835
166.993 0.107865
166.957 0.107895
166.917 0.107925
166.88 0.107955
166.841 0.107985
166.802 0.108015
166.766 0.108045
166.724 0.108076
166.689 0.108106
166.638 0.108136
166.614 0.108166
166.578 0.108197
166.539 0.108226
166.5 0.108257
166.463 0.108287
166.422 0.108317
166.388 0.108347
166.35 0.108377
166.311 0.108407
166.277 0.108438
166.236 0.108467
166.195 0.108499
166.156 0.108529
166.119 0.10856
166.079 0.108592
166.039 0.108623
166.002 0.108654
165.964 0.108684
165.925 0.108715
165.886 0.108746
165.847 0.108777
165.805 0.108808
165.77 0.108839
165.733 0.10887
165.693 0.108901
165.655 0.108932
165.615 0.108963
165.577 0.108994
165.54 0.109025
165.501 0.109056
165.46 0.109086
165.42 0.109118
165.383 0.109149
165.343 0.109179
165.305 0.109211
165.268 0.109241
165.225 0.109272
165.19 0.109303
165.151 0.109334
165.113 0.109365
165.075 0.109396
165.035 0.109427
164.996 0.109458
164.957 0.109489
164.916 0.10952
164.876 0.109551
164.843 0.109582
164.804 0.109613
164.763 0.109643
164.728 0.109675
164.682 0.109704
164.649 0.109737
164.611 0.109768
164.57 0.109799
164.533 0.109829
164.495 0.10986
164.456 0.109891
164.416 0.109922
164.377 0.109953
164.34 0.109984
164.299 0.110015
164.262 0.110046
164.225 0.110076
164.185 0.110107
164.145 0.110139
164.104 0.110171
164.066 0.110203
164.026 0.110234
163.985 0.110266
163.947 0.110298
163.898 0.11033
163.87 0.110362
163.821 0.110392
163.788 0.110426
163.751 0.110457
163.709 0.110489
163.669 0.110521
163.631 0.110553
163.592 0.110584
163.553 0.110616
163.512 0.110648
163.473 0.11068
163.433 0.110712
163.393 0.110744
163.353 0.110776
163.316 0.110807
163.274 0.110839
163.235 0.110871
163.195 0.110903
163.158 0.110934
163.119 0.110967
163.077 0.110998
163.04 0.11103
162.993 0.111061
162.959 0.111094
162.921 0.111125
162.88 0.111157
162.84 0.111189
162.799 0.111221
162.754 0.111253
162.724 0.111285
162.682 0.111316
162.644 0.111348
162.604 0.11138
162.562 0.111412
162.524 0.111443
162.485 0.111475
162.444 0.111507
162.404 0.111539
162.365 0.111571
162.314 0.111603
162.286 0.111634
162.252 0.111666
162.202 0.111698
162.168 0.11173
162.125 0.111762
162.087 0.111794
162.049 0.111825
162.007 0.111857
161.986 0.111889
161.928 0.111921
161.894 0.111952
161.845 0.111985
161.811 0.112016
161.774 0.112048
161.734 0.11208
161.695 0.112112
161.653 0.112143
161.614 0.112175
161.575 0.112207
161.534 0.112239
161.489 0.112271
161.449 0.112303
161.421 0.112334
161.375 0.112366
161.338 0.112398
161.296 0.11243
161.258 0.112461
161.218 0.112493
161.18 0.112525
161.139 0.112557
161.099 0.112589
161.06 0.112621
161.024 0.112652
160.982 0.112684
160.943 0.112716
160.901 0.112748
160.862 0.11278
160.816 0.112811
160.784 0.112843
160.743 0.112875
160.704 0.112907
160.665 0.112938
160.626 0.11297
160.588 0.113002
160.546 0.113034
160.506 0.113066
160.467 0.113098
160.426 0.113129
160.384 0.113161
160.337 0.113193
160.303 0.113225
160.269 0.113257
160.234 0.113289
160.19 0.113321
160.15 0.113352
160.121 0.113384
160.074 0.113416
160.033 0.113447
159.987 0.113479
159.952 0.113511
159.913 0.113543
159.873 0.113575
159.835 0.113607
159.795 0.113638
159.75 0.11367
159.715 0.113702
159.679 0.113734
159.638 0.113766
159.599 0.113797
159.555 0.113829
159.517 0.113861
159.477 0.113893
159.446 0.113925
159.4 0.113957
159.361 0.113988
159.32 0.11402
159.281 0.114052
159.246 0.114084
159.202 0.114115
159.154 0.114148
159.121 0.114179
159.081 0.114211
159.043 0.114243
159.009 0.114275
158.961 0.114307
158.926 0.114338
158.886 0.11437
158.846 0.114402
158.803 0.114433
158.768 0.114465
158.728 0.114497
158.684 0.114529
158.658 0.114561
158.609 0.114593
158.568 0.114624
158.529 0.114656
158.489 0.114688
158.446 0.11472
158.411 0.114751
158.372 0.114783
158.331 0.114815
158.292 0.114847
158.247 0.114879
158.212 0.114911
158.175 0.114943
158.133 0.114974
158.094 0.115007
158.053 0.115038
158.021 0.115069
157.975 0.115101
157.933 0.115134
157.896 0.115166
157.854 0.115197
157.819 0.115229
157.778 0.115261
157.738 0.115293
157.699 0.115324
157.661 0.115356
157.62 0.115388
157.579 0.11542
157.541 0.115451
157.502 0.115483
157.461 0.115515
157.423 0.115547
157.385 0.115579
157.343 0.115611
157.308 0.115642
157.264 0.115674
157.222 0.115706
157.186 0.115738
157.146 0.115769
157.106 0.115801
157.067 0.115833
157.028 0.115865
156.986 0.115897
156.947 0.115929
156.908 0.115961
156.868 0.115992
156.827 0.116024
156.791 0.116055
156.751 0.116088
156.717 0.11612
156.67 0.116151
156.631 0.116183
156.591 0.116215
156.552 0.116246
156.513 0.116278
156.476 0.11631
156.433 0.116342
156.398 0.116374
156.356 0.116406
156.314 0.116437
156.276 0.116469
156.235 0.116501
156.196 0.116533
156.156 0.116565
156.117 0.116597
156.077 0.116629
156.038 0.11666
155.999 0.116692
155.96 0.116724
155.92 0.116756
155.88 0.116788
155.838 0.116819
155.8 0.116851
155.761 0.116883
155.722 0.116915
155.682 0.116947
155.641 0.116978
155.603 0.11701
155.562 0.117042
155.523 0.117074
155.486 0.117105
155.445 0.117138
155.405 0.117169
155.367 0.117201
155.325 0.117233
155.286 0.117265
155.248 0.117296
155.21 0.117328
155.167 0.11736
155.127 0.117392
155.089 0.117423
155.051 0.117455
155.009 0.117487
154.967 0.117519
154.931 0.117551
154.894 0.117583
154.864 0.117615
154.812 0.117646
154.773 0.117678
154.732 0.11771
154.694 0.117742
154.655 0.117773
154.611 0.117805
154.57 0.117837
154.537 0.117869
154.496 0.117901
154.454 0.117933
154.415 0.117965
154.378 0.117996
154.335 0.118028
154.298 0.11806
154.255 0.118091
154.218 0.118124
154.178 0.118156
154.14 0.118188
154.101 0.118219
154.06 0.118251
154.018 0.118283
153.981 0.118314
153.941 0.118346
153.897 0.118377
153.863 0.11841
153.823 0.118442
153.784 0.118473
153.744 0.118505
153.705 0.118538
153.663 0.118569
153.626 0.118601
153.584 0.118633
153.546 0.118665
153.507 0.118696
153.467 0.118728
153.425 0.118759
153.391 0.118792
153.346 0.118823
153.31 0.118855
153.269 0.118887
153.229 0.118919
153.19 0.118951
153.151 0.118983
153.11 0.119014
153.07 0.119046
153.033 0.119078
152.991 0.11911
152.954 0.119141
152.913 0.119173
152.874 0.119206
152.835 0.119237
152.8 0.119269
152.757 0.119301
152.715 0.119333
152.677 0.119364
152.637 0.119396
152.595 0.119428
152.556 0.119459
152.519 0.119491
152.475 0.119523
152.436 0.119555
152.4 0.119587
152.358 0.119619
152.328 0.11965
152.28 0.119682
152.241 0.119714
152.202 0.119746
152.164 0.119778
152.121 0.119809
152.085 0.119841
152.044 0.119873
152.004 0.119905
151.964 0.119937
151.925 0.119968
151.886 0.12
151.845 0.120032
151.806 0.120064
151.766 0.120095
151.727 0.120127
151.688 0.120159
151.648 0.120191
151.6 0.120223
151.568 0.120255
151.529 0.120286
151.486 0.120319
151.447 0.12035
151.411 0.120382
151.375 0.120414
151.332 0.120446
151.293 0.120477
151.254 0.120509
151.214 0.120541
151.167 0.120573
151.152 0.120604
151.094 0.120637
151.055 0.120668
151.015 0.1207
150.98 0.120732
150.936 0.120764
150.898 0.120795
150.858 0.120827
150.818 0.120859
150.779 0.120891
150.739 0.120923
150.699 0.120955
150.66 0.120986
150.621 0.121018
150.58 0.12105
150.542 0.121081
150.501 0.121113
150.463 0.121145
150.423 0.121177
150.384 0.121209
150.344 0.121241
150.302 0.121272
150.265 0.121304
150.223 0.121336
150.187 0.121368
150.143 0.1214
150.105 0.121432
150.065 0.121464
150.027 0.121495
149.987 0.121527
149.95 0.121559
149.911 0.121591
149.867 0.121623
149.829 0.121654
149.789 0.121686
149.751 0.121717
149.711 0.12175
149.67 0.121782
149.638 0.121813
149.592 0.121845
149.553 0.121877
149.512 0.121909
149.475 0.121941
149.437 0.121972
149.4 0.122004
149.356 0.122036
149.315 0.122068
149.277 0.1221
149.235 0.122132
149.198 0.122163
149.157 0.122195
149.117 0.122227
149.076 0.122259
149.04 0.12229
149 0.122322
148.958 0.122353
148.917 0.122386
148.88 0.122418
148.841 0.122449
148.8 0.122481
148.761 0.122513
148.723 0.122545
148.681 0.122577
148.642 0.122609
148.604 0.12264
148.565 0.122672
148.524 0.122704
148.483 0.122736
148.445 0.122768
148.404 0.122799
148.367 0.122831
148.327 0.122863
148.286 0.122895
148.247 0.122926
148.209 0.122959
148.168 0.122991
148.128 0.123023
148.089 0.123054
148.05 0.123085
148.011 0.123118
147.97 0.123149
147.932 0.123181
147.892 0.123213
147.852 0.123245
147.811 0.123277
147.773 0.123309
147.733 0.12334
147.694 0.123372
147.656 0.123404
147.614 0.123436
147.574 0.123468
147.533 0.123499
147.495 0.123531
147.456 0.123563
147.413 0.123595
147.375 0.123627
147.34 0.123658
147.299 0.12369
147.256 0.123722
147.22 0.123754
147.179 0.123786
147.139 0.123818
147.101 0.123849
147.062 0.123881
147.017 0.123912
146.983 0.123945
146.942 0.123976
146.902 0.124008
146.863 0.12404
146.823 0.124072
146.785 0.124103
146.745 0.124135
146.707 0.124167
146.665 0.124199
146.626 0.124231
146.582 0.124262
146.548 0.124295
146.506 0.124326
146.468 0.124358
146.427 0.12439
146.389 0.124422
146.35 0.124453
146.319 0.124485
146.27 0.124517
146.231 0.124549
146.188 0.124581
146.152 0.124613
146.107 0.124644
146.074 0.124676
146.033 0.124708
145.995 0.124739
145.954 0.124771
145.915 0.124803
145.872 0.124836
145.846 0.124868
145.796 0.124899
145.756 0.124931
145.717 0.124963
145.676 0.124994
145.636 0.125027
145.597 0.125058
145.557 0.12509
145.519 0.125121
145.48 0.125153
145.438 0.125185
145.4 0.125217
145.36 0.125248
145.319 0.125281
145.282 0.125312
145.242 0.125344
145.202 0.125376
145.163 0.125408
145.122 0.125439
145.084 0.125471
145.044 0.125503
145.002 0.125535
144.965 0.125567
144.924 0.125599
144.885 0.12563
144.845 0.125663
144.808 0.125694
144.764 0.125726
144.724 0.125758
144.687 0.12579
144.648 0.125821
144.61 0.125853
144.57 0.125885
144.529 0.125917
144.49 0.125949
144.451 0.12598
144.412 0.126012
144.372 0.126044
144.332 0.126076
144.294 0.126108
144.254 0.126139
144.211 0.126171
144.175 0.126203
144.135 0.126235
144.093 0.126267
144.056 0.126299
144.018 0.12633
143.972 0.126362
143.936 0.126394
143.896 0.126426
143.858 0.126458
143.818 0.126489
143.778 0.126521
143.737 0.126553
143.696 0.126585
143.66 0.126616
143.622 0.126648
143.581 0.12668
143.541 0.126712
143.504 0.126744
143.463 0.126776
143.423 0.126808
143.383 0.126839
143.348 0.126871
143.303 0.126903
