0.2 -6.95609e-09
0.4 -6.66612e-09
0.6 -6.68426e-09
0.8 -6.68342e-09
1 -6.68346e-09
0.515224 2.99229e-05
1.03097 5.98568e-05
1.54616 8.97896e-05
2.06163 0.00011972
2.57704 0.000149651
3.09208 0.000179583
3.60775 0.000209513
4.12292 0.000239444
4.6386 0.000269378
5.15415 0.000299306
5.66964 0.000329241
6.18518 0.000359174
6.70045 0.000389105
7.21592 0.000419035
7.73097 0.000448968
8.24642 0.000478899
8.76196 0.000508831
9.27722 0.000538762
9.79257 0.000568694
10.3079 0.000598624
10.8235 0.000628557
11.3393 0.000658489
11.8537 0.000688419
12.3698 0.000718353
12.8857 0.000748285
13.4003 0.000778217
13.9158 0.000808149
14.4313 0.000838077
14.9465 0.00086801
15.462 0.000897941
15.9773 0.000927871
16.4929 0.000957805
17.008 0.000987734
17.5237 0.00101767
18.0391 0.0010476
18.5546 0.00107753
19.0696 0.00110746
19.5853 0.00113739
20.0999 0.00116733
20.6161 0.00119726
21.1312 0.00122719
21.6469 0.00125712
22.1622 0.00128705
22.6777 0.00131698
23.1929 0.00134692
23.7085 0.00137685
24.2239 0.00140678
24.7393 0.00143671
25.2545 0.00146664
25.7703 0.00149657
26.2854 0.00152651
26.8003 0.00155644
27.3164 0.00158637
27.8317 0.0016163
28.3471 0.00164623
28.8625 0.00167616
29.3781 0.0017061
29.8935 0.00173603
30.4087 0.00176596
30.9242 0.00179589
31.4395 0.00182582
31.9549 0.00185575
32.4705 0.00188568
32.9857 0.00191562
33.5011 0.00194555
34.0163 0.00197548
34.5326 0.00200541
35.0474 0.00203534
35.5633 0.00206528
36.0781 0.00209521
36.5934 0.00212514
37.1089 0.00215507
37.6243 0.002185
38.1397 0.00221493
38.6551 0.00224486
39.1707 0.00227479
39.6861 0.00230473
40.202 0.00233466
40.7174 0.0023646
41.232 0.00239452
41.7476 0.00242445
42.2629 0.00245439
42.7783 0.00248432
43.2932 0.00251425
43.809 0.00254418
44.3246 0.00257411
44.84 0.00260404
45.3554 0.00263397
45.8707 0.00266391
46.3861 0.00269384
46.9017 0.00272377
47.4169 0.0027537
47.9323 0.00278363
48.4474 0.00281356
48.9633 0.0028435
49.4789 0.00287343
49.994 0.00290336
50.5094 0.00293329
51.0248 0.00296322
51.54 0.00299315
52.0557 0.00302309
52.5715 0.00305302
53.0867 0.00308295
53.6019 0.00311288
54.1174 0.00314281
54.6328 0.00317275
55.1481 0.00320268
55.6629 0.0032326
56.1786 0.00326254
56.6941 0.00329247
57.2096 0.0033224
57.725 0.00335233
58.2403 0.00338226
58.7558 0.0034122
59.2713 0.00344213
59.7866 0.00347206
60.302 0.00350199
60.8175 0.00353192
61.3332 0.00356186
61.8482 0.00359179
62.3637 0.00362172
62.879 0.00365165
63.3944 0.00368158
63.9098 0.00371151
64.425 0.00374144
64.9405 0.00377138
65.4559 0.00380131
65.9715 0.00383124
66.4873 0.00386118
67.0023 0.0038911
67.518 0.00392104
68.0332 0.00395096
68.5484 0.0039809
69.064 0.00401083
69.5794 0.00404076
70.0947 0.00407069
70.6094 0.00410062
71.1253 0.00413055
71.641 0.00416049
72.1564 0.00419042
72.6717 0.00422035
73.1864 0.00425028
73.7024 0.00428021
74.2179 0.00431015
74.7328 0.00434007
75.2488 0.00437001
75.7641 0.00439994
76.2795 0.00442987
76.7949 0.0044598
77.3103 0.00448973
77.8256 0.00451967
78.3411 0.0045496
78.8571 0.00457953
79.3721 0.00460946
79.8872 0.00463939
80.4023 0.00466932
80.9183 0.00469926
81.4351 0.00472919
81.949 0.00475912
82.4639 0.00478905
82.9794 0.00481898
83.4951 0.00484891
84.0106 0.00487885
84.5262 0.00490878
85.0414 0.00493871
85.5567 0.00496864
86.0722 0.00499857
86.5877 0.0050285
87.1029 0.00505843
87.6185 0.00508837
88.1338 0.0051183
88.649 0.00514823
89.1646 0.00517816
89.6798 0.00520809
90.1949 0.00523802
90.7105 0.00526796
91.2262 0.00529789
91.7413 0.00532782
92.2567 0.00535775
92.7724 0.00538768
93.2878 0.00541761
93.803 0.00544755
94.3195 0.00547748
94.8345 0.00550741
95.3494 0.00553734
95.864 0.00556727
96.3802 0.0055972
96.8956 0.00562714
97.4111 0.00565707
97.9265 0.005687
98.4418 0.00571693
98.9573 0.00574686
99.4726 0.00577679
99.9883 0.00580672
100.503 0.00583666
101.019 0.00586659
101.534 0.00589652
102.05 0.00592645
102.565 0.00595638
103.081 0.00598632
103.596 0.00601625
104.111 0.00604618
104.627 0.00607611
105.142 0.00610604
105.657 0.00613597
106.173 0.0061659
106.688 0.00619584
107.204 0.00622577
107.72 0.0062557
108.234 0.00628563
108.75 0.00631556
109.265 0.00634549
109.781 0.00637543
110.296 0.00640536
110.811 0.00643529
111.327 0.00646522
111.842 0.00649515
112.357 0.00652508
112.872 0.00655501
113.389 0.00658495
113.904 0.00661488
114.419 0.00664481
114.935 0.00667474
115.45 0.00670467
115.965 0.00673461
116.481 0.00676454
116.996 0.00679447
117.512 0.0068244
118.027 0.00685433
118.543 0.00688426
119.058 0.00691419
119.573 0.00694413
120.089 0.00697406
120.604 0.00700399
121.119 0.00703392
121.635 0.00706385
122.15 0.00709378
122.666 0.00712372
123.181 0.00715365
123.697 0.00718358
124.212 0.00721351
124.727 0.00724344
125.243 0.00727337
125.758 0.00730331
126.274 0.00733324
126.789 0.00736317
127.304 0.0073931
127.82 0.00742303
128.335 0.00745296
128.804 0.0074828
129.261 0.00751262
129.72 0.00754244
130.177 0.00757225
130.59 0.00760197
131.001 0.00763169
131.414 0.00766141
131.826 0.00769113
132.237 0.00772085
132.65 0.00775057
133.062 0.00778029
133.475 0.00781001
133.886 0.00783973
134.299 0.00786945
134.711 0.00789917
135.123 0.00792889
135.535 0.00795861
135.947 0.00798833
136.359 0.00801805
136.771 0.00804777
137.18 0.00807749
137.578 0.00810718
137.964 0.00813686
138.35 0.00816654
138.735 0.00819622
139.122 0.0082259
139.508 0.00825558
139.894 0.00828526
140.28 0.00831494
140.666 0.00834462
141.052 0.00837429
141.438 0.00840397
141.824 0.00843365
142.21 0.00846333
142.596 0.00849301
142.982 0.00852269
143.367 0.00855236
143.753 0.00858204
144.138 0.00861172
144.525 0.0086414
144.911 0.00867108
145.297 0.00870076
145.683 0.00873044
146.069 0.00876012
146.455 0.0087898
146.84 0.00881947
147.228 0.00884916
147.614 0.00887884
147.999 0.00890851
148.385 0.00893819
148.751 0.00896715
149.103 0.0089957
149.457 0.00902424
149.794 0.00905224
150.117 0.00907975
150.44 0.00910727
150.764 0.00913478
151.087 0.00916229
151.41 0.00918981
151.734 0.00921732
152.057 0.00924484
152.381 0.00927235
152.703 0.00929986
153.027 0.00932738
153.35 0.00935489
153.673 0.0093824
153.997 0.00940992
154.32 0.00943743
154.636 0.00946472
154.949 0.00949187
155.252 0.00951871
155.557 0.00954556
155.859 0.0095724
156.162 0.00959925
156.466 0.00962609
156.77 0.00965294
157.072 0.00967978
157.375 0.00970662
157.679 0.00973347
157.982 0.00976032
158.286 0.00978716
158.589 0.009814
158.892 0.00984085
159.196 0.00986769
159.499 0.00989454
159.803 0.00992138
160.106 0.00994822
160.41 0.00997507
160.714 0.0100019
161.016 0.0100288
161.319 0.0100556
161.623 0.0100824
161.926 0.0101093
162.23 0.0101361
162.533 0.010163
162.836 0.0101898
163.139 0.0102167
163.443 0.0102435
163.746 0.0102704
164.049 0.0102972
164.352 0.010324
164.656 0.0103509
164.959 0.0103777
165.263 0.0104046
165.567 0.0104314
165.871 0.0104583
166.173 0.0104851
166.476 0.010512
166.779 0.0105388
167.083 0.0105656
167.386 0.0105925
167.689 0.0106193
167.993 0.0106462
168.296 0.010673
168.599 0.0106999
168.903 0.0107267
169.206 0.0107536
169.51 0.0107804
169.813 0.0108072
170.116 0.0108341
170.42 0.0108609
170.723 0.0108878
171.026 0.0109146
171.329 0.0109415
171.633 0.0109683
171.936 0.0109952
172.24 0.011022
172.543 0.0110488
172.846 0.0110757
173.15 0.0111025
173.453 0.0111294
173.756 0.0111562
174.06 0.0111831
174.363 0.0112099
174.666 0.0112368
174.97 0.0112636
175.273 0.0112904
175.577 0.0113173
175.88 0.0113441
176.183 0.011371
176.487 0.0113978
176.79 0.0114247
177.093 0.0114515
177.397 0.0114784
177.7 0.0115052
178.003 0.011532
178.307 0.0115589
178.61 0.0115857
178.913 0.0116126
179.217 0.0116394
179.52 0.0116663
179.823 0.0116931
180.127 0.01172
180.431 0.0117468
180.733 0.0117736
181.037 0.0118005
181.341 0.0118273
181.643 0.0118542
181.946 0.011881
182.25 0.0119079
182.553 0.0119347
182.854 0.0119615
183.155 0.0119882
183.454 0.0120149
183.754 0.0120416
184.052 0.0120683
184.351 0.012095
184.65 0.0121217
184.949 0.0121484
185.249 0.012175
185.547 0.0122017
185.847 0.0122284
186.146 0.0122551
186.445 0.0122818
186.744 0.0123085
187.043 0.0123352
187.341 0.0123619
187.641 0.0123886
187.94 0.0124153
188.239 0.012442
188.538 0.0124687
188.837 0.0124953
189.136 0.012522
189.436 0.0125487
189.734 0.0125754
190.033 0.0126021
190.333 0.0126288
190.632 0.0126555
190.931 0.0126822
191.23 0.0127089
191.529 0.0127356
191.828 0.0127622
192.127 0.0127889
192.426 0.0128156
192.725 0.0128423
193.024 0.012869
193.323 0.0128957
193.622 0.0129224
193.922 0.0129491
194.221 0.0129758
194.52 0.0130025
194.82 0.0130292
195.117 0.0130559
195.417 0.0130825
195.716 0.0131092
196.015 0.0131359
196.312 0.0131626
196.613 0.0131893
196.912 0.013216
197.211 0.0132427
197.51 0.0132694
197.809 0.0132961
198.108 0.0133228
198.407 0.0133495
198.707 0.0133761
199.006 0.0134028
199.305 0.0134295
199.603 0.0134562
199.903 0.0134829
200.201 0.0135096
200.501 0.0135363
200.8 0.013563
201.099 0.0135897
201.396 0.0136165
201.662 0.013645
201.925 0.0136736
202.189 0.0137022
202.453 0.0137309
202.717 0.0137595
202.979 0.0137883
203.175 0.0138204
203.284 0.0138574
203.379 0.0138951
203.475 0.0139327
203.569 0.0139703
203.668 0.0140079
203.764 0.0140455
203.858 0.0140831
203.962 0.0141207
204.051 0.0141584
204.148 0.014196
204.244 0.0142336
204.339 0.0142712
204.432 0.0143089
204.534 0.0143465
204.628 0.0143841
204.721 0.0144217
204.819 0.0144593
204.914 0.0144969
205.014 0.0145346
205.106 0.0145722
205.203 0.0146098
205.298 0.0146474
205.397 0.014685
205.491 0.0147226
205.581 0.0147604
205.684 0.0147979
205.78 0.0148355
205.87 0.0148732
205.972 0.0149107
206.067 0.0149484
206.161 0.014986
206.259 0.0150236
206.354 0.0150612
206.452 0.0150988
206.547 0.0151364
206.646 0.015174
206.739 0.0152117
206.833 0.0152493
206.931 0.0152869
207.027 0.0153245
207.114 0.0153621
207.187 0.0153994
207.264 0.0154367
207.338 0.015474
207.411 0.0155113
207.485 0.0155485
207.554 0.0155857
207.617 0.0156226
207.71 0.0156593
207.719 0.0156968
207.773 0.0157339
207.836 0.0157708
207.886 0.0158079
207.942 0.0158449
207.997 0.015882
208.048 0.0159192
208.113 0.015956
208.164 0.0159931
208.226 0.0160299
208.277 0.0160671
208.332 0.0161041
208.39 0.0161411
208.442 0.0161782
208.514 0.016215
208.556 0.0162523
208.603 0.0162894
208.666 0.0163263
208.721 0.0163633
208.777 0.0164003
208.834 0.0164374
208.885 0.0164745
208.945 0.0165114
209 0.0165485
209.056 0.0165856
209.109 0.0166226
209.167 0.0166596
209.223 0.0166966
209.268 0.0167337
209.335 0.0167706
209.391 0.0168076
209.444 0.0168447
209.502 0.0168817
209.559 0.0169186
209.613 0.0169558
209.666 0.0169929
209.725 0.0170298
209.78 0.0170669
209.836 0.0171039
209.891 0.0171409
209.95 0.0171778
209.998 0.0172148
210.052 0.0172517
210.106 0.0172886
210.16 0.0173256
210.253 0.0173621
210.268 0.0173995
210.321 0.0174364
210.375 0.0174734
210.429 0.0175103
210.483 0.0175472
210.537 0.0175842
210.591 0.0176211
210.644 0.0176581
210.695 0.017695
210.752 0.0177319
210.811 0.0177687
210.848 0.0178058
210.912 0.0178425
210.965 0.0178793
211.012 0.0179162
211.064 0.0179531
211.116 0.01799
211.164 0.0180267
211.221 0.0180636
211.271 0.0181005
211.324 0.0181374
211.375 0.0181743
211.427 0.0182111
211.481 0.0182479
211.533 0.0182847
211.585 0.0183216
211.633 0.0183586
211.698 0.0183953
211.739 0.0184323
211.808 0.018469
211.846 0.0185059
211.9 0.0185428
211.95 0.0185797
212.002 0.0186165
212.053 0.0186534
212.106 0.0186902
212.151 0.018727
212.21 0.0187639
212.262 0.0188008
212.315 0.0188376
212.362 0.0188744
212.419 0.0189114
212.471 0.0189482
212.513 0.0189853
212.575 0.0190219
212.628 0.0190588
212.679 0.0190956
212.731 0.0191325
212.784 0.0191695
212.836 0.0192062
212.888 0.0192431
212.943 0.0192799
212.991 0.0193168
213.044 0.0193536
213.096 0.0193905
213.146 0.0194272
213.194 0.019464
213.248 0.0195006
213.297 0.0195373
213.348 0.019574
213.397 0.0196108
213.449 0.0196473
213.497 0.019684
213.544 0.0197205
213.595 0.019757
213.641 0.0197936
213.695 0.0198301
213.742 0.0198668
213.791 0.0199033
213.84 0.0199399
213.894 0.0199764
213.942 0.0200131
213.991 0.0200496
214.011 0.0200855
214.058 0.0201203
214.091 0.0201551
214.098 0.0201901
214.152 0.0202249
214.183 0.0202598
214.214 0.0202946
214.244 0.0203295
214.284 0.0203643
214.307 0.0203993
214.337 0.0204341
214.37 0.020469
214.407 0.0205039
214.427 0.0205388
214.463 0.0205736
214.493 0.0206085
214.524 0.0206434
214.555 0.0206782
214.586 0.0207131
214.617 0.020748
214.638 0.0207832
214.679 0.0208177
214.71 0.0208527
214.737 0.0208875
214.772 0.0209224
214.803 0.0209572
214.848 0.020992
214.862 0.021027
214.896 0.0210619
214.906 0.021097
214.953 0.0211317
214.946 0.0211669
215.141 0.0212005
215.05 0.0212362
215.083 0.0212711
215.114 0.021306
215.145 0.0213408
215.175 0.0213757
215.207 0.0214106
215.238 0.0214455
215.269 0.0214803
215.3 0.0215152
215.33 0.0215501
215.362 0.021585
215.393 0.0216198
215.423 0.0216547
215.455 0.0216896
215.486 0.0217244
215.517 0.0217593
215.548 0.0217942
215.576 0.0218291
215.61 0.0218639
215.641 0.0218988
215.672 0.0219337
215.705 0.0219687
215.734 0.0220034
215.765 0.0220383
215.796 0.0220732
215.834 0.022108
215.858 0.0221429
215.89 0.0221778
215.92 0.0222127
215.951 0.0222476
215.982 0.0222824
216.013 0.0223173
216.047 0.0223522
216.044 0.0223873
216.099 0.022422
216.137 0.0224568
216.129 0.0224921
216.2 0.0225265
216.231 0.0225614
216.262 0.0225963
216.291 0.0226312
216.324 0.0226661
216.356 0.0227009
216.385 0.0227358
216.417 0.0227707
216.457 0.0228055
216.48 0.0228404
216.505 0.0228755
216.551 0.0229102
216.572 0.022945
216.603 0.0229799
216.634 0.0230148
216.665 0.0230497
216.689 0.0230848
216.727 0.0231194
216.748 0.0231544
216.769 0.0231895
216.82 0.023224
216.851 0.0232589
216.882 0.0232938
216.913 0.0233286
216.926 0.0233637
216.975 0.0233984
217.006 0.0234333
217.037 0.0234681
217.068 0.023503
217.099 0.0235379
217.098 0.023573
217.103 0.023608
217.083 0.0236428
217.223 0.0236774
217.254 0.0237122
217.283 0.0237471
217.316 0.023782
217.347 0.0238169
217.378 0.0238517
217.409 0.0238866
217.441 0.0239215
217.471 0.0239564
217.502 0.0239912
217.533 0.0240261
217.542 0.0240608
217.54 0.0240958
217.627 0.0241307
217.658 0.0241656
217.718 0.0242004
217.726 0.0242354
217.751 0.0242702
217.782 0.0243051
217.815 0.02434
217.844 0.0243749
217.875 0.0244097
217.906 0.0244446
217.937 0.0244795
217.977 0.0245143
217.999 0.0245492
217.999 0.0245845
218.061 0.024619
218.092 0.0246538
218.133 0.0246886
218.145 0.0247236
218.185 0.0247585
218.216 0.0247933
218.254 0.0248282
218.278 0.0248631
218.31 0.024898
218.34 0.0249328
218.371 0.0249677
218.37 0.0250027
218.433 0.0250375
218.464 0.0250723
218.433 0.0251078
218.526 0.0251421
218.557 0.0251769
218.588 0.0252118
218.619 0.0252467
218.65 0.0252816
218.681 0.0253164
218.712 0.0253513
218.74 0.0253861
218.775 0.0254211
218.806 0.0254559
218.837 0.0254908
218.868 0.0255257
218.898 0.0255605
218.93 0.0255954
218.961 0.0256303
218.968 0.0256652
219.022 0.0257
219.053 0.0257351
219.085 0.0257698
219.116 0.0258047
219.148 0.0258395
219.179 0.0258744
219.173 0.0259097
219.24 0.0259442
219.259 0.025979
219.258 0.0260141
219.333 0.0260488
219.364 0.0260837
219.392 0.0261185
219.427 0.0261534
219.457 0.0261883
219.488 0.0262232
219.533 0.026258
219.55 0.0262929
219.581 0.0263277
219.527 0.0263632
219.642 0.0263975
219.674 0.0264323
219.703 0.0264672
219.734 0.026502
219.764 0.0265369
219.795 0.0265717
219.825 0.0266066
219.852 0.0266415
219.886 0.0266763
219.967 0.0267111
220.04 0.0267451
220.036 0.0267803
220.005 0.026815
220.005 0.0268499
220.056 0.0268839
220.076 0.0269181
220.09 0.0269521
220.084 0.0269862
219.983 0.0270214
220.139 0.0270541
220.174 0.027088
220.18 0.0271221
220.198 0.027156
220.194 0.0271901
220.212 0.0272242
220.237 0.0272579
220.27 0.0272918
220.263 0.027326
220.286 0.0273597
220.295 0.027394
220.304 0.0274279
220.323 0.027462
220.351 0.0274959
220.343 0.0275299
220.379 0.027564
220.374 0.0275979
220.359 0.027632
220.42 0.0276659
220.436 0.0276999
220.438 0.0277339
220.465 0.0277679
220.483 0.0278019
220.484 0.0278359
220.514 0.0278699
220.53 0.0279039
220.547 0.0279378
220.548 0.0279719
220.546 0.028006
220.593 0.0280398
220.609 0.0280738
220.603 0.0281077
220.64 0.0281418
220.656 0.0281758
220.663 0.0282094
220.677 0.0282431
220.697 0.0282767
220.694 0.0283098
220.709 0.0283431
220.718 0.0283765
220.718 0.0284098
220.737 0.0284428
220.737 0.0284764
220.755 0.0285098
220.76 0.0285432
220.759 0.0285765
220.788 0.0286098
220.793 0.0286431
220.799 0.0286763
220.814 0.0287097
220.819 0.028743
220.826 0.0287763
220.841 0.0288098
220.86 0.0288429
220.856 0.0288764
220.857 0.0289098
220.912 0.0289433
220.88 0.0289764
220.892 0.0290097
220.907 0.0290427
220.911 0.0290764
220.907 0.0291098
220.916 0.029143
220.938 0.0291764
220.944 0.0292098
220.957 0.029243
220.966 0.0292764
220.975 0.0293097
220.984 0.029343
220.993 0.0293764
221.026 0.0294093
221.01 0.029443
221.023 0.0294763
221.031 0.0295097
221.04 0.029543
221.049 0.0295763
221.049 0.0296097
221.067 0.029643
221.093 0.0296762
221.084 0.0297097
221.095 0.029743
221.088 0.0297763
221.113 0.0298096
221.114 0.029843
221.125 0.0298758
221.141 0.0299096
221.15 0.0299429
221.163 0.0299763
221.17 0.0300097
221.186 0.030043
221.189 0.0300763
221.193 0.0301096
221.209 0.030143
221.223 0.0301762
221.229 0.0302096
221.231 0.0302429
221.226 0.0302764
221.285 0.0303094
221.26 0.0303429
221.269 0.0303763
221.27 0.0304097
221.288 0.0304429
221.286 0.0304764
221.306 0.0305096
221.315 0.0305429
221.312 0.0305764
221.333 0.0306095
221.335 0.0306429
221.35 0.0306766
221.365 0.0307096
221.371 0.0307429
221.379 0.0307762
221.398 0.0308095
221.399 0.0308429
221.408 0.0308762
221.414 0.0309094
221.426 0.0309429
221.431 0.0309762
221.444 0.0310099
221.453 0.0310428
221.454 0.0310762
221.487 0.0311095
221.481 0.0311428
221.489 0.031176
221.499 0.0312095
221.509 0.0312427
221.518 0.0312762
221.519 0.0313096
221.541 0.0313429
221.545 0.0313761
221.556 0.0314095
221.555 0.0314428
221.575 0.0314762
221.582 0.0315097
221.588 0.0315429
221.6 0.0315761
221.608 0.0316095
221.617 0.0316429
221.63 0.0316761
221.639 0.0317095
221.646 0.0317428
221.649 0.0317756
221.688 0.031809
221.676 0.0318428
221.683 0.0318761
221.703 0.0319094
221.703 0.0319426
221.703 0.0319762
221.721 0.0320095
221.74 0.0320428
221.738 0.0320761
221.733 0.0321095
221.737 0.0321428
221.762 0.032176
221.764 0.0322094
221.786 0.0322426
221.792 0.0322762
221.824 0.0323096
221.814 0.0323427
221.819 0.0323761
221.828 0.0324094
221.834 0.0324425
221.856 0.0324762
221.857 0.0325094
221.881 0.032543
221.875 0.032576
221.863 0.0326095
221.895 0.0326427
221.898 0.032676
221.913 0.0327094
221.923 0.0327427
221.918 0.0327762
221.941 0.0328093
221.919 0.0328427
221.959 0.032876
221.968 0.0329093
221.968 0.0329427
221.985 0.032976
221.986 0.0330094
222.005 0.0330427
222.035 0.0330756
222.023 0.0331093
222.032 0.0331426
222.056 0.0331762
222.051 0.0332093
222.06 0.0332426
222.07 0.033276
222.067 0.0333095
222.074 0.0333427
222.093 0.0333759
222.116 0.0334093
222.127 0.0334428
222.122 0.033476
222.127 0.0335093
222.134 0.0335428
222.155 0.0335759
222.162 0.0336093
222.175 0.0336426
222.183 0.033676
222.183 0.0337093
222.182 0.0337426
222.207 0.0337759
222.249 0.0338094
222.227 0.0338425
222.229 0.0338759
222.247 0.0339094
222.269 0.0339425
222.264 0.0339759
222.265 0.0340092
222.281 0.0340426
222.302 0.0340759
222.289 0.0341092
222.283 0.0341426
222.317 0.0341759
222.327 0.0342092
222.336 0.0342425
222.347 0.0342759
222.356 0.0343092
222.354 0.0343425
222.367 0.034376
222.366 0.0344093
222.388 0.0344425
222.4 0.0344758
222.41 0.0345092
222.419 0.0345425
222.427 0.0345758
222.441 0.0346091
222.445 0.0346425
222.449 0.0346761
222.465 0.034709
222.474 0.0347425
222.461 0.0347759
222.492 0.0348091
222.504 0.0348425
222.511 0.0348758
222.517 0.0349091
222.532 0.0349425
222.539 0.0349758
222.548 0.0350091
222.557 0.0350425
222.568 0.0350758
222.55 0.0351091
222.585 0.0351426
222.593 0.0351758
222.602 0.0352092
222.621 0.0352425
222.621 0.0352758
222.628 0.0353092
222.641 0.0353424
222.646 0.0353758
222.658 0.0354091
222.669 0.0354425
222.675 0.0354759
222.687 0.035509
222.695 0.0355424
222.701 0.0355757
222.713 0.0356091
222.728 0.0356425
222.731 0.0356758
222.74 0.0357091
222.75 0.0357424
222.761 0.0357758
222.77 0.0358091
222.782 0.0358423
222.788 0.0358757
222.793 0.0359089
222.803 0.0359424
222.815 0.0359757
222.824 0.036009
222.832 0.0360424
222.842 0.0360757
222.855 0.036109
222.871 0.0361423
222.87 0.0361757
222.879 0.036209
222.881 0.0362424
222.896 0.0362757
222.91 0.0363089
222.922 0.036342
222.918 0.0363758
222.934 0.036409
222.945 0.0364423
222.948 0.0364756
222.951 0.036509
222.964 0.0365424
223.011 0.0365756
222.99 0.0366089
222.998 0.0366422
223.008 0.0366756
223.02 0.0367089
223.025 0.0367423
223.022 0.0367759
223.049 0.0368089
223.055 0.0368423
223.065 0.0368756
223.072 0.036909
223.101 0.0369419
223.092 0.0369755
223.1 0.0370089
223.109 0.0370423
223.134 0.0370754
223.128 0.0371089
223.14 0.0371421
223.145 0.0371756
223.132 0.0372087
223.176 0.0372421
223.164 0.0372756
223.184 0.037309
223.19 0.0373422
223.202 0.0373756
223.213 0.0374089
223.217 0.0374422
223.23 0.0374756
223.234 0.0375089
223.232 0.037542
223.265 0.0375756
223.261 0.0376089
223.268 0.0376422
223.283 0.0376755
223.286 0.0377087
223.3 0.0377419
223.307 0.037775
223.318 0.0378081
223.324 0.0378413
223.334 0.0378745
223.328 0.0379074
223.337 0.0379407
223.351 0.037974
223.379 0.0380068
223.38 0.0380402
223.39 0.0380731
223.393 0.0381065
223.402 0.0381395
223.418 0.0381728
223.42 0.038206
223.427 0.0382392
223.437 0.0382723
223.462 0.0383056
223.45 0.0383386
223.456 0.0383717
223.476 0.0384048
223.475 0.038438
223.483 0.0384712
223.491 0.0385043
223.503 0.0385376
223.513 0.0385708
223.515 0.0386037
223.516 0.0386369
223.531 0.0386698
223.539 0.0387027
223.556 0.0387357
223.554 0.0387687
223.561 0.0388017
223.569 0.0388346
223.576 0.0388676
223.584 0.0389006
223.595 0.0389339
223.6 0.0389663
223.609 0.0389998
223.614 0.0390325
223.621 0.0390654
223.629 0.0390984
223.661 0.039131
223.644 0.0391644
223.651 0.0391974
223.658 0.0392303
223.672 0.0392635
223.674 0.0392962
223.682 0.0393292
223.688 0.0393622
223.696 0.0393951
223.703 0.0394281
223.697 0.0394613
223.718 0.039494
223.727 0.0395271
223.782 0.0395597
223.741 0.039593
223.746 0.039626
223.77 0.0396589
223.759 0.039692
223.77 0.0397249
223.782 0.0397578
223.785 0.0397908
223.796 0.0398239
223.805 0.0398566
223.803 0.0398897
223.819 0.0399227
223.823 0.0399557
223.83 0.0399887
223.84 0.0400216
223.845 0.0400546
223.865 0.0400876
223.86 0.0401205
223.867 0.0401535
223.881 0.0401863
223.896 0.0402193
223.886 0.0402524
223.89 0.0402854
223.906 0.0403183
223.91 0.0403514
223.924 0.0403846
223.926 0.0404172
223.933 0.0404501
223.942 0.0404832
223.947 0.0405162
223.949 0.0405493
223.96 0.0405822
223.97 0.0406151
223.979 0.040648
223.999 0.0406813
223.994 0.040714
223.989 0.0407473
223.994 0.0407804
224.017 0.0408129
224.024 0.0408459
224.033 0.0408789
224.037 0.0409118
224.046 0.0409448
224.047 0.0409778
224.05 0.041011
224.069 0.0410436
224.074 0.0410767
224.081 0.0411096
224.083 0.0411427
224.099 0.0411755
224.115 0.0412084
224.113 0.0412415
224.12 0.0412745
224.129 0.0413074
224.154 0.0413403
224.137 0.041373
224.149 0.0414063
224.157 0.0414392
224.155 0.0414722
224.158 0.0415053
224.18 0.0415379
224.174 0.0415708
224.19 0.0416035
224.2 0.0416366
224.229 0.041669
224.218 0.0417022
224.22 0.0417352
224.219 0.0417682
224.236 0.0418007
224.237 0.041833
224.245 0.0418651
224.248 0.0418973
224.246 0.0419295
224.244 0.0419613
224.249 0.0419932
224.249 0.0420248
224.239 0.0420568
224.249 0.0420883
224.251 0.04212
224.257 0.0421523
224.251 0.0421835
224.261 0.0422151
224.249 0.0422471
224.252 0.0422788
224.255 0.0423105
224.255 0.0423423
224.252 0.0423742
224.244 0.0424062
224.246 0.0424378
224.255 0.0424694
224.266 0.0425009
224.259 0.0425327
224.261 0.0425645
224.261 0.0425963
224.261 0.0426279
224.263 0.0426598
224.253 0.0426917
224.263 0.0427232
224.265 0.0427551
224.267 0.0427867
224.271 0.0428185
224.264 0.0428504
224.268 0.042882
224.269 0.0429138
224.273 0.0429457
224.278 0.0429771
224.271 0.043009
224.26 0.0430411
224.284 0.0430723
224.276 0.0431043
224.274 0.043136
224.274 0.0431678
224.275 0.0431995
224.276 0.0432313
224.275 0.0432632
224.279 0.0432947
224.277 0.0433266
224.279 0.0433583
224.28 0.0433901
224.28 0.0434217
224.28 0.0434533
224.3 0.0434849
224.283 0.043517
224.279 0.0435489
224.285 0.0435805
224.286 0.0436121
224.29 0.0436438
224.287 0.0436758
224.288 0.0437076
224.285 0.0437395
224.283 0.0437714
224.292 0.0438026
224.292 0.0438346
224.295 0.0438661
224.294 0.0438981
224.294 0.0439299
224.291 0.0439615
224.294 0.0439933
224.288 0.0440252
224.295 0.0440568
224.304 0.0440884
224.297 0.0441203
224.299 0.0441522
224.299 0.0441839
224.299 0.0442155
224.316 0.0442469
224.3 0.044279
224.303 0.0443108
224.307 0.0443426
224.304 0.0443744
224.303 0.0444061
224.304 0.0444378
224.306 0.0444696
224.308 0.0445012
224.303 0.0445331
224.306 0.0445648
224.311 0.0445965
224.312 0.0446286
224.306 0.0446605
224.31 0.0446918
224.308 0.0447236
224.318 0.0447556
224.312 0.0447871
224.314 0.0448187
224.309 0.0448506
224.318 0.0448823
224.302 0.0449142
224.315 0.0449458
224.313 0.0449775
224.318 0.0450094
224.32 0.0450411
224.321 0.045073
224.316 0.0451046
224.315 0.0451365
224.321 0.0451681
224.322 0.0451999
224.322 0.0452316
224.324 0.0452634
224.324 0.0452951
224.326 0.0453268
224.327 0.0453586
224.322 0.0453902
224.341 0.0454221
224.328 0.0454539
224.33 0.0454856
224.329 0.0455173
224.334 0.0455492
224.335 0.0455808
224.333 0.0456126
224.317 0.0456444
224.333 0.0456761
224.334 0.0457078
224.33 0.0457396
224.336 0.0457714
224.33 0.0458033
224.337 0.0458348
224.343 0.0458666
224.338 0.0458984
224.337 0.0459302
224.339 0.0459619
224.334 0.0459938
224.371 0.0460253
224.342 0.0460571
224.358 0.0460888
224.343 0.0461206
224.345 0.0461524
224.347 0.0461842
224.346 0.0462159
224.343 0.0462476
224.336 0.0462795
224.352 0.0463111
224.351 0.0463429
224.351 0.0463746
224.35 0.0464064
224.348 0.0464381
224.352 0.0464699
224.353 0.0465016
224.353 0.0465334
224.353 0.0465651
224.354 0.0465969
224.355 0.0466286
224.355 0.0466602
224.354 0.0466922
224.362 0.046724
224.355 0.0467557
224.359 0.0467874
224.367 0.0468191
224.361 0.0468509
224.361 0.0468827
224.361 0.0469144
224.36 0.0469461
224.343 0.0469781
224.366 0.0470096
224.368 0.0470412
224.366 0.0470732
224.351 0.047105
224.367 0.0471366
224.367 0.0471684
224.368 0.0472001
224.369 0.0472319
224.368 0.0472636
224.37 0.0472955
224.371 0.0473271
224.372 0.0473588
224.366 0.0473906
224.376 0.0474223
224.374 0.0474541
224.378 0.0474858
224.374 0.0475176
224.37 0.0475493
224.362 0.0475812
224.385 0.0476128
224.378 0.0476446
224.38 0.0476764
224.378 0.047708
224.382 0.0477398
224.384 0.0477716
224.382 0.0478034
224.383 0.0478351
224.379 0.047867
224.386 0.0478987
224.404 0.04793
224.378 0.0479622
224.4 0.0479938
224.383 0.0480257
224.386 0.0480574
224.388 0.0480892
224.396 0.0481209
224.395 0.0481526
224.392 0.0481844
224.379 0.0482158
224.395 0.0482476
224.389 0.0482796
224.398 0.0483113
224.393 0.0483432
224.395 0.048375
224.393 0.0484069
224.394 0.0484385
224.391 0.0484703
224.398 0.0485019
224.38 0.0485335
224.426 0.0485653
224.4 0.0485971
224.401 0.048629
224.402 0.0486606
224.405 0.0486923
224.392 0.0487243
224.404 0.0487559
224.405 0.0487877
224.399 0.0488194
224.392 0.0488514
224.442 0.0488829
224.407 0.0489147
224.407 0.0489464
224.406 0.048978
224.419 0.0490097
224.411 0.0490417
224.408 0.0490735
224.412 0.0491052
224.397 0.0491369
224.4 0.0491687
224.414 0.0492004
224.427 0.0492322
224.416 0.0492639
224.417 0.0492957
224.415 0.0493274
224.416 0.0493591
224.429 0.049391
224.419 0.0494227
224.422 0.0494544
224.413 0.0494862
224.416 0.0495181
224.431 0.0495497
224.422 0.0495814
224.426 0.0496132
224.423 0.0496449
224.425 0.0496767
224.433 0.0497083
224.427 0.0497402
224.404 0.049772
224.427 0.0498037
224.427 0.0498353
224.436 0.0498674
224.43 0.0498989
224.436 0.0499308
224.431 0.0499624
224.431 0.0499942
224.429 0.050026
224.433 0.0500577
224.462 0.0500896
224.436 0.0501212
224.436 0.050153
224.431 0.0501849
224.426 0.0502167
224.439 0.0502482
224.444 0.0502799
224.44 0.0503117
224.44 0.0503435
224.45 0.0503752
224.442 0.050407
224.43 0.0504389
224.444 0.0504705
224.443 0.0505021
224.439 0.0505341
224.419 0.0505661
224.468 0.0505971
224.448 0.0506292
224.449 0.0506609
224.451 0.0506927
224.445 0.0507246
224.454 0.0507562
224.454 0.050788
224.453 0.0508198
224.453 0.0508515
224.464 0.0508832
224.456 0.0509149
224.455 0.0509468
224.447 0.0509786
224.465 0.0510102
224.458 0.051042
224.457 0.0510737
224.453 0.0511055
224.472 0.0511371
224.46 0.051169
224.461 0.0512007
224.457 0.0512325
224.49 0.0512641
224.463 0.051296
224.466 0.0513279
224.467 0.0513594
224.466 0.0513912
224.47 0.0514229
224.469 0.0514547
224.468 0.0514865
224.467 0.0515183
224.464 0.0515501
224.476 0.0515817
224.474 0.0516135
224.467 0.0516454
224.472 0.051677
224.493 0.0517088
224.474 0.0517405
224.474 0.0517722
224.466 0.051804
224.475 0.0518357
224.484 0.0518674
224.476 0.0518992
224.478 0.051931
224.494 0.0519628
224.479 0.0519945
224.48 0.0520262
224.489 0.052058
224.484 0.0520897
224.482 0.0521215
224.461 0.0521534
224.463 0.0521853
224.48 0.0522168
224.481 0.0522487
224.488 0.0522804
224.499 0.0523122
224.489 0.0523437
224.489 0.0523754
224.489 0.0524073
224.481 0.0524391
224.486 0.0524707
224.491 0.0525025
224.492 0.0525342
224.492 0.052566
224.478 0.0525979
224.494 0.0526295
224.496 0.0526613
224.497 0.0526928
224.5 0.0527247
224.489 0.0527565
224.489 0.0527884
224.487 0.0528201
224.497 0.0528519
224.501 0.0528836
224.499 0.0529153
224.506 0.0529472
224.503 0.0529788
224.502 0.0530107
224.509 0.0530423
224.502 0.0530741
224.508 0.0531058
224.509 0.0531375
224.489 0.0531695
224.515 0.0532011
224.508 0.0532328
224.509 0.0532645
224.506 0.0532964
224.511 0.0533281
224.509 0.0533598
224.496 0.0533915
224.512 0.0534233
224.514 0.053455
224.514 0.0534868
224.516 0.0535188
224.515 0.0535503
224.502 0.0535823
224.51 0.0536138
224.521 0.0536455
224.518 0.0536773
224.505 0.0537092
224.531 0.0537406
224.52 0.0537725
224.521 0.0538043
224.526 0.053836
224.529 0.0538677
224.528 0.0538994
224.52 0.0539313
224.523 0.0539631
224.525 0.0539948
224.518 0.0540265
224.515 0.054058
224.535 0.0540899
224.526 0.0541218
224.565 0.0541533
224.529 0.0541852
224.531 0.0542171
224.531 0.0542488
224.535 0.0542806
224.534 0.0543124
224.528 0.0543442
224.528 0.0543759
224.537 0.0544077
224.524 0.0544392
224.536 0.0544711
224.538 0.0545028
224.531 0.0545346
224.544 0.0545662
224.54 0.0545981
224.532 0.0546297
224.543 0.0546616
224.542 0.0546934
224.538 0.0547247
224.561 0.0547568
224.539 0.0547888
224.538 0.0548204
224.548 0.0548522
224.549 0.0548838
224.546 0.0549155
224.572 0.0549473
224.549 0.0549791
224.55 0.0550107
224.549 0.0550427
224.553 0.0550743
224.559 0.0551059
224.549 0.0551378
224.55 0.0551695
224.539 0.0552016
224.556 0.055233
224.555 0.0552648
224.581 0.0552964
224.554 0.0553282
224.558 0.0553601
224.555 0.0553919
224.559 0.0554235
224.566 0.0554554
224.55 0.0554872
224.584 0.0555184
224.562 0.0555506
224.563 0.0555823
224.563 0.0556141
224.555 0.0556459
224.573 0.0556777
224.559 0.0557094
224.566 0.0557411
224.56 0.0557729
224.566 0.0558045
224.58 0.0558361
224.566 0.0558682
224.573 0.0558997
224.571 0.0559316
224.558 0.0559635
224.572 0.0559951
224.573 0.0560269
224.571 0.0560586
224.573 0.0560904
224.575 0.0561221
224.584 0.0561537
224.577 0.0561856
224.577 0.0562174
224.578 0.0562491
224.573 0.0562809
224.58 0.0563126
224.581 0.0563443
224.607 0.056376
224.582 0.0564079
224.582 0.0564396
224.582 0.0564714
224.589 0.056503
224.581 0.0565349
224.581 0.0565666
224.585 0.0565985
224.587 0.0566301
224.59 0.0566619
224.588 0.0566936
224.589 0.0567254
224.59 0.0567571
224.59 0.0567889
224.587 0.0568206
224.593 0.0568524
224.593 0.0568841
224.595 0.0569159
224.592 0.0569475
224.595 0.0569794
224.604 0.0570111
224.596 0.0570429
224.6 0.0570745
224.603 0.0571064
224.601 0.0571381
224.601 0.0571698
224.601 0.0572016
224.601 0.0572334
224.601 0.0572651
224.602 0.0572969
224.603 0.0573286
224.603 0.0573604
224.606 0.0573921
224.604 0.057424
224.605 0.0574556
224.606 0.0574875
224.607 0.0575191
224.608 0.0575509
224.608 0.0575827
224.608 0.0576143
224.612 0.0576461
224.604 0.0576779
224.614 0.0577096
224.606 0.0577415
224.613 0.0577731
224.612 0.057805
224.615 0.0578366
224.616 0.0578684
224.615 0.0579002
224.615 0.0579319
224.619 0.0579637
224.626 0.0579953
224.636 0.0580269
224.611 0.058059
224.618 0.0580909
224.621 0.0581224
224.628 0.0581541
224.622 0.0581858
224.606 0.0582176
224.629 0.0582494
224.62 0.0582811
224.625 0.0583129
224.627 0.0583446
224.627 0.0583764
224.636 0.0584086
224.612 0.0584402
224.63 0.0584717
224.643 0.0585036
224.635 0.0585352
224.631 0.0585668
224.635 0.0585988
224.635 0.0586304
224.644 0.0586621
224.632 0.0586939
224.635 0.0587255
224.636 0.0587574
224.631 0.0587891
224.639 0.0588209
224.633 0.0588527
224.636 0.0588845
224.639 0.0589162
224.638 0.0589478
224.641 0.0589797
224.654 0.0590113
224.635 0.0590433
224.64 0.0590749
224.644 0.0591067
224.648 0.0591384
224.647 0.0591702
224.642 0.059202
224.654 0.0592337
224.648 0.0592654
224.656 0.059297
224.668 0.0593286
224.649 0.0593608
224.643 0.0593925
224.651 0.0594242
224.652 0.0594559
224.652 0.0594876
224.653 0.0595194
224.652 0.0595513
224.658 0.0595829
224.656 0.0596147
224.658 0.0596464
224.659 0.0596782
224.657 0.0597101
224.663 0.0597417
224.647 0.0597735
224.667 0.059805
224.661 0.0598369
224.66 0.0598688
224.664 0.0599004
224.664 0.0599321
224.669 0.0599639
224.666 0.0599957
224.668 0.0600275
224.667 0.0600594
224.668 0.0600909
224.668 0.0601227
224.671 0.0601545
224.662 0.0601864
224.67 0.0602179
224.672 0.0602497
224.655 0.0602819
224.669 0.0603133
224.673 0.0603449
224.673 0.0603765
224.677 0.0604083
224.669 0.0604404
224.677 0.060472
224.675 0.0605038
224.681 0.0605355
224.678 0.0605673
224.679 0.060599
224.679 0.0606307
224.68 0.0606625
224.675 0.0606942
224.678 0.0607261
224.683 0.0607577
224.679 0.0607897
224.684 0.0608212
224.687 0.060853
224.699 0.0608847
224.687 0.0609165
224.687 0.0609482
224.693 0.0609798
224.689 0.0610117
224.69 0.0610435
224.691 0.0610752
224.708 0.0611068
224.696 0.0611387
224.692 0.0611705
224.686 0.0612023
224.694 0.0612341
224.692 0.0612658
224.695 0.0612975
224.698 0.0613291
224.697 0.061361
224.697 0.0613928
224.698 0.0614244
224.699 0.0614562
224.695 0.061488
224.689 0.0615198
224.703 0.0615515
224.699 0.0615833
224.693 0.061615
224.714 0.0616468
224.705 0.0616785
224.706 0.0617104
224.704 0.0617419
224.705 0.0617738
224.707 0.0618055
224.71 0.0618372
224.71 0.061869
224.708 0.0619007
224.706 0.0619324
224.706 0.0619642
224.707 0.0619959
224.703 0.0620277
224.7 0.0620594
224.698 0.0620911
224.69 0.0621227
224.704 0.0621546
224.704 0.0621864
224.692 0.062218
224.689 0.0622499
224.716 0.0622815
224.695 0.0623133
224.694 0.0623449
224.689 0.0623767
224.688 0.0624083
224.704 0.0624402
224.688 0.0624719
224.683 0.0625036
224.683 0.0625354
224.682 0.0625671
224.681 0.0625988
224.679 0.0626306
224.681 0.0626623
224.668 0.0626941
224.679 0.0627259
224.677 0.0627576
224.674 0.0627893
224.673 0.062821
224.67 0.0628527
224.668 0.0628845
224.661 0.0629162
224.669 0.0629479
224.676 0.0629797
224.659 0.0630114
224.662 0.0630431
224.663 0.0630749
224.654 0.0631065
224.658 0.0631383
224.65 0.0631703
224.656 0.0632018
224.657 0.0632337
224.654 0.0632653
224.655 0.063297
224.661 0.0633287
224.645 0.0633606
224.65 0.0633922
224.647 0.0634241
224.644 0.063456
224.639 0.0634874
224.636 0.0635191
224.619 0.0635508
224.623 0.0635826
224.629 0.0636142
224.627 0.0636459
224.615 0.0636776
224.616 0.0637093
224.615 0.063741
224.614 0.0637728
224.61 0.0638046
224.633 0.0638361
224.597 0.0638679
224.597 0.0638998
224.595 0.0639313
224.591 0.0639631
224.587 0.0639948
224.582 0.0640266
224.583 0.0640582
224.577 0.0640899
224.572 0.0641216
224.565 0.0641533
224.567 0.0641851
224.552 0.064217
224.56 0.0642485
224.551 0.0642802
224.555 0.064312
224.549 0.0643435
224.548 0.0643753
224.555 0.064407
224.541 0.0644388
224.537 0.0644704
224.526 0.0645021
224.521 0.0645339
224.527 0.0645655
224.521 0.0645974
224.522 0.064629
224.515 0.0646607
224.513 0.0646924
224.511 0.0647241
224.526 0.0647559
224.507 0.0647875
224.502 0.0648193
224.489 0.0648511
224.492 0.0648826
224.486 0.0649141
224.486 0.0649461
224.484 0.0649778
224.481 0.0650095
224.476 0.0650413
224.472 0.0650729
224.472 0.0651048
224.466 0.0651364
224.461 0.0651679
224.454 0.0651999
224.458 0.0652315
224.465 0.0652631
224.45 0.0652949
224.443 0.0653266
224.441 0.0653582
224.445 0.06539
224.433 0.0654219
224.429 0.0654532
224.421 0.0654852
224.424 0.0655167
224.425 0.0655484
224.424 0.0655802
224.42 0.065612
224.42 0.0656437
224.41 0.0656755
224.414 0.065707
224.404 0.0657389
224.401 0.0657707
224.407 0.0658022
224.384 0.0658341
224.389 0.0658658
224.388 0.0658973
224.392 0.0659289
224.381 0.0659607
224.377 0.0659925
224.374 0.0660242
224.366 0.066056
224.371 0.0660875
224.364 0.0661194
224.358 0.066151
224.358 0.0661828
224.354 0.0662145
224.345 0.0662462
224.348 0.066278
224.342 0.0663097
224.342 0.0663413
224.337 0.066373
224.334 0.0664047
224.328 0.0664365
224.327 0.0664682
224.323 0.0665
224.319 0.0665317
224.319 0.0665633
224.314 0.066595
224.311 0.0666267
224.307 0.0666584
224.299 0.0666902
224.302 0.0667219
224.287 0.0667538
224.295 0.0667852
224.291 0.066817
224.289 0.0668488
224.293 0.0668802
224.28 0.0669121
224.284 0.0669437
224.274 0.0669756
224.255 0.0670076
224.27 0.0670389
224.266 0.0670707
224.262 0.0671024
224.26 0.0671341
224.254 0.0671658
224.242 0.0671977
224.252 0.0672292
224.248 0.067261
224.237 0.0672927
224.237 0.0673244
224.234 0.067356
224.236 0.0673877
224.228 0.0674195
224.228 0.0674511
224.22 0.067483
224.218 0.0675146
224.214 0.0675463
224.214 0.067578
224.207 0.0676098
224.211 0.0676413
224.201 0.0676732
224.198 0.0677049
224.199 0.0677365
224.208 0.0677681
224.184 0.0678001
224.185 0.0678316
224.18 0.0678634
224.179 0.0678951
224.176 0.0679268
224.171 0.0679585
224.169 0.0679902
224.167 0.0680219
224.161 0.0680537
224.153 0.0680856
224.153 0.0681171
224.147 0.0681489
224.151 0.0681807
224.145 0.0682122
224.137 0.068244
224.138 0.0682756
224.147 0.0683071
224.111 0.0683396
224.131 0.0683706
224.125 0.0684025
224.123 0.0684344
224.119 0.0684658
224.115 0.0684976
224.111 0.0685293
224.115 0.0685611
224.104 0.0685928
224.101 0.0686245
224.094 0.0686562
224.096 0.0686878
224.087 0.0687196
224.085 0.0687512
224.121 0.0687825
224.078 0.0688146
224.077 0.0688464
224.075 0.0688781
224.073 0.0689098
224.069 0.0689415
224.064 0.0689732
224.061 0.069005
224.067 0.0690365
224.056 0.0690684
224.053 0.0691002
224.039 0.0691317
224.046 0.0691635
224.041 0.0691952
224.043 0.069227
224.035 0.0692587
224.028 0.0692904
224.027 0.069322
224.031 0.0693537
224.022 0.0693855
224.019 0.0694172
224.015 0.069449
224.009 0.0694805
224.002 0.0695125
224.007 0.069544
224.002 0.0695757
223.998 0.0696076
223.995 0.0696392
224.01 0.0696708
223.991 0.0697027
223.98 0.0697345
223.981 0.0697659
223.978 0.0697977
223.982 0.0698293
223.967 0.0698613
223.964 0.0698929
223.965 0.0699246
223.961 0.0699562
223.959 0.069988
223.958 0.0700197
223.953 0.0700514
223.948 0.0700831
223.938 0.070115
223.944 0.0701465
223.938 0.0701782
223.927 0.0702104
223.931 0.0702417
223.926 0.0702735
223.926 0.0703051
223.923 0.0703368
223.914 0.0703686
223.918 0.0704001
223.912 0.0704319
223.919 0.0704638
223.904 0.0704953
223.911 0.0705271
223.897 0.0705588
223.895 0.0705905
223.915 0.0706216
223.889 0.0706539
223.886 0.0706857
223.882 0.0707174
223.881 0.070749
223.875 0.0707807
223.872 0.0708124
223.871 0.0708443
223.865 0.0708759
223.861 0.0709076
223.876 0.0709396
223.848 0.0709712
223.853 0.0710027
223.848 0.0710344
223.844 0.0710662
223.842 0.0710979
223.84 0.0711295
223.835 0.0711613
223.827 0.0711931
223.829 0.0712246
223.826 0.0712564
223.822 0.0712881
223.817 0.0713201
223.815 0.0713515
223.813 0.0713832
223.807 0.071415
223.813 0.0714469
223.801 0.0714784
223.797 0.0715101
223.794 0.0715421
223.794 0.0715738
223.787 0.0716052
223.786 0.0716369
223.783 0.0716686
223.772 0.0717004
223.77 0.0717324
223.764 0.0717638
223.768 0.0717954
223.766 0.0718272
223.754 0.071859
223.759 0.0718906
223.748 0.0719223
223.754 0.071954
223.745 0.0719859
223.751 0.0720174
223.743 0.0720492
223.741 0.0720809
223.733 0.0721126
223.732 0.0721443
223.729 0.072176
223.725 0.0722076
223.723 0.0722394
223.721 0.0722711
223.715 0.0723028
223.712 0.0723344
223.706 0.072366
223.704 0.0723978
223.701 0.0724295
223.697 0.0724612
223.692 0.0724928
223.687 0.0725246
223.686 0.0725562
223.682 0.0725879
223.679 0.0726195
223.675 0.0726512
223.67 0.0726829
223.669 0.0727146
223.665 0.0727463
223.658 0.0727778
223.65 0.0728097
223.653 0.0728413
223.652 0.0728729
223.651 0.0729045
223.643 0.0729363
223.64 0.072968
223.636 0.0729996
223.63 0.0730314
223.626 0.073063
223.623 0.0730947
223.624 0.0731263
223.61 0.0731579
223.601 0.0731894
223.59 0.0732212
223.576 0.0732528
223.561 0.0732843
223.546 0.073316
223.53 0.0733474
223.515 0.0733787
223.499 0.0734107
223.486 0.0734422
223.472 0.0734737
223.456 0.0735053
223.443 0.0735367
223.427 0.0735683
223.412 0.0736
223.397 0.0736316
223.386 0.0736632
223.366 0.0736947
223.35 0.0737262
223.334 0.0737577
223.316 0.0737892
223.297 0.0738207
223.278 0.0738524
223.258 0.0738838
223.239 0.0739153
223.22 0.0739468
223.2 0.0739783
223.182 0.0740099
223.171 0.0740414
223.142 0.0740728
223.122 0.0741045
223.106 0.0741359
223.087 0.0741675
223.066 0.074199
223.049 0.0742305
223.031 0.074262
223.009 0.0742936
222.989 0.0743251
222.972 0.0743567
222.953 0.074388
222.932 0.0744196
222.912 0.0744512
222.891 0.0744827
222.874 0.0745142
222.855 0.0745457
222.835 0.0745772
222.813 0.0746089
222.797 0.0746403
222.782 0.0746718
222.759 0.0747033
222.739 0.0747348
222.719 0.0747663
222.7 0.0747978
222.681 0.0748296
222.662 0.0748609
222.643 0.0748924
222.624 0.0749239
222.604 0.0749554
222.585 0.0749871
222.563 0.0750184
222.55 0.0750498
222.528 0.0750815
222.503 0.0751129
222.491 0.0751444
222.471 0.0751761
222.451 0.0752076
222.433 0.0752391
222.415 0.0752706
222.392 0.0753022
222.373 0.0753337
222.354 0.0753651
222.335 0.0753967
222.317 0.0754284
222.297 0.0754597
222.278 0.0754913
222.26 0.0755228
222.238 0.0755543
222.22 0.0755859
222.2 0.0756173
222.182 0.0756489
222.161 0.0756803
222.14 0.0757119
222.124 0.0757435
222.107 0.075775
222.085 0.0758065
222.06 0.0758379
222.048 0.0758695
222.027 0.0759011
222.011 0.0759326
221.99 0.0759641
221.97 0.0759956
221.951 0.0760271
221.932 0.0760586
221.914 0.0760902
221.893 0.0761217
221.874 0.0761532
221.855 0.0761847
221.835 0.0762163
221.817 0.0762477
221.798 0.0762793
221.777 0.0763108
221.759 0.0763424
221.739 0.0763739
221.719 0.0764054
221.701 0.0764369
221.68 0.0764686
221.664 0.0764998
221.646 0.0765314
221.614 0.0765631
221.602 0.0765946
221.586 0.076626
221.567 0.0766575
221.544 0.0766891
221.528 0.0767205
221.509 0.0767521
221.489 0.0767836
221.472 0.0768151
221.452 0.0768466
221.431 0.0768781
221.418 0.0769095
221.395 0.0769411
221.374 0.0769726
221.354 0.0770041
221.333 0.0770357
221.316 0.0770671
221.295 0.0770986
221.288 0.0771299
221.258 0.0771616
221.238 0.0771931
221.223 0.0772245
221.199 0.0772562
221.185 0.0772877
221.161 0.0773192
221.141 0.0773507
221.123 0.0773822
221.104 0.0774137
221.083 0.0774452
221.066 0.0774767
221.044 0.0775083
221.027 0.0775396
221.008 0.0775712
220.986 0.0776028
220.967 0.0776343
220.946 0.0776659
220.929 0.0776973
220.909 0.0777288
220.89 0.0777603
220.869 0.0777918
220.852 0.0778234
220.832 0.0778549
220.813 0.0778864
220.793 0.077918
220.776 0.0779494
220.755 0.0779809
220.736 0.0780124
220.713 0.078044
220.697 0.0780754
220.676 0.0781069
220.658 0.0781386
220.639 0.0781699
220.621 0.0782015
220.601 0.078233
220.581 0.0782644
220.56 0.078296
220.546 0.0783274
220.523 0.078359
220.504 0.0783905
220.486 0.078422
220.463 0.0784535
220.446 0.078485
220.427 0.0785165
220.407 0.0785481
220.389 0.0785797
220.37 0.0786112
220.349 0.0786426
220.331 0.0786741
220.309 0.0787052
220.292 0.0787371
220.272 0.0787686
220.253 0.0788001
220.234 0.0788316
220.214 0.0788631
220.195 0.0788947
220.176 0.0789262
220.157 0.0789577
220.138 0.0789892
220.117 0.0790207
220.099 0.0790522
220.077 0.0790838
220.06 0.0791152
220.039 0.0791468
220.021 0.0791782
220.001 0.0792097
219.983 0.0792413
219.963 0.0792728
219.942 0.0793043
219.925 0.0793358
219.905 0.0793673
219.886 0.0793988
219.867 0.0794303
219.846 0.0794618
219.827 0.0794933
219.808 0.0795249
219.791 0.0795565
219.77 0.0795878
219.747 0.0796194
219.732 0.0796509
219.711 0.0796824
219.693 0.0797139
219.673 0.0797454
219.654 0.0797769
219.634 0.0798084
219.617 0.0798399
219.596 0.0798714
219.578 0.0799029
219.556 0.0799344
219.539 0.079966
219.52 0.0799976
219.504 0.0800288
219.482 0.0800604
219.461 0.0800921
219.443 0.0801236
219.422 0.0801549
219.404 0.0801865
219.383 0.080218
219.363 0.0802495
219.346 0.080281
219.324 0.0803125
219.307 0.080344
219.286 0.0803755
219.267 0.080407
219.247 0.0804385
219.228 0.0804699
219.208 0.0805015
219.189 0.0805329
219.169 0.0805645
219.152 0.0805959
219.131 0.0806275
219.109 0.0806588
219.092 0.0806905
219.072 0.080722
219.053 0.0807535
219.034 0.080785
219.019 0.0808164
218.995 0.080848
218.975 0.0808794
218.956 0.080911
218.935 0.0809424
218.917 0.0809739
218.899 0.0810053
218.878 0.081037
218.859 0.0810684
218.838 0.0811
218.82 0.0811314
218.801 0.081163
218.781 0.0811944
218.762 0.081226
218.744 0.0812574
218.725 0.0812889
218.7 0.0813205
218.685 0.0813519
218.666 0.0813834
218.644 0.0814149
218.626 0.0814464
218.606 0.0814779
218.593 0.0815093
218.562 0.0815409
218.548 0.0815724
218.528 0.081604
218.516 0.0816353
218.493 0.0816669
218.471 0.0816984
218.452 0.08173
218.435 0.0817611
218.412 0.0817929
218.393 0.0818244
218.373 0.0818559
218.354 0.0818874
218.334 0.0819189
218.314 0.0819507
218.293 0.081982
218.276 0.0820134
218.26 0.0820448
218.237 0.0820764
218.218 0.0821079
218.213 0.0821394
218.175 0.0821711
218.161 0.0822024
218.141 0.0822339
218.122 0.0822652
218.101 0.0822968
218.082 0.0823283
218.063 0.0823599
218.045 0.0823913
218.024 0.0824229
218.004 0.0824543
217.985 0.0824859
217.965 0.0825174
217.944 0.082549
217.929 0.0825804
217.907 0.0826118
217.888 0.0826433
217.868 0.0826749
217.849 0.0827063
217.833 0.0827378
217.81 0.0827693
217.784 0.082801
217.772 0.0828324
217.752 0.0828638
217.732 0.0828953
217.713 0.0829268
217.692 0.0829584
217.673 0.0829898
217.655 0.0830213
217.631 0.0830529
217.617 0.0830844
217.597 0.0831158
217.577 0.0831473
217.558 0.0831788
217.538 0.0832103
217.527 0.0832415
217.5 0.0832733
217.481 0.0833048
217.462 0.0833363
217.441 0.0833676
217.421 0.0833993
217.404 0.0834308
217.383 0.0834623
217.364 0.0834937
217.344 0.0835253
217.325 0.0835569
217.308 0.0835883
217.285 0.0836198
217.267 0.0836513
217.247 0.0836828
217.227 0.0837142
217.208 0.0837458
217.19 0.0837772
217.169 0.0838088
217.152 0.0838402
217.131 0.0838718
217.108 0.0839033
217.092 0.0839348
217.072 0.0839662
217.054 0.0839977
217.033 0.0840293
217.012 0.0840607
216.993 0.0840922
216.976 0.0841238
216.956 0.0841552
216.937 0.0841868
216.916 0.0842182
216.895 0.0842499
216.879 0.0842812
216.86 0.0843128
216.839 0.0843442
216.82 0.0843757
216.8 0.0844073
216.781 0.0844387
216.761 0.0844702
216.74 0.0845019
216.722 0.0845333
216.701 0.0845648
216.685 0.0845963
216.665 0.0846277
216.645 0.0846592
216.626 0.0846908
216.606 0.0847222
216.589 0.0847536
216.567 0.0847852
216.547 0.0848167
216.527 0.0848482
216.509 0.0848797
216.492 0.0849112
216.471 0.0849428
216.451 0.0849742
216.43 0.0850058
216.412 0.0850372
216.394 0.0850687
216.373 0.0851002
216.355 0.0851317
216.336 0.0851632
216.315 0.0851947
216.296 0.0852261
216.276 0.0852577
216.257 0.0852892
216.233 0.0853209
216.219 0.0853522
216.199 0.0853837
216.18 0.0854152
216.161 0.0854466
216.14 0.0854782
216.12 0.08551
216.095 0.0855414
216.077 0.0855728
216.062 0.0856041
216.042 0.0856356
216.022 0.0856671
216.002 0.0856987
215.984 0.0857302
215.966 0.0857617
215.945 0.0857932
215.927 0.0858246
215.907 0.0858562
215.886 0.0858877
215.868 0.0859192
215.85 0.0859507
215.829 0.0859822
215.811 0.0860136
215.792 0.0860451
215.774 0.0860766
215.75 0.0861082
215.732 0.0861396
215.712 0.0861711
215.693 0.0862026
215.673 0.0862341
215.654 0.0862656
215.633 0.0862971
215.617 0.0863287
215.597 0.0863601
215.578 0.0863916
215.558 0.0864231
215.54 0.0864546
215.523 0.086486
215.5 0.0865176
215.48 0.0865491
215.46 0.0865806
215.441 0.0866121
215.421 0.0866436
215.4 0.0866753
215.383 0.0867066
215.361 0.0867383
215.345 0.0867697
215.325 0.0868011
215.305 0.0868326
215.286 0.0868641
215.266 0.0868956
215.247 0.0869271
215.231 0.0869586
215.209 0.0869901
215.185 0.0870216
215.172 0.0870531
215.149 0.0870846
215.133 0.087116
215.11 0.0871475
215.091 0.0871791
215.073 0.0872106
215.06 0.087242
215.029 0.0872735
215.011 0.0873051
214.998 0.0873366
214.974 0.0873681
214.956 0.0873996
214.936 0.0874311
214.918 0.0874625
214.9 0.087494
214.878 0.0875255
214.862 0.0875568
214.839 0.0875886
214.82 0.08762
214.801 0.0876516
214.786 0.0876829
214.762 0.0877146
214.746 0.087746
214.723 0.0877776
214.707 0.0878092
214.687 0.0878405
214.664 0.087872
214.648 0.0879035
214.626 0.0879351
214.606 0.0879665
214.587 0.0879979
214.564 0.0880292
214.544 0.0880604
214.523 0.0880916
214.502 0.0881229
214.482 0.0881541
214.459 0.0881854
214.438 0.0882167
214.418 0.0882479
214.395 0.0882792
214.375 0.0883104
214.355 0.0883417
214.337 0.0883728
214.31 0.0884042
214.291 0.0884354
214.269 0.0884667
214.25 0.0884978
214.227 0.0885291
214.204 0.0885604
214.185 0.0885916
214.164 0.0886229
214.144 0.0886545
214.124 0.0886854
214.101 0.0887166
214.08 0.0887479
214.057 0.0887792
214.039 0.0888104
214.02 0.0888416
213.993 0.088873
213.973 0.0889042
213.954 0.0889354
213.932 0.0889666
213.915 0.088998
213.889 0.0890292
213.864 0.0890606
213.85 0.0890917
213.824 0.0891229
213.805 0.0891542
213.786 0.0891854
213.763 0.0892166
213.743 0.089248
213.717 0.0892792
213.715 0.0893101
213.675 0.0893418
213.657 0.0893728
213.633 0.0894037
213.61 0.0894347
213.588 0.0894658
213.563 0.0894968
213.543 0.0895278
213.517 0.0895587
213.495 0.0895895
213.474 0.0896207
213.451 0.0896517
213.426 0.0896827
213.407 0.0897137
213.381 0.0897448
213.36 0.0897757
213.34 0.0898068
213.314 0.0898377
213.29 0.0898687
213.269 0.0898998
213.246 0.0899307
213.223 0.0899617
213.201 0.0899927
213.178 0.0900237
213.155 0.0900547
213.13 0.0900856
213.108 0.0901168
213.086 0.0901477
213.063 0.0901787
213.041 0.0902097
213.017 0.0902407
213.002 0.0902715
212.972 0.0903026
212.948 0.0903337
212.926 0.0903646
212.904 0.0903956
212.887 0.0904265
212.859 0.0904575
212.833 0.0904886
212.82 0.0905193
212.788 0.0905507
212.765 0.0905816
212.743 0.0906126
212.721 0.0906436
212.698 0.0906746
212.675 0.0907056
212.655 0.0907367
212.63 0.0907675
212.608 0.0907984
212.585 0.0908296
212.561 0.0908606
212.538 0.0908916
212.517 0.0909225
212.493 0.0909536
212.469 0.0909846
212.447 0.0910156
212.426 0.0910464
212.401 0.0910776
212.378 0.0911086
212.355 0.0911395
212.332 0.0911706
212.309 0.0912016
212.287 0.0912325
212.264 0.0912635
212.242 0.0912946
212.219 0.0913255
212.196 0.0913565
212.173 0.0913875
212.149 0.0914185
212.128 0.0914495
212.104 0.0914805
212.082 0.0915115
212.057 0.0915425
212.036 0.0915735
212.012 0.0916045
211.99 0.0916355
211.965 0.0916664
211.943 0.0916975
211.922 0.0917284
211.899 0.0917595
211.878 0.0917905
211.853 0.0918214
211.831 0.0918525
211.807 0.0918835
211.779 0.0919146
211.761 0.0919455
211.741 0.0919765
211.716 0.0920075
211.693 0.0920384
211.672 0.0920694
211.67 0.0921
211.621 0.0921313
211.601 0.0921625
211.579 0.0921935
211.553 0.0922245
211.534 0.0922554
211.511 0.0922864
211.488 0.0923174
211.465 0.0923485
211.441 0.0923794
211.419 0.0924104
211.397 0.0924414
211.374 0.0924724
211.35 0.0925033
211.327 0.0925344
211.306 0.0925654
211.282 0.0925964
211.259 0.0926273
211.235 0.0926584
211.214 0.0926894
211.191 0.0927204
211.168 0.0927513
211.146 0.0927824
211.122 0.0928134
211.1 0.0928444
211.083 0.0928753
211.054 0.0929064
211.031 0.0929373
211.008 0.0929683
210.987 0.0929993
210.965 0.0930304
210.94 0.0930613
210.919 0.0930923
210.894 0.0931233
210.872 0.0931544
210.848 0.0931853
210.826 0.0932162
210.803 0.0932473
210.78 0.0932783
210.753 0.0933094
210.734 0.0933403
210.711 0.0933713
210.687 0.093402
210.663 0.0934324
210.635 0.093463
210.608 0.0934933
210.575 0.0935229
210.539 0.0935523
210.507 0.0935818
210.476 0.0936113
210.441 0.0936408
210.408 0.0936702
210.372 0.0936996
210.342 0.0937291
210.308 0.0937584
210.27 0.0937876
210.231 0.0938168
210.195 0.0938457
210.157 0.0938746
210.12 0.0939034
210.082 0.0939326
210.042 0.0939615
210.007 0.0939905
209.969 0.0940194
209.929 0.0940482
209.889 0.0940773
209.855 0.0941062
209.817 0.0941352
209.778 0.094164
209.74 0.094193
209.706 0.0942219
209.665 0.094251
209.627 0.0942799
209.586 0.0943088
209.548 0.0943378
209.514 0.0943667
209.475 0.0943957
209.443 0.0944245
209.401 0.0944536
209.368 0.0944822
209.325 0.0945115
209.289 0.0945404
209.247 0.0945693
209.209 0.0945983
209.168 0.0946273
209.132 0.0946564
209.098 0.0946852
209.058 0.0947141
209.018 0.0947431
208.983 0.094772
208.943 0.094801
208.905 0.09483
208.869 0.0948588
208.832 0.0948879
208.792 0.0949166
208.755 0.0949457
208.717 0.0949746
208.679 0.0950035
208.641 0.0950325
208.61 0.0950614
208.564 0.0950904
208.527 0.0951194
208.49 0.0951483
208.452 0.0951773
208.412 0.0952062
208.378 0.0952351
208.34 0.0952642
208.301 0.0952932
208.266 0.0953219
208.228 0.0953509
208.187 0.0953799
208.147 0.0954088
208.106 0.0954377
208.075 0.0954668
208.035 0.0954956
208.001 0.0955245
207.956 0.0955536
207.928 0.0955824
207.884 0.0956115
207.844 0.0956403
207.81 0.0956693
207.767 0.0956984
207.732 0.0957272
207.695 0.0957561
207.656 0.0957852
207.621 0.0958142
207.578 0.095843
207.542 0.095872
207.504 0.0959009
207.47 0.0959297
207.429 0.0959588
207.385 0.0959878
207.363 0.0960167
207.317 0.0960457
207.277 0.0960746
207.242 0.0961036
207.196 0.0961325
207.161 0.0961615
207.126 0.0961905
207.087 0.0962194
207.047 0.0962483
207.01 0.0962773
206.973 0.0963062
206.937 0.0963352
206.899 0.096364
206.861 0.0963931
206.823 0.0964219
206.783 0.0964509
206.745 0.09648
206.707 0.0965089
206.671 0.0965377
206.633 0.0965667
206.595 0.0965956
206.556 0.0966247
206.516 0.0966535
206.479 0.0966826
206.441 0.0967115
206.406 0.0967404
206.367 0.0967693
206.33 0.0967984
206.293 0.0968273
206.254 0.0968562
206.216 0.0968851
206.18 0.096914
206.139 0.096943
206.102 0.096972
206.069 0.097001
206.026 0.0970298
205.989 0.0970588
205.95 0.0970877
205.915 0.0971168
205.876 0.0971456
205.839 0.0971746
205.799 0.0972035
205.761 0.0972325
205.723 0.0972615
205.68 0.0972904
205.645 0.0973192
205.61 0.0973483
205.574 0.0973772
205.535 0.0974062
205.496 0.0974351
205.458 0.0974641
205.419 0.097493
205.382 0.0975219
205.345 0.097551
205.308 0.09758
205.269 0.0976088
205.23 0.0976378
205.196 0.0976669
205.156 0.0976958
205.115 0.0977247
205.078 0.0977535
205.039 0.0977825
205.006 0.0978114
204.965 0.0978404
204.927 0.0978694
204.889 0.0978983
204.849 0.0979272
204.816 0.0979561
204.775 0.0979851
204.737 0.0980141
204.701 0.0980429
204.662 0.098072
204.624 0.0981009
204.587 0.0981298
204.551 0.0981589
204.511 0.0981878
204.473 0.0982167
204.435 0.0982456
204.396 0.0982746
204.362 0.0983037
204.321 0.0983324
204.29 0.0983615
204.246 0.0983904
204.207 0.0984193
204.17 0.0984483
204.132 0.0984772
204.095 0.0985062
204.056 0.0985351
204.02 0.0985641
203.981 0.098593
203.944 0.098622
203.911 0.0986508
203.865 0.0986798
203.827 0.0987087
203.791 0.0987377
203.753 0.0987667
203.715 0.0987957
203.67 0.0988248
203.637 0.0988535
203.605 0.0988825
203.564 0.0989115
203.524 0.0989404
203.487 0.0989693
203.455 0.0989984
203.418 0.0990274
203.373 0.0990561
203.334 0.0990852
203.3 0.099114
203.256 0.099143
203.222 0.099172
203.182 0.0992009
203.148 0.0992299
203.108 0.0992588
203.071 0.0992877
203.031 0.0993166
202.995 0.0993457
202.956 0.0993746
202.921 0.0994036
202.88 0.0994324
202.844 0.0994614
202.812 0.0994902
202.779 0.0995193
202.729 0.0995483
202.691 0.0995772
202.654 0.0996062
202.615 0.0996352
202.578 0.0996641
202.538 0.0996931
202.498 0.0997219
202.465 0.0997508
202.426 0.0997799
202.386 0.0998088
202.351 0.0998378
202.314 0.0998666
202.272 0.0998956
202.237 0.0999246
202.2 0.0999535
202.161 0.0999826
202.12 0.100011
202.084 0.10004
202.048 0.100069
202.011 0.100098
201.972 0.100127
201.933 0.100156
201.891 0.100185
201.858 0.100214
201.819 0.100243
201.782 0.100272
201.743 0.100301
201.706 0.10033
201.667 0.100359
201.635 0.100388
201.595 0.100417
201.554 0.100446
201.517 0.100475
201.48 0.100504
201.442 0.100532
201.404 0.100561
201.365 0.10059
201.327 0.100619
201.286 0.100648
201.25 0.100677
201.214 0.100706
201.176 0.100735
201.139 0.100764
201.099 0.100793
201.062 0.100822
201.024 0.100851
200.986 0.10088
200.948 0.100909
200.91 0.100938
200.873 0.100967
200.834 0.100996
200.798 0.101025
200.759 0.101053
200.721 0.101082
200.683 0.101111
200.645 0.10114
200.609 0.101169
200.572 0.101198
200.53 0.101227
200.494 0.101256
200.449 0.101285
200.418 0.101314
200.38 0.101343
200.343 0.101372
200.302 0.101401
200.266 0.10143
200.231 0.101459
200.192 0.101488
200.152 0.101517
200.114 0.101546
200.074 0.101575
200.039 0.101604
200.001 0.101633
199.965 0.101661
199.924 0.10169
199.888 0.101719
199.85 0.101748
199.812 0.101777
199.781 0.101806
199.736 0.101835
199.695 0.101864
199.66 0.101893
199.622 0.101922
199.585 0.101951
199.546 0.10198
199.508 0.102009
199.47 0.102038
199.432 0.102067
199.394 0.102096
199.357 0.102125
199.319 0.102154
199.286 0.102182
199.243 0.102211
199.205 0.10224
199.168 0.102269
199.129 0.102298
199.093 0.102327
199.055 0.102356
199.016 0.102385
198.978 0.102414
198.94 0.102443
198.902 0.102472
198.864 0.102501
198.826 0.10253
198.788 0.102559
198.75 0.102588
198.712 0.102617
198.674 0.102646
198.639 0.102675
198.599 0.102704
198.562 0.102733
198.523 0.102761
198.485 0.10279
198.447 0.102819
198.427 0.102848
198.37 0.102877
198.333 0.102906
198.296 0.102935
198.258 0.102964
198.224 0.102993
198.182 0.103022
198.14 0.103051
198.106 0.10308
198.069 0.103109
198.029 0.103138
197.992 0.103167
197.955 0.103196
197.917 0.103225
197.879 0.103254
197.842 0.103282
197.803 0.103311
197.764 0.10334
197.727 0.103369
197.689 0.103398
197.652 0.103427
197.614 0.103456
197.578 0.103485
197.536 0.103514
197.499 0.103543
197.462 0.103572
197.425 0.103601
197.387 0.10363
197.35 0.103659
197.31 0.103688
197.272 0.103717
197.234 0.103746
197.197 0.103775
197.16 0.103803
197.122 0.103832
197.083 0.103861
197.048 0.103891
197.008 0.103919
196.97 0.103948
196.932 0.103977
196.893 0.104006
196.866 0.104035
196.815 0.104064
196.78 0.104093
196.742 0.104122
196.698 0.104151
196.675 0.10418
196.629 0.104209
196.59 0.104238
196.552 0.104267
196.529 0.104296
196.477 0.104325
196.436 0.104354
196.403 0.104382
196.368 0.104411
196.325 0.10444
196.287 0.104469
196.249 0.104498
196.214 0.104527
196.174 0.104556
196.136 0.104585
196.1 0.104614
196.061 0.104643
196.015 0.104672
195.985 0.104701
195.949 0.10473
195.908 0.104759
195.868 0.104788
195.839 0.104817
195.795 0.104846
195.758 0.104875
195.717 0.104903
195.681 0.104932
195.643 0.104961
195.603 0.10499
195.566 0.105019
195.531 0.105048
195.492 0.105077
195.45 0.105106
195.42 0.105135
195.379 0.105164
195.34 0.105193
195.311 0.105222
195.263 0.105251
195.227 0.10528
195.19 0.105309
195.152 0.105338
195.112 0.105367
195.074 0.105396
195.036 0.105425
194.999 0.105454
194.961 0.105482
194.924 0.105511
194.877 0.105541
194.847 0.105569
194.809 0.105598
194.773 0.105627
194.737 0.105656
194.697 0.105685
194.658 0.105714
194.62 0.105743
194.581 0.105772
194.545 0.105801
194.506 0.10583
194.468 0.105859
194.427 0.105888
194.392 0.105917
194.353 0.105946
194.319 0.105975
194.28 0.106004
194.246 0.106033
194.201 0.106061
194.166 0.10609
194.127 0.106119
194.09 0.106148
194.051 0.106177
194.013 0.106206
193.975 0.106235
193.938 0.106264
193.9 0.106293
193.861 0.106322
193.825 0.106351
193.794 0.10638
193.748 0.106409
193.707 0.106438
193.671 0.106467
193.636 0.106496
193.595 0.106525
193.558 0.106554
193.518 0.106582
193.482 0.106611
193.441 0.10664
193.411 0.106669
193.367 0.106698
193.331 0.106727
193.294 0.106756
193.254 0.106785
193.22 0.106814
193.18 0.106843
193.143 0.106872
193.103 0.106901
193.066 0.10693
193.027 0.106959
192.991 0.106988
192.953 0.107017
192.924 0.107046
192.879 0.107075
192.837 0.107103
192.802 0.107132
192.763 0.107161
192.722 0.10719
192.694 0.107219
192.649 0.107248
192.606 0.107277
192.574 0.107306
192.534 0.107335
192.497 0.107364
192.46 0.107393
192.422 0.107422
192.376 0.107451
192.347 0.10748
192.31 0.107509
192.27 0.107538
192.232 0.107567
192.195 0.107596
192.157 0.107624
192.12 0.107653
192.084 0.107682
192.043 0.107711
192.005 0.10774
191.967 0.107769
191.925 0.107798
191.888 0.107827
191.846 0.107856
191.815 0.107885
191.778 0.107914
191.74 0.107943
191.702 0.107972
191.663 0.108001
191.627 0.10803
191.588 0.108059
191.55 0.108088
191.512 0.108117
191.475 0.108146
191.437 0.108175
191.39 0.108204
191.36 0.108232
191.323 0.108261
191.266 0.10829
191.247 0.108319
191.211 0.108348
191.17 0.108377
191.133 0.108406
191.096 0.108435
191.058 0.108464
191.019 0.108493
190.98 0.108522
190.944 0.108551
190.905 0.10858
190.868 0.108609
190.831 0.108638
190.791 0.108667
190.754 0.108696
190.717 0.108725
190.678 0.108753
190.637 0.108782
190.602 0.108811
190.566 0.10884
190.527 0.108869
190.485 0.108898
190.451 0.108927
190.402 0.108956
190.374 0.108985
190.337 0.109014
190.301 0.109043
190.265 0.109072
190.225 0.109101
190.18 0.10913
190.148 0.109159
190.111 0.109188
190.073 0.109217
190.031 0.109246
189.995 0.109275
189.956 0.109303
189.924 0.109332
189.883 0.109361
189.842 0.10939
189.807 0.109419
189.769 0.109448
189.73 0.109477
189.693 0.109506
189.655 0.109535
189.617 0.109564
189.579 0.109593
189.541 0.109622
189.506 0.109651
189.467 0.10968
189.429 0.109709
189.39 0.109738
189.352 0.109767
189.319 0.109796
189.275 0.109825
189.239 0.109853
189.2 0.109882
189.162 0.109911
189.128 0.10994
189.086 0.109969
189.048 0.109998
189.01 0.110027
188.975 0.110056
188.936 0.110085
188.897 0.110114
188.861 0.110143
188.821 0.110172
188.784 0.110201
188.746 0.11023
188.709 0.110259
188.668 0.110288
188.629 0.110317
188.595 0.110346
188.557 0.110375
188.519 0.110403
188.48 0.110432
188.446 0.110461
188.403 0.11049
188.366 0.110519
188.328 0.110548
188.285 0.110577
188.26 0.110606
188.214 0.110635
188.177 0.110664
188.139 0.110693
188.102 0.110722
188.061 0.110751
188.029 0.11078
187.987 0.110809
187.954 0.110838
187.908 0.110867
187.874 0.110896
187.836 0.110925
187.798 0.110953
187.765 0.110983
187.721 0.111011
187.685 0.11104
187.647 0.111069
187.609 0.111098
187.57 0.111127
187.533 0.111156
187.495 0.111185
187.456 0.111214
187.421 0.111243
187.38 0.111272
187.344 0.111301
187.303 0.11133
187.267 0.111359
187.236 0.111388
187.195 0.111417
187.153 0.111445
187.115 0.111475
187.078 0.111503
187.04 0.111532
187.002 0.111561
186.954 0.111591
186.926 0.111619
186.889 0.111648
186.851 0.111677
186.812 0.111706
186.774 0.111735
186.737 0.111764
186.699 0.111793
186.661 0.111822
186.624 0.111851
186.584 0.11188
186.548 0.111909
186.511 0.111938
186.473 0.111967
186.437 0.111996
186.395 0.112024
186.362 0.112053
186.32 0.112082
186.283 0.112111
186.243 0.11214
186.203 0.112169
186.169 0.112198
186.133 0.112227
186.091 0.112256
186.054 0.112285
186.017 0.112314
185.983 0.112343
185.941 0.112372
185.904 0.112401
185.865 0.11243
185.827 0.112459
185.8 0.112488
185.751 0.112517
185.717 0.112546
185.676 0.112574
185.642 0.112603
185.595 0.112633
185.563 0.112661
185.523 0.11269
185.487 0.112719
185.448 0.112748
185.409 0.112777
185.372 0.112806
185.338 0.112835
185.298 0.112864
185.259 0.112893
185.22 0.112922
185.186 0.112951
185.15 0.11298
185.107 0.113009
185.071 0.113038
185.032 0.113067
184.987 0.113096
184.95 0.113125
184.921 0.113153
184.881 0.113182
184.843 0.113211
184.804 0.11324
184.768 0.113269
184.727 0.113298
184.694 0.113327
184.653 0.113356
184.614 0.113385
184.577 0.113414
184.539 0.113443
184.5 0.113472
184.467 0.113501
184.427 0.11353
184.387 0.113559
184.354 0.113587
184.311 0.113617
184.276 0.113646
184.237 0.113674
184.194 0.113704
184.161 0.113732
184.122 0.113761
184.086 0.11379
184.046 0.113819
184.008 0.113848
183.968 0.113877
183.932 0.113906
183.896 0.113935
183.86 0.113964
183.822 0.113993
183.78 0.114022
183.745 0.114051
183.703 0.11408
183.668 0.114109
183.627 0.114138
183.59 0.114167
183.553 0.114196
183.516 0.114225
183.478 0.114253
183.44 0.114283
183.401 0.114311
183.364 0.11434
183.325 0.114369
183.282 0.114398
183.249 0.114427
183.209 0.114456
183.178 0.114485
183.135 0.114514
183.098 0.114543
183.064 0.114572
183.023 0.114601
182.984 0.11463
182.948 0.114659
182.912 0.114688
182.871 0.114717
182.835 0.114746
182.796 0.114775
182.758 0.114803
182.72 0.114832
182.683 0.114861
182.644 0.11489
182.606 0.114919
182.568 0.114948
182.53 0.114977
182.493 0.115006
182.455 0.115035
182.417 0.115064
182.379 0.115093
182.34 0.115122
182.304 0.115151
182.265 0.11518
182.232 0.115209
182.191 0.115238
182.152 0.115267
182.114 0.115296
182.076 0.115324
182.038 0.115353
181.998 0.115382
181.962 0.115411
181.924 0.11544
181.886 0.115469
181.843 0.115498
181.812 0.115527
181.77 0.115556
181.734 0.115585
181.697 0.115614
181.658 0.115643
181.62 0.115672
181.581 0.115701
181.544 0.11573
181.506 0.115759
181.471 0.115788
181.431 0.115817
181.394 0.115845
181.355 0.115874
181.317 0.115903
181.28 0.115932
181.242 0.115961
181.204 0.11599
181.166 0.116019
181.128 0.116048
181.092 0.116077
181.05 0.116106
181.013 0.116135
180.974 0.116164
180.939 0.116193
180.901 0.116222
180.863 0.116251
180.826 0.11628
180.787 0.116309
180.749 0.116338
180.71 0.116367
180.675 0.116396
180.635 0.116424
180.598 0.116453
180.561 0.116482
180.522 0.116511
180.484 0.11654
180.446 0.116569
180.408 0.116598
180.37 0.116627
180.332 0.116656
180.295 0.116685
180.259 0.116714
180.219 0.116743
180.181 0.116772
180.143 0.116801
180.105 0.11683
180.067 0.116859
180.025 0.116888
179.991 0.116917
179.954 0.116946
179.916 0.116975
179.877 0.117004
179.84 0.117032
179.797 0.117061
179.762 0.11709
179.726 0.117119
179.688 0.117148
179.647 0.117177
179.612 0.117206
179.575 0.117235
179.536 0.117264
179.499 0.117293
179.461 0.117322
179.422 0.117351
179.384 0.11738
179.348 0.117409
179.309 0.117437
179.272 0.117467
179.236 0.117496
179.196 0.117525
179.158 0.117553
179.12 0.117582
179.076 0.117611
179.044 0.11764
179.006 0.117669
178.968 0.117698
178.93 0.117727
178.891 0.117756
178.855 0.117785
178.816 0.117814
178.779 0.117843
178.741 0.117872
178.706 0.117901
178.665 0.11793
178.628 0.117959
178.59 0.117988
178.552 0.118017
178.515 0.118046
178.476 0.118074
178.437 0.118103
178.401 0.118132
178.362 0.118161
178.323 0.11819
178.286 0.118219
178.248 0.118248
178.211 0.118277
178.172 0.118306
178.134 0.118335
178.097 0.118364
178.058 0.118393
178.022 0.118422
177.983 0.118451
177.947 0.11848
177.907 0.118509
177.868 0.118537
177.832 0.118567
177.793 0.118596
177.758 0.118624
177.717 0.118653
177.68 0.118682
177.642 0.118711
177.603 0.11874
177.566 0.118769
177.528 0.118798
177.49 0.118827
177.453 0.118856
177.414 0.118885
177.377 0.118914
177.337 0.118943
177.3 0.118972
177.263 0.119001
177.226 0.11903
177.187 0.119059
177.149 0.119088
177.109 0.119117
177.074 0.119146
177.035 0.119174
176.998 0.119203
176.961 0.119232
176.921 0.119261
176.884 0.11929
176.846 0.119319
176.812 0.119348
176.773 0.119377
176.732 0.119406
176.694 0.119435
176.649 0.119464
176.614 0.119493
176.583 0.119522
176.542 0.119551
176.505 0.11958
176.467 0.119609
176.429 0.119638
176.39 0.119667
176.351 0.119696
176.316 0.119724
176.277 0.119753
176.239 0.119782
176.205 0.119811
176.163 0.11984
176.126 0.119869
176.088 0.119898
176.048 0.119927
176.012 0.119956
175.975 0.119985
175.936 0.120014
175.899 0.120043
175.861 0.120072
175.825 0.120101
175.785 0.12013
175.747 0.120159
175.712 0.120188
175.673 0.120217
175.633 0.120245
175.597 0.120275
175.558 0.120303
175.52 0.120332
175.48 0.120361
175.445 0.12039
175.408 0.120419
175.368 0.120448
175.33 0.120477
175.293 0.120506
175.26 0.120535
175.216 0.120564
175.178 0.120593
175.14 0.120622
175.104 0.120651
175.065 0.12068
175.029 0.120709
174.989 0.120738
174.951 0.120767
174.915 0.120795
174.876 0.120824
174.838 0.120853
174.804 0.120882
174.762 0.120911
174.723 0.12094
174.685 0.120969
174.648 0.120998
174.611 0.121027
174.571 0.121056
174.534 0.121085
174.495 0.121114
174.458 0.121143
174.412 0.121172
174.383 0.121201
174.345 0.12123
174.307 0.121259
174.268 0.121288
174.232 0.121317
174.193 0.121346
174.155 0.121374
174.116 0.121403
174.078 0.121432
174.042 0.121461
174.005 0.12149
173.966 0.121519
173.93 0.121548
173.89 0.121577
173.852 0.121606
173.813 0.121635
173.777 0.121664
173.739 0.121693
173.7 0.121722
173.661 0.121751
173.625 0.12178
173.586 0.121809
173.549 0.121838
173.511 0.121867
173.473 0.121896
173.437 0.121924
173.398 0.121953
173.359 0.121982
173.321 0.122011
173.284 0.12204
173.248 0.122069
173.21 0.122098
173.17 0.122127
173.133 0.122156
173.095 0.122185
173.057 0.122214
173.019 0.122243
172.979 0.122272
172.942 0.122301
172.904 0.12233
172.867 0.122359
172.83 0.122388
172.79 0.122416
172.753 0.122445
172.713 0.122474
172.678 0.122503
172.637 0.122532
172.601 0.122561
172.568 0.12259
172.526 0.122619
172.488 0.122648
172.451 0.122677
172.412 0.122706
172.372 0.122735
172.335 0.122764
172.303 0.122793
172.261 0.122822
172.218 0.122851
172.186 0.12288
172.143 0.122909
172.108 0.122938
172.075 0.122966
172.032 0.122995
171.998 0.123025
171.961 0.123053
171.921 0.123082
171.881 0.123111
171.843 0.12314
171.806 0.123169
171.766 0.123198
171.729 0.123227
171.696 0.123256
171.654 0.123285
171.617 0.123314
171.578 0.123343
171.54 0.123372
171.503 0.123401
171.47 0.12343
171.428 0.123459
171.388 0.123488
171.351 0.123517
171.315 0.123546
171.271 0.123574
171.237 0.123603
171.2 0.123632
171.162 0.123661
171.124 0.12369
171.087 0.123719
171.04 0.123748
171.024 0.123777
170.971 0.123806
170.929 0.123835
170.896 0.123864
170.859 0.123893
170.819 0.123922
170.785 0.123951
170.744 0.12398
170.706 0.124009
170.668 0.124038
170.624 0.124066
170.591 0.124095
170.554 0.124124
170.515 0.124153
170.488 0.124182
170.441 0.124211
170.402 0.12424
170.362 0.124269
170.328 0.124298
170.296 0.124327
170.249 0.124356
170.213 0.124385
170.175 0.124414
170.138 0.124443
170.1 0.124472
170.062 0.124501
170.025 0.12453
169.977 0.124559
169.955 0.124588
169.912 0.124617
169.873 0.124645
169.835 0.124674
169.798 0.124703
169.76 0.124732
169.722 0.124761
169.683 0.12479
169.646 0.124819
169.607 0.124848
169.571 0.124877
169.534 0.124906
169.495 0.124935
169.457 0.124964
169.418 0.124993
169.38 0.125022
169.343 0.125051
169.305 0.12508
169.273 0.125109
169.226 0.125138
169.19 0.125167
169.153 0.125195
169.115 0.125224
169.079 0.125253
169.039 0.125282
169.002 0.125311
168.966 0.12534
168.925 0.125369
168.886 0.125398
168.851 0.125427
168.812 0.125456
168.773 0.125485
168.736 0.125514
168.7 0.125543
168.661 0.125572
168.623 0.125601
168.585 0.12563
168.563 0.125659
168.509 0.125688
168.476 0.125716
168.434 0.125745
168.395 0.125774
168.358 0.125803
168.318 0.125832
168.286 0.125861
168.241 0.12589
168.206 0.125919
168.166 0.125948
168.13 0.125977
168.092 0.126006
168.056 0.126035
168.016 0.126064
167.978 0.126093
167.939 0.126122
167.902 0.126151
167.867 0.12618
167.827 0.126209
167.789 0.126238
167.745 0.126267
167.713 0.126295
167.676 0.126324
167.636 0.126353
167.596 0.126382
167.56 0.126411
167.524 0.12644
167.485 0.126469
167.463 0.126498
167.412 0.126527
167.372 0.126556
167.34 0.126585
167.299 0.126614
167.258 0.126643
167.22 0.126672
167.179 0.126701
167.145 0.12673
167.109 0.126759
167.069 0.126788
167.03 0.126816
166.993 0.126845
166.957 0.126874
166.917 0.126903
166.88 0.126932
166.841 0.126961
166.802 0.12699
166.766 0.127019
166.724 0.127048
166.689 0.127077
166.638 0.127106
166.614 0.127135
166.578 0.127164
166.539 0.127193
166.5 0.127222
166.463 0.127251
166.422 0.12728
166.388 0.127309
166.35 0.127338
166.311 0.127366
166.277 0.127395
166.236 0.127424
166.195 0.127453
166.156 0.127482
166.119 0.127511
166.079 0.12754
166.039 0.127569
166.002 0.127597
165.964 0.127626
165.925 0.127655
165.886 0.127684
165.847 0.127713
165.805 0.127742
165.77 0.127771
165.733 0.1278
165.693 0.127828
165.655 0.127857
165.615 0.127886
165.577 0.127915
165.54 0.127944
165.501 0.127973
165.46 0.128002
165.42 0.12803
165.383 0.128059
165.343 0.128088
165.305 0.128117
165.268 0.128146
165.225 0.128175
165.19 0.128203
165.151 0.128232
165.113 0.128261
165.075 0.12829
165.035 0.128319
164.996 0.128348
164.957 0.128377
164.916 0.128405
164.876 0.128434
164.843 0.128463
164.804 0.128492
164.763 0.128521
164.728 0.12855
164.682 0.128579
164.649 0.128607
164.611 0.128636
164.57 0.128665
164.533 0.128694
164.495 0.128723
164.456 0.128752
164.416 0.128781
164.377 0.128809
164.34 0.128838
164.299 0.128867
164.262 0.128896
164.225 0.128925
164.185 0.128954
164.145 0.128983
164.104 0.129011
164.066 0.12904
164.026 0.129069
163.985 0.129098
163.947 0.129126
163.898 0.129155
163.87 0.129184
163.821 0.129213
163.788 0.129241
163.751 0.12927
163.709 0.129299
163.669 0.129328
163.631 0.129356
163.592 0.129385
163.553 0.129414
163.512 0.129443
163.473 0.129471
163.433 0.1295
163.393 0.129529
163.353 0.129558
163.316 0.129586
163.274 0.129615
163.235 0.129644
163.195 0.129673
163.158 0.129701
163.119 0.12973
163.077 0.129759
163.04 0.129788
162.993 0.129817
162.959 0.129845
162.921 0.129874
162.88 0.129903
162.84 0.129931
162.799 0.12996
162.754 0.129989
162.724 0.130018
162.682 0.130046
162.644 0.130075
162.604 0.130104
162.562 0.130133
162.524 0.130161
162.485 0.13019
162.444 0.130219
162.404 0.130248
162.365 0.130276
162.314 0.130305
162.286 0.130334
162.252 0.130363
162.202 0.130392
162.168 0.13042
162.125 0.130449
162.087 0.130478
162.049 0.130507
162.007 0.130535
161.986 0.130564
161.928 0.130593
161.894 0.130622
161.845 0.13065
161.811 0.130679
161.774 0.130708
161.734 0.130737
161.695 0.130765
161.653 0.130794
161.614 0.130823
161.575 0.130852
161.534 0.13088
161.489 0.130909
161.449 0.130938
161.421 0.130967
161.375 0.130995
161.338 0.131024
161.296 0.131053
161.258 0.131082
161.218 0.13111
161.18 0.131139
161.139 0.131168
161.099 0.131197
161.06 0.131225
161.024 0.131254
160.982 0.131283
160.943 0.131312
160.901 0.13134
160.862 0.131369
160.816 0.131398
160.784 0.131427
160.743 0.131455
160.704 0.131484
160.665 0.131513
160.626 0.131542
160.588 0.13157
160.546 0.131599
160.506 0.131628
160.467 0.131657
160.426 0.131685
160.384 0.131714
160.337 0.131743
160.303 0.131772
160.269 0.1318
160.234 0.131829
160.19 0.131858
160.15 0.131887
160.121 0.131915
160.074 0.131944
160.033 0.131973
159.987 0.132002
159.952 0.13203
159.913 0.132059
159.873 0.132088
159.835 0.132117
159.795 0.132145
159.75 0.132174
159.715 0.132203
159.679 0.132232
159.638 0.132261
159.599 0.132289
159.555 0.132318
159.517 0.132347
159.477 0.132375
159.446 0.132404
159.4 0.132433
159.361 0.132462
159.32 0.132491
159.281 0.132519
159.246 0.132548
159.202 0.132577
159.154 0.132605
159.121 0.132634
159.081 0.132663
159.043 0.132692
159.009 0.132721
158.961 0.132749
158.926 0.132778
158.886 0.132807
158.846 0.132836
158.803 0.132864
158.768 0.132893
158.728 0.132922
158.684 0.132951
158.658 0.132979
158.609 0.133008
158.568 0.133037
158.529 0.133066
158.489 0.133094
158.446 0.133123
158.411 0.133152
158.372 0.133181
158.331 0.133209
158.292 0.133238
158.247 0.133267
158.212 0.133296
158.175 0.133324
158.133 0.133353
158.094 0.133382
158.053 0.133411
158.021 0.13344
157.975 0.133468
157.933 0.133497
157.896 0.133526
157.854 0.133554
157.819 0.133583
157.778 0.133612
157.738 0.133641
157.699 0.13367
157.661 0.133698
157.62 0.133727
157.579 0.133756
157.541 0.133785
157.502 0.133813
157.461 0.133842
157.423 0.133871
157.385 0.1339
157.343 0.133928
157.308 0.133957
157.264 0.133986
157.222 0.134015
157.186 0.134043
157.146 0.134072
157.106 0.134101
157.067 0.13413
157.028 0.134158
156.986 0.134187
156.947 0.134216
156.908 0.134245
156.868 0.134273
156.827 0.134302
156.791 0.134331
156.751 0.13436
156.717 0.134388
156.67 0.134417
156.631 0.134446
156.591 0.134475
156.552 0.134504
156.513 0.134532
156.476 0.134561
156.433 0.13459
156.398 0.134618
156.356 0.134647
156.314 0.134676
156.276 0.134705
156.235 0.134733
156.196 0.134762
156.156 0.134791
156.117 0.13482
156.077 0.134848
156.038 0.134877
155.999 0.134906
155.96 0.134935
155.92 0.134964
155.88 0.134992
155.838 0.135021
155.8 0.13505
155.761 0.135078
155.722 0.135107
155.682 0.135136
155.641 0.135165
155.603 0.135193
155.562 0.135222
155.523 0.135251
155.486 0.13528
155.445 0.135308
155.405 0.135337
155.367 0.135366
155.325 0.135395
155.286 0.135423
155.248 0.135452
155.21 0.135481
155.167 0.13551
155.127 0.135538
155.089 0.135567
155.051 0.135596
155.009 0.135625
154.967 0.135654
154.931 0.135682
154.894 0.135711
154.864 0.13574
154.812 0.135769
154.773 0.135797
154.732 0.135826
154.694 0.135855
154.655 0.135884
154.611 0.135913
154.57 0.135941
154.537 0.13597
154.496 0.135999
154.454 0.136027
154.415 0.136056
154.378 0.136085
154.335 0.136114
154.298 0.136142
154.255 0.136171
154.218 0.1362
154.178 0.136229
154.14 0.136257
154.101 0.136286
154.06 0.136315
154.018 0.136344
153.981 0.136372
153.941 0.136401
153.897 0.13643
153.863 0.136459
153.823 0.136487
153.784 0.136516
153.744 0.136545
153.705 0.136574
153.663 0.136602
153.626 0.136631
153.584 0.13666
153.546 0.136689
153.507 0.136717
153.467 0.136746
153.425 0.136775
153.391 0.136804
153.346 0.136833
153.31 0.136861
153.269 0.13689
153.229 0.136919
153.19 0.136947
153.151 0.136976
153.11 0.137005
153.07 0.137034
153.033 0.137063
152.991 0.137091
152.954 0.13712
152.913 0.137149
152.874 0.137177
152.835 0.137206
152.8 0.137235
152.757 0.137264
152.715 0.137292
152.677 0.137321
152.637 0.13735
152.595 0.137379
152.556 0.137408
152.519 0.137436
152.475 0.137465
152.436 0.137494
152.4 0.137523
152.358 0.137551
152.328 0.13758
152.28 0.137609
152.241 0.137638
152.202 0.137666
152.164 0.137695
152.121 0.137724
152.085 0.137753
152.044 0.137781
152.004 0.13781
151.964 0.137839
151.925 0.137868
151.886 0.137896
151.845 0.137925
151.806 0.137954
151.766 0.137983
151.727 0.138012
151.688 0.13804
151.648 0.138069
151.6 0.138098
151.568 0.138126
151.529 0.138155
151.486 0.138184
151.447 0.138213
151.411 0.138242
151.375 0.13827
151.332 0.138299
151.293 0.138328
151.254 0.138357
151.214 0.138385
151.167 0.138414
151.152 0.138443
151.094 0.138471
151.055 0.1385
151.015 0.138529
150.98 0.138558
150.936 0.138586
150.898 0.138615
150.858 0.138644
150.818 0.138673
150.779 0.138702
150.739 0.13873
150.699 0.138759
150.66 0.138788
150.621 0.138817
150.58 0.138845
150.542 0.138874
150.501 0.138903
150.463 0.138932
150.423 0.13896
150.384 0.138989
150.344 0.139018
150.302 0.139047
150.265 0.139075
150.223 0.139104
150.187 0.139133
150.143 0.139162
150.105 0.13919
150.065 0.139219
150.027 0.139248
149.987 0.139277
149.95 0.139305
149.911 0.139334
149.867 0.139363
149.829 0.139392
149.789 0.13942
149.751 0.139449
149.711 0.139478
149.67 0.139507
149.638 0.139535
149.592 0.139564
149.553 0.139593
149.512 0.139622
149.475 0.13965
149.437 0.139679
149.4 0.139708
149.356 0.139737
149.315 0.139765
149.277 0.139794
149.235 0.139823
149.198 0.139852
149.157 0.13988
149.117 0.139909
149.076 0.139938
149.04 0.139967
149 0.139996
148.958 0.140024
148.917 0.140053
148.88 0.140082
148.841 0.140111
148.8 0.140139
148.761 0.140168
148.723 0.140197
148.681 0.140225
148.642 0.140254
148.604 0.140283
148.565 0.140312
148.524 0.14034
148.483 0.140369
148.445 0.140398
148.404 0.140427
148.367 0.140456
148.327 0.140484
148.286 0.140513
148.247 0.140542
148.209 0.14057
148.168 0.140599
148.128 0.140628
148.089 0.140657
148.05 0.140686
148.011 0.140714
147.97 0.140743
147.932 0.140772
147.892 0.140801
147.852 0.140829
147.811 0.140858
147.773 0.140887
147.733 0.140916
147.694 0.140944
147.656 0.140973
147.614 0.141002
147.574 0.141031
147.533 0.141059
147.495 0.141088
147.456 0.141117
147.413 0.141146
147.375 0.141174
147.34 0.141203
147.299 0.141232
147.256 0.141261
147.22 0.141289
147.179 0.141318
147.139 0.141347
147.101 0.141376
147.062 0.141405
147.017 0.141433
146.983 0.141462
146.942 0.141491
146.902 0.141519
146.863 0.141548
146.823 0.141577
146.785 0.141606
146.745 0.141634
146.707 0.141663
146.665 0.141692
146.626 0.141721
146.582 0.14175
146.548 0.141778
146.506 0.141807
146.468 0.141836
146.427 0.141864
146.389 0.141893
146.35 0.141922
146.319 0.141951
146.27 0.14198
146.231 0.142008
146.188 0.142037
146.152 0.142066
146.107 0.142095
146.074 0.142123
146.033 0.142152
145.995 0.142181
145.954 0.14221
145.915 0.142238
145.872 0.142267
145.846 0.142296
145.796 0.142324
145.756 0.142353
145.717 0.142382
145.676 0.142411
145.636 0.142439
145.597 0.142468
145.557 0.142497
145.519 0.142526
145.48 0.142555
145.438 0.142583
145.4 0.142612
145.36 0.142641
145.319 0.14267
145.282 0.142698
145.242 0.142727
145.202 0.142756
145.163 0.142785
145.122 0.142813
145.084 0.142842
145.044 0.142871
145.002 0.1429
144.965 0.142928
144.924 0.142957
144.885 0.142986
144.845 0.143015
144.808 0.143043
144.764 0.143072
144.724 0.143101
144.687 0.14313
144.648 0.143158
144.61 0.143187
144.57 0.143216
144.529 0.143245
144.49 0.143273
144.451 0.143302
144.412 0.143331
144.372 0.14336
144.332 0.143389
144.294 0.143417
144.254 0.143446
144.211 0.143475
144.175 0.143504
144.135 0.143532
144.093 0.143561
144.056 0.14359
144.018 0.143619
143.972 0.143647
143.936 0.143676
143.896 0.143705
143.858 0.143734
143.818 0.143762
143.778 0.143791
143.737 0.14382
143.696 0.143848
143.66 0.143877
143.622 0.143906
143.581 0.143935
143.541 0.143964
143.504 0.143992
143.463 0.144021
143.423 0.14405
143.383 0.144079
143.348 0.144107
143.303 0.144136
