0.2 1.53503e-08
0.4 1.44425e-08
0.6 1.4462e-08
0.8 1.44617e-08
1 1.44617e-08
0.583175 3.02841e-05
1.16593 6.05574e-05
1.7492 9.08275e-05
2.33204 0.0001211
2.91483 0.000151371
3.49798 0.000181642
4.08102 0.000211913
4.66389 0.000242185
5.24688 0.000272456
5.82991 0.000302728
6.41313 0.000332996
6.99593 0.00036327
7.5789 0.000393541
8.16182 0.000423812
8.74487 0.000454084
9.3277 0.000484356
9.91085 0.000514627
10.494 0.000544897
11.0767 0.00057517
11.6596 0.00060544
12.2428 0.000635712
12.8259 0.000665986
13.4084 0.00069625
13.9919 0.000726523
14.575 0.000756796
15.1577 0.000787068
15.7408 0.000817339
16.3241 0.000847609
16.9066 0.000877882
17.4897 0.000908154
18.0728 0.000938425
18.6556 0.000968698
19.239 0.000998963
19.8217 0.00102924
20.4046 0.00105951
20.9877 0.00108978
21.5707 0.00112005
22.1536 0.00115032
22.7368 0.00118059
23.3196 0.00121087
23.9027 0.00124114
24.4856 0.00127141
25.0687 0.00130168
25.6514 0.00133195
26.2345 0.00136222
26.8173 0.0013925
27.4001 0.00142277
27.9835 0.00145304
28.5664 0.00148331
29.1497 0.00151358
29.7323 0.00154385
30.3155 0.00157412
30.8985 0.00160439
31.4814 0.00163467
32.0646 0.00166494
32.6473 0.00169521
33.2304 0.00172548
33.8135 0.00175575
34.3962 0.00178602
34.9792 0.00181629
35.5623 0.00184657
36.1456 0.00187684
36.7284 0.00190711
37.3113 0.00193738
37.8942 0.00196765
38.4773 0.00199792
39.0605 0.00202819
39.6434 0.00205846
40.2264 0.00208873
40.8093 0.00211901
41.3924 0.00214928
41.9754 0.00217955
42.5582 0.00220982
43.1412 0.00224009
43.7243 0.00227036
44.3073 0.00230064
44.8901 0.00233091
45.4734 0.00236118
46.056 0.00239145
46.6391 0.00242172
47.2225 0.00245199
47.8052 0.00248226
48.3881 0.00251253
48.9716 0.00254281
49.5542 0.00257308
50.1371 0.00260335
50.72 0.00263362
51.3034 0.00266389
51.8862 0.00269416
52.4691 0.00272443
53.0518 0.0027547
53.6351 0.00278498
54.2182 0.00281525
54.8009 0.00284552
55.3841 0.00287579
55.9673 0.00290606
56.5499 0.00293633
57.1326 0.0029666
57.7161 0.00299687
58.2989 0.00302715
58.882 0.00305742
59.465 0.00308769
60.0481 0.00311796
60.6311 0.00314823
61.2143 0.0031785
61.7969 0.00320877
62.38 0.00323904
62.9631 0.00326931
63.5459 0.00329959
64.1291 0.00332986
64.7113 0.00336013
65.2947 0.0033904
65.8781 0.00342067
66.4609 0.00345094
67.044 0.00348122
67.627 0.00351149
68.2098 0.00354176
68.7927 0.00357203
69.3758 0.0036023
69.9589 0.00363257
70.5418 0.00366284
71.1248 0.00369311
71.708 0.00372339
72.2908 0.00375366
72.874 0.00378393
73.4568 0.0038142
74.0399 0.00384447
74.6229 0.00387474
75.2059 0.00390501
75.7887 0.00393529
76.3718 0.00396556
76.9548 0.00399583
77.5377 0.0040261
78.1209 0.00405637
78.7038 0.00408664
79.2869 0.00411691
79.8697 0.00414718
80.4527 0.00417745
81.0357 0.00420773
81.6187 0.004238
82.202 0.00426827
82.7847 0.00429854
83.3678 0.00432881
83.9507 0.00435908
84.5336 0.00438935
85.1168 0.00441963
85.7 0.0044499
86.2825 0.00448017
86.8656 0.00451044
87.4485 0.00454071
88.0315 0.00457098
88.6145 0.00460126
89.1979 0.00463152
89.7806 0.0046618
90.3636 0.00469207
90.9465 0.00472234
91.5294 0.00475261
92.1127 0.00478288
92.6955 0.00481315
93.2786 0.00484342
93.8605 0.0048737
94.4451 0.00490397
95.0275 0.00493424
95.6104 0.00496451
96.1935 0.00499478
96.7765 0.00502505
97.3595 0.00505532
97.9425 0.00508559
98.5254 0.00511587
99.1084 0.00514614
99.6912 0.00517641
100.274 0.00520668
100.858 0.00523695
101.44 0.00526722
102.023 0.00529749
102.606 0.00532777
103.189 0.00535804
103.773 0.00538831
104.355 0.00541858
104.938 0.00544885
105.521 0.00547912
106.104 0.00550939
106.687 0.00553967
107.27 0.00556994
107.853 0.00560021
108.436 0.00563048
109.019 0.00566075
109.602 0.00569102
110.185 0.00572129
110.768 0.00575156
111.351 0.00578184
111.934 0.00581211
112.517 0.00584238
113.1 0.00587265
113.683 0.00590292
114.266 0.00593319
114.849 0.00596346
115.432 0.00599373
116.015 0.006024
116.598 0.00605428
117.181 0.00608455
117.764 0.00611482
118.347 0.00614509
118.93 0.00617536
119.513 0.00620563
120.096 0.00623591
120.679 0.00626618
121.262 0.00629645
121.845 0.00632672
122.428 0.00635699
123.011 0.00638726
123.594 0.00641753
124.177 0.0064478
124.76 0.00647808
125.343 0.00650835
125.926 0.00653862
126.51 0.00656889
127.092 0.00659915
127.675 0.00662943
128.258 0.0066597
128.841 0.00668997
129.424 0.00672024
130.007 0.00675052
130.59 0.00678079
131.173 0.00681106
131.747 0.00684141
132.287 0.00687204
132.828 0.00690267
133.368 0.0069333
133.908 0.00696394
134.448 0.00699457
134.988 0.0070252
135.529 0.00705583
136.068 0.00708647
136.609 0.0071171
137.148 0.00714773
137.689 0.00717837
138.23 0.007209
138.752 0.00724028
139.263 0.00727206
139.773 0.00730385
140.283 0.00733563
140.793 0.00736741
141.303 0.0073992
141.814 0.00743098
142.324 0.00746276
142.834 0.00749455
143.344 0.00752633
143.854 0.00755811
144.364 0.0075899
144.822 0.0076218
145.254 0.00765372
145.676 0.00768567
146.099 0.00771762
146.516 0.00774959
146.886 0.00778165
147.257 0.00781372
147.627 0.00784579
147.997 0.00787785
148.368 0.00790992
148.738 0.00794198
149.108 0.00797406
149.479 0.00800612
149.849 0.00803818
150.219 0.00807025
150.59 0.00810232
150.96 0.00813439
151.331 0.00816646
151.7 0.00819852
152.071 0.00823058
152.442 0.00826265
152.812 0.00829472
153.183 0.00832678
153.552 0.00835885
153.922 0.00839092
154.293 0.00842299
154.663 0.00845505
155.034 0.00848712
155.404 0.00851919
155.774 0.00855125
156.145 0.00858332
156.516 0.00861538
156.887 0.00864745
157.256 0.00867952
157.627 0.00871158
157.996 0.00874365
158.367 0.00877572
158.737 0.00880778
159.107 0.00883985
159.477 0.00887192
159.847 0.00890399
160.218 0.00893605
160.588 0.00896812
160.96 0.00900018
161.33 0.00903225
161.7 0.00906431
162.07 0.00909638
162.44 0.00912845
162.811 0.00916051
163.181 0.00919258
163.552 0.00922465
163.922 0.00925672
164.292 0.00928878
164.663 0.00932085
165.033 0.00935292
165.404 0.00938498
165.773 0.00941705
166.145 0.00944911
166.514 0.00948118
166.884 0.00951325
167.255 0.00954531
167.626 0.00957738
167.996 0.00960945
168.366 0.00964151
168.736 0.00967358
169.107 0.00970565
169.476 0.00973776
169.837 0.00977017
170.191 0.0098029
170.542 0.00983568
170.893 0.00986851
171.216 0.00990253
171.532 0.00993666
171.851 0.00997079
172.16 0.0100053
172.443 0.0100408
172.727 0.0100763
173.011 0.0101118
173.295 0.0101474
173.577 0.0101829
173.861 0.0102184
174.144 0.0102539
174.428 0.0102894
174.712 0.010325
174.995 0.0103605
175.278 0.010396
175.561 0.0104315
175.845 0.0104671
176.128 0.0105026
176.412 0.0105381
176.697 0.0105736
176.979 0.0106091
177.262 0.0106447
177.545 0.0106802
177.829 0.0107157
178.112 0.0107512
178.395 0.0107867
178.679 0.0108223
178.962 0.0108578
179.248 0.0108933
179.53 0.0109288
179.813 0.0109644
180.097 0.0109999
180.38 0.0110354
180.663 0.0110709
180.947 0.0111064
181.23 0.011142
181.514 0.0111775
181.797 0.011213
182.081 0.0112485
182.365 0.011284
182.647 0.0113196
182.931 0.0113551
183.214 0.0113906
183.498 0.0114261
183.781 0.0114617
184.066 0.0114972
184.347 0.0115327
184.631 0.0115682
184.914 0.0116037
185.198 0.0116393
185.481 0.0116748
185.765 0.0117103
186.049 0.0117458
186.333 0.0117813
186.615 0.0118169
186.893 0.011852
187.149 0.0118859
187.397 0.0119193
187.647 0.0119528
187.896 0.0119862
188.146 0.0120196
188.394 0.0120531
188.643 0.0120865
188.891 0.0121199
189.093 0.0121505
189.248 0.0121783
189.34 0.0122029
189.453 0.0122277
189.543 0.0122523
189.681 0.0122773
189.759 0.0123018
189.857 0.0123265
189.968 0.0123512
190.076 0.012376
190.174 0.0124006
190.277 0.0124253
190.39 0.0124501
190.476 0.0124747
190.587 0.0124995
190.691 0.0125241
190.794 0.0125489
190.905 0.0125736
190.997 0.0125983
191.1 0.012623
191.203 0.0126477
191.312 0.0126724
191.407 0.012697
191.514 0.0127218
191.619 0.0127465
191.718 0.0127711
191.814 0.0127959
191.924 0.0128205
192.027 0.0128453
192.131 0.01287
192.23 0.0128946
192.337 0.0129194
192.441 0.0129441
192.542 0.0129688
192.646 0.0129935
192.748 0.0130182
192.853 0.0130429
192.951 0.0130675
193.058 0.0130923
193.16 0.0131169
193.264 0.0131417
193.364 0.0131663
193.481 0.0131911
193.575 0.0132158
193.675 0.0132405
193.779 0.0132652
193.883 0.0132899
193.982 0.0133146
194.087 0.0133393
194.189 0.0133641
194.293 0.0133888
194.393 0.0134136
194.496 0.0134384
194.595 0.0134631
194.698 0.013488
194.804 0.0135128
194.903 0.0135376
195.007 0.0135624
195.107 0.0135872
195.21 0.013612
195.317 0.0136367
195.412 0.0136616
195.515 0.0136863
195.617 0.0137111
195.72 0.0137359
195.826 0.0137608
195.927 0.0137855
196.027 0.0138103
196.128 0.0138351
196.23 0.0138599
196.329 0.0138847
196.439 0.0139096
196.535 0.0139343
196.645 0.0139592
196.736 0.0139839
196.838 0.0140086
196.959 0.0140336
197.046 0.0140583
197.149 0.0140831
197.251 0.0141078
197.351 0.0141327
197.453 0.0141574
197.552 0.0141822
197.653 0.014207
197.761 0.0142318
197.85 0.0142565
197.966 0.0142814
198.073 0.0143062
198.168 0.014331
198.274 0.0143558
198.371 0.0143806
198.473 0.0144054
198.576 0.0144301
198.677 0.0144549
198.782 0.0144798
198.882 0.0145046
198.982 0.0145294
199.082 0.0145541
199.189 0.0145789
199.29 0.0146037
199.39 0.0146285
199.498 0.0146532
199.595 0.0146781
199.698 0.0147029
199.797 0.0147277
199.903 0.0147525
200.003 0.0147773
200.106 0.0148021
200.207 0.0148269
200.309 0.0148517
200.407 0.0148765
200.517 0.0149012
200.614 0.0149261
200.716 0.0149508
200.824 0.0149756
200.924 0.0150004
201.022 0.0150252
201.124 0.01505
201.226 0.0150748
201.329 0.0150996
201.432 0.0151244
201.532 0.0151492
201.634 0.015174
201.739 0.0151988
201.839 0.0152236
201.941 0.0152483
202.046 0.0152731
202.152 0.0152979
202.246 0.0153227
202.351 0.0153475
202.449 0.0153723
202.555 0.0153971
202.654 0.0154219
202.754 0.0154467
202.859 0.0154715
202.96 0.0154963
203.064 0.0155212
203.164 0.0155459
203.265 0.0155707
203.368 0.0155955
203.469 0.0156203
203.572 0.0156451
203.672 0.0156699
203.776 0.0156947
203.873 0.0157195
203.976 0.0157443
204.071 0.0157691
204.175 0.015794
204.264 0.0158189
204.36 0.0158437
204.458 0.0158686
204.552 0.0158935
204.65 0.0159184
204.746 0.0159432
204.842 0.0159681
204.938 0.0159929
205.034 0.0160178
205.13 0.0160427
205.218 0.0160676
205.315 0.0160926
205.409 0.0161177
205.482 0.0161426
205.565 0.0161676
205.655 0.0161925
205.762 0.0162176
205.831 0.0162425
205.918 0.0162675
206.005 0.0162925
206.088 0.0163175
206.174 0.0163426
206.259 0.0163676
206.332 0.0163928
206.411 0.0164179
206.489 0.016443
206.573 0.0164681
206.646 0.0164932
206.725 0.0165183
206.804 0.0165434
206.882 0.0165686
206.961 0.0165937
207.044 0.0166187
207.118 0.0166439
207.19 0.016669
207.264 0.016694
207.354 0.0167192
207.433 0.0167443
207.512 0.0167694
207.59 0.0167945
207.669 0.0168196
207.782 0.0168451
207.828 0.0168699
207.905 0.016895
208.005 0.0169203
208.057 0.0169452
208.141 0.0169703
208.216 0.0169954
208.301 0.0170206
208.376 0.0170457
208.456 0.0170707
208.535 0.0170958
208.612 0.0171209
208.693 0.0171461
208.769 0.0171711
208.848 0.0171963
208.927 0.0172214
209.004 0.0172464
209.085 0.0172716
209.157 0.0172966
209.242 0.0173218
209.322 0.0173469
209.4 0.017372
209.447 0.0173972
209.582 0.0174223
209.633 0.0174474
209.702 0.0174724
209.793 0.0174976
209.859 0.0175227
209.95 0.0175478
210.029 0.0175729
210.099 0.0175979
210.194 0.0176232
210.265 0.0176482
210.344 0.0176733
210.422 0.0176984
210.511 0.0177236
210.582 0.0177487
210.669 0.0177738
210.737 0.0177989
210.816 0.017824
210.893 0.0178491
210.973 0.0178742
211.052 0.0178993
211.131 0.0179244
211.21 0.0179495
211.288 0.0179746
211.379 0.0179998
211.447 0.0180248
211.524 0.01805
211.601 0.0180751
211.68 0.0181002
211.759 0.0181253
211.838 0.0181504
211.909 0.0181754
211.995 0.0182007
212.083 0.0182258
212.15 0.0182508
212.232 0.0182759
212.313 0.0183011
212.393 0.0183261
212.47 0.0183513
212.546 0.0183764
212.613 0.0184014
212.719 0.0184267
212.782 0.0184517
212.865 0.0184768
212.941 0.0185019
213.018 0.018527
213.096 0.0185521
213.171 0.0185772
213.257 0.0186023
213.333 0.0186275
213.408 0.0186525
213.49 0.0186777
213.556 0.0187028
213.667 0.018728
213.731 0.018753
213.813 0.0187782
213.885 0.0188032
213.962 0.0188283
214.043 0.0188534
214.117 0.0188785
214.191 0.0189036
214.277 0.0189288
214.34 0.0189538
214.458 0.0189791
214.515 0.0190041
214.597 0.0190293
214.674 0.0190543
214.753 0.0190794
214.828 0.0191045
214.91 0.0191297
214.986 0.0191548
215.057 0.0191798
215.138 0.019205
215.218 0.01923
215.3 0.0192552
215.381 0.0192803
215.457 0.0193054
215.535 0.0193305
215.615 0.0193556
215.706 0.0193808
215.772 0.0194058
215.848 0.0194309
215.924 0.019456
216.011 0.0194812
216.085 0.0195063
216.164 0.0195314
216.244 0.0195565
216.323 0.0195816
216.4 0.0196067
216.479 0.0196318
216.557 0.0196569
216.64 0.019682
216.715 0.0197072
216.806 0.0197324
216.87 0.0197577
216.95 0.0197829
217.019 0.0198083
217.097 0.0198337
217.168 0.019859
217.248 0.0198844
217.327 0.0199098
217.402 0.0199352
217.473 0.0199606
217.551 0.019986
217.62 0.0200113
217.7 0.0200367
217.769 0.0200621
217.848 0.0200875
217.927 0.0201129
217.999 0.0201383
218.079 0.0201637
218.145 0.020189
218.226 0.0202144
218.305 0.0202399
218.379 0.0202652
218.42 0.0202906
218.56 0.020316
218.605 0.0203414
218.683 0.0203668
218.756 0.0203921
218.834 0.0204175
218.897 0.0204428
218.981 0.0204683
219.058 0.0204937
219.133 0.020519
219.207 0.0205445
219.277 0.0205704
219.348 0.0205962
219.355 0.020622
219.488 0.0206479
219.557 0.0206737
219.633 0.0206996
219.698 0.0207253
219.764 0.0207511
219.841 0.0207772
219.898 0.0208036
219.968 0.0208298
220.037 0.0208562
220.096 0.0208824
220.164 0.0209086
220.235 0.020935
220.291 0.0209613
220.358 0.0209876
220.422 0.0210138
220.488 0.0210401
220.553 0.0210664
220.619 0.0210927
220.685 0.021119
220.753 0.0211453
220.814 0.0211716
220.879 0.0211978
220.946 0.0212242
221.01 0.0212504
221.072 0.0212767
221.137 0.021303
221.204 0.0213292
221.268 0.0213555
221.337 0.0213818
221.397 0.0214081
221.465 0.0214344
221.525 0.0214605
221.6 0.021487
221.674 0.0215135
221.715 0.0215395
221.791 0.0215658
221.837 0.0215921
221.918 0.0216184
221.987 0.0216447
222.051 0.021671
222.116 0.0216973
222.181 0.0217235
222.25 0.0217499
222.311 0.0217761
222.377 0.0218025
222.442 0.0218287
222.509 0.0218551
222.572 0.0218813
222.637 0.0219076
222.702 0.0219339
222.767 0.0219601
222.832 0.0219864
222.895 0.0220126
222.956 0.0220389
223.028 0.0220653
223.1 0.0220917
223.158 0.0221179
223.212 0.022144
223.285 0.0221703
223.355 0.0221967
223.418 0.022223
223.484 0.0222493
223.548 0.0222756
223.607 0.0223016
223.679 0.0223282
223.742 0.0223544
223.799 0.0223806
223.87 0.0224069
223.944 0.0224335
224.009 0.0224596
224.072 0.022486
224.136 0.0225122
224.204 0.0225385
224.265 0.0225647
224.329 0.022591
224.395 0.0226173
224.46 0.0226436
224.524 0.0226699
224.604 0.0226964
224.656 0.0227224
224.723 0.0227487
224.786 0.022775
224.846 0.0228013
224.912 0.0228275
224.983 0.0228539
225.039 0.0228802
225.113 0.0229065
225.173 0.0229327
225.241 0.022959
225.307 0.0229853
225.368 0.0230115
225.433 0.0230379
225.498 0.0230641
225.566 0.0230905
225.632 0.0231167
225.69 0.0231428
225.763 0.0231691
225.827 0.0231956
225.892 0.0232219
225.956 0.0232482
226.023 0.0232745
226.088 0.0233008
226.154 0.023327
226.218 0.0233533
226.284 0.0233796
226.349 0.0234059
226.41 0.0234322
226.48 0.0234586
226.544 0.0234847
226.61 0.023511
226.675 0.0235373
226.736 0.0235636
226.804 0.0235899
226.869 0.0236162
226.94 0.0236424
227.002 0.0236687
227.065 0.023695
227.13 0.0237213
227.195 0.0237476
227.259 0.0237739
227.325 0.0238002
227.391 0.0238265
227.455 0.0238527
227.52 0.0238791
227.586 0.0239053
227.651 0.0239316
227.715 0.0239579
227.781 0.0239842
227.845 0.0240105
227.911 0.0240367
227.976 0.024063
228.043 0.0240893
228.107 0.0241156
228.171 0.0241419
228.236 0.0241682
228.302 0.0241945
228.367 0.0242208
228.428 0.024247
228.496 0.0242733
228.562 0.0242996
228.628 0.0243259
228.694 0.0243522
228.757 0.0243785
228.828 0.0244048
228.889 0.024431
228.953 0.0244573
229.034 0.0244838
229.076 0.02451
229.153 0.024537
229.203 0.0245635
229.243 0.02459
229.325 0.0246168
229.386 0.0246434
229.447 0.02467
229.509 0.0246967
229.57 0.0247233
229.631 0.02475
229.69 0.0247767
229.754 0.0248033
229.832 0.0248301
229.876 0.0248566
229.937 0.0248832
229.998 0.0249099
230.064 0.0249365
230.11 0.024963
230.183 0.0249898
230.239 0.0250164
230.309 0.025043
230.365 0.0250698
230.427 0.0250964
230.484 0.0251229
230.544 0.0251498
230.603 0.0251768
230.66 0.025204
230.716 0.0252311
230.773 0.0252582
230.828 0.0252853
230.885 0.0253124
230.95 0.0253396
230.999 0.0253665
231.067 0.0253939
231.109 0.0254208
231.172 0.0254478
231.226 0.0254748
231.281 0.0255019
231.342 0.025529
231.394 0.0255561
231.451 0.0255832
231.507 0.0256103
231.561 0.0256374
231.619 0.0256644
231.676 0.0256915
231.735 0.0257186
231.789 0.0257457
231.846 0.0257728
231.905 0.0257999
231.959 0.025827
232.015 0.0258541
232.073 0.0258811
232.128 0.0259082
232.187 0.0259353
232.242 0.0259624
232.298 0.0259895
232.355 0.0260165
232.41 0.0260436
232.468 0.0260707
232.523 0.0260978
232.581 0.0261248
232.635 0.026152
232.692 0.0261791
232.749 0.0262061
232.804 0.0262332
232.864 0.0262603
232.918 0.0262874
232.974 0.0263145
233.029 0.0263415
233.088 0.0263686
233.142 0.0263958
233.201 0.0264228
233.258 0.0264499
233.319 0.0264771
233.388 0.0265043
233.426 0.0265311
233.483 0.0265582
233.54 0.0265853
233.596 0.0266124
233.652 0.0266395
233.711 0.0266666
233.757 0.0266937
233.822 0.0267208
233.879 0.0267478
233.935 0.0267749
233.992 0.026802
234.046 0.0268291
234.105 0.0268559
234.161 0.0268832
234.216 0.0269103
234.273 0.0269374
234.33 0.0269645
234.386 0.0269916
234.447 0.0270187
234.497 0.0270456
234.555 0.0270728
234.609 0.0270998
234.672 0.0271272
234.727 0.0271541
234.786 0.0271812
234.838 0.0272082
234.894 0.0272353
234.954 0.0272625
235.001 0.0272894
235.066 0.0273165
235.12 0.0273437
235.173 0.0273707
235.226 0.0273977
235.296 0.027425
235.354 0.027452
235.403 0.0274791
235.456 0.0275061
235.517 0.0275332
235.567 0.0275603
235.629 0.0275874
235.685 0.0276145
235.736 0.0276415
235.809 0.0276687
235.855 0.0276957
235.899 0.0277226
235.967 0.0277501
236.023 0.0277771
236.072 0.0278042
236.141 0.0278315
236.187 0.0278585
236.246 0.0278856
236.311 0.027913
236.357 0.02794
236.413 0.0279671
236.468 0.0279943
236.528 0.0280214
236.58 0.0280486
236.634 0.0280758
236.693 0.0281029
236.736 0.02813
236.806 0.0281572
236.858 0.0281844
236.915 0.0282115
236.969 0.0282387
237.026 0.0282658
237.083 0.0282929
237.136 0.0283201
237.18 0.0283472
237.248 0.0283745
237.304 0.0284016
237.357 0.0284288
237.41 0.0284559
237.473 0.0284831
237.527 0.0285102
237.583 0.0285373
237.639 0.0285645
237.694 0.0285917
237.748 0.0286188
237.811 0.028646
237.858 0.0286731
237.936 0.0287002
237.973 0.0287274
238.029 0.0287546
238.084 0.0287817
238.142 0.0288089
238.19 0.028836
238.256 0.0288633
238.307 0.0288904
238.362 0.0289175
238.418 0.0289447
238.476 0.0289719
238.53 0.028999
238.595 0.0290262
238.64 0.0290533
238.697 0.0290804
238.757 0.0291076
238.806 0.0291348
238.864 0.0291619
238.917 0.029189
238.976 0.0292162
239.031 0.0292434
239.087 0.0292705
239.129 0.0292975
239.203 0.0293248
239.254 0.029352
239.316 0.0293791
239.37 0.0294062
239.426 0.0294335
239.478 0.0294606
239.532 0.0294877
239.587 0.0295147
239.651 0.0295421
239.701 0.0295693
239.751 0.0295963
239.819 0.0296235
239.864 0.0296506
239.924 0.0296778
239.977 0.0297049
240.033 0.0297321
240.089 0.0297593
240.149 0.0297863
240.207 0.0298136
240.256 0.0298407
240.323 0.029868
240.368 0.029895
240.423 0.0299222
240.473 0.0299493
240.529 0.0299765
240.585 0.0300036
240.644 0.0300309
240.696 0.0300581
240.763 0.0300853
240.784 0.0301123
240.864 0.0301399
240.91 0.030167
240.962 0.0301941
241.02 0.0302213
241.072 0.0302486
241.142 0.0302761
241.179 0.030303
241.219 0.0303302
241.293 0.0303577
241.298 0.030384
241.395 0.0304119
241.453 0.0304392
241.5 0.0304664
241.559 0.0304936
241.609 0.0305207
241.664 0.0305479
241.72 0.0305752
241.766 0.0306023
241.824 0.0306295
241.867 0.0306565
241.932 0.030684
241.985 0.0307112
242.04 0.0307384
242.091 0.0307657
242.142 0.0307933
242.192 0.0308208
242.242 0.0308484
242.29 0.0308758
242.341 0.0309036
242.391 0.0309312
242.441 0.0309588
242.491 0.0309864
242.54 0.031014
242.583 0.0310415
242.637 0.0310693
242.683 0.0310969
242.728 0.0311244
242.779 0.0311521
242.83 0.0311798
242.875 0.0312074
242.923 0.031235
242.971 0.0312627
243.019 0.0312903
243.065 0.0313178
243.09 0.0313455
243.171 0.0313733
243.211 0.0314008
243.273 0.0314287
243.31 0.0314562
243.351 0.0314836
243.406 0.0315114
243.45 0.031539
243.499 0.0315666
243.55 0.0315944
243.585 0.0316218
243.631 0.0316494
243.69 0.0316772
243.739 0.0317048
243.786 0.0317324
243.834 0.0317601
243.887 0.0317877
243.93 0.0318153
243.975 0.0318429
244.026 0.0318706
244.082 0.0318983
244.123 0.0319259
244.17 0.0319535
244.218 0.0319811
244.264 0.0320087
244.314 0.0320364
244.362 0.032064
244.421 0.0320921
244.463 0.0321194
244.523 0.0321473
244.554 0.0321746
244.601 0.0322022
244.652 0.0322299
244.714 0.0322577
244.745 0.0322851
244.794 0.0323127
244.828 0.0323403
244.889 0.032368
244.938 0.0323956
244.984 0.0324233
245.033 0.0324509
245.083 0.0324785
245.131 0.0325063
245.177 0.0325338
245.212 0.0325613
245.278 0.0325891
245.32 0.0326167
245.369 0.0326443
245.42 0.032672
245.471 0.0326997
245.516 0.0327274
245.559 0.0327548
245.608 0.0327825
245.66 0.0328102
245.701 0.0328377
245.751 0.0328654
245.793 0.0328929
245.848 0.0329208
245.894 0.0329483
245.943 0.0329758
245.99 0.0330038
246.04 0.0330312
246.088 0.0330588
246.136 0.0330865
246.184 0.033114
246.231 0.0331417
246.281 0.0331693
246.328 0.0331971
246.373 0.0332247
246.424 0.0332523
246.471 0.0332799
246.517 0.0333074
246.568 0.0333352
246.615 0.0333629
246.663 0.0333904
246.711 0.0334181
246.759 0.0334457
246.81 0.0334733
246.855 0.033501
246.902 0.0335286
246.948 0.0335562
246.996 0.0335838
247.047 0.0336115
247.095 0.0336392
247.145 0.0336668
247.188 0.0336944
247.238 0.033722
247.29 0.0337497
247.334 0.0337773
247.382 0.0338049
247.43 0.0338326
247.477 0.0338601
247.527 0.0338877
247.577 0.0339156
247.625 0.0339431
247.67 0.0339708
247.718 0.0339984
247.766 0.034026
247.814 0.0340536
247.862 0.0340813
247.91 0.0341089
247.961 0.0341366
248.006 0.0341642
248.053 0.0341918
248.101 0.0342195
248.152 0.0342469
248.192 0.0342746
248.252 0.0343025
248.291 0.0343299
248.347 0.0343576
248.389 0.0343852
248.439 0.0344129
248.484 0.0344405
248.533 0.0344681
248.581 0.0344958
248.628 0.0345235
248.677 0.034551
248.722 0.0345786
248.776 0.0346062
248.821 0.0346339
248.871 0.0346617
248.919 0.0346892
248.963 0.0347169
249.012 0.0347445
249.07 0.0347722
249.11 0.0347998
249.185 0.0348279
249.192 0.0348549
249.264 0.0348829
249.297 0.0349103
249.346 0.0349379
249.396 0.0349655
249.445 0.0349932
249.495 0.0350207
249.542 0.0350485
249.587 0.0350761
249.63 0.0351036
249.685 0.0351314
249.729 0.0351589
249.78 0.0351866
249.826 0.0352143
249.876 0.0352419
249.927 0.0352695
249.973 0.0352972
250.019 0.0353247
250.067 0.0353524
250.123 0.03538
250.162 0.0354077
250.216 0.0354353
250.256 0.0354628
250.309 0.0354906
250.355 0.0355182
250.403 0.0355459
250.448 0.0355735
250.493 0.035601
250.541 0.0356287
250.595 0.0356564
250.644 0.035684
250.693 0.0357116
250.732 0.0357392
250.787 0.0357669
250.834 0.0357945
250.882 0.035822
250.928 0.0358497
250.978 0.0358775
251.026 0.0359051
251.074 0.0359327
251.122 0.0359604
251.17 0.035988
251.223 0.0360156
251.261 0.0360431
251.314 0.0360709
251.361 0.0360984
251.41 0.0361261
251.452 0.0361536
251.506 0.0361814
251.55 0.036209
251.602 0.0362367
251.649 0.0362643
251.697 0.036292
251.746 0.0363196
251.794 0.0363472
251.841 0.0363749
251.889 0.0364025
251.937 0.0364301
251.977 0.0364575
252.033 0.0364853
252.081 0.036513
252.122 0.0365406
252.177 0.0365683
252.226 0.036596
252.273 0.0366236
252.321 0.0366512
252.369 0.0366788
252.417 0.0367065
252.465 0.0367341
252.52 0.0367617
252.559 0.0367894
252.607 0.036817
252.656 0.0368446
252.7 0.0368722
252.752 0.0368999
252.795 0.0369275
252.85 0.0369551
252.893 0.0369828
252.942 0.0370104
252.994 0.0370381
253.033 0.0370657
253.085 0.0370932
253.131 0.0371209
253.184 0.0371486
253.232 0.0371762
253.28 0.0372039
253.317 0.0372313
253.376 0.0372591
253.424 0.0372868
253.472 0.0373144
253.519 0.037342
253.567 0.0373697
253.605 0.0373971
253.663 0.0374249
253.711 0.0374526
253.759 0.0374802
253.807 0.0375078
253.855 0.0375355
253.903 0.0375631
253.951 0.0375907
253.999 0.0376184
254.047 0.037646
254.095 0.0376736
254.143 0.0377013
254.191 0.0377289
254.239 0.0377565
254.272 0.0377838
254.335 0.0378118
254.382 0.0378395
254.43 0.0378671
254.478 0.0378947
254.463 0.0379221
254.574 0.03795
254.591 0.0379771
254.67 0.0380052
254.7 0.0380328
254.766 0.0380605
254.804 0.038088
254.862 0.0381158
254.91 0.0381434
254.958 0.038171
255.013 0.0381987
255.062 0.0382263
255.105 0.038254
255.146 0.0382815
255.19 0.038309
255.246 0.0383368
255.293 0.0383645
255.341 0.0383921
255.39 0.0384197
255.438 0.0384474
255.485 0.038475
255.533 0.0385026
255.581 0.0385303
255.616 0.038558
255.677 0.0385855
255.725 0.0386132
255.773 0.0386408
255.823 0.0386683
255.869 0.0386961
255.917 0.0387237
255.965 0.0387513
256.013 0.038779
256.061 0.0388066
256.106 0.0388342
256.157 0.0388619
256.205 0.0388895
256.253 0.0389171
256.3 0.0389448
256.348 0.0389724
256.396 0.039
256.444 0.0390277
256.492 0.0390553
256.54 0.0390829
256.588 0.0391106
256.636 0.0391382
256.675 0.0391658
256.732 0.0391935
256.78 0.0392211
256.828 0.0392487
256.876 0.0392764
256.924 0.039304
256.972 0.0393316
257.007 0.0393593
257.068 0.0393869
257.116 0.0394145
257.164 0.0394422
257.212 0.0394698
257.259 0.0394974
257.307 0.0395251
257.355 0.0395527
257.403 0.0395803
257.451 0.039608
257.5 0.0396356
257.547 0.0396632
257.595 0.0396908
257.65 0.0397185
257.69 0.0397462
257.739 0.0397738
257.787 0.0398014
257.819 0.039829
257.883 0.0398567
257.931 0.0398843
257.979 0.0399119
258.026 0.0399396
258.074 0.0399672
258.122 0.0399948
258.17 0.0400225
258.224 0.0400501
258.299 0.0400777
258.314 0.0401054
258.362 0.040133
258.401 0.0401605
258.458 0.0401883
258.494 0.0402158
258.554 0.0402436
258.602 0.0402712
258.65 0.0402988
258.646 0.0403265
258.74 0.0403542
258.831 0.0403822
258.828 0.0404091
258.889 0.040437
258.937 0.0404646
259.003 0.0404923
259.017 0.0405198
259.08 0.0405475
259.085 0.040575
259.177 0.0406028
259.2 0.0406303
259.273 0.0406581
259.321 0.0406857
259.369 0.0407133
259.419 0.040741
259.465 0.0407686
259.513 0.0407962
259.561 0.0408239
259.602 0.0408515
259.657 0.0408791
259.705 0.0409068
259.753 0.0409344
259.801 0.040962
259.849 0.0409897
259.896 0.0410173
259.944 0.0410449
259.957 0.0410719
260.04 0.0411002
260.091 0.0411278
260.136 0.0411555
260.119 0.041183
260.232 0.0412107
260.28 0.0412384
260.328 0.041266
260.376 0.0412936
260.428 0.0413212
260.472 0.0413489
260.52 0.0413765
260.568 0.0414042
260.616 0.0414318
260.664 0.0414594
260.713 0.041487
260.761 0.0415147
260.807 0.0415423
260.856 0.04157
260.903 0.0415976
260.951 0.0416252
260.999 0.0416529
261.047 0.0416805
261.095 0.0417081
261.143 0.0417358
261.191 0.0417634
261.238 0.041791
261.286 0.0418187
261.333 0.0418463
261.38 0.041874
261.428 0.0419016
261.475 0.0419293
261.522 0.0419569
261.57 0.0419846
261.617 0.0420122
261.664 0.0420399
261.712 0.0420675
261.759 0.0420952
261.806 0.0421228
261.854 0.0421505
261.842 0.0421782
261.948 0.0422058
261.996 0.0422334
262.043 0.0422611
262.094 0.0422888
262.137 0.0423164
262.185 0.042344
262.232 0.0423717
262.279 0.0423993
262.323 0.0424269
262.371 0.0424547
262.421 0.0424823
262.469 0.04251
262.516 0.0425376
262.563 0.0425652
262.611 0.0425929
262.661 0.0426206
262.705 0.0426482
262.753 0.0426758
262.8 0.0427035
262.847 0.0427312
262.895 0.0427588
262.942 0.0427864
262.989 0.0428141
263.025 0.0428416
263.084 0.0428694
263.131 0.042897
263.178 0.0429247
263.226 0.0429524
263.273 0.04298
263.32 0.0430077
263.368 0.0430353
263.393 0.0430626
263.461 0.0430906
263.501 0.0431185
263.54 0.0431464
263.569 0.0431739
263.612 0.0432022
263.648 0.0432302
263.687 0.0432581
263.721 0.0432861
263.751 0.0433139
263.794 0.0433419
263.831 0.0433699
263.866 0.0433978
263.903 0.0434258
263.939 0.0434537
263.975 0.0434816
264.012 0.0435096
264.048 0.0435375
264.084 0.0435655
264.121 0.0435934
264.158 0.0436213
264.193 0.0436493
264.23 0.0436772
264.266 0.0437052
264.302 0.0437331
264.339 0.043761
264.375 0.043789
264.411 0.0438169
264.448 0.0438449
264.484 0.0438728
264.52 0.0439007
264.557 0.0439287
264.593 0.0439566
264.624 0.0439846
264.666 0.0440125
264.702 0.0440404
264.738 0.0440684
264.734 0.0440962
264.811 0.0441243
264.847 0.0441522
264.883 0.0441801
264.92 0.0442081
264.956 0.0442361
264.999 0.0442642
265.029 0.0442919
265.031 0.0443197
265.101 0.0443478
265.096 0.0443758
265.097 0.0444035
265.194 0.0444315
265.251 0.0444598
265.264 0.0444874
265.319 0.0445154
265.355 0.0445434
265.392 0.0445713
265.431 0.0445992
265.464 0.0446272
265.5 0.0446551
265.537 0.0446831
265.578 0.044711
265.61 0.0447389
265.646 0.0447669
265.684 0.0447948
265.718 0.0448229
265.755 0.0448507
265.791 0.0448786
265.828 0.0449066
265.864 0.0449345
265.902 0.0449625
265.936 0.0449904
265.973 0.0450183
266.009 0.0450463
266.045 0.0450742
266.082 0.0451022
266.118 0.0451301
266.083 0.0451578
266.191 0.045186
266.227 0.0452139
266.257 0.0452419
266.3 0.0452698
266.336 0.0452977
266.372 0.0453257
266.409 0.0453536
266.445 0.0453816
266.481 0.0454095
266.518 0.0454374
266.554 0.0454654
266.567 0.0454932
266.627 0.0455213
266.663 0.0455492
266.699 0.0455771
266.735 0.0456051
266.772 0.045633
266.762 0.0456609
266.844 0.0456889
266.881 0.0457168
266.917 0.0457448
266.931 0.0457726
266.99 0.0458007
267.026 0.0458286
267.062 0.0458565
267.099 0.0458845
267.135 0.0459124
267.171 0.0459404
267.207 0.0459683
267.227 0.0459961
267.28 0.0460242
267.317 0.0460521
267.353 0.0460801
267.389 0.046108
267.425 0.0461359
267.462 0.0461639
267.472 0.0461918
267.534 0.0462198
267.571 0.0462477
267.607 0.0462756
267.605 0.0463034
267.68 0.0463315
267.716 0.0463595
267.752 0.0463874
267.788 0.0464154
267.794 0.0464431
267.861 0.0464712
267.898 0.0464992
267.934 0.0465271
267.97 0.0465551
268.007 0.046583
268.043 0.0466109
268.079 0.0466389
268.116 0.0466668
268.115 0.0466948
268.188 0.0467227
268.227 0.0467507
268.26 0.0467786
268.297 0.0468065
268.333 0.0468345
268.37 0.0468624
268.399 0.0468903
268.434 0.0469183
268.466 0.0469463
268.497 0.0469743
268.528 0.0470022
268.56 0.0470302
268.591 0.0470582
268.629 0.0470861
268.654 0.0471141
268.663 0.0471417
268.717 0.0471701
268.747 0.047198
268.777 0.0472259
268.811 0.047254
268.803 0.0472815
268.874 0.0473099
268.906 0.0473379
268.937 0.0473658
268.981 0.047394
269 0.0474218
269.002 0.0474496
269.063 0.0474777
269.094 0.0475057
269.125 0.0475337
269.157 0.0475616
269.188 0.0475896
269.22 0.0476176
269.251 0.0476455
269.283 0.0476735
269.314 0.0477015
269.346 0.0477294
269.377 0.0477574
269.352 0.047785
269.44 0.0478134
269.471 0.0478413
269.502 0.0478693
269.535 0.0478973
269.565 0.0479252
269.597 0.0479532
269.628 0.0479812
269.659 0.0480091
269.691 0.0480371
269.722 0.0480651
269.754 0.0480931
269.785 0.048121
269.817 0.048149
269.824 0.0481766
269.88 0.0482049
269.911 0.0482329
269.938 0.0482606
269.974 0.0482888
270.005 0.0483168
270.036 0.0483448
270.067 0.0483727
270.099 0.0484008
270.129 0.048429
270.159 0.0484571
270.193 0.0484849
270.231 0.0485134
270.25 0.0485415
270.281 0.0485697
270.311 0.0485978
270.342 0.048626
270.341 0.0486538
270.402 0.0486823
270.433 0.0487104
270.463 0.0487386
270.494 0.0487667
270.49 0.0487947
270.554 0.048823
270.585 0.0488511
270.615 0.0488793
270.646 0.0489074
270.647 0.0489352
270.706 0.0489637
270.737 0.0489919
270.774 0.0490201
270.797 0.0490481
270.828 0.0490763
270.858 0.0491044
270.887 0.0491324
270.919 0.0491607
270.951 0.0491888
270.98 0.049217
271.01 0.0492452
271.04 0.0492733
271.071 0.0493015
271.101 0.0493296
271.131 0.0493579
271.16 0.0493862
271.189 0.0494146
271.219 0.0494429
271.248 0.0494712
271.256 0.0494993
271.307 0.0495278
271.333 0.0495561
271.365 0.0495845
271.395 0.0496128
271.424 0.0496411
271.453 0.0496694
271.483 0.0496978
271.516 0.0497262
271.541 0.0497544
271.581 0.0497828
271.599 0.049811
271.628 0.0498393
271.659 0.0498677
271.688 0.049896
271.718 0.0499243
271.747 0.0499526
271.776 0.049981
271.806 0.0500093
271.835 0.0500376
271.864 0.0500659
271.894 0.0500942
271.923 0.0501225
271.932 0.0501507
271.921 0.0501787
272.011 0.0502075
272.015 0.0502358
272.07 0.0502641
272.099 0.0502925
272.128 0.0503208
272.148 0.0503491
272.187 0.0503774
272.207 0.0504057
272.246 0.0504341
272.276 0.0504624
272.305 0.0504907
272.306 0.0505193
272.365 0.0505473
272.395 0.0505753
272.411 0.0506038
272.451 0.0506323
272.481 0.0506606
272.51 0.0506889
272.541 0.0507173
272.559 0.0507455
272.598 0.0507739
272.628 0.0508022
272.62 0.0508308
272.667 0.050859
272.716 0.0508872
272.733 0.0509154
272.775 0.0509438
272.803 0.0509722
272.832 0.0510005
272.832 0.0510287
-3.52841e+34 1.15743e+27
