0.2
0.4
0.6
0.8
1
0.583175
1.16593
1.7492
2.33204
2.91483
3.49798
4.08102
4.66389
5.24688
5.82991
6.41313
6.99593
7.5789
8.16182
8.74487
9.3277
9.91085
10.494
11.0767
11.6596
12.2428
12.8259
13.4084
13.9919
14.575
15.1577
15.7408
16.3241
16.9066
17.4897
18.0728
18.6556
19.239
19.8217
20.4046
20.9877
21.5707
22.1536
22.7368
23.3196
23.9027
24.4856
25.0687
25.6514
26.2345
26.8173
27.4001
27.9835
28.5664
29.1497
29.7323
30.3155
30.8985
31.4814
32.0646
32.6473
33.2304
33.8135
34.3962
34.9792
35.5623
36.1456
36.7284
37.3113
37.8942
38.4773
39.0605
39.6434
40.2264
40.8093
41.3924
41.9754
42.5582
43.1412
43.7243
44.3073
44.8901
45.4734
46.056
46.6391
47.2225
47.8052
48.3881
48.9716
49.5542
50.1371
50.72
51.3034
51.8862
52.4691
53.0518
53.6351
54.2182
54.8009
55.3841
55.9673
56.5499
57.1326
57.7161
58.2989
58.882
59.465
60.0481
60.6311
61.2143
61.7969
62.38
62.9631
63.5459
64.1291
64.7113
65.2947
65.8781
66.4609
67.044
67.627
68.2098
68.7927
69.3758
69.9589
70.5418
71.1248
71.708
72.2908
72.874
73.4568
74.0399
74.6229
75.2059
75.7887
76.3718
76.9548
77.5377
78.1209
78.7038
79.2869
79.8697
80.4527
81.0357
81.6187
82.202
82.7847
83.3678
83.9507
84.5336
85.1168
85.7
86.2825
86.8656
87.4485
88.0315
88.6145
89.1979
89.7806
90.3636
90.9465
91.5294
92.1127
92.6955
93.2786
93.8605
94.4451
95.0275
95.6104
96.1935
96.7765
97.3595
97.9425
98.5254
99.1084
99.6912
100.274
100.858
101.44
102.023
102.606
103.189
103.773
104.355
104.938
105.521
106.104
106.687
107.27
107.853
108.436
109.019
109.602
110.185
110.768
111.351
111.934
112.517
113.1
113.683
114.266
114.849
115.432
116.015
116.598
117.181
117.764
118.347
118.93
119.513
120.096
120.679
121.262
121.845
122.428
123.011
123.594
124.177
124.76
125.343
125.926
126.51
127.092
127.675
128.258
128.841
129.424
130.007
130.59
131.173
131.747
132.287
132.828
133.368
133.908
134.448
134.988
135.529
136.068
136.609
137.148
137.689
138.23
138.752
139.263
139.773
140.283
140.793
141.303
141.814
142.324
142.834
143.344
143.854
144.364
144.822
145.254
145.676
146.099
146.516
146.886
147.257
147.627
147.997
148.368
148.738
149.108
149.479
149.849
150.219
150.59
150.96
151.331
151.7
152.071
152.442
152.812
153.183
153.552
153.922
154.293
154.663
155.034
155.404
155.774
156.145
156.516
156.887
157.256
157.627
157.996
158.367
158.737
159.107
159.477
159.847
160.218
160.588
160.96
161.33
161.7
162.07
162.44
162.811
163.181
163.552
163.922
164.292
164.663
165.033
165.404
165.773
166.145
166.514
166.884
167.255
167.626
167.996
168.366
168.736
169.107
169.476
169.837
170.191
170.542
170.893
171.216
171.532
171.851
172.16
172.443
172.727
173.011
173.295
173.577
173.861
174.144
174.428
174.712
174.995
175.278
175.561
175.845
176.128
176.412
176.697
176.979
177.262
177.545
177.829
178.112
178.395
178.679
178.962
179.248
179.53
179.813
180.097
180.38
180.663
180.947
181.23
181.514
181.797
182.081
182.365
182.647
182.931
183.214
183.498
183.781
184.066
184.347
184.631
184.914
185.198
185.481
185.765
186.049
186.333
186.615
186.893
187.149
187.397
187.647
187.896
188.146
188.394
188.643
188.891
189.093
189.248
189.34
189.453
189.543
189.681
189.759
189.857
189.968
190.076
190.174
190.277
190.39
190.476
190.587
190.691
190.794
190.905
190.997
191.1
191.203
191.312
191.407
191.514
191.619
191.718
191.814
191.924
192.027
192.131
192.23
192.337
192.441
192.542
192.646
192.748
192.853
192.951
193.058
193.16
193.264
193.364
193.481
193.575
193.675
193.779
193.883
193.982
194.087
194.189
194.293
194.393
194.496
194.595
194.698
194.804
194.903
195.007
195.107
195.21
195.317
195.412
195.515
195.617
195.72
195.826
195.927
196.027
196.128
196.23
196.329
196.439
196.535
196.645
196.736
196.838
196.959
197.046
197.149
197.251
197.351
197.453
197.552
197.653
197.761
197.85
197.966
198.073
198.168
198.274
198.371
198.473
198.576
198.677
198.782
198.882
198.982
199.082
199.189
199.29
199.39
199.498
199.595
199.698
199.797
199.903
200.003
200.106
200.207
200.309
200.407
200.517
200.614
200.716
200.824
200.924
201.022
201.124
201.226
201.329
201.432
201.532
201.634
201.739
201.839
201.941
202.046
202.152
202.246
202.351
202.449
202.555
202.654
202.754
202.859
202.96
203.064
203.164
203.265
203.368
203.469
203.572
203.672
203.776
203.873
203.976
204.071
204.175
204.264
204.36
204.458
204.552
204.65
204.746
204.842
204.938
205.034
205.13
205.218
205.315
205.409
205.482
205.565
205.655
205.762
205.831
205.918
206.005
206.088
206.174
206.259
206.332
206.411
206.489
206.573
206.646
206.725
206.804
206.882
206.961
207.044
207.118
207.19
207.264
207.354
207.433
207.512
207.59
207.669
207.782
207.828
207.905
208.005
208.057
208.141
208.216
208.301
208.376
208.456
208.535
208.612
208.693
208.769
208.848
208.927
209.004
209.085
209.157
209.242
209.322
209.4
209.447
209.582
209.633
209.702
209.793
209.859
209.95
210.029
210.099
210.194
210.265
210.344
210.422
210.511
210.582
210.669
210.737
210.816
210.893
210.973
211.052
211.131
211.21
211.288
211.379
211.447
211.524
211.601
211.68
211.759
211.838
211.909
211.995
212.083
212.15
212.232
212.313
212.393
212.47
212.546
212.613
212.719
212.782
212.865
212.941
213.018
213.096
213.171
213.257
213.333
213.408
213.49
213.556
213.667
213.731
213.813
213.885
213.962
214.043
214.117
214.191
214.277
214.34
214.458
214.515
214.597
214.674
214.753
214.828
214.91
214.986
215.057
215.138
215.218
215.3
215.381
215.457
215.535
215.615
215.706
215.772
215.848
215.924
216.011
216.085
216.164
216.244
216.323
216.4
216.479
216.557
216.64
216.715
216.806
216.87
216.95
217.019
217.097
217.168
217.248
217.327
217.402
217.473
217.551
217.62
217.7
217.769
217.848
217.927
217.999
218.079
218.145
218.226
218.305
218.379
218.42
218.56
218.605
218.683
218.756
218.834
218.897
218.981
219.058
219.133
219.207
219.277
219.348
219.355
219.488
219.557
219.633
219.698
219.764
219.841
219.898
219.968
220.037
220.096
220.164
220.235
220.291
220.358
220.422
220.488
220.553
220.619
220.685
220.753
220.814
220.879
220.946
221.01
221.072
221.137
221.204
221.268
221.337
221.397
221.465
221.525
221.6
221.674
221.715
221.791
221.837
221.918
221.987
222.051
222.116
222.181
222.25
222.311
222.377
222.442
222.509
222.572
222.637
222.702
222.767
222.832
222.895
222.956
223.028
223.1
223.158
223.212
223.285
223.355
223.418
223.484
223.548
223.607
223.679
223.742
223.799
223.87
223.944
224.009
224.072
224.136
224.204
224.265
224.329
224.395
224.46
224.524
224.604
224.656
224.723
224.786
224.846
224.912
224.983
225.039
225.113
225.173
225.241
225.307
225.368
225.433
225.498
225.566
225.632
225.69
225.763
225.827
225.892
225.956
226.023
226.088
226.154
226.218
226.284
226.349
226.41
226.48
226.544
226.61
226.675
226.736
226.804
226.869
226.94
227.002
227.065
227.13
227.195
227.259
227.325
227.391
227.455
227.52
227.586
227.651
227.715
227.781
227.845
227.911
227.976
228.043
228.107
228.171
228.236
228.302
228.367
228.428
228.496
228.562
228.628
228.694
228.757
228.828
228.889
228.953
229.034
229.076
229.153
229.203
229.243
229.325
229.386
229.447
229.509
229.57
229.631
229.69
229.754
229.832
229.876
229.937
229.998
230.064
230.11
230.183
230.239
230.309
230.365
230.427
230.484
230.544
230.603
230.66
230.716
230.773
230.828
230.885
230.95
230.999
231.067
231.109
231.172
231.226
231.281
231.342
231.394
231.451
231.507
231.561
231.619
231.676
231.735
231.789
231.846
231.905
231.959
232.015
232.073
232.128
232.187
232.242
232.298
232.355
232.41
232.468
232.523
232.581
232.635
232.692
232.749
232.804
232.864
232.918
232.974
233.029
233.088
233.142
233.201
233.258
233.319
233.388
233.426
233.483
233.54
233.596
233.652
233.711
233.757
233.822
233.879
233.935
233.992
234.046
234.105
234.161
234.216
234.273
234.33
234.386
234.447
234.497
234.555
234.609
234.672
234.727
234.786
234.838
234.894
234.954
235.001
235.066
235.12
235.173
235.226
235.296
235.354
235.403
235.456
235.517
235.567
235.629
235.685
235.736
235.809
235.855
235.899
235.967
236.023
236.072
236.141
236.187
236.246
236.311
236.357
236.413
236.468
236.528
236.58
236.634
236.693
236.736
236.806
236.858
236.915
236.969
237.026
237.083
237.136
237.18
237.248
237.304
237.357
237.41
237.473
237.527
237.583
237.639
237.694
237.748
237.811
237.858
237.936
237.973
238.029
238.084
238.142
238.19
238.256
238.307
238.362
238.418
238.476
238.53
238.595
238.64
238.697
238.757
238.806
238.864
238.917
238.976
239.031
239.087
239.129
239.203
239.254
239.316
239.37
239.426
239.478
239.532
239.587
239.651
239.701
239.751
239.819
239.864
239.924
239.977
240.033
240.089
240.149
240.207
240.256
240.323
240.368
240.423
240.473
240.529
240.585
240.644
240.696
240.763
240.784
240.864
240.91
240.962
241.02
241.072
241.142
241.179
241.219
241.293
241.298
241.395
241.453
241.5
241.559
241.609
241.664
241.72
241.766
241.824
241.867
241.932
241.985
242.04
242.091
242.142
242.192
242.242
242.29
242.341
242.391
242.441
242.491
242.54
242.583
242.637
242.683
242.728
242.779
242.83
242.875
242.923
242.971
243.019
243.065
243.09
243.171
243.211
243.273
243.31
243.351
243.406
243.45
243.499
243.55
243.585
243.631
243.69
243.739
243.786
243.834
243.887
243.93
243.975
244.026
244.082
244.123
244.17
244.218
244.264
244.314
244.362
244.421
244.463
244.523
244.554
244.601
244.652
244.714
244.745
244.794
244.828
244.889
244.938
244.984
245.033
245.083
245.131
245.177
245.212
245.278
245.32
245.369
245.42
245.471
245.516
245.559
245.608
245.66
245.701
245.751
245.793
245.848
245.894
245.943
245.99
246.04
246.088
246.136
246.184
246.231
246.281
246.328
246.373
246.424
246.471
246.517
246.568
246.615
246.663
246.711
246.759
246.81
246.855
246.902
246.948
246.996
247.047
247.095
247.145
247.188
247.238
247.29
247.334
247.382
247.43
247.477
247.527
247.577
247.625
247.67
247.718
247.766
247.814
247.862
247.91
247.961
248.006
248.053
248.101
248.152
248.192
248.252
248.291
248.347
248.389
248.439
248.484
248.533
248.581
248.628
248.677
248.722
248.776
248.821
248.871
248.919
248.963
249.012
249.07
249.11
249.185
249.192
249.264
249.297
249.346
249.396
249.445
249.495
249.542
249.587
249.63
249.685
249.729
249.78
249.826
249.876
249.927
249.973
250.019
250.067
250.123
250.162
250.216
250.256
250.309
250.355
250.403
250.448
250.493
250.541
250.595
250.644
250.693
250.732
250.787
250.834
250.882
250.928
250.978
251.026
251.074
251.122
251.17
251.223
251.261
251.314
251.361
251.41
251.452
251.506
251.55
251.602
251.649
251.697
251.746
251.794
251.841
251.889
251.937
251.977
252.033
252.081
252.122
252.177
252.226
252.273
252.321
252.369
252.417
252.465
252.52
252.559
252.607
252.656
252.7
252.752
252.795
252.85
252.893
252.942
252.994
253.033
253.085
253.131
253.184
253.232
253.28
253.317
253.376
253.424
253.472
253.519
253.567
253.605
253.663
253.711
253.759
253.807
253.855
253.903
253.951
253.999
254.047
254.095
254.143
254.191
254.239
254.272
254.335
254.382
254.43
254.478
254.463
254.574
254.591
254.67
254.7
254.766
254.804
254.862
254.91
254.958
255.013
255.062
255.105
255.146
255.19
255.246
255.293
255.341
255.39
255.438
255.485
255.533
255.581
255.616
255.677
255.725
255.773
255.823
255.869
255.917
255.965
256.013
256.061
256.106
256.157
256.205
256.253
256.3
256.348
256.396
256.444
256.492
256.54
256.588
256.636
256.675
256.732
256.78
256.828
256.876
256.924
256.972
257.007
257.068
257.116
257.164
257.212
257.259
257.307
257.355
257.403
257.451
257.5
257.547
257.595
257.65
257.69
257.739
257.787
257.819
257.883
257.931
257.979
258.026
258.074
258.122
258.17
258.224
258.299
258.314
258.362
258.401
258.458
258.494
258.554
258.602
258.65
258.646
258.74
258.831
258.828
258.889
258.937
259.003
259.017
259.08
259.085
259.177
259.2
259.273
259.321
259.369
259.419
259.465
259.513
259.561
259.602
259.657
259.705
259.753
259.801
259.849
259.896
259.944
259.957
260.04
260.091
260.136
260.119
260.232
260.28
260.328
260.376
260.428
260.472
260.52
260.568
260.616
260.664
260.713
260.761
260.807
260.856
260.903
260.951
260.999
261.047
261.095
261.143
261.191
261.238
261.286
261.333
261.38
261.428
261.475
261.522
261.57
261.617
261.664
261.712
261.759
261.806
261.854
261.842
261.948
261.996
262.043
262.094
262.137
262.185
262.232
262.279
262.323
262.371
262.421
262.469
262.516
262.563
262.611
262.661
262.705
262.753
262.8
262.847
262.895
262.942
262.989
263.025
263.084
263.131
263.178
263.226
263.273
263.32
263.368
263.393
263.461
263.501
263.54
263.569
263.612
263.648
263.687
263.721
263.751
263.794
263.831
263.866
263.903
263.939
263.975
264.012
264.048
264.084
264.121
264.158
264.193
264.23
264.266
264.302
264.339
264.375
264.411
264.448
264.484
264.52
264.557
264.593
264.624
264.666
264.702
264.738
264.734
264.811
264.847
264.883
264.92
264.956
264.999
265.029
265.031
265.101
265.096
265.097
265.194
265.251
265.264
265.319
265.355
265.392
265.431
265.464
265.5
265.537
265.578
265.61
265.646
265.684
265.718
265.755
265.791
265.828
265.864
265.902
265.936
265.973
266.009
266.045
266.082
266.118
266.083
266.191
266.227
266.257
266.3
266.336
266.372
266.409
266.445
266.481
266.518
266.554
266.567
266.627
266.663
266.699
266.735
266.772
266.762
266.844
266.881
266.917
266.931
266.99
267.026
267.062
267.099
267.135
267.171
267.207
267.227
267.28
267.317
267.353
267.389
267.425
267.462
267.472
267.534
267.571
267.607
267.605
267.68
267.716
267.752
267.788
267.794
267.861
267.898
267.934
267.97
268.007
268.043
268.079
268.116
268.115
268.188
268.227
268.26
268.297
268.333
268.37
268.399
268.434
268.466
268.497
268.528
268.56
268.591
268.629
268.654
268.663
268.717
268.747
268.777
268.811
268.803
268.874
268.906
268.937
268.981
269
269.002
269.063
269.094
269.125
269.157
269.188
269.22
269.251
269.283
269.314
269.346
269.377
269.352
269.44
269.471
269.502
269.535
269.565
269.597
269.628
269.659
269.691
269.722
269.754
269.785
269.817
269.824
269.88
269.911
269.938
269.974
270.005
270.036
270.067
270.099
270.129
270.159
270.193
270.231
270.25
270.281
270.311
270.342
270.341
270.402
270.433
270.463
270.494
270.49
270.554
270.585
270.615
270.646
270.647
270.706
270.737
270.774
270.797
270.828
270.858
270.887
270.919
270.951
270.98
271.01
271.04
271.071
271.101
271.131
271.16
271.189
271.219
271.248
271.256
271.307
271.333
271.365
271.395
271.424
271.453
271.483
271.516
271.541
271.581
271.599
271.628
271.659
271.688
271.718
271.747
271.776
271.806
271.835
271.864
271.894
271.923
271.932
271.921
272.011
272.015
272.07
272.099
272.128
272.148
272.187
272.207
272.246
272.276
272.305
272.306
272.365
272.395
272.411
272.451
272.481
272.51
272.541
272.559
272.598
272.628
272.62
272.667
272.716
272.733
272.775
272.803
272.832
272.832
-3.52841e+34
