0.2
0.4
0.6
0.8
1
0.515224
1.03097
1.54616
2.06163
2.57704
3.09208
3.60775
4.12292
4.6386
5.15415
5.66964
6.18518
6.70045
7.21592
7.73097
8.24642
8.76196
9.27722
9.79257
10.3079
10.8235
11.3393
11.8537
12.3698
12.8857
13.4003
13.9158
14.4313
14.9465
15.462
15.9773
16.4929
17.008
17.5237
18.0391
18.5546
19.0696
19.5853
20.0999
20.6161
21.1312
21.6469
22.1622
22.6777
23.1929
23.7085
24.2239
24.7393
25.2545
25.7703
26.2854
26.8003
27.3164
27.8317
28.3471
28.8625
29.3781
29.8935
30.4087
30.9242
31.4395
31.9549
32.4705
32.9857
33.5011
34.0163
34.5326
35.0474
35.5633
36.0781
36.5934
37.1089
37.6243
38.1397
38.6551
39.1707
39.6861
40.202
40.7174
41.232
41.7476
42.2629
42.7783
43.2932
43.809
44.3246
44.84
45.3554
45.8707
46.3861
46.9017
47.4169
47.9323
48.4474
48.9633
49.4789
49.994
50.5094
51.0248
51.54
52.0557
52.5715
53.0867
53.6019
54.1174
54.6328
55.1481
55.6629
56.1786
56.6941
57.2096
57.725
58.2403
58.7558
59.2713
59.7866
60.302
60.8175
61.3332
61.8482
62.3637
62.879
63.3944
63.9098
64.425
64.9405
65.4559
65.9715
66.4873
67.0023
67.518
68.0332
68.5484
69.064
69.5794
70.0947
70.6094
71.1253
71.641
72.1564
72.6717
73.1864
73.7024
74.2179
74.7328
75.2488
75.7641
76.2795
76.7949
77.3103
77.8256
78.3411
78.8571
79.3721
79.8872
80.4023
80.9183
81.4351
81.949
82.4639
82.9794
83.4951
84.0106
84.5262
85.0414
85.5567
86.0722
86.5877
87.1029
87.6185
88.1338
88.649
89.1646
89.6798
90.1949
90.7105
91.2262
91.7413
92.2567
92.7724
93.2878
93.803
94.3195
94.8345
95.3494
95.864
96.3802
96.8956
97.4111
97.9265
98.4418
98.9573
99.4726
99.9883
100.503
101.019
101.534
102.05
102.565
103.081
103.596
104.111
104.627
105.142
105.657
106.173
106.688
107.204
107.72
108.234
108.75
109.265
109.781
110.296
110.811
111.327
111.842
112.357
112.872
113.389
113.904
114.419
114.935
115.45
115.965
116.481
116.996
117.512
118.027
118.543
119.058
119.573
120.089
120.604
121.119
121.635
122.15
122.666
123.181
123.697
124.212
124.727
125.243
125.758
126.274
126.789
127.304
127.82
128.335
128.804
129.261
129.72
130.177
130.59
131.001
131.414
131.826
132.237
132.65
133.062
133.475
133.886
134.299
134.711
135.123
135.535
135.947
136.359
136.771
137.18
137.578
137.964
138.35
138.735
139.122
139.508
139.894
140.28
140.666
141.052
141.438
141.824
142.21
142.596
142.982
143.367
143.753
144.138
144.525
144.911
145.297
145.683
146.069
146.455
146.84
147.228
147.614
147.999
148.385
148.751
149.103
149.457
149.794
150.117
150.44
150.764
151.087
151.41
151.734
152.057
152.381
152.703
153.027
153.35
153.673
153.997
154.32
154.636
154.949
155.252
155.557
155.859
156.162
156.466
156.77
157.072
157.375
157.679
157.982
158.286
158.589
158.892
159.196
159.499
159.803
160.106
160.41
160.714
161.016
161.319
161.623
161.926
162.23
162.533
162.836
163.139
163.443
163.746
164.049
164.352
164.656
164.959
165.263
165.567
165.871
166.173
166.476
166.779
167.083
167.386
167.689
167.993
168.296
168.599
168.903
169.206
169.51
169.813
170.116
170.42
170.723
171.026
171.329
171.633
171.936
172.24
172.543
172.846
173.15
173.453
173.756
174.06
174.363
174.666
174.97
175.273
175.577
175.88
176.183
176.487
176.79
177.093
177.397
177.7
178.003
178.307
178.61
178.913
179.217
179.52
179.823
180.127
180.431
180.733
181.037
181.341
181.643
181.946
182.25
182.553
182.854
183.155
183.454
183.754
184.052
184.351
184.65
184.949
185.249
185.547
185.847
186.146
186.445
186.744
187.043
187.341
187.641
187.94
188.239
188.538
188.837
189.136
189.436
189.734
190.033
190.333
190.632
190.931
191.23
191.529
191.828
192.127
192.426
192.725
193.024
193.323
193.622
193.922
194.221
194.52
194.82
195.117
195.417
195.716
196.015
196.312
196.613
196.912
197.211
197.51
197.809
198.108
198.407
198.707
199.006
199.305
199.603
199.903
200.201
200.501
200.8
201.099
201.396
201.662
201.925
202.189
202.453
202.717
202.979
203.175
203.284
203.379
203.475
203.569
203.668
203.764
203.858
203.962
204.051
204.148
204.244
204.339
204.432
204.534
204.628
204.721
204.819
204.914
205.014
205.106
205.203
205.298
205.397
205.491
205.581
205.684
205.78
205.87
205.972
206.067
206.161
206.259
206.354
206.452
206.547
206.646
206.739
206.833
206.931
207.027
207.114
207.187
207.264
207.338
207.411
207.485
207.554
207.617
207.71
207.719
207.773
207.836
207.886
207.942
207.997
208.048
208.113
208.164
208.226
208.277
208.332
208.39
208.442
208.514
208.556
208.603
208.666
208.721
208.777
208.834
208.885
208.945
209
209.056
209.109
209.167
209.223
209.268
209.335
209.391
209.444
209.502
209.559
209.613
209.666
209.725
209.78
209.836
209.891
209.95
209.998
210.052
210.106
210.16
210.253
210.268
210.321
210.375
210.429
210.483
210.537
210.591
210.644
210.695
210.752
210.811
210.848
210.912
210.965
211.012
211.064
211.116
211.164
211.221
211.271
211.324
211.375
211.427
211.481
211.533
211.585
211.633
211.698
211.739
211.808
211.846
211.9
211.95
212.002
212.053
212.106
212.151
212.21
212.262
212.315
212.362
212.419
212.471
212.513
212.575
212.628
212.679
212.731
212.784
212.836
212.888
212.943
212.991
213.044
213.096
213.146
213.194
213.248
213.297
213.348
213.397
213.449
213.497
213.544
213.595
213.641
213.695
213.742
213.791
213.84
213.894
213.942
213.991
214.011
214.058
214.091
214.098
214.152
214.183
214.214
214.244
214.284
214.307
214.337
214.37
214.407
214.427
214.463
214.493
214.524
214.555
214.586
214.617
214.638
214.679
214.71
214.737
214.772
214.803
214.848
214.862
214.896
214.906
214.953
214.946
215.141
215.05
215.083
215.114
215.145
215.175
215.207
215.238
215.269
215.3
215.33
215.362
215.393
215.423
215.455
215.486
215.517
215.548
215.576
215.61
215.641
215.672
215.705
215.734
215.765
215.796
215.834
215.858
215.89
215.92
215.951
215.982
216.013
216.047
216.044
216.099
216.137
216.129
216.2
216.231
216.262
216.291
216.324
216.356
216.385
216.417
216.457
216.48
216.505
216.551
216.572
216.603
216.634
216.665
216.689
216.727
216.748
216.769
216.82
216.851
216.882
216.913
216.926
216.975
217.006
217.037
217.068
217.099
217.098
217.103
217.083
217.223
217.254
217.283
217.316
217.347
217.378
217.409
217.441
217.471
217.502
217.533
217.542
217.54
217.627
217.658
217.718
217.726
217.751
217.782
217.815
217.844
217.875
217.906
217.937
217.977
217.999
217.999
218.061
218.092
218.133
218.145
218.185
218.216
218.254
218.278
218.31
218.34
218.371
218.37
218.433
218.464
218.433
218.526
218.557
218.588
218.619
218.65
218.681
218.712
218.74
218.775
218.806
218.837
218.868
218.898
218.93
218.961
218.968
219.022
219.053
219.085
219.116
219.148
219.179
219.173
219.24
219.259
219.258
219.333
219.364
219.392
219.427
219.457
219.488
219.533
219.55
219.581
219.527
219.642
219.674
219.703
219.734
219.764
219.795
219.825
219.852
219.886
219.967
220.04
220.036
220.005
220.005
220.056
220.076
220.09
220.084
219.983
220.139
220.174
220.18
220.198
220.194
220.212
220.237
220.27
220.263
220.286
220.295
220.304
220.323
220.351
220.343
220.379
220.374
220.359
220.42
220.436
220.438
220.465
220.483
220.484
220.514
220.53
220.547
220.548
220.546
220.593
220.609
220.603
220.64
220.656
220.663
220.677
220.697
220.694
220.709
220.718
220.718
220.737
220.737
220.755
220.76
220.759
220.788
220.793
220.799
220.814
220.819
220.826
220.841
220.86
220.856
220.857
220.912
220.88
220.892
220.907
220.911
220.907
220.916
220.938
220.944
220.957
220.966
220.975
220.984
220.993
221.026
221.01
221.023
221.031
221.04
221.049
221.049
221.067
221.093
221.084
221.095
221.088
221.113
221.114
221.125
221.141
221.15
221.163
221.17
221.186
221.189
221.193
221.209
221.223
221.229
221.231
221.226
221.285
221.26
221.269
221.27
221.288
221.286
221.306
221.315
221.312
221.333
221.335
221.35
221.365
221.371
221.379
221.398
221.399
221.408
221.414
221.426
221.431
221.444
221.453
221.454
221.487
221.481
221.489
221.499
221.509
221.518
221.519
221.541
221.545
221.556
221.555
221.575
221.582
221.588
221.6
221.608
221.617
221.63
221.639
221.646
221.649
221.688
221.676
221.683
221.703
221.703
221.703
221.721
221.74
221.738
221.733
221.737
221.762
221.764
221.786
221.792
221.824
221.814
221.819
221.828
221.834
221.856
221.857
221.881
221.875
221.863
221.895
221.898
221.913
221.923
221.918
221.941
221.919
221.959
221.968
221.968
221.985
221.986
222.005
222.035
222.023
222.032
222.056
222.051
222.06
222.07
222.067
222.074
222.093
222.116
222.127
222.122
222.127
222.134
222.155
222.162
222.175
222.183
222.183
222.182
222.207
222.249
222.227
222.229
222.247
222.269
222.264
222.265
222.281
222.302
222.289
222.283
222.317
222.327
222.336
222.347
222.356
222.354
222.367
222.366
222.388
222.4
222.41
222.419
222.427
222.441
222.445
222.449
222.465
222.474
222.461
222.492
222.504
222.511
222.517
222.532
222.539
222.548
222.557
222.568
222.55
222.585
222.593
222.602
222.621
222.621
222.628
222.641
222.646
222.658
222.669
222.675
222.687
222.695
222.701
222.713
222.728
222.731
222.74
222.75
222.761
222.77
222.782
222.788
222.793
222.803
222.815
222.824
222.832
222.842
222.855
222.871
222.87
222.879
222.881
222.896
222.91
222.922
222.918
222.934
222.945
222.948
222.951
222.964
223.011
222.99
222.998
223.008
223.02
223.025
223.022
223.049
223.055
223.065
223.072
223.101
223.092
223.1
223.109
223.134
223.128
223.14
223.145
223.132
223.176
223.164
223.184
223.19
223.202
223.213
223.217
223.23
223.234
223.232
223.265
223.261
223.268
223.283
223.286
223.3
223.307
223.318
223.324
223.334
223.328
223.337
223.351
223.379
223.38
223.39
223.393
223.402
223.418
223.42
223.427
223.437
223.462
223.45
223.456
223.476
223.475
223.483
223.491
223.503
223.513
223.515
223.516
223.531
223.539
223.556
223.554
223.561
223.569
223.576
223.584
223.595
223.6
223.609
223.614
223.621
223.629
223.661
223.644
223.651
223.658
223.672
223.674
223.682
223.688
223.696
223.703
223.697
223.718
223.727
223.782
223.741
223.746
223.77
223.759
223.77
223.782
223.785
223.796
223.805
223.803
223.819
223.823
223.83
223.84
223.845
223.865
223.86
223.867
223.881
223.896
223.886
223.89
223.906
223.91
223.924
223.926
223.933
223.942
223.947
223.949
223.96
223.97
223.979
223.999
223.994
223.989
223.994
224.017
224.024
224.033
224.037
224.046
224.047
224.05
224.069
224.074
224.081
224.083
224.099
224.115
224.113
224.12
224.129
224.154
224.137
224.149
224.157
224.155
224.158
224.18
224.174
224.19
224.2
224.229
224.218
224.22
224.219
224.236
224.237
224.245
224.248
224.246
224.244
224.249
224.249
224.239
224.249
224.251
224.257
224.251
224.261
224.249
224.252
224.255
224.255
224.252
224.244
224.246
224.255
224.266
224.259
224.261
224.261
224.261
224.263
224.253
224.263
224.265
224.267
224.271
224.264
224.268
224.269
224.273
224.278
224.271
224.26
224.284
224.276
224.274
224.274
224.275
224.276
224.275
224.279
224.277
224.279
224.28
224.28
224.28
224.3
224.283
224.279
224.285
224.286
224.29
224.287
224.288
224.285
224.283
224.292
224.292
224.295
224.294
224.294
224.291
224.294
224.288
224.295
224.304
224.297
224.299
224.299
224.299
224.316
224.3
224.303
224.307
224.304
224.303
224.304
224.306
224.308
224.303
224.306
224.311
224.312
224.306
224.31
224.308
224.318
224.312
224.314
224.309
224.318
224.302
224.315
224.313
224.318
224.32
224.321
224.316
224.315
224.321
224.322
224.322
224.324
224.324
224.326
224.327
224.322
224.341
224.328
224.33
224.329
224.334
224.335
224.333
224.317
224.333
224.334
224.33
224.336
224.33
224.337
224.343
224.338
224.337
224.339
224.334
224.371
224.342
224.358
224.343
224.345
224.347
224.346
224.343
224.336
224.352
224.351
224.351
224.35
224.348
224.352
224.353
224.353
224.353
224.354
224.355
224.355
224.354
224.362
224.355
224.359
224.367
224.361
224.361
224.361
224.36
224.343
224.366
224.368
224.366
224.351
224.367
224.367
224.368
224.369
224.368
224.37
224.371
224.372
224.366
224.376
224.374
224.378
224.374
224.37
224.362
224.385
224.378
224.38
224.378
224.382
224.384
224.382
224.383
224.379
224.386
224.404
224.378
224.4
224.383
224.386
224.388
224.396
224.395
224.392
224.379
224.395
224.389
224.398
224.393
224.395
224.393
224.394
224.391
224.398
224.38
224.426
224.4
224.401
224.402
224.405
224.392
224.404
224.405
224.399
224.392
224.442
224.407
224.407
224.406
224.419
224.411
224.408
224.412
224.397
224.4
224.414
224.427
224.416
224.417
224.415
224.416
224.429
224.419
224.422
224.413
224.416
224.431
224.422
224.426
224.423
224.425
224.433
224.427
224.404
224.427
224.427
224.436
224.43
224.436
224.431
224.431
224.429
224.433
224.462
224.436
224.436
224.431
224.426
224.439
224.444
224.44
224.44
224.45
224.442
224.43
224.444
224.443
224.439
224.419
224.468
224.448
224.449
224.451
224.445
224.454
224.454
224.453
224.453
224.464
224.456
224.455
224.447
224.465
224.458
224.457
224.453
224.472
224.46
224.461
224.457
224.49
224.463
224.466
224.467
224.466
224.47
224.469
224.468
224.467
224.464
224.476
224.474
224.467
224.472
224.493
224.474
224.474
224.466
224.475
224.484
224.476
224.478
224.494
224.479
224.48
224.489
224.484
224.482
224.461
224.463
224.48
224.481
224.488
224.499
224.489
224.489
224.489
224.481
224.486
224.491
224.492
224.492
224.478
224.494
224.496
224.497
224.5
224.489
224.489
224.487
224.497
224.501
224.499
224.506
224.503
224.502
224.509
224.502
224.508
224.509
224.489
224.515
224.508
224.509
224.506
224.511
224.509
224.496
224.512
224.514
224.514
224.516
224.515
224.502
224.51
224.521
224.518
224.505
224.531
224.52
224.521
224.526
224.529
224.528
224.52
224.523
224.525
224.518
224.515
224.535
224.526
224.565
224.529
224.531
224.531
224.535
224.534
224.528
224.528
224.537
224.524
224.536
224.538
224.531
224.544
224.54
224.532
224.543
224.542
224.538
224.561
224.539
224.538
224.548
224.549
224.546
224.572
224.549
224.55
224.549
224.553
224.559
224.549
224.55
224.539
224.556
224.555
224.581
224.554
224.558
224.555
224.559
224.566
224.55
224.584
224.562
224.563
224.563
224.555
224.573
224.559
224.566
224.56
224.566
224.58
224.566
224.573
224.571
224.558
224.572
224.573
224.571
224.573
224.575
224.584
224.577
224.577
224.578
224.573
224.58
224.581
224.607
224.582
224.582
224.582
224.589
224.581
224.581
224.585
224.587
224.59
224.588
224.589
224.59
224.59
224.587
224.593
224.593
224.595
224.592
224.595
224.604
224.596
224.6
224.603
224.601
224.601
224.601
224.601
224.601
224.602
224.603
224.603
224.606
224.604
224.605
224.606
224.607
224.608
224.608
224.608
224.612
224.604
224.614
224.606
224.613
224.612
224.615
224.616
224.615
224.615
224.619
224.626
224.636
224.611
224.618
224.621
224.628
224.622
224.606
224.629
224.62
224.625
224.627
224.627
224.636
224.612
224.63
224.643
224.635
224.631
224.635
224.635
224.644
224.632
224.635
224.636
224.631
224.639
224.633
224.636
224.639
224.638
224.641
224.654
224.635
224.64
224.644
224.648
224.647
224.642
224.654
224.648
224.656
224.668
224.649
224.643
224.651
224.652
224.652
224.653
224.652
224.658
224.656
224.658
224.659
224.657
224.663
224.647
224.667
224.661
224.66
224.664
224.664
224.669
224.666
224.668
224.667
224.668
224.668
224.671
224.662
224.67
224.672
224.655
224.669
224.673
224.673
224.677
224.669
224.677
224.675
224.681
224.678
224.679
224.679
224.68
224.675
224.678
224.683
224.679
224.684
224.687
224.699
224.687
224.687
224.693
224.689
224.69
224.691
224.708
224.696
224.692
224.686
224.694
224.692
224.695
224.698
224.697
224.697
224.698
224.699
224.695
224.689
224.703
224.699
224.693
224.714
224.705
224.706
224.704
224.705
224.707
224.71
224.71
224.708
224.706
224.706
224.707
224.703
224.7
224.698
224.69
224.704
224.704
224.692
224.689
224.716
224.695
224.694
224.689
224.688
224.704
224.688
224.683
224.683
224.682
224.681
224.679
224.681
224.668
224.679
224.677
224.674
224.673
224.67
224.668
224.661
224.669
224.676
224.659
224.662
224.663
224.654
224.658
224.65
224.656
224.657
224.654
224.655
224.661
224.645
224.65
224.647
224.644
224.639
224.636
224.619
224.623
224.629
224.627
224.615
224.616
224.615
224.614
224.61
224.633
224.597
224.597
224.595
224.591
224.587
224.582
224.583
224.577
224.572
224.565
224.567
224.552
224.56
224.551
224.555
224.549
224.548
224.555
224.541
224.537
224.526
224.521
224.527
224.521
224.522
224.515
224.513
224.511
224.526
224.507
224.502
224.489
224.492
224.486
224.486
224.484
224.481
224.476
224.472
224.472
224.466
224.461
224.454
224.458
224.465
224.45
224.443
224.441
224.445
224.433
224.429
224.421
224.424
224.425
224.424
224.42
224.42
224.41
224.414
224.404
224.401
224.407
224.384
224.389
224.388
224.392
224.381
224.377
224.374
224.366
224.371
224.364
224.358
224.358
224.354
224.345
224.348
224.342
224.342
224.337
224.334
224.328
224.327
224.323
224.319
224.319
224.314
224.311
224.307
224.299
224.302
224.287
224.295
224.291
224.289
224.293
224.28
224.284
224.274
224.255
224.27
224.266
224.262
224.26
224.254
224.242
224.252
224.248
224.237
224.237
224.234
224.236
224.228
224.228
224.22
224.218
224.214
224.214
224.207
224.211
224.201
224.198
224.199
224.208
224.184
224.185
224.18
224.179
224.176
224.171
224.169
224.167
224.161
224.153
224.153
224.147
224.151
224.145
224.137
224.138
224.147
224.111
224.131
224.125
224.123
224.119
224.115
224.111
224.115
224.104
224.101
224.094
224.096
224.087
224.085
224.121
224.078
224.077
224.075
224.073
224.069
224.064
224.061
224.067
224.056
224.053
224.039
224.046
224.041
224.043
224.035
224.028
224.027
224.031
224.022
224.019
224.015
224.009
224.002
224.007
224.002
223.998
223.995
224.01
223.991
223.98
223.981
223.978
223.982
223.967
223.964
223.965
223.961
223.959
223.958
223.953
223.948
223.938
223.944
223.938
223.927
223.931
223.926
223.926
223.923
223.914
223.918
223.912
223.919
223.904
223.911
223.897
223.895
223.915
223.889
223.886
223.882
223.881
223.875
223.872
223.871
223.865
223.861
223.876
223.848
223.853
223.848
223.844
223.842
223.84
223.835
223.827
223.829
223.826
223.822
223.817
223.815
223.813
223.807
223.813
223.801
223.797
223.794
223.794
223.787
223.786
223.783
223.772
223.77
223.764
223.768
223.766
223.754
223.759
223.748
223.754
223.745
223.751
223.743
223.741
223.733
223.732
223.729
223.725
223.723
223.721
223.715
223.712
223.706
223.704
223.701
223.697
223.692
223.687
223.686
223.682
223.679
223.675
223.67
223.669
223.665
223.658
223.65
223.653
223.652
223.651
223.643
223.64
223.636
223.63
223.626
223.623
223.624
223.61
223.601
223.59
223.576
223.561
223.546
223.53
223.515
223.499
223.486
223.472
223.456
223.443
223.427
223.412
223.397
223.386
223.366
223.35
223.334
223.316
223.297
223.278
223.258
223.239
223.22
223.2
223.182
223.171
223.142
223.122
223.106
223.087
223.066
223.049
223.031
223.009
222.989
222.972
222.953
222.932
222.912
222.891
222.874
222.855
222.835
222.813
222.797
222.782
222.759
222.739
222.719
222.7
222.681
222.662
222.643
222.624
222.604
222.585
222.563
222.55
222.528
222.503
222.491
222.471
222.451
222.433
222.415
222.392
222.373
222.354
222.335
222.317
222.297
222.278
222.26
222.238
222.22
222.2
222.182
222.161
222.14
222.124
222.107
222.085
222.06
222.048
222.027
222.011
221.99
221.97
221.951
221.932
221.914
221.893
221.874
221.855
221.835
221.817
221.798
221.777
221.759
221.739
221.719
221.701
221.68
221.664
221.646
221.614
221.602
221.586
221.567
221.544
221.528
221.509
221.489
221.472
221.452
221.431
221.418
221.395
221.374
221.354
221.333
221.316
221.295
221.288
221.258
221.238
221.223
221.199
221.185
221.161
221.141
221.123
221.104
221.083
221.066
221.044
221.027
221.008
220.986
220.967
220.946
220.929
220.909
220.89
220.869
220.852
220.832
220.813
220.793
220.776
220.755
220.736
220.713
220.697
220.676
220.658
220.639
220.621
220.601
220.581
220.56
220.546
220.523
220.504
220.486
220.463
220.446
220.427
220.407
220.389
220.37
220.349
220.331
220.309
220.292
220.272
220.253
220.234
220.214
220.195
220.176
220.157
220.138
220.117
220.099
220.077
220.06
220.039
220.021
220.001
219.983
219.963
219.942
219.925
219.905
219.886
219.867
219.846
219.827
219.808
219.791
219.77
219.747
219.732
219.711
219.693
219.673
219.654
219.634
219.617
219.596
219.578
219.556
219.539
219.52
219.504
219.482
219.461
219.443
219.422
219.404
219.383
219.363
219.346
219.324
219.307
219.286
219.267
219.247
219.228
219.208
219.189
219.169
219.152
219.131
219.109
219.092
219.072
219.053
219.034
219.019
218.995
218.975
218.956
218.935
218.917
218.899
218.878
218.859
218.838
218.82
218.801
218.781
218.762
218.744
218.725
218.7
218.685
218.666
218.644
218.626
218.606
218.593
218.562
218.548
218.528
218.516
218.493
218.471
218.452
218.435
218.412
218.393
218.373
218.354
218.334
218.314
218.293
218.276
218.26
218.237
218.218
218.213
218.175
218.161
218.141
218.122
218.101
218.082
218.063
218.045
218.024
218.004
217.985
217.965
217.944
217.929
217.907
217.888
217.868
217.849
217.833
217.81
217.784
217.772
217.752
217.732
217.713
217.692
217.673
217.655
217.631
217.617
217.597
217.577
217.558
217.538
217.527
217.5
217.481
217.462
217.441
217.421
217.404
217.383
217.364
217.344
217.325
217.308
217.285
217.267
217.247
217.227
217.208
217.19
217.169
217.152
217.131
217.108
217.092
217.072
217.054
217.033
217.012
216.993
216.976
216.956
216.937
216.916
216.895
216.879
216.86
216.839
216.82
216.8
216.781
216.761
216.74
216.722
216.701
216.685
216.665
216.645
216.626
216.606
216.589
216.567
216.547
216.527
216.509
216.492
216.471
216.451
216.43
216.412
216.394
216.373
216.355
216.336
216.315
216.296
216.276
216.257
216.233
216.219
216.199
216.18
216.161
216.14
216.12
216.095
216.077
216.062
216.042
216.022
216.002
215.984
215.966
215.945
215.927
215.907
215.886
215.868
215.85
215.829
215.811
215.792
215.774
215.75
215.732
215.712
215.693
215.673
215.654
215.633
215.617
215.597
215.578
215.558
215.54
215.523
215.5
215.48
215.46
215.441
215.421
215.4
215.383
215.361
215.345
215.325
215.305
215.286
215.266
215.247
215.231
215.209
215.185
215.172
215.149
215.133
215.11
215.091
215.073
215.06
215.029
215.011
214.998
214.974
214.956
214.936
214.918
214.9
214.878
214.862
214.839
214.82
214.801
214.786
214.762
214.746
214.723
214.707
214.687
214.664
214.648
214.626
214.606
214.587
214.564
214.544
214.523
214.502
214.482
214.459
214.438
214.418
214.395
214.375
214.355
214.337
214.31
214.291
214.269
214.25
214.227
214.204
214.185
214.164
214.144
214.124
214.101
214.08
214.057
214.039
214.02
213.993
213.973
213.954
213.932
213.915
213.889
213.864
213.85
213.824
213.805
213.786
213.763
213.743
213.717
213.715
213.675
213.657
213.633
213.61
213.588
213.563
213.543
213.517
213.495
213.474
213.451
213.426
213.407
213.381
213.36
213.34
213.314
213.29
213.269
213.246
213.223
213.201
213.178
213.155
213.13
213.108
213.086
213.063
213.041
213.017
213.002
212.972
212.948
212.926
212.904
212.887
212.859
212.833
212.82
212.788
212.765
212.743
212.721
212.698
212.675
212.655
212.63
212.608
212.585
212.561
212.538
212.517
212.493
212.469
212.447
212.426
212.401
212.378
212.355
212.332
212.309
212.287
212.264
212.242
212.219
212.196
212.173
212.149
212.128
212.104
212.082
212.057
212.036
212.012
211.99
211.965
211.943
211.922
211.899
211.878
211.853
211.831
211.807
211.779
211.761
211.741
211.716
211.693
211.672
211.67
211.621
211.601
211.579
211.553
211.534
211.511
211.488
211.465
211.441
211.419
211.397
211.374
211.35
211.327
211.306
211.282
211.259
211.235
211.214
211.191
211.168
211.146
211.122
211.1
211.083
211.054
211.031
211.008
210.987
210.965
210.94
210.919
210.894
210.872
210.848
210.826
210.803
210.78
210.753
210.734
210.711
210.687
210.663
210.635
210.608
210.575
210.539
210.507
210.476
210.441
210.408
210.372
210.342
210.308
210.27
210.231
210.195
210.157
210.12
210.082
210.042
210.007
209.969
209.929
209.889
209.855
209.817
209.778
209.74
209.706
209.665
209.627
209.586
209.548
209.514
209.475
209.443
209.401
209.368
209.325
209.289
209.247
209.209
209.168
209.132
209.098
209.058
209.018
208.983
208.943
208.905
208.869
208.832
208.792
208.755
208.717
208.679
208.641
208.61
208.564
208.527
208.49
208.452
208.412
208.378
208.34
208.301
208.266
208.228
208.187
208.147
208.106
208.075
208.035
208.001
207.956
207.928
207.884
207.844
207.81
207.767
207.732
207.695
207.656
207.621
207.578
207.542
207.504
207.47
207.429
207.385
207.363
207.317
207.277
207.242
207.196
207.161
207.126
207.087
207.047
207.01
206.973
206.937
206.899
206.861
206.823
206.783
206.745
206.707
206.671
206.633
206.595
206.556
206.516
206.479
206.441
206.406
206.367
206.33
206.293
206.254
206.216
206.18
206.139
206.102
206.069
206.026
205.989
205.95
205.915
205.876
205.839
205.799
205.761
205.723
205.68
205.645
205.61
205.574
205.535
205.496
205.458
205.419
205.382
205.345
205.308
205.269
205.23
205.196
205.156
205.115
205.078
205.039
205.006
204.965
204.927
204.889
204.849
204.816
204.775
204.737
204.701
204.662
204.624
204.587
204.551
204.511
204.473
204.435
204.396
204.362
204.321
204.29
204.246
204.207
204.17
204.132
204.095
204.056
204.02
203.981
203.944
203.911
203.865
203.827
203.791
203.753
203.715
203.67
203.637
203.605
203.564
203.524
203.487
203.455
203.418
203.373
203.334
203.3
203.256
203.222
203.182
203.148
203.108
203.071
203.031
202.995
202.956
202.921
202.88
202.844
202.812
202.779
202.729
202.691
202.654
202.615
202.578
202.538
202.498
202.465
202.426
202.386
202.351
202.314
202.272
202.237
202.2
202.161
202.12
202.084
202.048
202.011
201.972
201.933
201.891
201.858
201.819
201.782
201.743
201.706
201.667
201.635
201.595
201.554
201.517
201.48
201.442
201.404
201.365
201.327
201.286
201.25
201.214
201.176
201.139
201.099
201.062
201.024
200.986
200.948
200.91
200.873
200.834
200.798
200.759
200.721
200.683
200.645
200.609
200.572
200.53
200.494
200.449
200.418
200.38
200.343
200.302
200.266
200.231
200.192
200.152
200.114
200.074
200.039
200.001
199.965
199.924
199.888
199.85
199.812
199.781
199.736
199.695
199.66
199.622
199.585
199.546
199.508
199.47
199.432
199.394
199.357
199.319
199.286
199.243
199.205
199.168
199.129
199.093
199.055
199.016
198.978
198.94
198.902
198.864
198.826
198.788
198.75
198.712
198.674
198.639
198.599
198.562
198.523
198.485
198.447
198.427
198.37
198.333
198.296
198.258
198.224
198.182
198.14
198.106
198.069
198.029
197.992
197.955
197.917
197.879
197.842
197.803
197.764
197.727
197.689
197.652
197.614
197.578
197.536
197.499
197.462
197.425
197.387
197.35
197.31
197.272
197.234
197.197
197.16
197.122
197.083
197.048
197.008
196.97
196.932
196.893
196.866
196.815
196.78
196.742
196.698
196.675
196.629
196.59
196.552
196.529
196.477
196.436
196.403
196.368
196.325
196.287
196.249
196.214
196.174
196.136
196.1
196.061
196.015
195.985
195.949
195.908
195.868
195.839
195.795
195.758
195.717
195.681
195.643
195.603
195.566
195.531
195.492
195.45
195.42
195.379
195.34
195.311
195.263
195.227
195.19
195.152
195.112
195.074
195.036
194.999
194.961
194.924
194.877
194.847
194.809
194.773
194.737
194.697
194.658
194.62
194.581
194.545
194.506
194.468
194.427
194.392
194.353
194.319
194.28
194.246
194.201
194.166
194.127
194.09
194.051
194.013
193.975
193.938
193.9
193.861
193.825
193.794
193.748
193.707
193.671
193.636
193.595
193.558
193.518
193.482
193.441
193.411
193.367
193.331
193.294
193.254
193.22
193.18
193.143
193.103
193.066
193.027
192.991
192.953
192.924
192.879
192.837
192.802
192.763
192.722
192.694
192.649
192.606
192.574
192.534
192.497
192.46
192.422
192.376
192.347
192.31
192.27
192.232
192.195
192.157
192.12
192.084
192.043
192.005
191.967
191.925
191.888
191.846
191.815
191.778
191.74
191.702
191.663
191.627
191.588
191.55
191.512
191.475
191.437
191.39
191.36
191.323
191.266
191.247
191.211
191.17
191.133
191.096
191.058
191.019
190.98
190.944
190.905
190.868
190.831
190.791
190.754
190.717
190.678
190.637
190.602
190.566
190.527
190.485
190.451
190.402
190.374
190.337
190.301
190.265
190.225
190.18
190.148
190.111
190.073
190.031
189.995
189.956
189.924
189.883
189.842
189.807
189.769
189.73
189.693
189.655
189.617
189.579
189.541
189.506
189.467
189.429
189.39
189.352
189.319
189.275
189.239
189.2
189.162
189.128
189.086
189.048
189.01
188.975
188.936
188.897
188.861
188.821
188.784
188.746
188.709
188.668
188.629
188.595
188.557
188.519
188.48
188.446
188.403
188.366
188.328
188.285
188.26
188.214
188.177
188.139
188.102
188.061
188.029
187.987
187.954
187.908
187.874
187.836
187.798
187.765
187.721
187.685
187.647
187.609
187.57
187.533
187.495
187.456
187.421
187.38
187.344
187.303
187.267
187.236
187.195
187.153
187.115
187.078
187.04
187.002
186.954
186.926
186.889
186.851
186.812
186.774
186.737
186.699
186.661
186.624
186.584
186.548
186.511
186.473
186.437
186.395
186.362
186.32
186.283
186.243
186.203
186.169
186.133
186.091
186.054
186.017
185.983
185.941
185.904
185.865
185.827
185.8
185.751
185.717
185.676
185.642
185.595
185.563
185.523
185.487
185.448
185.409
185.372
185.338
185.298
185.259
185.22
185.186
185.15
185.107
185.071
185.032
184.987
184.95
184.921
184.881
184.843
184.804
184.768
184.727
184.694
184.653
184.614
184.577
184.539
184.5
184.467
184.427
184.387
184.354
184.311
184.276
184.237
184.194
184.161
184.122
184.086
184.046
184.008
183.968
183.932
183.896
183.86
183.822
183.78
183.745
183.703
183.668
183.627
183.59
183.553
183.516
183.478
183.44
183.401
183.364
183.325
183.282
183.249
183.209
183.178
183.135
183.098
183.064
183.023
182.984
182.948
182.912
182.871
182.835
182.796
182.758
182.72
182.683
182.644
182.606
182.568
182.53
182.493
182.455
182.417
182.379
182.34
182.304
182.265
182.232
182.191
182.152
182.114
182.076
182.038
181.998
181.962
181.924
181.886
181.843
181.812
181.77
181.734
181.697
181.658
181.62
181.581
181.544
181.506
181.471
181.431
181.394
181.355
181.317
181.28
181.242
181.204
181.166
181.128
181.092
181.05
181.013
180.974
180.939
180.901
180.863
180.826
180.787
180.749
180.71
180.675
180.635
180.598
180.561
180.522
180.484
180.446
180.408
180.37
180.332
180.295
180.259
180.219
180.181
180.143
180.105
180.067
180.025
179.991
179.954
179.916
179.877
179.84
179.797
179.762
179.726
179.688
179.647
179.612
179.575
179.536
179.499
179.461
179.422
179.384
179.348
179.309
179.272
179.236
179.196
179.158
179.12
179.076
179.044
179.006
178.968
178.93
178.891
178.855
178.816
178.779
178.741
178.706
178.665
178.628
178.59
178.552
178.515
178.476
178.437
178.401
178.362
178.323
178.286
178.248
178.211
178.172
178.134
178.097
178.058
178.022
177.983
177.947
177.907
177.868
177.832
177.793
177.758
177.717
177.68
177.642
177.603
177.566
177.528
177.49
177.453
177.414
177.377
177.337
177.3
177.263
177.226
177.187
177.149
177.109
177.074
177.035
176.998
176.961
176.921
176.884
176.846
176.812
176.773
176.732
176.694
176.649
176.614
176.583
176.542
176.505
176.467
176.429
176.39
176.351
176.316
176.277
176.239
176.205
176.163
176.126
176.088
176.048
176.012
175.975
175.936
175.899
175.861
175.825
175.785
175.747
175.712
175.673
175.633
175.597
175.558
175.52
175.48
175.445
175.408
175.368
175.33
175.293
175.26
175.216
175.178
175.14
175.104
175.065
175.029
174.989
174.951
174.915
174.876
174.838
174.804
174.762
174.723
174.685
174.648
174.611
174.571
174.534
174.495
174.458
174.412
174.383
174.345
174.307
174.268
174.232
174.193
174.155
174.116
174.078
174.042
174.005
173.966
173.93
173.89
173.852
173.813
173.777
173.739
173.7
173.661
173.625
173.586
173.549
173.511
173.473
173.437
173.398
173.359
173.321
173.284
173.248
173.21
173.17
173.133
173.095
173.057
173.019
172.979
172.942
172.904
172.867
172.83
172.79
172.753
172.713
172.678
172.637
172.601
172.568
172.526
172.488
172.451
172.412
172.372
172.335
172.303
172.261
172.218
172.186
172.143
172.108
172.075
172.032
171.998
171.961
171.921
171.881
171.843
171.806
171.766
171.729
171.696
171.654
171.617
171.578
171.54
171.503
171.47
171.428
171.388
171.351
171.315
171.271
171.237
171.2
171.162
171.124
171.087
171.04
171.024
170.971
170.929
170.896
170.859
170.819
170.785
170.744
170.706
170.668
170.624
170.591
170.554
170.515
170.488
170.441
170.402
170.362
170.328
170.296
170.249
170.213
170.175
170.138
170.1
170.062
170.025
169.977
169.955
169.912
169.873
169.835
169.798
169.76
169.722
169.683
169.646
169.607
169.571
169.534
169.495
169.457
169.418
169.38
169.343
169.305
169.273
169.226
169.19
169.153
169.115
169.079
169.039
169.002
168.966
168.925
168.886
168.851
168.812
168.773
168.736
168.7
168.661
168.623
168.585
168.563
168.509
168.476
168.434
168.395
168.358
168.318
168.286
168.241
168.206
168.166
168.13
168.092
168.056
168.016
167.978
167.939
167.902
167.867
167.827
167.789
167.745
167.713
167.676
167.636
167.596
167.56
167.524
167.485
167.463
167.412
167.372
167.34
167.299
167.258
167.22
167.179
167.145
167.109
167.069
167.03
166.993
166.957
166.917
166.88
166.841
166.802
166.766
166.724
166.689
166.638
166.614
166.578
166.539
166.5
166.463
166.422
166.388
166.35
166.311
166.277
166.236
166.195
166.156
166.119
166.079
166.039
166.002
165.964
165.925
165.886
165.847
165.805
165.77
165.733
165.693
165.655
165.615
165.577
165.54
165.501
165.46
165.42
165.383
165.343
165.305
165.268
165.225
165.19
165.151
165.113
165.075
165.035
164.996
164.957
164.916
164.876
164.843
164.804
164.763
164.728
164.682
164.649
164.611
164.57
164.533
164.495
164.456
164.416
164.377
164.34
164.299
164.262
164.225
164.185
164.145
164.104
164.066
164.026
163.985
163.947
163.898
163.87
163.821
163.788
163.751
163.709
163.669
163.631
163.592
163.553
163.512
163.473
163.433
163.393
163.353
163.316
163.274
163.235
163.195
163.158
163.119
163.077
163.04
162.993
162.959
162.921
162.88
162.84
162.799
162.754
162.724
162.682
162.644
162.604
162.562
162.524
162.485
162.444
162.404
162.365
162.314
162.286
162.252
162.202
162.168
162.125
162.087
162.049
162.007
161.986
161.928
161.894
161.845
161.811
161.774
161.734
161.695
161.653
161.614
161.575
161.534
161.489
161.449
161.421
161.375
161.338
161.296
161.258
161.218
161.18
161.139
161.099
161.06
161.024
160.982
160.943
160.901
160.862
160.816
160.784
160.743
160.704
160.665
160.626
160.588
160.546
160.506
160.467
160.426
160.384
160.337
160.303
160.269
160.234
160.19
160.15
160.121
160.074
160.033
159.987
159.952
159.913
159.873
159.835
159.795
159.75
159.715
159.679
159.638
159.599
159.555
159.517
159.477
159.446
159.4
159.361
159.32
159.281
159.246
159.202
159.154
159.121
159.081
159.043
159.009
158.961
158.926
158.886
158.846
158.803
158.768
158.728
158.684
158.658
158.609
158.568
158.529
158.489
158.446
158.411
158.372
158.331
158.292
158.247
158.212
158.175
158.133
158.094
158.053
158.021
157.975
157.933
157.896
157.854
157.819
157.778
157.738
157.699
157.661
157.62
157.579
157.541
157.502
157.461
157.423
157.385
157.343
157.308
157.264
157.222
157.186
157.146
157.106
157.067
157.028
156.986
156.947
156.908
156.868
156.827
156.791
156.751
156.717
156.67
156.631
156.591
156.552
156.513
156.476
156.433
156.398
156.356
156.314
156.276
156.235
156.196
156.156
156.117
156.077
156.038
155.999
155.96
155.92
155.88
155.838
155.8
155.761
155.722
155.682
155.641
155.603
155.562
155.523
155.486
155.445
155.405
155.367
155.325
155.286
155.248
155.21
155.167
155.127
155.089
155.051
155.009
154.967
154.931
154.894
154.864
154.812
154.773
154.732
154.694
154.655
154.611
154.57
154.537
154.496
154.454
154.415
154.378
154.335
154.298
154.255
154.218
154.178
154.14
154.101
154.06
154.018
153.981
153.941
153.897
153.863
153.823
153.784
153.744
153.705
153.663
153.626
153.584
153.546
153.507
153.467
153.425
153.391
153.346
153.31
153.269
153.229
153.19
153.151
153.11
153.07
153.033
152.991
152.954
152.913
152.874
152.835
152.8
152.757
152.715
152.677
152.637
152.595
152.556
152.519
152.475
152.436
152.4
152.358
152.328
152.28
152.241
152.202
152.164
152.121
152.085
152.044
152.004
151.964
151.925
151.886
151.845
151.806
151.766
151.727
151.688
151.648
151.6
151.568
151.529
151.486
151.447
151.411
151.375
151.332
151.293
151.254
151.214
151.167
151.152
151.094
151.055
151.015
150.98
150.936
150.898
150.858
150.818
150.779
150.739
150.699
150.66
150.621
150.58
150.542
150.501
150.463
150.423
150.384
150.344
150.302
150.265
150.223
150.187
150.143
150.105
150.065
150.027
149.987
149.95
149.911
149.867
149.829
149.789
149.751
149.711
149.67
149.638
149.592
149.553
149.512
149.475
149.437
149.4
149.356
149.315
149.277
149.235
149.198
149.157
149.117
149.076
149.04
149
148.958
148.917
148.88
148.841
148.8
148.761
148.723
148.681
148.642
148.604
148.565
148.524
148.483
148.445
148.404
148.367
148.327
148.286
148.247
148.209
148.168
148.128
148.089
148.05
148.011
147.97
147.932
147.892
147.852
147.811
147.773
147.733
147.694
147.656
147.614
147.574
147.533
147.495
147.456
147.413
147.375
147.34
147.299
147.256
147.22
147.179
147.139
147.101
147.062
147.017
146.983
146.942
146.902
146.863
146.823
146.785
146.745
146.707
146.665
146.626
146.582
146.548
146.506
146.468
146.427
146.389
146.35
146.319
146.27
146.231
146.188
146.152
146.107
146.074
146.033
145.995
145.954
145.915
145.872
145.846
145.796
145.756
145.717
145.676
145.636
145.597
145.557
145.519
145.48
145.438
145.4
145.36
145.319
145.282
145.242
145.202
145.163
145.122
145.084
145.044
145.002
144.965
144.924
144.885
144.845
144.808
144.764
144.724
144.687
144.648
144.61
144.57
144.529
144.49
144.451
144.412
144.372
144.332
144.294
144.254
144.211
144.175
144.135
144.093
144.056
144.018
143.972
143.936
143.896
143.858
143.818
143.778
143.737
143.696
143.66
143.622
143.581
143.541
143.504
143.463
143.423
143.383
143.348
143.303
