Mode 1
             0.06297725921126270943
             0.14597933565957788016
             0.22555605128517239311
             0.29411908462803393327
             0.34744944630518842521
             0.38296486109498256711
             0.40114082265373635083
Mode 2
             0.18692395848369949829
             0.35481383497229423973
             0.37378338214283102214
             0.22668838539036872959
            -0.02256924704349777544
            -0.26572747116348827134
            -0.41459352651434500103
Mode 3
             0.29413718248619419304
             0.35318041849431058843
             0.02971892568499673315
            -0.32481456141949144323
            -0.31427077346862553053
             0.05556444338136366790
             0.42115783770430015309
Mode 4
             0.36276366865237541504
             0.13565174718367228879
            -0.34050638064219784784
            -0.16348251159090737561
             0.32552484812591742092
             0.18193929265533825834
            -0.39728800047977386178
Mode 5
             0.37465095695099975837
            -0.16537332286902689527
            -0.24872650121476819196
             0.34280248098893389974
             0.00673457497069890332
            -0.33978070064753518320
             0.33005323150475057714
