0.2 0 0 0 0 0 0
0.4 0 0 0 0 0 0
0.6 0 0 0 0 0 0
0.8 0 0 0 0 0 0
1 0 0 0 0 0 0
0.583175 0 0 0 0 0 0
1.16593 0 0 0 0 0 0
1.7492 0 0 0 0 0 0
2.33204 0 0 0 0 0 0
2.91483 0 0 0 0 0 0
3.49798 0 0 0 0 0 0
4.08102 0 0 0 0 0 0
4.66389 0 0 0 0 0 0
5.24688 0 0 0 0 0 0
5.82991 0 0 0 0 0 0
6.41313 0 0 0 0 0 0
6.99593 0 0 0 0 0 0
7.5789 0 0 0 0 0 0
8.16182 0 0 0 0 0 0
8.74487 0 0 0 0 0 0
9.3277 0 0 0 0 0 0
9.91085 0 0 0 0 0 0
10.494 0 0 0 0 0 0
11.0767 0 0 0 0 0 0
11.6596 0 0 0 0 0 0
12.2428 0 0 0 0 0 0
12.8259 0 0 0 0 0 0
13.4084 0 0 0 0 0 0
13.9919 0 0 0 0 0 0
14.575 0 0 0 0 0 0
15.1577 0 0 0 0 0 0
15.7408 0 0 0 0 0 0
16.3241 0 0 0 0 0 0
16.9066 0 0 0 0 0 0
17.4897 0 0 0 0 0 0
18.0728 0 0 0 0 0 0
18.6556 0 0 0 0 0 0
19.239 0 0 0 0 0 0
19.8217 0 0 0 0 0 0
20.4046 0 0 0 0 0 0
20.9877 0 0 0 0 0 0
21.5707 0 0 0 0 0 0
22.1536 0 0 0 0 0 0
22.7368 0 0 0 0 0 0
23.3196 0 0 0 0 0 0
23.9027 0 0 0 0 0 0
24.4856 0 0 0 0 0 0
25.0687 0 0 0 0 0 0
25.6514 0 0 0 0 0 0
26.2345 0 0 0 0 0 0
26.8173 0 0 0 0 0 0
27.4001 0 0 0 0 0 0
27.9835 0 0 0 0 0 0
28.5664 0 0 0 0 0 0
29.1497 0 0 0 0 0 0
29.7323 0 0 0 0 0 0
30.3155 0 0 0 0 0 0
30.8985 0 0 0 0 0 0
31.4814 0 0 0 0 0 0
32.0646 0 0 0 0 0 0
32.6473 0 0 0 0 0 0
33.2304 0 0 0 0 0 0
33.8135 0 0 0 0 0 0
34.3962 0 0 0 0 0 0
34.9792 0 0 0 0 0 0
35.5623 0 0 0 0 0 0
36.1456 0 0 0 0 0 0
36.7284 0 0 0 0 0 0
37.3113 0 0 0 0 0 0
37.8942 0 0 0 0 0 0
38.4773 0 0 0 0 0 0
39.0605 0 0 0 0 0 0
39.6434 0 0 0 0 0 0
40.2264 0 0 0 0 0 0
40.8093 0 0 0 0 0 0
41.3924 0 0 0 0 0 0
41.9754 0 0 0 0 0 0
42.5582 0 0 0 0 0 0
43.1412 0 0 0 0 0 0
43.7243 0 0 0 0 0 0
44.3073 0 0 0 0 0 0
44.8901 0 0 0 0 0 0
45.4734 0 0 0 0 0 0
46.056 0 0 0 0 0 0
46.6391 0 0 0 0 0 0
47.2225 0 0 0 0 0 0
47.8052 0 0 0 0 0 0
48.3881 0 0 0 0 0 0
48.9716 0 0 0 0 0 0
49.5542 0 0 0 0 0 0
50.1371 0 0 0 0 0 0
50.72 0 0 0 0 0 0
51.3034 0 0 0 0 0 0
51.8862 0 0 0 0 0 0
52.4691 0 0 0 0 0 0
53.0518 0 0 0 0 0 0
53.6351 0 0 0 0 0 0
54.2182 0 0 0 0 0 0
54.8009 0 0 0 0 0 0
55.3841 0 0 0 0 0 0
55.9673 0 0 0 0 0 0
56.5499 0 0 0 0 0 0
57.1326 0 0 0 0 0 0
57.7161 0 0 0 0 0 0
58.2989 0 0 0 0 0 0
58.882 0 0 0 0 0 0
59.465 0 0 0 0 0 0
60.0481 0 0 0 0 0 0
60.6311 0 0 0 0 0 0
61.2143 0 0 0 0 0 0
61.7969 0 0 0 0 0 0
62.38 0 0 0 0 0 0
62.9631 0 0 0 0 0 0
63.5459 0 0 0 0 0 0
64.1291 0 0 0 0 0 0
64.7113 0 0 0 0 0 0
65.2947 0 0 0 0 0 0
65.8781 0 0 0 0 0 0
66.4609 0 0 0 0 0 0
67.044 0 0 0 0 0 0
67.627 0 0 0 0 0 0
68.2098 0 0 0 0 0 0
68.7927 0 0 0 0 0 0
69.3758 0 0 0 0 0 0
69.9589 0 0 0 0 0 0
70.5418 0 0 0 0 0 0
71.1248 0 0 0 0 0 0
71.708 0 0 0 0 0 0
72.2908 0 0 0 0 0 0
72.874 0 0 0 0 0 0
73.4568 0 0 0 0 0 0
74.0399 0 0 0 0 0 0
74.6229 0 0 0 0 0 0
75.2059 0 0 0 0 0 0
75.7887 0 0 0 0 0 0
76.3718 0 0 0 0 0 0
76.9548 0 0 0 0 0 0
77.5377 0 0 0 0 0 0
78.1209 0 0 0 0 0 0
78.7038 0 0 0 0 0 0
79.2869 0 0 0 0 0 0
79.8697 0 0 0 0 0 0
80.4527 0 0 0 0 0 0
81.0357 0 0 0 0 0 0
81.6187 0 0 0 0 0 0
82.202 0 0 0 0 0 0
82.7847 0 0 0 0 0 0
83.3678 0 0 0 0 0 0
83.9507 0 0 0 0 0 0
84.5336 0 0 0 0 0 0
85.1168 0 0 0 0 0 0
85.7 0 0 0 0 0 0
86.2825 0 0 0 0 0 0
86.8656 0 0 0 0 0 0
87.4485 0 0 0 0 0 0
88.0315 0 0 0 0 0 0
88.6145 0 0 0 0 0 0
89.1979 0 0 0 0 0 0
89.7806 0 0 0 0 0 0
90.3636 0 0 0 0 0 0
90.9465 0 0 0 0 0 0
91.5294 0 0 0 0 0 0
92.1127 0 0 0 0 0 0
92.6955 0 0 0 0 0 0
93.2786 0 0 0 0 0 0
93.8605 0 0 0 0 0 0
94.4451 0 0 0 0 0 0
95.0275 0 0 0 0 0 0
95.6104 0 0 0 0 0 0
96.1935 0 0 0 0 0 0
96.7765 0 0 0 0 0 0
97.3595 0 0 0 0 0 0
97.9425 0 0 0 0 0 0
98.5254 0 0 0 0 0 0
99.1084 0 0 0 0 0 0
99.6912 0 0 0 0 0 0
100.274 0 0 0 0 0 0
100.858 0 0 0 0 0 0
101.44 0 0 0 0 0 0
102.023 0 0 0 0 0 0
102.606 0 0 0 0 0 0
103.189 0 0 0 0 0 0
103.773 0 0 0 0 0 0
104.355 0 0 0 0 0 0
104.938 0 0 0 0 0 0
105.521 0 0 0 0 0 0
106.104 0 0 0 0 0 0
106.687 0 0 0 0 0 0
107.27 0 0 0 0 0 0
107.853 0 0 0 0 0 0
108.436 0 0 0 0 0 0
109.019 0 0 0 0 0 0
109.602 0 0 0 0 0 0
110.185 0 0 0 0 0 0
110.768 0 0 0 0 0 0
111.351 0 0 0 0 0 0
111.934 0 0 0 0 0 0
112.517 0 0 0 0 0 0
113.1 0 0 0 0 0 0
113.683 0 0 0 0 0 0
114.266 0 0 0 0 0 0
114.849 0 0 0 0 0 0
115.432 0 0 0 0 0 0
116.015 0 0 0 0 0 0
116.598 0 0 0 0 0 0
117.181 0 0 0 0 0 0
117.764 0 0 0 0 0 0
118.347 0 0 0 0 0 0
118.93 0 0 0 0 0 0
119.513 0 0 0 0 0 0
120.096 0 0 0 0 0 0
120.679 0 0 0 0 0 0
121.262 0 0 0 0 0 0
121.845 0 0 0 0 0 0
122.428 0 0 0 0 0 0
123.011 0 0 0 0 0 0
123.594 0 0 0 0 0 0
124.177 0 0 0 0 0 0
124.76 0 0 0 0 0 0
125.343 0 0 0 0 0 0
125.926 0 0 0 0 0 0
126.51 0 0 0 0 0 0
127.092 0 0 0 0 0 0
127.675 0 0 0 0 0 0
128.258 0 0 0 0 0 0
128.841 0 0 0 0 0 0
129.424 0 0 0 0 0 0
130.007 0 0 0 0 0 0
130.59 0 0 0 0 0 0
131.173 0 0 0 0 0 0
131.747 0 0 0 0 0 0
132.287 0 0 0 0 0 0
132.828 0 0 0 0 0 0
133.368 0 0 0 0 0 0
133.908 0 0 0 0 0 0
134.448 0 0 0 0 0 0
134.988 0 0 0 0 0 0
135.529 0 0 0 0 0 0
136.068 0 0 0 0 0 0
136.609 0 0 0 0 0 0
137.148 0 0 0 0 0 0
137.689 0 0 0 0 0 0
138.23 0 0 0 0 0 0
138.752 0 0 0 0 0 0
139.263 0 0 0 0 0 0
139.773 0 0 0 0 0 0
140.283 0 0 0 0 0 0
140.793 0 0 0 0 0 0
141.303 0 0 0 0 0 0
141.814 0 0 0 0 0 0
142.324 0 0 0 0 0 0
142.834 0 0 0 0 0 0
143.344 0 0 0 0 0 0
143.854 0 0 0 0 0 0
144.364 0 0 0 0 0 0
144.822 0 0 0 0 0 0
145.254 0 0 0 0 0 0
145.676 0 0 0 0 0 0
146.099 0 0 0 0 0 0
146.516 0 0 0 0 0 0
146.886 0 0 0 0 0 0
147.257 0 0 0 0 0 0
147.627 0 0 0 0 0 0
147.997 0 0 0 0 0 0
148.368 0 0 0 0 0 0
148.738 0 0 0 0 0 0
149.108 0 0 0 0 0 0
149.479 0 0 0 0 0 0
149.849 0 0 0 0 0 0
150.219 0 0 0 0 0 0
150.59 0 0 0 0 0 0
150.96 0 0 0 0 0 0
151.331 0 0 0 0 0 0
151.7 0 0 0 0 0 0
152.071 0 0 0 0 0 0
152.442 0 0 0 0 0 0
152.812 0 0 0 0 0 0
153.183 0 0 0 0 0 0
153.552 0 0 0 0 0 0
153.922 0 0 0 0 0 0
154.293 0 0 0 0 0 0
154.663 0 0 0 0 0 0
155.034 0 0 0 0 0 0
155.404 0 0 0 0 0 0
155.774 0 0 0 0 0 0
156.145 0 0 0 0 0 0
156.516 0 0 0 0 0 0
156.887 0 0 0 0 0 0
157.256 0 0 0 0 0 0
157.627 0 0 0 0 0 0
157.996 0 0 0 0 0 0
158.367 0 0 0 0 0 0
158.737 0 0 0 0 0 0
159.107 0 0 0 0 0 0
159.477 0 0 0 0 0 0
159.847 0 0 0 0 0 0
160.218 0 0 0 0 0 0
160.588 0 0 0 0 0 0
160.96 0 0 0 0 0 0
161.33 0 0 0 0 0 0
161.7 0 0 0 0 0 0
162.07 0 0 0 0 0 0
162.44 0 0 0 0 0 0
162.811 0 0 0 0 0 0
163.181 0 0 0 0 0 0
163.552 0 0 0 0 0 0
163.922 0 0 0 0 0 0
164.292 0 0 0 0 0 0
164.663 0 0 0 0 0 0
165.033 0 0 0 0 0 0
165.404 0 0 0 0 0 0
165.773 0 0 0 0 0 0
166.145 0 0 0 0 0 0
166.514 0 0 0 0 0 0
166.884 0 0 0 0 0 0
167.255 0 0 0 0 0 0
167.626 0 0 0 0 0 0
167.996 0 0 0 0 0 0
168.366 0 0 0 0 0 0
168.736 0 0 0 0 0 0
169.107 0 0 0 0 0 0
169.476 0 0 0 0 0 0
169.837 0 0 0 0 0 0
170.191 0 0 0 0 0 0
170.542 0 0 0 0 0 0
170.893 0 0 0 0 0 0
171.216 0 0 0 0 0 0
171.532 0 0 0 0 0 0
171.851 0 0 0 0 0 0
172.16 0 0 0 0 0 0
172.443 0 0 0 0 0 0
172.727 0 0 0 0 0 0
173.011 0 0 0 0 0 0
173.295 0 0 0 0 0 0
173.577 0 0 0 0 0 0
173.861 0 0 0 0 0 0
174.144 0 0 0 0 0 0
174.428 0 0 0 0 0 0
174.712 0 0 0 0 0 0
174.995 0 0 0 0 0 0
175.278 0 0 0 0 0 0
175.561 0 0 0 0 0 0
175.845 0 0 0 0 0 0
176.128 0 0 0 0 0 0
176.412 0 0 0 0 0 0
176.697 0 0 0 0 0 0
176.979 0 0 0 0 0 0
177.262 0 0 0 0 0 0
177.545 0 0 0 0 0 0
177.829 0 0 0 0 0 0
178.112 0 0 0 0 0 0
178.395 0 0 0 0 0 0
178.679 0 0 0 0 0 0
178.962 0 0 0 0 0 0
179.248 0 0 0 0 0 0
179.53 0 0 0 0 0 0
179.813 0 0 0 0 0 0
180.097 0 0 0 0 0 0
180.38 0 0 0 0 0 0
180.663 0 0 0 0 0 0
180.947 0 0 0 0 0 0
181.23 0 0 0 0 0 0
181.514 0 0 0 0 0 0
181.797 0 0 0 0 0 0
182.081 0 0 0 0 0 0
182.365 0 0 0 0 0 0
182.647 0 0 0 0 0 0
182.931 0 0 0 0 0 0
183.214 0 0 0 0 0 0
183.498 0 0 0 0 0 0
183.781 0 0 0 0 0 0
184.066 0 0 0 0 0 0
184.347 0 0 0 0 0 0
184.631 0 0 0 0 0 0
184.914 0 0 0 0 0 0
185.198 0 0 0 0 0 0
185.481 0 0 0 0 0 0
185.765 0 0 0 0 0 0
186.049 0 0 0 0 0 0
186.333 0 0 0 0 0 0
186.615 0 0 0 0 0 0
186.893 0 0 0 0 0 0
187.149 0 0 0 0 0 0
187.397 0 0 0 0 0 0
187.647 0 0 0 0 0 0
187.896 0 0 0 0 0 0
188.146 0 0 0 0 0 0
188.394 0 0 0 0 0 0
188.643 0 0 0 0 0 0
188.891 0 0 0 0 0 0
189.093 0 0 0 0 0 0
189.248 0 0 0 0 0 0
189.34 0 0 0 0 0 0
189.453 0 0 0 0 0 0
189.543 0 0 0 0 0 0
189.681 0 0 0 0 0 0
189.759 0 0 0 0 0 0
189.857 0 0 0 0 0 0
189.968 0 0 0 0 0 0
190.076 0 0 0 0 0 0
190.174 0 0 0 0 0 0
190.277 0 0 0 0 0 0
190.39 0 0 0 0 0 0
190.476 0 0 0 0 0 0
190.587 0 0 0 0 0 0
190.691 0 0 0 0 0 0
190.794 0 0 0 0 0 0
190.905 0 0 0 0 0 0
190.997 0 0 0 0 0 0
191.1 0 0 0 0 0 0
191.203 0 0 0 0 0 0
191.312 0 0 0 0 0 0
191.407 0 0 0 0 0 0
191.514 0 0 0 0 0 0
191.619 0 0 0 0 0 0
191.718 0 0 0 0 0 0
191.814 0 0 0 0 0 0
191.924 0 0 0 0 0 0
192.027 0 0 0 0 0 0
192.131 0 0 0 0 0 0
192.23 0 0 0 0 0 0
192.337 0 0 0 0 0 0
192.441 0 0 0 0 0 0
192.542 0 0 0 0 0 0
192.646 0 0 0 0 0 0
192.748 0 0 0 0 0 0
192.853 0 0 0 0 0 0
192.951 0 0 0 0 0 0
193.058 0 0 0 0 0 0
193.16 0 0 0 0 0 0
193.264 0 0 0 0 0 0
193.364 0 0 0 0 0 0
193.481 0 0 0 0 0 0
193.575 0 0 0 0 0 0
193.675 0 0 0 0 0 0
193.779 0 0 0 0 0 0
193.883 0 0 0 0 0 0
193.982 0 0 0 0 0 0
194.087 0 0 0 0 0 0
194.189 0 0 0 0 0 0
194.293 0 0 0 0 0 0
194.393 0 0 0 0 0 0
194.496 0 0 0 0 0 0
194.595 0 0 0 0 0 0
194.698 0 0 0 0 0 0
194.804 0 0 0 0 0 0
194.903 0 0 0 0 0 0
195.007 0 0 0 0 0 0
195.107 0 0 0 0 0 0
195.21 0 0 0 0 0 0
195.317 0 0 0 0 0 0
195.412 0 0 0 0 0 0
195.515 0 0 0 0 0 0
195.617 0 0 0 0 0 0
195.72 0 0 0 0 0 0
195.826 0 0 0 0 0 0
195.927 0 0 0 0 0 0
196.027 0 0 0 0 0 0
196.128 0 0 0 0 0 0
196.23 0 0 0 0 0 0
196.329 0 0 0 0 0 0
196.439 0 0 0 0 0 0
196.535 0 0 0 0 0 0
196.645 0 0 0 0 0 0
196.736 0 0 0 0 0 0
196.838 0 0 0 0 0 0
196.959 0 0 0 0 0 0
197.046 0 0 0 0 0 0
197.149 0 0 0 0 0 0
197.251 0 0 0 0 0 0
197.351 0 0 0 0 0 0
197.453 0 0 0 0 0 0
197.552 0 0 0 0 0 0
197.653 0 0 0 0 0 0
197.761 0 0 0 0 0 0
197.85 0 0 0 0 0 0
197.966 0 0 0 0 0 0
198.073 0 0 0 0 0 0
198.168 0 0 0 0 0 0
198.274 0 0 0 0 0 0
198.371 0 0 0 0 0 0
198.473 0 0 0 0 0 0
198.576 0 0 0 0 0 0
198.677 0 0 0 0 0 0
198.782 0 0 0 0 0 0
198.882 0 0 0 0 0 0
198.982 0 0 0 0 0 0
199.082 0 0 0 0 0 0
199.189 0 0 0 0 0 0
199.29 0 0 0 0 0 0
199.39 0 0 0 0 0 0
199.498 0 0 0 0 0 0
199.595 0 0 0 0 0 0
199.698 0 0 0 0 0 0
199.797 0 0 0 0 0 0
199.903 0 0 0 0 0 0
200.003 0 0 0 0 0 0
200.106 0 0 0 0 0 0
200.207 0 0 0 0 0 0
200.309 0 0 0 0 0 0
200.407 0 0 0 0 0 0
200.517 0 0 0 0 0 0
200.614 0 0 0 0 0 0
200.716 0 0 0 0 0 0
200.824 0 0 0 0 0 0
200.924 0 0 0 0 0 0
201.022 0 0 0 0 0 0
201.124 0 0 0 0 0 0
201.226 0 0 0 0 0 0
201.329 0 0 0 0 0 0
201.432 0 0 0 0 0 0
201.532 0 0 0 0 0 0
201.634 0 0 0 0 0 0
201.739 0 0 0 0 0 0
201.839 0 0 0 0 0 0
201.941 0 0 0 0 0 0
202.046 0 0 0 0 0 0
202.152 0 0 0 0 0 0
202.246 0 0 0 0 0 0
202.351 0 0 0 0 0 0
202.449 0 0 0 0 0 0
202.555 0 0 0 0 0 0
202.654 0 0 0 0 0 0
202.754 0 0 0 0 0 0
202.859 0 0 0 0 0 0
202.96 0 0 0 0 0 0
203.064 0 0 0 0 0 0
203.164 0 0 0 0 0 0
203.265 0 0 0 0 0 0
203.368 0 0 0 0 0 0
203.469 0 0 0 0 0 0
203.572 0 0 0 0 0 0
203.672 0 0 0 0 0 0
203.776 0 0 0 0 0 0
203.873 0 0 0 0 0 0
203.976 0 0 0 0 0 0
204.071 0 0 0 0 0 0
204.175 0 0 0 0 0 0
204.264 0 0 0 0 0 0
204.36 0 0 0 0 0 0
204.458 0 0 0 0 0 0
204.552 0 0 0 0 0 0
204.65 0 0 0 0 0 0
204.746 0 0 0 0 0 0
204.842 0 0 0 0 0 0
204.938 0 0 0 0 0 0
205.034 0 0 0 0 0 0
205.13 0 0 0 0 0 0
205.218 0 0 0 0 0 0
205.315 0 0 0 0 0 0
205.409 0 0 0 0 0 0
205.482 0 0 0 0 0 0
205.565 0 0 0 0 0 0
205.655 0 0 0 0 0 0
205.762 0 0 0 0 0 0
205.831 0 0 0 0 0 0
205.918 0 0 0 0 0 0
206.005 0 0 0 0 0 0
206.088 0 0 0 0 0 0
206.174 0 0 0 0 0 0
206.259 0 0 0 0 0 0
206.332 0 0 0 0 0 0
206.411 0 0 0 0 0 0
206.489 0 0 0 0 0 0
206.573 0 0 0 0 0 0
206.646 0 0 0 0 0 0
206.725 0 0 0 0 0 0
206.804 0 0 0 0 0 0
206.882 0 0 0 0 0 0
206.961 0 0 0 0 0 0
207.044 0 0 0 0 0 0
207.118 0 0 0 0 0 0
207.19 0 0 0 0 0 0
207.264 0 0 0 0 0 0
207.354 0 0 0 0 0 0
207.433 0 0 0 0 0 0
207.512 0 0 0 0 0 0
207.59 0 0 0 0 0 0
207.669 0 0 0 0 0 0
207.782 0 0 0 0 0 0
207.828 0 0 0 0 0 0
207.905 0 0 0 0 0 0
208.005 0 0 0 0 0 0
208.057 0 0 0 0 0 0
208.141 0 0 0 0 0 0
208.216 0 0 0 0 0 0
208.301 0 0 0 0 0 0
208.376 0 0 0 0 0 0
208.456 0 0 0 0 0 0
208.535 0 0 0 0 0 0
208.612 0 0 0 0 0 0
208.693 0 0 0 0 0 0
208.769 0 0 0 0 0 0
208.848 0 0 0 0 0 0
208.927 0 0 0 0 0 0
209.004 0 0 0 0 0 0
209.085 0 0 0 0 0 0
209.157 0 0 0 0 0 0
209.242 0 0 0 0 0 0
209.322 0 0 0 0 0 0
209.4 0 0 0 0 0 0
209.447 0 0 0 0 0 0
209.582 0 0 0 0 0 0
209.633 0 0 0 0 0 0
209.702 0 0 0 0 0 0
209.793 0 0 0 0 0 0
209.859 0 0 0 0 0 0
209.95 0 0 0 0 0 0
210.029 0 0 0 0 0 0
210.099 0 0 0 0 0 0
210.194 0 0 0 0 0 0
210.265 0 0 0 0 0 0
210.344 0 0 0 0 0 0
210.422 0 0 0 0 0 0
210.511 0 0 0 0 0 0
210.582 0 0 0 0 0 0
210.669 0 0 0 0 0 0
210.737 0 0 0 0 0 0
210.816 0 0 0 0 0 0
210.893 0 0 0 0 0 0
210.973 0 0 0 0 0 0
211.052 0 0 0 0 0 0
211.131 0 0 0 0 0 0
211.21 0 0 0 0 0 0
211.288 0 0 0 0 0 0
211.379 0 0 0 0 0 0
211.447 0 0 0 0 0 0
211.524 0 0 0 0 0 0
211.601 0 0 0 0 0 0
211.68 0 0 0 0 0 0
211.759 0 0 0 0 0 0
211.838 0 0 0 0 0 0
211.909 0 0 0 0 0 0
211.995 0 0 0 0 0 0
212.083 0 0 0 0 0 0
212.15 0 0 0 0 0 0
212.232 0 0 0 0 0 0
212.313 0 0 0 0 0 0
212.393 0 0 0 0 0 0
212.47 0 0 0 0 0 0
212.546 0 0 0 0 0 0
212.613 0 0 0 0 0 0
212.719 0 0 0 0 0 0
212.782 0 0 0 0 0 0
212.865 0 0 0 0 0 0
212.941 0 0 0 0 0 0
213.018 0 0 0 0 0 0
213.096 0 0 0 0 0 0
213.171 0 0 0 0 0 0
213.257 0 0 0 0 0 0
213.333 0 0 0 0 0 0
213.408 0 0 0 0 0 0
213.49 0 0 0 0 0 0
213.556 0 0 0 0 0 0
213.667 0 0 0 0 0 0
213.731 0 0 0 0 0 0
213.813 0 0 0 0 0 0
213.885 0 0 0 0 0 0
213.962 0 0 0 0 0 0
214.043 0 0 0 0 0 0
214.117 0 0 0 0 0 0
214.191 0 0 0 0 0 0
214.277 0 0 0 0 0 0
214.34 0 0 0 0 0 0
214.458 0 0 0 0 0 0
214.515 0 0 0 0 0 0
214.597 0 0 0 0 0 0
214.674 0 0 0 0 0 0
214.753 0 0 0 0 0 0
214.828 0 0 0 0 0 0
214.91 0 0 0 0 0 0
214.986 0 0 0 0 0 0
215.057 0 0 0 0 0 0
215.138 0 0 0 0 0 0
215.218 0 0 0 0 0 0
215.3 0 0 0 0 0 0
215.381 0 0 0 0 0 0
215.457 0 0 0 0 0 0
215.535 0 0 0 0 0 0
215.615 0 0 0 0 0 0
215.706 0 0 0 0 0 0
215.772 0 0 0 0 0 0
215.848 0 0 0 0 0 0
215.924 0 0 0 0 0 0
216.011 0 0 0 0 0 0
216.085 0 0 0 0 0 0
216.164 0 0 0 0 0 0
216.244 0 0 0 0 0 0
216.323 0 0 0 0 0 0
216.4 0 0 0 0 0 0
216.479 0 0 0 0 0 0
216.557 0 0 0 0 0 0
216.64 0 0 0 0 0 0
216.715 0 0 0 0 0 0
216.806 0 0 0 0 0 0
216.87 0 0 0 0 0 0
216.95 0 0 0 0 0 0
217.019 0 0 0 0 0 0
217.097 0 0 0 0 0 0
217.168 0 0 0 0 0 0
217.248 0 0 0 0 0 0
217.327 0 0 0 0 0 0
217.402 0 0 0 0 0 0
217.473 0 0 0 0 0 0
217.551 0 0 0 0 0 0
217.62 0 0 0 0 0 0
217.7 0 0 0 0 0 0
217.769 0 0 0 0 0 0
217.848 0 0 0 0 0 0
217.927 0 0 0 0 0 0
217.999 0 0 0 0 0 0
218.079 0 0 0 0 0 0
218.145 0 0 0 0 0 0
218.226 0 0 0 0 0 0
218.305 0 0 0 0 0 0
218.379 0 0 0 0 0 0
218.42 0 0 0 0 0 0
218.56 0 0 0 0 0 0
218.605 0 0 0 0 0 0
218.683 0 0 0 0 0 0
218.756 0 0 0 0 0 0
218.834 0 0 0 0 0 0
218.897 0 0 0 0 0 0
218.981 0 0 0 0 0 0
219.058 0 0 0 0 0 0
219.133 0 0 0 0 0 0
219.207 0 0 0 0 0 0
219.277 0 0 0 0 0 0
219.348 0 0 0 0 0 0
219.355 0 0 0 0 0 0
219.488 0 0 0 0 0 0
219.557 0 0 0 0 0 0
219.633 0 0 0 0 0 0
219.698 0 0 0 0 0 0
219.764 0 0 0 0 0 0
219.841 0 0 0 0 0 0
219.898 0 0 0 0 0 0
219.968 0 0 0 0 0 0
220.037 0 0 0 0 0 0
220.096 0 0 0 0 0 0
220.164 0 0 0 0 0 0
220.235 0 0 0 0 0 0
220.291 0 0 0 0 0 0
220.358 0 0 0 0 0 0
220.422 0 0 0 0 0 0
220.488 0 0 0 0 0 0
220.553 0 0 0 0 0 0
220.619 0 0 0 0 0 0
220.685 0 0 0 0 0 0
220.753 0 0 0 0 0 0
220.814 0 0 0 0 0 0
220.879 0 0 0 0 0 0
220.946 0 0 0 0 0 0
221.01 0 0 0 0 0 0
221.072 0 0 0 0 0 0
221.137 0 0 0 0 0 0
221.204 0 0 0 0 0 0
221.268 0 0 0 0 0 0
221.337 0 0 0 0 0 0
221.397 0 0 0 0 0 0
221.465 0 0 0 0 0 0
221.525 0 0 0 0 0 0
221.6 0 0 0 0 0 0
221.674 0 0 0 0 0 0
221.715 0 0 0 0 0 0
221.791 0 0 0 0 0 0
221.837 0 0 0 0 0 0
221.918 0 0 0 0 0 0
221.987 0 0 0 0 0 0
222.051 0 0 0 0 0 0
222.116 0 0 0 0 0 0
222.181 0 0 0 0 0 0
222.25 0 0 0 0 0 0
222.311 0 0 0 0 0 0
222.377 0 0 0 0 0 0
222.442 0 0 0 0 0 0
222.509 0 0 0 0 0 0
222.572 0 0 0 0 0 0
222.637 0 0 0 0 0 0
222.702 0 0 0 0 0 0
222.767 0 0 0 0 0 0
222.832 0 0 0 0 0 0
222.895 0 0 0 0 0 0
222.956 0 0 0 0 0 0
223.028 0 0 0 0 0 0
223.1 0 0 0 0 0 0
223.158 0 0 0 0 0 0
223.212 0 0 0 0 0 0
223.285 0 0 0 0 0 0
223.355 0 0 0 0 0 0
223.418 0 0 0 0 0 0
223.484 0 0 0 0 0 0
223.548 0 0 0 0 0 0
223.607 0 0 0 0 0 0
223.679 0 0 0 0 0 0
223.742 0 0 0 0 0 0
223.799 0 0 0 0 0 0
223.87 0 0 0 0 0 0
223.944 0 0 0 0 0 0
224.009 0 0 0 0 0 0
224.072 0 0 0 0 0 0
224.136 0 0 0 0 0 0
224.204 0 0 0 0 0 0
224.265 0 0 0 0 0 0
224.329 0 0 0 0 0 0
224.395 0 0 0 0 0 0
224.46 0 0 0 0 0 0
224.524 0 0 0 0 0 0
224.604 0 0 0 0 0 0
224.656 0 0 0 0 0 0
224.723 0 0 0 0 0 0
224.786 0 0 0 0 0 0
224.846 0 0 0 0 0 0
224.912 0 0 0 0 0 0
224.983 0 0 0 0 0 0
225.039 0 0 0 0 0 0
225.113 0 0 0 0 0 0
225.173 0 0 0 0 0 0
225.241 0 0 0 0 0 0
225.307 0 0 0 0 0 0
225.368 0 0 0 0 0 0
225.433 0 0 0 0 0 0
225.498 0 0 0 0 0 0
225.566 0 0 0 0 0 0
225.632 0 0 0 0 0 0
225.69 0 0 0 0 0 0
225.763 0 0 0 0 0 0
225.827 0 0 0 0 0 0
225.892 0 0 0 0 0 0
225.956 0 0 0 0 0 0
226.023 0 0 0 0 0 0
226.088 0 0 0 0 0 0
226.154 0 0 0 0 0 0
226.218 0 0 0 0 0 0
226.284 0 0 0 0 0 0
226.349 0 0 0 0 0 0
226.41 0 0 0 0 0 0
226.48 0 0 0 0 0 0
226.544 0 0 0 0 0 0
226.61 0 0 0 0 0 0
226.675 0 0 0 0 0 0
226.736 0 0 0 0 0 0
226.804 0 0 0 0 0 0
226.869 0 0 0 0 0 0
226.94 0 0 0 0 0 0
227.002 0 0 0 0 0 0
227.065 0 0 0 0 0 0
227.13 0 0 0 0 0 0
227.195 0 0 0 0 0 0
227.259 0 0 0 0 0 0
227.325 0 0 0 0 0 0
227.391 0 0 0 0 0 0
227.455 0 0 0 0 0 0
227.52 0 0 0 0 0 0
227.586 0 0 0 0 0 0
227.651 0 0 0 0 0 0
227.715 0 0 0 0 0 0
227.781 0 0 0 0 0 0
227.845 0 0 0 0 0 0
227.911 0 0 0 0 0 0
227.976 0 0 0 0 0 0
228.043 0 0 0 0 0 0
228.107 0 0 0 0 0 0
228.171 0 0 0 0 0 0
228.236 0 0 0 0 0 0
228.302 0 0 0 0 0 0
228.367 0 0 0 0 0 0
228.428 0 0 0 0 0 0
228.496 0 0 0 0 0 0
228.562 0 0 0 0 0 0
228.628 0 0 0 0 0 0
228.694 0 0 0 0 0 0
228.757 0 0 0 0 0 0
228.828 0 0 0 0 0 0
228.889 0 0 0 0 0 0
228.953 0 0 0 0 0 0
229.034 0 0 0 0 0 0
229.076 0 0 0 0 0 0
229.153 0 0 0 0 0 0
229.203 0 0 0 0 0 0
229.243 0 0 0 0 0 0
229.325 0 0 0 0 0 0
229.386 0 0 0 0 0 0
229.447 0 0 0 0 0 0
229.509 0 0 0 0 0 0
229.57 0 0 0 0 0 0
229.631 0 0 0 0 0 0
229.69 0 0 0 0 0 0
229.754 0 0 0 0 0 0
229.832 0 0 0 0 0 0
229.876 0 0 0 0 0 0
229.937 0 0 0 0 0 0
229.998 0 0 0 0 0 0
230.064 0 0 0 0 0 0
230.11 0 0 0 0 0 0
230.183 0 0 0 0 0 0
230.239 0 0 0 0 0 0
230.309 0 0 0 0 0 0
230.365 0 0 0 0 0 0
230.427 0 0 0 0 0 0
230.484 0 0 0 0 0 0
230.544 0 0 0 0 0 0
230.603 0 0 0 0 0 0
230.66 0 0 0 0 0 0
230.716 0 0 0 0 0 0
230.773 0 0 0 0 0 0
230.828 0 0 0 0 0 0
230.885 0 0 0 0 0 0
230.95 0 0 0 0 0 0
230.999 0 0 0 0 0 0
231.067 0 0 0 0 0 0
231.109 0 0 0 0 0 0
231.172 0 0 0 0 0 0
231.226 0 0 0 0 0 0
231.281 0 0 0 0 0 0
231.342 0 0 0 0 0 0
231.394 0 0 0 0 0 0
231.451 0 0 0 0 0 0
231.507 0 0 0 0 0 0
231.561 0 0 0 0 0 0
231.619 0 0 0 0 0 0
231.676 0 0 0 0 0 0
231.735 0 0 0 0 0 0
231.789 0 0 0 0 0 0
231.846 0 0 0 0 0 0
231.905 0 0 0 0 0 0
231.959 0 0 0 0 0 0
232.015 0 0 0 0 0 0
232.073 0 0 0 0 0 0
232.128 0 0 0 0 0 0
232.187 0 0 0 0 0 0
232.242 0 0 0 0 0 0
232.298 0 0 0 0 0 0
232.355 0 0 0 0 0 0
232.41 0 0 0 0 0 0
232.468 0 0 0 0 0 0
232.523 0 0 0 0 0 0
232.581 0 0 0 0 0 0
232.635 0 0 0 0 0 0
232.692 0 0 0 0 0 0
232.749 0 0 0 0 0 0
232.804 0 0 0 0 0 0
232.864 0 0 0 0 0 0
232.918 0 0 0 0 0 0
232.974 0 0 0 0 0 0
233.029 0 0 0 0 0 0
233.088 0 0 0 0 0 0
233.142 0 0 0 0 0 0
233.201 0 0 0 0 0 0
233.258 0 0 0 0 0 0
233.319 0 0 0 0 0 0
233.388 0 0 0 0 0 0
233.426 0 0 0 0 0 0
233.483 0 0 0 0 0 0
233.54 0 0 0 0 0 0
233.596 0 0 0 0 0 0
233.652 0 0 0 0 0 0
233.711 0 0 0 0 0 0
233.757 0 0 0 0 0 0
233.822 0 0 0 0 0 0
233.879 0 0 0 0 0 0
233.935 0 0 0 0 0 0
233.992 0 0 0 0 0 0
234.046 0 0 0 0 0 0
234.105 0 0 0 0 0 0
234.161 0 0 0 0 0 0
234.216 0 0 0 0 0 0
234.273 0 0 0 0 0 0
234.33 0 0 0 0 0 0
234.386 0 0 0 0 0 0
234.447 0 0 0 0 0 0
234.497 0 0 0 0 0 0
234.555 0 0 0 0 0 0
234.609 0 0 0 0 0 0
234.672 0 0 0 0 0 0
234.727 0 0 0 0 0 0
234.786 0 0 0 0 0 0
234.838 0 0 0 0 0 0
234.894 0 0 0 0 0 0
234.954 0 0 0 0 0 0
235.001 0 0 0 0 0 0
235.066 0 0 0 0 0 0
235.12 0 0 0 0 0 0
235.173 0 0 0 0 0 0
235.226 0 0 0 0 0 0
235.296 0 0 0 0 0 0
235.354 0 0 0 0 0 0
235.403 0 0 0 0 0 0
235.456 0 0 0 0 0 0
235.517 0 0 0 0 0 0
235.567 0 0 0 0 0 0
235.629 0 0 0 0 0 0
235.685 0 0 0 0 0 0
235.736 0 0 0 0 0 0
235.809 0 0 0 0 0 0
235.855 0 0 0 0 0 0
235.899 0 0 0 0 0 0
235.967 0 0 0 0 0 0
236.023 0 0 0 0 0 0
236.072 0 0 0 0 0 0
236.141 0 0 0 0 0 0
236.187 0 0 0 0 0 0
236.246 0 0 0 0 0 0
236.311 0 0 0 0 0 0
236.357 0 0 0 0 0 0
236.413 0 0 0 0 0 0
236.468 0 0 0 0 0 0
236.528 0 0 0 0 0 0
236.58 0 0 0 0 0 0
236.634 0 0 0 0 0 0
236.693 0 0 0 0 0 0
236.736 0 0 0 0 0 0
236.806 0 0 0 0 0 0
236.858 0 0 0 0 0 0
236.915 0 0 0 0 0 0
236.969 0 0 0 0 0 0
237.026 0 0 0 0 0 0
237.083 0 0 0 0 0 0
237.136 0 0 0 0 0 0
237.18 0 0 0 0 0 0
237.248 0 0 0 0 0 0
237.304 0 0 0 0 0 0
237.357 0 0 0 0 0 0
237.41 0 0 0 0 0 0
237.473 0 0 0 0 0 0
237.527 0 0 0 0 0 0
237.583 0 0 0 0 0 0
237.639 0 0 0 0 0 0
237.694 0 0 0 0 0 0
237.748 0 0 0 0 0 0
237.811 0 0 0 0 0 0
237.858 0 0 0 0 0 0
237.936 0 0 0 0 0 0
237.973 0 0 0 0 0 0
238.029 0 0 0 0 0 0
238.084 0 0 0 0 0 0
238.142 0 0 0 0 0 0
238.19 0 0 0 0 0 0
238.256 0 0 0 0 0 0
238.307 0 0 0 0 0 0
238.362 0 0 0 0 0 0
238.418 0 0 0 0 0 0
238.476 0 0 0 0 0 0
238.53 0 0 0 0 0 0
238.595 0 0 0 0 0 0
238.64 0 0 0 0 0 0
238.697 0 0 0 0 0 0
238.757 0 0 0 0 0 0
238.806 0 0 0 0 0 0
238.864 0 0 0 0 0 0
238.917 0 0 0 0 0 0
238.976 0 0 0 0 0 0
239.031 0 0 0 0 0 0
239.087 0 0 0 0 0 0
239.129 0 0 0 0 0 0
239.203 0 0 0 0 0 0
239.254 0 0 0 0 0 0
239.316 0 0 0 0 0 0
239.37 0 0 0 0 0 0
239.426 0 0 0 0 0 0
239.478 0 0 0 0 0 0
239.532 0 0 0 0 0 0
239.587 0 0 0 0 0 0
239.651 0 0 0 0 0 0
239.701 0 0 0 0 0 0
239.751 0 0 0 0 0 0
239.819 0 0 0 0 0 0
239.864 0 0 0 0 0 0
239.924 0 0 0 0 0 0
239.977 0 0 0 0 0 0
240.033 0 0 0 0 0 0
240.089 0 0 0 0 0 0
240.149 0 0 0 0 0 0
240.207 0 0 0 0 0 0
240.256 0 0 0 0 0 0
240.323 0 0 0 0 0 0
240.368 0 0 0 0 0 0
240.423 0 0 0 0 0 0
240.473 0 0 0 0 0 0
240.529 0 0 0 0 0 0
240.585 0 0 0 0 0 0
240.644 0 0 0 0 0 0
240.696 0 0 0 0 0 0
240.763 0 0 0 0 0 0
240.784 0 0 0 0 0 0
240.864 0 0 0 0 0 0
240.91 0 0 0 0 0 0
240.962 0 0 0 0 0 0
241.02 0 0 0 0 0 0
241.072 0 0 0 0 0 0
241.142 0 0 0 0 0 0
241.179 0 0 0 0 0 0
241.219 0 0 0 0 0 0
241.293 0 0 0 0 0 0
241.298 0 0 0 0 0 0
241.395 0 0 0 0 0 0
241.453 0 0 0 0 0 0
241.5 0 0 0 0 0 0
241.559 0 0 0 0 0 0
241.609 0 0 0 0 0 0
241.664 0 0 0 0 0 0
241.72 0 0 0 0 0 0
241.766 0 0 0 0 0 0
241.824 0 0 0 0 0 0
241.867 0 0 0 0 0 0
241.932 0 0 0 0 0 0
241.985 0 0 0 0 0 0
242.04 0 0 0 0 0 0
242.091 0 0 0 0 0 0
242.142 0 0 0 0 0 0
242.192 0 0 0 0 0 0
242.242 0 0 0 0 0 0
242.29 0 0 0 0 0 0
242.341 0 0 0 0 0 0
242.391 0 0 0 0 0 0
242.441 0 0 0 0 0 0
242.491 0 0 0 0 0 0
242.54 0 0 0 0 0 0
242.583 0 0 0 0 0 0
242.637 0 0 0 0 0 0
242.683 0 0 0 0 0 0
242.728 0 0 0 0 0 0
242.779 0 0 0 0 0 0
242.83 0 0 0 0 0 0
242.875 0 0 0 0 0 0
242.923 0 0 0 0 0 0
242.971 0 0 0 0 0 0
243.019 0 0 0 0 0 0
243.065 0 0 0 0 0 0
243.09 0 0 0 0 0 0
243.171 0 0 0 0 0 0
243.211 0 0 0 0 0 0
243.273 0 0 0 0 0 0
243.31 0 0 0 0 0 0
243.351 0 0 0 0 0 0
243.406 0 0 0 0 0 0
243.45 0 0 0 0 0 0
243.499 0 0 0 0 0 0
243.55 0 0 0 0 0 0
243.585 0 0 0 0 0 0
243.631 0 0 0 0 0 0
243.69 0 0 0 0 0 0
243.739 0 0 0 0 0 0
243.786 0 0 0 0 0 0
243.834 0 0 0 0 0 0
243.887 0 0 0 0 0 0
243.93 0 0 0 0 0 0
243.975 0 0 0 0 0 0
244.026 0 0 0 0 0 0
244.082 0 0 0 0 0 0
244.123 0 0 0 0 0 0
244.17 0 0 0 0 0 0
244.218 0 0 0 0 0 0
244.264 0 0 0 0 0 0
244.314 0 0 0 0 0 0
244.362 0 0 0 0 0 0
244.421 0 0 0 0 0 0
244.463 0 0 0 0 0 0
244.523 0 0 0 0 0 0
244.554 0 0 0 0 0 0
244.601 0 0 0 0 0 0
244.652 0 0 0 0 0 0
244.714 0 0 0 0 0 0
244.745 0 0 0 0 0 0
244.794 0 0 0 0 0 0
244.828 0 0 0 0 0 0
244.889 0 0 0 0 0 0
244.938 0 0 0 0 0 0
244.984 0 0 0 0 0 0
245.033 0 0 0 0 0 0
245.083 0 0 0 0 0 0
245.131 0 0 0 0 0 0
245.177 0 0 0 0 0 0
245.212 0 0 0 0 0 0
245.278 0 0 0 0 0 0
245.32 0 0 0 0 0 0
245.369 0 0 0 0 0 0
245.42 0 0 0 0 0 0
245.471 0 0 0 0 0 0
245.516 0 0 0 0 0 0
245.559 0 0 0 0 0 0
245.608 0 0 0 0 0 0
245.66 0 0 0 0 0 0
245.701 0 0 0 0 0 0
245.751 0 0 0 0 0 0
245.793 0 0 0 0 0 0
245.848 0 0 0 0 0 0
245.894 0 0 0 0 0 0
245.943 0 0 0 0 0 0
245.99 0 0 0 0 0 0
246.04 0 0 0 0 0 0
246.088 0 0 0 0 0 0
246.136 0 0 0 0 0 0
246.184 0 0 0 0 0 0
246.231 0 0 0 0 0 0
246.281 0 0 0 0 0 0
246.328 0 0 0 0 0 0
246.373 0 0 0 0 0 0
246.424 0 0 0 0 0 0
246.471 0 0 0 0 0 0
246.517 0 0 0 0 0 0
246.568 0 0 0 0 0 0
246.615 0 0 0 0 0 0
246.663 0 0 0 0 0 0
246.711 0 0 0 0 0 0
246.759 0 0 0 0 0 0
246.81 0 0 0 0 0 0
246.855 0 0 0 0 0 0
246.902 0 0 0 0 0 0
246.948 0 0 0 0 0 0
246.996 0 0 0 0 0 0
247.047 0 0 0 0 0 0
247.095 0 0 0 0 0 0
247.145 0 0 0 0 0 0
247.188 0 0 0 0 0 0
247.238 0 0 0 0 0 0
247.29 0 0 0 0 0 0
247.334 0 0 0 0 0 0
247.382 0 0 0 0 0 0
247.43 0 0 0 0 0 0
247.477 0 0 0 0 0 0
247.527 0 0 0 0 0 0
247.577 0 0 0 0 0 0
247.625 0 0 0 0 0 0
247.67 0 0 0 0 0 0
247.718 0 0 0 0 0 0
247.766 0 0 0 0 0 0
247.814 0 0 0 0 0 0
247.862 0 0 0 0 0 0
247.91 0 0 0 0 0 0
247.961 0 0 0 0 0 0
248.006 0 0 0 0 0 0
248.053 0 0 0 0 0 0
248.101 0 0 0 0 0 0
248.152 0 0 0 0 0 0
248.192 0 0 0 0 0 0
248.252 0 0 0 0 0 0
248.291 0 0 0 0 0 0
248.347 0 0 0 0 0 0
248.389 0 0 0 0 0 0
248.439 0 0 0 0 0 0
248.484 0 0 0 0 0 0
248.533 0 0 0 0 0 0
248.581 0 0 0 0 0 0
248.628 0 0 0 0 0 0
248.677 0 0 0 0 0 0
248.722 0 0 0 0 0 0
248.776 0 0 0 0 0 0
248.821 0 0 0 0 0 0
248.871 0 0 0 0 0 0
248.919 0 0 0 0 0 0
248.963 0 0 0 0 0 0
249.012 0 0 0 0 0 0
249.07 0 0 0 0 0 0
249.11 0 0 0 0 0 0
249.185 0 0 0 0 0 0
249.192 0 0 0 0 0 0
249.264 0 0 0 0 0 0
249.297 0 0 0 0 0 0
249.346 0 0 0 0 0 0
249.396 0 0 0 0 0 0
249.445 0 0 0 0 0 0
249.495 0 0 0 0 0 0
249.542 0 0 0 0 0 0
249.587 0 0 0 0 0 0
249.63 0 0 0 0 0 0
249.685 0 0 0 0 0 0
249.729 0 0 0 0 0 0
249.78 0 0 0 0 0 0
249.826 0 0 0 0 0 0
249.876 0 0 0 0 0 0
249.927 0 0 0 0 0 0
249.973 0 0 0 0 0 0
250.019 0 0 0 0 0 0
250.067 0 0 0 0 0 0
250.123 0 0 0 0 0 0
250.162 0 0 0 0 0 0
250.216 0 0 0 0 0 0
250.256 0 0 0 0 0 0
250.309 0 0 0 0 0 0
250.355 0 0 0 0 0 0
250.403 0 0 0 0 0 0
250.448 0 0 0 0 0 0
250.493 0 0 0 0 0 0
250.541 0 0 0 0 0 0
250.595 0 0 0 0 0 0
250.644 0 0 0 0 0 0
250.693 0 0 0 0 0 0
250.732 0 0 0 0 0 0
250.787 0 0 0 0 0 0
250.834 0 0 0 0 0 0
250.882 0 0 0 0 0 0
250.928 0 0 0 0 0 0
250.978 0 0 0 0 0 0
251.026 0 0 0 0 0 0
251.074 0 0 0 0 0 0
251.122 0 0 0 0 0 0
251.17 0 0 0 0 0 0
251.223 0 0 0 0 0 0
251.261 0 0 0 0 0 0
251.314 0 0 0 0 0 0
251.361 0 0 0 0 0 0
251.41 0 0 0 0 0 0
251.452 0 0 0 0 0 0
251.506 0 0 0 0 0 0
251.55 0 0 0 0 0 0
251.602 0 0 0 0 0 0
251.649 0 0 0 0 0 0
251.697 0 0 0 0 0 0
251.746 0 0 0 0 0 0
251.794 0 0 0 0 0 0
251.841 0 0 0 0 0 0
251.889 0 0 0 0 0 0
251.937 0 0 0 0 0 0
251.977 0 0 0 0 0 0
252.033 0 0 0 0 0 0
252.081 0 0 0 0 0 0
252.122 0 0 0 0 0 0
252.177 0 0 0 0 0 0
252.226 0 0 0 0 0 0
252.273 0 0 0 0 0 0
252.321 0 0 0 0 0 0
252.369 0 0 0 0 0 0
252.417 0 0 0 0 0 0
252.465 0 0 0 0 0 0
252.52 0 0 0 0 0 0
252.559 0 0 0 0 0 0
252.607 0 0 0 0 0 0
252.656 0 0 0 0 0 0
252.7 0 0 0 0 0 0
252.752 0 0 0 0 0 0
252.795 0 0 0 0 0 0
252.85 0 0 0 0 0 0
252.893 0 0 0 0 0 0
252.942 0 0 0 0 0 0
252.994 0 0 0 0 0 0
253.033 0 0 0 0 0 0
253.085 0 0 0 0 0 0
253.131 0 0 0 0 0 0
253.184 0 0 0 0 0 0
253.232 0 0 0 0 0 0
253.28 0 0 0 0 0 0
253.317 0 0 0 0 0 0
253.376 0 0 0 0 0 0
253.424 0 0 0 0 0 0
253.472 0 0 0 0 0 0
253.519 0 0 0 0 0 0
253.567 0 0 0 0 0 0
253.605 0 0 0 0 0 0
253.663 0 0 0 0 0 0
253.711 0 0 0 0 0 0
253.759 0 0 0 0 0 0
253.807 0 0 0 0 0 0
253.855 0 0 0 0 0 0
253.903 0 0 0 0 0 0
253.951 0 0 0 0 0 0
253.999 0 0 0 0 0 0
254.047 0 0 0 0 0 0
254.095 0 0 0 0 0 0
254.143 0 0 0 0 0 0
254.191 0 0 0 0 0 0
254.239 0 0 0 0 0 0
254.272 0 0 0 0 0 0
254.335 0 0 0 0 0 0
254.382 0 0 0 0 0 0
254.43 0 0 0 0 0 0
254.478 0 0 0 0 0 0
254.463 0 0 0 0 0 0
254.574 0 0 0 0 0 0
254.591 0 0 0 0 0 0
254.67 0 0 0 0 0 0
254.7 0 0 0 0 0 0
254.766 0 0 0 0 0 0
254.804 0 0 0 0 0 0
254.862 0 0 0 0 0 0
254.91 0 0 0 0 0 0
254.958 0 0 0 0 0 0
255.013 0 0 0 0 0 0
255.062 0 0 0 0 0 0
255.105 0 0 0 0 0 0
255.146 0 0 0 0 0 0
255.19 0 0 0 0 0 0
255.246 0 0 0 0 0 0
255.293 0 0 0 0 0 0
255.341 0 0 0 0 0 0
255.39 0 0 0 0 0 0
255.438 0 0 0 0 0 0
255.485 0 0 0 0 0 0
255.533 0 0 0 0 0 0
255.581 0 0 0 0 0 0
255.616 0 0 0 0 0 0
255.677 0 0 0 0 0 0
255.725 0 0 0 0 0 0
255.773 0 0 0 0 0 0
255.823 0 0 0 0 0 0
255.869 0 0 0 0 0 0
255.917 0 0 0 0 0 0
255.965 0 0 0 0 0 0
256.013 0 0 0 0 0 0
256.061 0 0 0 0 0 0
256.106 0 0 0 0 0 0
256.157 0 0 0 0 0 0
256.205 0 0 0 0 0 0
256.253 0 0 0 0 0 0
256.3 0 0 0 0 0 0
256.348 0 0 0 0 0 0
256.396 0 0 0 0 0 0
256.444 0 0 0 0 0 0
256.492 0 0 0 0 0 0
256.54 0 0 0 0 0 0
256.588 0 0 0 0 0 0
256.636 0 0 0 0 0 0
256.675 0 0 0 0 0 0
256.732 0 0 0 0 0 0
256.78 0 0 0 0 0 0
256.828 0 0 0 0 0 0
256.876 0 0 0 0 0 0
256.924 0 0 0 0 0 0
256.972 0 0 0 0 0 0
257.007 0 0 0 0 0 0
257.068 0 0 0 0 0 0
257.116 0 0 0 0 0 0
257.164 0 0 0 0 0 0
257.212 0 0 0 0 0 0
257.259 0 0 0 0 0 0
257.307 0 0 0 0 0 0
257.355 0 0 0 0 0 0
257.403 0 0 0 0 0 0
257.451 0 0 0 0 0 0
257.5 0 0 0 0 0 0
257.547 0 0 0 0 0 0
257.595 0 0 0 0 0 0
257.65 0 0 0 0 0 0
257.69 0 0 0 0 0 0
257.739 0 0 0 0 0 0
257.787 0 0 0 0 0 0
257.819 0 0 0 0 0 0
257.883 0 0 0 0 0 0
257.931 0 0 0 0 0 0
257.979 0 0 0 0 0 0
258.026 0 0 0 0 0 0
258.074 0 0 0 0 0 0
258.122 0 0 0 0 0 0
258.17 0 0 0 0 0 0
258.224 0 0 0 0 0 0
258.299 0 0 0 0 0 0
258.314 0 0 0 0 0 0
258.362 0 0 0 0 0 0
258.401 0 0 0 0 0 0
258.458 0 0 0 0 0 0
258.494 0 0 0 0 0 0
258.554 0 0 0 0 0 0
258.602 0 0 0 0 0 0
258.65 0 0 0 0 0 0
258.646 0 0 0 0 0 0
258.74 0 0 0 0 0 0
258.831 0 0 0 0 0 0
258.828 0 0 0 0 0 0
258.889 0 0 0 0 0 0
258.937 0 0 0 0 0 0
259.003 0 0 0 0 0 0
259.017 0 0 0 0 0 0
259.08 0 0 0 0 0 0
259.085 0 0 0 0 0 0
259.177 0 0 0 0 0 0
259.2 0 0 0 0 0 0
259.273 0 0 0 0 0 0
259.321 0 0 0 0 0 0
259.369 0 0 0 0 0 0
259.419 0 0 0 0 0 0
259.465 0 0 0 0 0 0
259.513 0 0 0 0 0 0
259.561 0 0 0 0 0 0
259.602 0 0 0 0 0 0
259.657 0 0 0 0 0 0
259.705 0 0 0 0 0 0
259.753 0 0 0 0 0 0
259.801 0 0 0 0 0 0
259.849 0 0 0 0 0 0
259.896 0 0 0 0 0 0
259.944 0 0 0 0 0 0
259.957 0 0 0 0 0 0
260.04 0 0 0 0 0 0
260.091 0 0 0 0 0 0
260.136 0 0 0 0 0 0
260.119 0 0 0 0 0 0
260.232 0 0 0 0 0 0
260.28 0 0 0 0 0 0
260.328 0 0 0 0 0 0
260.376 0 0 0 0 0 0
260.428 0 0 0 0 0 0
260.472 0 0 0 0 0 0
260.52 0 0 0 0 0 0
260.568 0 0 0 0 0 0
260.616 0 0 0 0 0 0
260.664 0 0 0 0 0 0
260.713 0 0 0 0 0 0
260.761 0 0 0 0 0 0
260.807 0 0 0 0 0 0
260.856 0 0 0 0 0 0
260.903 0 0 0 0 0 0
260.951 0 0 0 0 0 0
260.999 0 0 0 0 0 0
261.047 0 0 0 0 0 0
261.095 0 0 0 0 0 0
261.143 0 0 0 0 0 0
261.191 0 0 0 0 0 0
261.238 0 0 0 0 0 0
261.286 0 0 0 0 0 0
261.333 0 0 0 0 0 0
261.38 0 0 0 0 0 0
261.428 0 0 0 0 0 0
261.475 0 0 0 0 0 0
261.522 0 0 0 0 0 0
261.57 0 0 0 0 0 0
261.617 0 0 0 0 0 0
261.664 0 0 0 0 0 0
261.712 0 0 0 0 0 0
261.759 0 0 0 0 0 0
261.806 0 0 0 0 0 0
261.854 0 0 0 0 0 0
261.842 0 0 0 0 0 0
261.948 0 0 0 0 0 0
261.996 0 0 0 0 0 0
262.043 0 0 0 0 0 0
262.094 0 0 0 0 0 0
262.137 0 0 0 0 0 0
262.185 0 0 0 0 0 0
262.232 0 0 0 0 0 0
262.279 0 0 0 0 0 0
262.323 0 0 0 0 0 0
262.371 0 0 0 0 0 0
262.421 0 0 0 0 0 0
262.469 0 0 0 0 0 0
262.516 0 0 0 0 0 0
262.563 0 0 0 0 0 0
262.611 0 0 0 0 0 0
262.661 0 0 0 0 0 0
262.705 0 0 0 0 0 0
262.753 0 0 0 0 0 0
262.8 0 0 0 0 0 0
262.847 0 0 0 0 0 0
262.895 0 0 0 0 0 0
262.942 0 0 0 0 0 0
262.989 0 0 0 0 0 0
263.025 0 0 0 0 0 0
263.084 0 0 0 0 0 0
263.131 0 0 0 0 0 0
263.178 0 0 0 0 0 0
263.226 0 0 0 0 0 0
263.273 0 0 0 0 0 0
263.32 0 0 0 0 0 0
263.368 0 0 0 0 0 0
263.393 0 0 0 0 0 0
263.461 0 0 0 0 0 0
263.501 0 0 0 0 0 0
263.54 0 0 0 0 0 0
263.569 0 0 0 0 0 0
263.612 0 0 0 0 0 0
263.648 0 0 0 0 0 0
263.687 0 0 0 0 0 0
263.721 0 0 0 0 0 0
263.751 0 0 0 0 0 0
263.794 0 0 0 0 0 0
263.831 0 0 0 0 0 0
263.866 0 0 0 0 0 0
263.903 0 0 0 0 0 0
263.939 0 0 0 0 0 0
263.975 0 0 0 0 0 0
264.012 0 0 0 0 0 0
264.048 0 0 0 0 0 0
264.084 0 0 0 0 0 0
264.121 0 0 0 0 0 0
264.158 0 0 0 0 0 0
264.193 0 0 0 0 0 0
264.23 0 0 0 0 0 0
264.266 0 0 0 0 0 0
264.302 0 0 0 0 0 0
264.339 0 0 0 0 0 0
264.375 0 0 0 0 0 0
264.411 0 0 0 0 0 0
264.448 0 0 0 0 0 0
264.484 0 0 0 0 0 0
264.52 0 0 0 0 0 0
264.557 0 0 0 0 0 0
264.593 0 0 0 0 0 0
264.624 0 0 0 0 0 0
264.666 0 0 0 0 0 0
264.702 0 0 0 0 0 0
264.738 0 0 0 0 0 0
264.734 0 0 0 0 0 0
264.811 0 0 0 0 0 0
264.847 0 0 0 0 0 0
264.883 0 0 0 0 0 0
264.92 0 0 0 0 0 0
264.956 0 0 0 0 0 0
264.999 0 0 0 0 0 0
265.029 0 0 0 0 0 0
265.031 0 0 0 0 0 0
265.101 0 0 0 0 0 0
265.096 0 0 0 0 0 0
265.097 0 0 0 0 0 0
265.194 0 0 0 0 0 0
265.251 0 0 0 0 0 0
265.264 0 0 0 0 0 0
265.319 0 0 0 0 0 0
265.355 0 0 0 0 0 0
265.392 0 0 0 0 0 0
265.431 0 0 0 0 0 0
265.464 0 0 0 0 0 0
265.5 0 0 0 0 0 0
265.537 0 0 0 0 0 0
265.578 0 0 0 0 0 0
265.61 0 0 0 0 0 0
265.646 0 0 0 0 0 0
265.684 0 0 0 0 0 0
265.718 0 0 0 0 0 0
265.755 0 0 0 0 0 0
265.791 0 0 0 0 0 0
265.828 0 0 0 0 0 0
265.864 0 0 0 0 0 0
265.902 0 0 0 0 0 0
265.936 0 0 0 0 0 0
265.973 0 0 0 0 0 0
266.009 0 0 0 0 0 0
266.045 0 0 0 0 0 0
266.082 0 0 0 0 0 0
266.118 0 0 0 0 0 0
266.083 0 0 0 0 0 0
266.191 0 0 0 0 0 0
266.227 0 0 0 0 0 0
266.257 0 0 0 0 0 0
266.3 0 0 0 0 0 0
266.336 0 0 0 0 0 0
266.372 0 0 0 0 0 0
266.409 0 0 0 0 0 0
266.445 0 0 0 0 0 0
266.481 0 0 0 0 0 0
266.518 0 0 0 0 0 0
266.554 0 0 0 0 0 0
266.567 0 0 0 0 0 0
266.627 0 0 0 0 0 0
266.663 0 0 0 0 0 0
266.699 0 0 0 0 0 0
266.735 0 0 0 0 0 0
266.772 0 0 0 0 0 0
266.762 0 0 0 0 0 0
266.844 0 0 0 0 0 0
266.881 0 0 0 0 0 0
266.917 0 0 0 0 0 0
266.931 0 0 0 0 0 0
266.99 0 0 0 0 0 0
267.026 0 0 0 0 0 0
267.062 0 0 0 0 0 0
267.099 0 0 0 0 0 0
267.135 0 0 0 0 0 0
267.171 0 0 0 0 0 0
267.207 0 0 0 0 0 0
267.227 0 0 0 0 0 0
267.28 0 0 0 0 0 0
267.317 0 0 0 0 0 0
267.353 0 0 0 0 0 0
267.389 0 0 0 0 0 0
267.425 0 0 0 0 0 0
267.462 0 0 0 0 0 0
267.472 0 0 0 0 0 0
267.534 0 0 0 0 0 0
267.571 0 0 0 0 0 0
267.607 0 0 0 0 0 0
267.605 0 0 0 0 0 0
267.68 0 0 0 0 0 0
267.716 0 0 0 0 0 0
267.752 0 0 0 0 0 0
267.788 0 0 0 0 0 0
267.794 0 0 0 0 0 0
267.861 0 0 0 0 0 0
267.898 0 0 0 0 0 0
267.934 0 0 0 0 0 0
267.97 0 0 0 0 0 0
268.007 0 0 0 0 0 0
268.043 0 0 0 0 0 0
268.079 0 0 0 0 0 0
268.116 0 0 0 0 0 0
268.115 0 0 0 0 0 0
268.188 0 0 0 0 0 0
268.227 0 0 0 0 0 0
268.26 0 0 0 0 0 0
268.297 0 0 0 0 0 0
268.333 0 0 0 0 0 0
268.37 0 0 0 0 0 0
268.399 0 0 0 0 0 0
268.434 0 0 0 0 0 0
268.466 0 0 0 0 0 0
268.497 0 0 0 0 0 0
268.528 0 0 0 0 0 0
268.56 0 0 0 0 0 0
268.591 0 0 0 0 0 0
268.629 0 0 0 0 0 0
268.654 0 0 0 0 0 0
268.663 0 0 0 0 0 0
268.717 0 0 0 0 0 0
268.747 0 0 0 0 0 0
268.777 0 0 0 0 0 0
268.811 0 0 0 0 0 0
268.803 0 0 0 0 0 0
268.874 0 0 0 0 0 0
268.906 0 0 0 0 0 0
268.937 0 0 0 0 0 0
268.981 0 0 0 0 0 0
269 0 0 0 0 0 0
269.002 0 0 0 0 0 0
269.063 0 0 0 0 0 0
269.094 0 0 0 0 0 0
269.125 0 0 0 0 0 0
269.157 0 0 0 0 0 0
269.188 0 0 0 0 0 0
269.22 0 0 0 0 0 0
269.251 0 0 0 0 0 0
269.283 0 0 0 0 0 0
269.314 0 0 0 0 0 0
269.346 0 0 0 0 0 0
269.377 0 0 0 0 0 0
269.352 0 0 0 0 0 0
269.44 0 0 0 0 0 0
269.471 0 0 0 0 0 0
269.502 0 0 0 0 0 0
269.535 0 0 0 0 0 0
269.565 0 0 0 0 0 0
269.597 0 0 0 0 0 0
269.628 0 0 0 0 0 0
269.659 0 0 0 0 0 0
269.691 0 0 0 0 0 0
269.722 0 0 0 0 0 0
269.754 0 0 0 0 0 0
269.785 0 0 0 0 0 0
269.817 0 0 0 0 0 0
269.824 0 0 0 0 0 0
269.88 0 0 0 0 0 0
269.911 0 0 0 0 0 0
269.938 0 0 0 0 0 0
269.974 0 0 0 0 0 0
270.005 0 0 0 0 0 0
270.036 0 0 0 0 0 0
270.067 0 0 0 0 0 0
270.099 0 0 0 0 0 0
270.129 0 0 0 0 0 0
270.159 0 0 0 0 0 0
270.193 0 0 0 0 0 0
270.231 0 0 0 0 0 0
270.25 0 0 0 0 0 0
270.281 0 0 0 0 0 0
270.311 0 0 0 0 0 0
270.342 0 0 0 0 0 0
270.341 0 0 0 0 0 0
270.402 0 0 0 0 0 0
270.433 0 0 0 0 0 0
270.463 0 0 0 0 0 0
270.494 0 0 0 0 0 0
270.49 0 0 0 0 0 0
270.554 0 0 0 0 0 0
270.585 0 0 0 0 0 0
270.615 0 0 0 0 0 0
270.646 0 0 0 0 0 0
270.647 0 0 0 0 0 0
270.706 0 0 0 0 0 0
270.737 0 0 0 0 0 0
270.774 0 0 0 0 0 0
270.797 0 0 0 0 0 0
270.828 0 0 0 0 0 0
270.858 0 0 0 0 0 0
270.887 0 0 0 0 0 0
270.919 0 0 0 0 0 0
270.951 0 0 0 0 0 0
270.98 0 0 0 0 0 0
271.01 0 0 0 0 0 0
271.04 0 0 0 0 0 0
271.071 0 0 0 0 0 0
271.101 0 0 0 0 0 0
271.131 0 0 0 0 0 0
271.16 0 0 0 0 0 0
271.189 0 0 0 0 0 0
271.219 0 0 0 0 0 0
271.248 0 0 0 0 0 0
271.256 0 0 0 0 0 0
271.307 0 0 0 0 0 0
271.333 0 0 0 0 0 0
271.365 0 0 0 0 0 0
271.395 0 0 0 0 0 0
271.424 0 0 0 0 0 0
271.453 0 0 0 0 0 0
271.483 0 0 0 0 0 0
271.516 0 0 0 0 0 0
271.541 0 0 0 0 0 0
271.581 0 0 0 0 0 0
271.599 0 0 0 0 0 0
271.628 0 0 0 0 0 0
271.659 0 0 0 0 0 0
271.688 0 0 0 0 0 0
271.718 0 0 0 0 0 0
271.747 0 0 0 0 0 0
271.776 0 0 0 0 0 0
271.806 0 0 0 0 0 0
271.835 0 0 0 0 0 0
271.864 0 0 0 0 0 0
271.894 0 0 0 0 0 0
271.923 0 0 0 0 0 0
271.932 0 0 0 0 0 0
271.921 0 0 0 0 0 0
272.011 0 0 0 0 0 0
272.015 0 0 0 0 0 0
272.07 0 0 0 0 0 0
272.099 0 0 0 0 0 0
272.128 0 0 0 0 0 0
272.148 0 0 0 0 0 0
272.187 0 0 0 0 0 0
272.207 0 0 0 0 0 0
272.246 0 0 0 0 0 0
272.276 0 0 0 0 0 0
272.305 0 0 0 0 0 0
272.306 0 0 0 0 0 0
272.365 0 0 0 0 0 0
272.395 0 0 0 0 0 0
272.411 0 0 0 0 0 0
272.451 0 0 0 0 0 0
272.481 0 0 0 0 0 0
272.51 0 0 0 0 0 0
272.541 0 0 0 0 0 0
272.559 0 0 0 0 0 0
272.598 0 0 0 0 0 0
272.628 0 0 0 0 0 0
272.62 0 0 0 0 0 0
272.667 0 0 0 0 0 0
272.716 0 0 0 0 0 0
272.733 0 0 0 0 0 0
272.775 0 0 0 0 0 0
272.803 0 0 0 0 0 0
272.832 0 0 0 0 0 0
272.832 0 0 0 0 0 0
-3.52841e+34 0 0 0 0 0 0
