0.2 1.33459e-06 1.18733e-06 9.16339e-07 6.51893e-07 3.81329e-07 2.3493e-07
0.4 1.06398e-06 9.16732e-07 6.45753e-07 3.81324e-07 1.10788e-07 -3.55678e-08
0.6 1.06994e-06 9.2269e-07 6.5171e-07 3.87279e-07 1.16743e-07 -2.96152e-08
0.8 1.06986e-06 9.22605e-07 6.51625e-07 3.87195e-07 1.16658e-07 -2.97002e-08
1 1.06986e-06 9.22605e-07 6.51625e-07 3.87195e-07 1.16658e-07 -2.97002e-08
0.583175 0.0100011 0.0100005 0.00999964 0.00999868 0.00999756 0.00999645
1.16593 0.0200011 0.02 0.0199986 0.019997 0.019995 0.0199929
1.7492 0.0300011 0.0299996 0.0299976 0.0299953 0.0299925 0.0299894
2.33204 0.0400011 0.0399991 0.0399966 0.0399935 0.0399899 0.0399859
2.91483 0.0500011 0.0499987 0.0499956 0.0499918 0.0499873 0.0499824
3.49798 0.0600011 0.0599982 0.0599946 0.0599901 0.0599848 0.0599789
4.08102 0.0700011 0.0699978 0.0699936 0.0699884 0.0699822 0.0699753
4.66389 0.0800011 0.0799973 0.0799926 0.0799867 0.0799797 0.0799718
5.24688 0.0900011 0.0899969 0.0899916 0.089985 0.0899771 0.0899683
5.82991 0.100001 0.0999965 0.0999906 0.0999833 0.0999746 0.0999648
6.41313 0.110001 0.109996 0.10999 0.109982 0.109972 0.109961
6.99593 0.120001 0.119996 0.119989 0.11998 0.119969 0.119958
7.5789 0.130001 0.129995 0.129988 0.129978 0.129967 0.129954
8.16182 0.140001 0.139995 0.139987 0.139976 0.139964 0.139951
8.74487 0.150001 0.149994 0.149986 0.149975 0.149962 0.149947
9.3277 0.160001 0.159994 0.159985 0.159973 0.159959 0.159944
9.91085 0.170001 0.169993 0.169983 0.169971 0.169957 0.16994
10.494 0.180001 0.179993 0.179982 0.17997 0.179954 0.179937
11.0767 0.190001 0.189992 0.189981 0.189968 0.189952 0.189933
11.6596 0.200001 0.199992 0.19998 0.199966 0.199949 0.19993
12.2428 0.210001 0.209992 0.209979 0.209964 0.209947 0.209926
12.8259 0.220001 0.219991 0.219978 0.219963 0.219944 0.219923
13.4084 0.230001 0.229991 0.229977 0.229961 0.229941 0.229919
13.9919 0.240001 0.23999 0.239976 0.239959 0.239939 0.239916
14.575 0.250001 0.24999 0.249975 0.249958 0.249936 0.249912
15.1577 0.260001 0.259989 0.259974 0.259956 0.259934 0.259909
15.7408 0.270001 0.269989 0.269973 0.269954 0.269931 0.269905
16.3241 0.280001 0.279988 0.279972 0.279952 0.279929 0.279902
16.9066 0.290001 0.289988 0.289971 0.289951 0.289926 0.289898
17.4897 0.300001 0.299988 0.29997 0.299949 0.299924 0.299894
18.0728 0.310001 0.309987 0.309969 0.309947 0.309921 0.309891
18.6556 0.320001 0.319987 0.319968 0.319946 0.319918 0.319887
19.239 0.330001 0.329986 0.329967 0.329944 0.329916 0.329884
19.8217 0.340001 0.339986 0.339966 0.339942 0.339913 0.33988
20.4046 0.350001 0.349985 0.349965 0.349941 0.349911 0.349877
20.9877 0.360001 0.359985 0.359964 0.359939 0.359908 0.359873
21.5707 0.370001 0.369984 0.369963 0.369937 0.369906 0.36987
22.1536 0.380001 0.379984 0.379962 0.379935 0.379903 0.379866
22.7368 0.390001 0.389984 0.389961 0.389934 0.389901 0.389863
23.3196 0.400001 0.399983 0.39996 0.399932 0.399898 0.399859
23.9027 0.410001 0.409983 0.409959 0.40993 0.409895 0.409856
24.4856 0.420001 0.419982 0.419958 0.419929 0.419893 0.419852
25.0687 0.430001 0.429982 0.429957 0.429927 0.42989 0.429849
25.6514 0.440001 0.439981 0.439956 0.439925 0.439888 0.439845
26.2345 0.450001 0.449981 0.449955 0.449923 0.449885 0.449842
26.8173 0.460001 0.45998 0.459954 0.459922 0.459883 0.459838
27.4001 0.470001 0.46998 0.469953 0.46992 0.46988 0.469835
27.9835 0.480001 0.47998 0.479952 0.479918 0.479878 0.479831
28.5664 0.490001 0.489979 0.489951 0.489917 0.489875 0.489828
29.1497 0.500001 0.499979 0.49995 0.499915 0.499873 0.499824
29.7323 0.510001 0.509978 0.509949 0.509913 0.50987 0.509821
30.3155 0.520001 0.519978 0.519948 0.519912 0.519867 0.519817
30.8985 0.530001 0.529977 0.529947 0.52991 0.529865 0.529814
31.4814 0.540001 0.539977 0.539946 0.539908 0.539862 0.53981
32.0646 0.550001 0.549976 0.549945 0.549906 0.54986 0.549807
32.6473 0.560001 0.559976 0.559944 0.559905 0.559857 0.559803
33.2304 0.570001 0.569975 0.569943 0.569903 0.569855 0.5698
33.8135 0.580001 0.579975 0.579942 0.579901 0.579852 0.579796
34.3962 0.590001 0.589975 0.589941 0.5899 0.58985 0.589793
34.9792 0.600001 0.599974 0.59994 0.599898 0.599847 0.599789
35.5623 0.610001 0.609974 0.609939 0.609896 0.609845 0.609786
36.1456 0.620001 0.619973 0.619938 0.619894 0.619842 0.619782
36.7284 0.630001 0.629973 0.629937 0.629893 0.629839 0.629779
37.3113 0.640001 0.639972 0.639936 0.639891 0.639837 0.639775
37.8942 0.650001 0.649972 0.649935 0.649889 0.649834 0.649772
38.4773 0.660001 0.659971 0.659934 0.659888 0.659832 0.659768
39.0605 0.670001 0.669971 0.669933 0.669886 0.669829 0.669765
39.6434 0.680001 0.679971 0.679932 0.679884 0.679827 0.679761
40.2264 0.690001 0.68997 0.689931 0.689883 0.689824 0.689758
40.8093 0.700001 0.69997 0.69993 0.699881 0.699822 0.699754
41.3924 0.710001 0.709969 0.709929 0.709879 0.709819 0.709751
41.9754 0.720001 0.719969 0.719928 0.719877 0.719817 0.719747
42.5582 0.730001 0.729968 0.729927 0.729876 0.729814 0.729744
43.1412 0.740001 0.739968 0.739926 0.739874 0.739811 0.73974
43.7243 0.750001 0.749967 0.749925 0.749872 0.749809 0.749737
44.3073 0.760001 0.759967 0.759924 0.759871 0.759806 0.759733
44.8901 0.770001 0.769967 0.769923 0.769869 0.769804 0.76973
45.4734 0.780001 0.779966 0.779922 0.779867 0.779801 0.779726
46.056 0.790001 0.789966 0.789921 0.789865 0.789799 0.789722
46.6391 0.800001 0.799965 0.79992 0.799864 0.799796 0.799719
47.2225 0.810001 0.809965 0.809919 0.809862 0.809794 0.809715
47.8052 0.820001 0.819964 0.819918 0.81986 0.819791 0.819712
48.3881 0.830001 0.829964 0.829917 0.829859 0.829789 0.829708
48.9716 0.840001 0.839963 0.839916 0.839857 0.839786 0.839705
49.5542 0.850001 0.849963 0.849915 0.849855 0.849783 0.849701
50.1371 0.860001 0.859963 0.859914 0.859854 0.859781 0.859698
50.72 0.870001 0.869962 0.869913 0.869852 0.869778 0.869694
51.3034 0.880001 0.879962 0.879912 0.87985 0.879776 0.879691
51.8862 0.890001 0.889961 0.889911 0.889848 0.889773 0.889687
52.4691 0.900001 0.899961 0.89991 0.899847 0.899771 0.899684
53.0518 0.910001 0.90996 0.909909 0.909845 0.909768 0.90968
53.6351 0.920001 0.91996 0.919908 0.919843 0.919766 0.919677
54.2182 0.930001 0.929959 0.929907 0.929842 0.929763 0.929673
54.8009 0.940001 0.939959 0.939906 0.93984 0.939761 0.93967
55.3841 0.950001 0.949959 0.949905 0.949838 0.949758 0.949666
55.9673 0.960001 0.959958 0.959904 0.959837 0.959755 0.959663
56.5499 0.970001 0.969958 0.969903 0.969835 0.969753 0.969659
57.1326 0.980001 0.979957 0.979902 0.979833 0.97975 0.979656
57.7161 0.990001 0.989957 0.989901 0.989831 0.989748 0.989652
58.2989 1 0.999956 0.9999 0.99983 0.999745 0.999649
58.882 1.01 1.00996 1.0099 1.00983 1.00974 1.00965
59.465 1.02 1.01996 1.0199 1.01983 1.01974 1.01964
60.0481 1.03 1.02996 1.0299 1.02982 1.02974 1.02964
60.6311 1.04 1.03995 1.0399 1.03982 1.03974 1.03963
61.2143 1.05 1.04995 1.04989 1.04982 1.04973 1.04963
61.7969 1.06 1.05995 1.05989 1.05982 1.05973 1.05963
62.38 1.07 1.06995 1.06989 1.06982 1.06973 1.06962
62.9631 1.08 1.07995 1.07989 1.07982 1.07972 1.07962
63.5459 1.09 1.08995 1.08989 1.08981 1.08972 1.08962
64.1291 1.1 1.09995 1.09989 1.09981 1.09972 1.09961
64.7113 1.11 1.10995 1.10989 1.10981 1.10972 1.10961
65.2947 1.12 1.11995 1.11989 1.11981 1.11971 1.11961
65.8781 1.13 1.12995 1.12989 1.12981 1.12971 1.1296
66.4609 1.14 1.13995 1.13989 1.13981 1.13971 1.1396
67.044 1.15 1.14995 1.14988 1.1498 1.14971 1.1496
67.627 1.16 1.15995 1.15988 1.1598 1.1597 1.15959
68.2098 1.17 1.16995 1.16988 1.1698 1.1697 1.16959
68.7927 1.18 1.17995 1.17988 1.1798 1.1797 1.17959
69.3758 1.19 1.18995 1.18988 1.1898 1.1897 1.18958
69.9589 1.2 1.19995 1.19988 1.1998 1.19969 1.19958
70.5418 1.21 1.20995 1.20988 1.20979 1.20969 1.20958
71.1248 1.22 1.21995 1.21988 1.21979 1.21969 1.21957
71.708 1.23 1.22995 1.22988 1.22979 1.22969 1.22957
72.2908 1.24 1.23995 1.23988 1.23979 1.23968 1.23956
72.874 1.25 1.24995 1.24987 1.24979 1.24968 1.24956
73.4568 1.26 1.25994 1.25987 1.25979 1.25968 1.25956
74.0399 1.27 1.26994 1.26987 1.26978 1.26968 1.26955
74.6229 1.28 1.27994 1.27987 1.27978 1.27967 1.27955
75.2059 1.29 1.28994 1.28987 1.28978 1.28967 1.28955
75.7887 1.3 1.29994 1.29987 1.29978 1.29967 1.29954
76.3718 1.31 1.30994 1.30987 1.30978 1.30967 1.30954
76.9548 1.32 1.31994 1.31987 1.31978 1.31966 1.31954
77.5377 1.33 1.32994 1.32987 1.32977 1.32966 1.32953
78.1209 1.34 1.33994 1.33987 1.33977 1.33966 1.33953
78.7038 1.35 1.34994 1.34986 1.34977 1.34966 1.34953
79.2869 1.36 1.35994 1.35986 1.35977 1.35965 1.35952
79.8697 1.37 1.36994 1.36986 1.36977 1.36965 1.36952
80.4527 1.38 1.37994 1.37986 1.37977 1.37965 1.37952
81.0357 1.39 1.38994 1.38986 1.38976 1.38965 1.38951
81.6187 1.4 1.39994 1.39986 1.39976 1.39964 1.39951
82.202 1.41 1.40994 1.40986 1.40976 1.40964 1.40951
82.7847 1.42 1.41994 1.41986 1.41976 1.41964 1.4195
83.3678 1.43 1.42994 1.42986 1.42976 1.42964 1.4295
83.9507 1.44 1.43994 1.43986 1.43975 1.43963 1.43949
84.5336 1.45 1.44994 1.44985 1.44975 1.44963 1.44949
85.1168 1.46 1.45994 1.45985 1.45975 1.45963 1.45949
85.7 1.47 1.46994 1.46985 1.46975 1.46963 1.46948
86.2825 1.48 1.47994 1.47985 1.47975 1.47962 1.47948
86.8656 1.49 1.48993 1.48985 1.48975 1.48962 1.48948
87.4485 1.5 1.49993 1.49985 1.49974 1.49962 1.49947
88.0315 1.51 1.50993 1.50985 1.50974 1.50962 1.50947
88.6145 1.52 1.51993 1.51985 1.51974 1.51961 1.51947
89.1979 1.53 1.52993 1.52985 1.52974 1.52961 1.52946
89.7806 1.54 1.53993 1.53985 1.53974 1.53961 1.53946
90.3636 1.55 1.54993 1.54984 1.54974 1.54961 1.54946
90.9465 1.56 1.55993 1.55984 1.55973 1.5596 1.55945
91.5294 1.57 1.56993 1.56984 1.56973 1.5696 1.56945
92.1127 1.58 1.57993 1.57984 1.57973 1.5796 1.57945
92.6955 1.59 1.58993 1.58984 1.58973 1.5896 1.58944
93.2786 1.6 1.59993 1.59984 1.59973 1.59959 1.59944
93.8605 1.61 1.60993 1.60984 1.60973 1.60959 1.60944
94.4451 1.62 1.61993 1.61984 1.61972 1.61959 1.61943
95.0275 1.63 1.62993 1.62984 1.62972 1.62959 1.62943
95.6104 1.64 1.63993 1.63984 1.63972 1.63958 1.63943
96.1935 1.65 1.64993 1.64983 1.64972 1.64958 1.64942
96.7765 1.66 1.65993 1.65983 1.65972 1.65958 1.65942
97.3595 1.67 1.66993 1.66983 1.66972 1.66958 1.66941
97.9425 1.68 1.67993 1.67983 1.67971 1.67957 1.67941
98.5254 1.69 1.68993 1.68983 1.68971 1.68957 1.68941
99.1084 1.7 1.69993 1.69983 1.69971 1.69957 1.6994
99.6912 1.71 1.70992 1.70983 1.70971 1.70957 1.7094
100.274 1.72 1.71992 1.71983 1.71971 1.71956 1.7194
100.858 1.73 1.72992 1.72983 1.72971 1.72956 1.72939
101.44 1.74 1.73992 1.73983 1.7397 1.73956 1.73939
102.023 1.75 1.74992 1.74982 1.7497 1.74956 1.74939
102.606 1.76 1.75992 1.75982 1.7597 1.75955 1.75938
103.189 1.77 1.76992 1.76982 1.7697 1.76955 1.76938
103.773 1.78 1.77992 1.77982 1.7797 1.77955 1.77938
104.355 1.79 1.78992 1.78982 1.7897 1.78954 1.78937
104.938 1.8 1.79992 1.79982 1.79969 1.79954 1.79937
105.521 1.81 1.80992 1.80982 1.80969 1.80954 1.80937
106.104 1.82 1.81992 1.81982 1.81969 1.81954 1.81936
106.687 1.83 1.82992 1.82982 1.82969 1.82953 1.82936
107.27 1.84 1.83992 1.83982 1.83969 1.83953 1.83936
107.853 1.85 1.84992 1.84981 1.84969 1.84953 1.84935
108.436 1.86 1.85992 1.85981 1.85968 1.85953 1.85935
109.019 1.87 1.86992 1.86981 1.86968 1.86952 1.86934
109.602 1.88 1.87992 1.87981 1.87968 1.87952 1.87934
110.185 1.89 1.88992 1.88981 1.88968 1.88952 1.88934
110.768 1.9 1.89992 1.89981 1.89968 1.89952 1.89933
111.351 1.91 1.90992 1.90981 1.90968 1.90951 1.90933
111.934 1.92 1.91992 1.91981 1.91967 1.91951 1.91933
112.517 1.93 1.92992 1.92981 1.92967 1.92951 1.92932
113.1 1.94 1.93991 1.93981 1.93967 1.93951 1.93932
113.683 1.95 1.94991 1.94981 1.94967 1.9495 1.94932
114.266 1.96 1.95991 1.9598 1.95967 1.9595 1.95931
114.849 1.97 1.96991 1.9698 1.96967 1.9695 1.96931
115.432 1.98 1.97991 1.9798 1.97966 1.9795 1.97931
116.015 1.99 1.98991 1.9898 1.98966 1.98949 1.9893
116.598 2 1.99991 1.9998 1.99966 1.99949 1.9993
117.181 2.01 2.00991 2.0098 2.00966 2.00949 2.0093
117.764 2.02 2.01991 2.0198 2.01966 2.01949 2.01929
118.347 2.03 2.02991 2.0298 2.02965 2.02948 2.02929
118.93 2.04 2.03991 2.0398 2.03965 2.03948 2.03929
119.513 2.05 2.04991 2.0498 2.04965 2.04948 2.04928
120.096 2.06 2.05991 2.05979 2.05965 2.05948 2.05928
120.679 2.07 2.06991 2.06979 2.06965 2.06947 2.06928
121.262 2.08 2.07991 2.07979 2.07965 2.07947 2.07927
121.845 2.09 2.08991 2.08979 2.08964 2.08947 2.08927
122.428 2.1 2.09991 2.09979 2.09964 2.09947 2.09926
123.011 2.11 2.10991 2.10979 2.10964 2.10946 2.10926
123.594 2.12 2.11991 2.11979 2.11964 2.11946 2.11926
124.177 2.13 2.12991 2.12979 2.12964 2.12946 2.12925
124.76 2.14 2.13991 2.13979 2.13964 2.13946 2.13925
125.343 2.15 2.14991 2.14979 2.14963 2.14945 2.14925
125.926 2.16 2.15991 2.15978 2.15963 2.15945 2.15924
126.51 2.17 2.1699 2.16978 2.16963 2.16945 2.16924
127.092 2.18 2.1799 2.17978 2.17963 2.17945 2.17924
127.675 2.19 2.1899 2.18978 2.18963 2.18944 2.18923
128.258 2.2 2.1999 2.19978 2.19963 2.19944 2.19923
128.841 2.21 2.2099 2.20978 2.20962 2.20944 2.20923
129.424 2.22 2.2199 2.21978 2.21962 2.21944 2.21922
130.007 2.23 2.2299 2.22978 2.22962 2.22943 2.22922
130.59 2.24 2.2399 2.23978 2.23962 2.23943 2.23922
131.173 2.25 2.2499 2.24978 2.24962 2.24943 2.24921
131.747 2.26 2.2599 2.25977 2.25962 2.25943 2.25921
132.287 2.27 2.2699 2.26977 2.26962 2.26943 2.26921
132.828 2.28 2.2799 2.27977 2.27961 2.27942 2.27921
133.368 2.29 2.2899 2.28977 2.28961 2.28942 2.28921
133.908 2.3 2.2999 2.29977 2.29961 2.29942 2.29921
134.448 2.31 2.3099 2.30977 2.30961 2.30942 2.3092
134.988 2.32 2.3199 2.31977 2.31961 2.31942 2.3192
135.529 2.33 2.3299 2.32977 2.32961 2.32942 2.3292
136.068 2.34 2.3399 2.33977 2.33961 2.33942 2.3392
136.609 2.35 2.3499 2.34977 2.34961 2.34942 2.3492
137.148 2.36 2.3599 2.35977 2.35961 2.35942 2.3592
137.689 2.37 2.3699 2.36977 2.36961 2.36942 2.3692
138.23 2.38 2.3799 2.37977 2.37961 2.37942 2.3792
138.752 2.39 2.3899 2.38977 2.38961 2.38942 2.3892
139.263 2.4 2.3999 2.39977 2.39961 2.39942 2.3992
139.773 2.41 2.4099 2.40977 2.40961 2.40942 2.4092
140.283 2.42 2.4199 2.41977 2.41961 2.41942 2.4192
140.793 2.43 2.4299 2.42977 2.42961 2.42942 2.4292
141.303 2.44 2.4399 2.43977 2.43961 2.43942 2.4392
141.814 2.45 2.4499 2.44977 2.44961 2.44942 2.44921
142.324 2.46 2.4599 2.45977 2.45961 2.45942 2.45921
142.834 2.47 2.4699 2.46977 2.46961 2.46942 2.46921
143.344 2.48 2.4799 2.47977 2.47961 2.47942 2.47921
143.854 2.49 2.4899 2.48977 2.48961 2.48942 2.48921
144.364 2.5 2.49989 2.49977 2.49961 2.49942 2.49921
144.822 2.51 2.50989 2.50977 2.50961 2.50942 2.50921
145.254 2.52 2.51989 2.51977 2.51961 2.51942 2.51921
145.676 2.53 2.52989 2.52976 2.52961 2.52942 2.52921
146.099 2.54 2.53989 2.53976 2.53961 2.53942 2.53921
146.516 2.55 2.54989 2.54976 2.54961 2.54942 2.54921
146.886 2.56 2.55989 2.55976 2.55961 2.55942 2.55921
147.257 2.57 2.56989 2.56976 2.56961 2.56942 2.56922
147.627 2.58 2.57989 2.57976 2.57961 2.57942 2.57922
147.997 2.59 2.58989 2.58976 2.58961 2.58942 2.58922
148.368 2.6 2.59989 2.59976 2.59961 2.59942 2.59922
148.738 2.61 2.60989 2.60976 2.60961 2.60942 2.60922
149.108 2.62 2.61989 2.61976 2.61961 2.61942 2.61922
149.479 2.63 2.62989 2.62976 2.62961 2.62942 2.62922
149.849 2.64 2.63989 2.63976 2.63961 2.63942 2.63922
150.219 2.65 2.64989 2.64976 2.64961 2.64942 2.64922
150.59 2.66 2.65989 2.65976 2.65961 2.65942 2.65922
150.96 2.67 2.66989 2.66976 2.66961 2.66942 2.66922
151.331 2.68 2.67989 2.67976 2.67961 2.67942 2.67922
151.7 2.69 2.68989 2.68976 2.68961 2.68942 2.68922
152.071 2.7 2.69989 2.69976 2.6996 2.69942 2.69922
152.442 2.71 2.70989 2.70976 2.7096 2.70942 2.70922
152.812 2.72 2.71989 2.71976 2.7196 2.71942 2.71922
153.183 2.73 2.72989 2.72976 2.7296 2.72942 2.72922
153.552 2.74 2.73989 2.73976 2.7396 2.73942 2.73922
153.922 2.75 2.74989 2.74976 2.7496 2.74942 2.74922
154.293 2.76 2.75989 2.75976 2.7596 2.75942 2.75922
154.663 2.77 2.76989 2.76976 2.7696 2.76942 2.76922
155.034 2.78 2.77989 2.77976 2.7796 2.77942 2.77922
155.404 2.79 2.78989 2.78976 2.7896 2.78942 2.78922
155.774 2.8 2.79989 2.79976 2.7996 2.79942 2.79922
156.145 2.81 2.80989 2.80976 2.8096 2.80942 2.80922
156.516 2.82 2.81989 2.81976 2.8196 2.81942 2.81922
156.887 2.83 2.82989 2.82976 2.8296 2.82942 2.82922
157.256 2.84 2.83989 2.83976 2.8396 2.83942 2.83922
157.627 2.85 2.84989 2.84976 2.8496 2.84942 2.84922
157.996 2.86 2.85989 2.85976 2.8596 2.85942 2.85922
158.367 2.87 2.86989 2.86976 2.8696 2.86942 2.86922
158.737 2.88 2.87989 2.87976 2.8796 2.87942 2.87922
159.107 2.89 2.88989 2.88976 2.8896 2.88942 2.88922
159.477 2.9 2.89989 2.89976 2.8996 2.89942 2.89922
159.847 2.91 2.90989 2.90976 2.9096 2.90942 2.90922
160.218 2.92 2.91989 2.91976 2.9196 2.91942 2.91922
160.588 2.93 2.92989 2.92976 2.9296 2.92942 2.92922
160.96 2.94 2.93989 2.93976 2.9396 2.93942 2.93922
161.33 2.95 2.94989 2.94976 2.9496 2.94942 2.94922
161.7 2.96 2.95989 2.95976 2.9596 2.95942 2.95922
162.07 2.97 2.96989 2.96976 2.9696 2.96942 2.96922
162.44 2.98 2.97989 2.97976 2.9796 2.97942 2.97922
162.811 2.99 2.98989 2.98976 2.9896 2.98942 2.98922
163.181 3 2.99989 2.99976 2.9996 2.99942 2.99922
163.552 3.01 3.00989 3.00976 3.0096 3.00942 3.00922
163.922 3.02 3.01989 3.01976 3.0196 3.01942 3.01922
164.292 3.03 3.02989 3.02976 3.0296 3.02942 3.02922
164.663 3.04 3.03989 3.03976 3.0396 3.03942 3.03922
165.033 3.05 3.04989 3.04976 3.0496 3.04942 3.04922
165.404 3.06 3.05989 3.05976 3.0596 3.05942 3.05922
165.773 3.07 3.06989 3.06976 3.0696 3.06942 3.06922
166.145 3.08 3.07989 3.07976 3.0796 3.07942 3.07922
166.514 3.09 3.08989 3.08976 3.0896 3.08942 3.08922
166.884 3.1 3.09989 3.09976 3.0996 3.09942 3.09922
167.255 3.11 3.10989 3.10976 3.1096 3.10942 3.10922
167.626 3.12 3.11989 3.11976 3.1196 3.11942 3.11922
167.996 3.13 3.12989 3.12976 3.1296 3.12942 3.12922
168.366 3.14 3.13989 3.13976 3.1396 3.13942 3.13922
168.736 3.15 3.14989 3.14975 3.1496 3.14942 3.14922
169.107 3.16 3.15989 3.15975 3.1596 3.15942 3.15922
169.476 3.17 3.16989 3.16975 3.1696 3.16942 3.16922
169.837 3.18 3.17989 3.17975 3.1796 3.17942 3.17922
170.191 3.19 3.18989 3.18975 3.1896 3.18942 3.18922
170.542 3.2 3.19989 3.19975 3.1996 3.19942 3.19922
170.893 3.21 3.20989 3.20975 3.2096 3.20942 3.20922
171.216 3.22 3.21989 3.21975 3.2196 3.21942 3.21922
171.532 3.23 3.22989 3.22975 3.2296 3.22942 3.22922
171.851 3.24 3.23989 3.23975 3.2396 3.23942 3.23922
172.16 3.25 3.24989 3.24975 3.2496 3.24942 3.24922
172.443 3.26 3.25989 3.25975 3.2596 3.25942 3.25922
172.727 3.27 3.26989 3.26975 3.2696 3.26942 3.26922
173.011 3.28 3.27989 3.27975 3.2796 3.27942 3.27922
173.295 3.29 3.28989 3.28975 3.2896 3.28942 3.28922
173.577 3.3 3.29989 3.29975 3.29959 3.29942 3.29922
173.861 3.31 3.30989 3.30975 3.30959 3.30942 3.30922
174.144 3.32 3.31989 3.31975 3.31959 3.31942 3.31922
174.428 3.33 3.32989 3.32975 3.32959 3.32942 3.32922
174.712 3.34 3.33989 3.33975 3.33959 3.33942 3.33922
174.995 3.35 3.34989 3.34975 3.34959 3.34941 3.34922
175.278 3.36 3.35989 3.35975 3.35959 3.35941 3.35922
175.561 3.37 3.36989 3.36975 3.36959 3.36941 3.36921
175.845 3.38 3.37989 3.37975 3.37959 3.37941 3.37921
176.128 3.39 3.38989 3.38975 3.38959 3.38941 3.38921
176.412 3.4 3.39988 3.39975 3.39959 3.39941 3.39921
176.697 3.41 3.40988 3.40975 3.40959 3.40941 3.40921
176.979 3.42 3.41988 3.41975 3.41959 3.41941 3.41921
177.262 3.43 3.42988 3.42975 3.42959 3.42941 3.42921
177.545 3.44 3.43988 3.43975 3.43959 3.43941 3.43921
177.829 3.45 3.44988 3.44975 3.44959 3.44941 3.44921
178.112 3.46 3.45988 3.45975 3.45959 3.45941 3.45921
178.395 3.47 3.46988 3.46975 3.46959 3.46941 3.46921
178.679 3.48 3.47988 3.47975 3.47959 3.47941 3.47921
178.962 3.49 3.48988 3.48975 3.48959 3.48941 3.48921
179.248 3.5 3.49988 3.49975 3.49959 3.49941 3.49921
179.53 3.51 3.50988 3.50975 3.50959 3.50941 3.50921
179.813 3.52 3.51988 3.51975 3.51959 3.51941 3.51921
180.097 3.53 3.52988 3.52975 3.52959 3.52941 3.52921
180.38 3.54 3.53988 3.53975 3.53959 3.53941 3.53921
180.663 3.55 3.54988 3.54975 3.54959 3.54941 3.54921
180.947 3.56 3.55988 3.55975 3.55959 3.55941 3.55921
181.23 3.57 3.56988 3.56975 3.56959 3.56941 3.56921
181.514 3.58 3.57988 3.57975 3.57959 3.57941 3.57921
181.797 3.59 3.58988 3.58975 3.58959 3.58941 3.58921
182.081 3.6 3.59988 3.59975 3.59959 3.59941 3.59921
182.365 3.61 3.60988 3.60975 3.60959 3.60941 3.60921
182.647 3.62 3.61988 3.61975 3.61959 3.61941 3.61921
182.931 3.63 3.62988 3.62975 3.62959 3.62941 3.6292
183.214 3.64 3.63988 3.63975 3.63959 3.63941 3.6392
183.498 3.65 3.64988 3.64975 3.64959 3.64941 3.6492
183.781 3.66 3.65988 3.65975 3.65959 3.65941 3.6592
184.066 3.67 3.66988 3.66975 3.66959 3.66941 3.6692
184.347 3.68 3.67988 3.67975 3.67959 3.67941 3.6792
184.631 3.69 3.68988 3.68975 3.68959 3.68941 3.6892
184.914 3.7 3.69988 3.69975 3.69959 3.69941 3.6992
185.198 3.71 3.70988 3.70975 3.70959 3.7094 3.7092
185.481 3.72 3.71988 3.71975 3.71959 3.7194 3.7192
185.765 3.73 3.72988 3.72975 3.72959 3.7294 3.7292
186.049 3.74 3.73988 3.73975 3.73959 3.7394 3.7392
186.333 3.75 3.74988 3.74975 3.74959 3.7494 3.7492
186.615 3.76 3.75988 3.75975 3.75959 3.7594 3.7592
186.893 3.77 3.76988 3.76975 3.76959 3.7694 3.7692
187.149 3.78 3.77988 3.77975 3.77959 3.7794 3.7792
187.397 3.79 3.78988 3.78975 3.78959 3.7894 3.7892
187.647 3.8 3.79988 3.79975 3.79959 3.7994 3.7992
187.896 3.81 3.80988 3.80975 3.80959 3.8094 3.8092
188.146 3.82 3.81988 3.81975 3.81959 3.8194 3.8192
188.394 3.83 3.82988 3.82975 3.82959 3.8294 3.8292
188.643 3.84 3.83988 3.83975 3.83959 3.8394 3.8392
188.891 3.85 3.84988 3.84975 3.84959 3.8494 3.8492
189.093 3.86 3.85989 3.85975 3.85959 3.8594 3.8592
189.248 3.87 3.86989 3.86975 3.86959 3.8694 3.8692
189.34 3.88 3.87989 3.87975 3.87959 3.8794 3.8792
189.453 3.89 3.88989 3.88975 3.88959 3.88941 3.8892
189.543 3.9 3.89989 3.89975 3.89959 3.89941 3.8992
189.681 3.91 3.90989 3.90975 3.90959 3.90941 3.9092
189.759 3.92 3.91989 3.91975 3.91959 3.91941 3.9192
189.857 3.93 3.92989 3.92975 3.92959 3.92941 3.9292
189.968 3.94 3.93989 3.93975 3.93959 3.93941 3.9392
190.076 3.95 3.94989 3.94975 3.94959 3.94941 3.94921
190.174 3.96 3.95989 3.95975 3.95959 3.95941 3.95921
190.277 3.97 3.96989 3.96975 3.96959 3.96941 3.96921
190.39 3.98 3.97989 3.97975 3.97959 3.97941 3.97921
190.476 3.99 3.98989 3.98975 3.98959 3.98941 3.98921
190.587 4 3.99989 3.99975 3.99959 3.99941 3.99921
190.691 4.01 4.00989 4.00975 4.00959 4.00941 4.00921
190.794 4.02 4.01989 4.01975 4.01959 4.01941 4.01921
190.905 4.03 4.02989 4.02975 4.02959 4.02941 4.02921
190.997 4.04 4.03989 4.03975 4.03959 4.03941 4.03921
191.1 4.05 4.04989 4.04975 4.04959 4.04941 4.04922
191.203 4.06 4.05989 4.05975 4.0596 4.05942 4.05922
191.312 4.07 4.06989 4.06975 4.0696 4.06942 4.06922
191.407 4.08 4.07989 4.07975 4.0796 4.07942 4.07922
191.514 4.09 4.08989 4.08975 4.0896 4.08942 4.08922
191.619 4.1 4.09989 4.09975 4.0996 4.09942 4.09922
191.718 4.11 4.10989 4.10975 4.1096 4.10942 4.10922
191.814 4.12 4.11989 4.11975 4.1196 4.11942 4.11922
191.924 4.13 4.12989 4.12975 4.1296 4.12942 4.12922
192.027 4.14 4.13989 4.13975 4.1396 4.13942 4.13922
192.131 4.15 4.14989 4.14975 4.1496 4.14942 4.14922
192.23 4.16 4.15989 4.15975 4.1596 4.15942 4.15923
192.337 4.17 4.16989 4.16975 4.1696 4.16942 4.16923
192.441 4.18 4.17989 4.17975 4.1796 4.17942 4.17923
192.542 4.19 4.18989 4.18975 4.1896 4.18942 4.18923
192.646 4.2 4.19989 4.19975 4.1996 4.19942 4.19923
192.748 4.21 4.20989 4.20975 4.2096 4.20942 4.20923
192.853 4.22 4.21989 4.21975 4.2196 4.21942 4.21923
192.951 4.23 4.22989 4.22975 4.2296 4.22943 4.22923
193.058 4.24 4.23989 4.23975 4.2396 4.23943 4.23923
193.16 4.25 4.24989 4.24975 4.2496 4.24943 4.24923
193.264 4.26 4.25989 4.25975 4.2596 4.25943 4.25923
193.364 4.27 4.26989 4.26975 4.2696 4.26943 4.26924
193.481 4.28 4.27989 4.27975 4.2796 4.27943 4.27924
193.575 4.29 4.28989 4.28975 4.2896 4.28943 4.28924
193.675 4.3 4.29989 4.29976 4.2996 4.29943 4.29924
193.779 4.31 4.30989 4.30976 4.3096 4.30943 4.30924
193.883 4.32 4.31989 4.31976 4.3196 4.31943 4.31924
193.982 4.33 4.32989 4.32976 4.3296 4.32943 4.32924
194.087 4.34 4.33989 4.33976 4.3396 4.33943 4.33924
194.189 4.35 4.34989 4.34976 4.3496 4.34943 4.34924
194.293 4.36 4.35989 4.35976 4.3596 4.35943 4.35924
194.393 4.37 4.36989 4.36976 4.3696 4.36943 4.36924
194.496 4.38 4.37989 4.37976 4.37961 4.37943 4.37925
194.595 4.39 4.38989 4.38976 4.38961 4.38943 4.38925
194.698 4.4 4.39989 4.39976 4.39961 4.39944 4.39925
194.804 4.41 4.40989 4.40976 4.40961 4.40944 4.40925
194.903 4.42 4.41989 4.41976 4.41961 4.41944 4.41925
195.007 4.43 4.42989 4.42976 4.42961 4.42944 4.42925
195.107 4.44 4.43989 4.43976 4.43961 4.43944 4.43925
195.21 4.45 4.44989 4.44976 4.44961 4.44944 4.44925
195.317 4.46 4.45989 4.45976 4.45961 4.45944 4.45925
195.412 4.47 4.46989 4.46976 4.46961 4.46944 4.46925
195.515 4.48 4.47989 4.47976 4.47961 4.47944 4.47926
195.617 4.49 4.48989 4.48976 4.48961 4.48944 4.48926
195.72 4.5 4.49989 4.49976 4.49961 4.49944 4.49926
195.826 4.51 4.50989 4.50976 4.50961 4.50944 4.50926
195.927 4.52 4.51989 4.51976 4.51961 4.51944 4.51926
196.027 4.53 4.52989 4.52976 4.52961 4.52944 4.52926
196.128 4.54 4.53989 4.53976 4.53961 4.53945 4.53926
196.23 4.55 4.54989 4.54976 4.54961 4.54945 4.54926
196.329 4.56 4.55989 4.55976 4.55961 4.55945 4.55926
196.439 4.57 4.56989 4.56976 4.56961 4.56945 4.56927
196.535 4.58 4.57989 4.57976 4.57961 4.57945 4.57927
196.645 4.59 4.58989 4.58976 4.58962 4.58945 4.58927
196.736 4.6 4.59989 4.59976 4.59962 4.59945 4.59927
196.838 4.61 4.60989 4.60976 4.60962 4.60945 4.60927
196.959 4.62 4.61989 4.61976 4.61962 4.61945 4.61927
197.046 4.63 4.62989 4.62976 4.62962 4.62945 4.62927
197.149 4.64 4.63989 4.63976 4.63962 4.63945 4.63927
197.251 4.65 4.64989 4.64976 4.64962 4.64945 4.64927
197.351 4.66 4.65989 4.65976 4.65962 4.65945 4.65927
197.453 4.67 4.66989 4.66976 4.66962 4.66945 4.66928
197.552 4.68 4.67989 4.67976 4.67962 4.67946 4.67928
197.653 4.69 4.68989 4.68976 4.68962 4.68946 4.68928
197.761 4.7 4.69989 4.69976 4.69962 4.69946 4.69928
197.85 4.71 4.70989 4.70977 4.70962 4.70946 4.70928
197.966 4.72 4.71989 4.71977 4.71962 4.71946 4.71928
198.073 4.73 4.72989 4.72977 4.72962 4.72946 4.72928
198.168 4.74 4.73989 4.73977 4.73962 4.73946 4.73928
198.274 4.75 4.74989 4.74977 4.74962 4.74946 4.74928
198.371 4.76 4.75989 4.75977 4.75962 4.75946 4.75929
198.473 4.77 4.76989 4.76977 4.76962 4.76946 4.76929
198.576 4.78 4.77989 4.77977 4.77962 4.77946 4.77929
198.677 4.79 4.78989 4.78977 4.78963 4.78946 4.78929
198.782 4.8 4.79989 4.79977 4.79963 4.79946 4.79929
198.882 4.81 4.80989 4.80977 4.80963 4.80946 4.80929
198.982 4.82 4.81989 4.81977 4.81963 4.81947 4.81929
199.082 4.83 4.82989 4.82977 4.82963 4.82947 4.82929
199.189 4.84 4.83989 4.83977 4.83963 4.83947 4.83929
199.29 4.85 4.84989 4.84977 4.84963 4.84947 4.84929
199.39 4.86 4.85989 4.85977 4.85963 4.85947 4.8593
199.498 4.87 4.86989 4.86977 4.86963 4.86947 4.8693
199.595 4.88 4.87989 4.87977 4.87963 4.87947 4.8793
199.698 4.89 4.88989 4.88977 4.88963 4.88947 4.8893
199.797 4.9 4.89989 4.89977 4.89963 4.89947 4.8993
199.903 4.91 4.90989 4.90977 4.90963 4.90947 4.9093
200.003 4.92 4.91989 4.91977 4.91963 4.91947 4.9193
200.106 4.93 4.92989 4.92977 4.92963 4.92947 4.9293
200.207 4.94 4.93989 4.93977 4.93963 4.93947 4.9393
200.309 4.95 4.94989 4.94977 4.94963 4.94948 4.94931
200.407 4.96 4.95989 4.95977 4.95963 4.95948 4.95931
200.517 4.97 4.96989 4.96977 4.96963 4.96948 4.96931
200.614 4.98 4.97989 4.97977 4.97963 4.97948 4.97931
200.716 4.99 4.98989 4.98977 4.98963 4.98948 4.98931
200.824 5 4.99989 4.99977 4.99964 4.99948 4.99931
200.924 5.01 5.00989 5.00977 5.00964 5.00948 5.00931
201.022 5.02 5.01989 5.01977 5.01964 5.01948 5.01931
201.124 5.03 5.02989 5.02977 5.02964 5.02948 5.02931
201.226 5.04 5.03989 5.03977 5.03964 5.03948 5.03931
201.329 5.05 5.04989 5.04977 5.04964 5.04948 5.04932
201.432 5.06 5.05989 5.05977 5.05964 5.05948 5.05932
201.532 5.07 5.06989 5.06978 5.06964 5.06948 5.06932
201.634 5.08 5.07989 5.07978 5.07964 5.07948 5.07932
201.739 5.09 5.08989 5.08978 5.08964 5.08949 5.08932
201.839 5.1 5.09989 5.09978 5.09964 5.09949 5.09932
201.941 5.11 5.10989 5.10978 5.10964 5.10949 5.10932
202.046 5.12 5.11989 5.11978 5.11964 5.11949 5.11932
202.152 5.13 5.12989 5.12978 5.12964 5.12949 5.12932
202.246 5.14 5.13989 5.13978 5.13964 5.13949 5.13933
202.351 5.15 5.14989 5.14978 5.14964 5.14949 5.14933
202.449 5.16 5.15989 5.15978 5.15964 5.15949 5.15933
202.555 5.17 5.16989 5.16978 5.16964 5.16949 5.16933
202.654 5.18 5.17989 5.17978 5.17964 5.17949 5.17933
202.754 5.19 5.18989 5.18978 5.18964 5.18949 5.18933
202.859 5.2 5.19989 5.19978 5.19964 5.19949 5.19933
202.96 5.21 5.20989 5.20978 5.20965 5.20949 5.20933
203.064 5.22 5.21989 5.21978 5.21965 5.21949 5.21933
203.164 5.23 5.22989 5.22978 5.22965 5.2295 5.22933
203.265 5.24 5.2399 5.23978 5.23965 5.2395 5.23934
203.368 5.25 5.2499 5.24978 5.24965 5.2495 5.24934
203.469 5.26 5.2599 5.25978 5.25965 5.2595 5.25934
203.572 5.27 5.2699 5.26978 5.26965 5.2695 5.26934
203.672 5.28 5.2799 5.27978 5.27965 5.2795 5.27934
203.776 5.29 5.2899 5.28978 5.28965 5.2895 5.28934
203.873 5.3 5.2999 5.29978 5.29965 5.2995 5.29934
203.976 5.31 5.3099 5.30978 5.30965 5.3095 5.30934
204.071 5.32 5.3199 5.31978 5.31965 5.3195 5.31934
204.175 5.33 5.3299 5.32978 5.32965 5.3295 5.32935
204.264 5.34 5.3399 5.33978 5.33965 5.3395 5.33935
204.36 5.35 5.3499 5.34978 5.34965 5.3495 5.34935
204.458 5.36 5.3599 5.35978 5.35965 5.35951 5.35935
204.552 5.37 5.3699 5.36978 5.36965 5.36951 5.36935
204.65 5.38 5.3799 5.37978 5.37965 5.37951 5.37935
204.746 5.39 5.3899 5.38978 5.38965 5.38951 5.38935
204.842 5.4 5.3999 5.39978 5.39965 5.39951 5.39935
204.938 5.41 5.4099 5.40978 5.40965 5.40951 5.40935
205.034 5.42 5.4199 5.41978 5.41965 5.41951 5.41935
205.13 5.43 5.4299 5.42978 5.42966 5.42951 5.42936
205.218 5.44 5.4399 5.43978 5.43966 5.43951 5.43936
205.315 5.45 5.4499 5.44978 5.44966 5.44951 5.44936
205.409 5.46 5.4599 5.45978 5.45966 5.45951 5.45936
205.482 5.47 5.4699 5.46978 5.46966 5.46951 5.46936
205.565 5.48 5.4799 5.47978 5.47966 5.47951 5.47936
205.655 5.49 5.4899 5.48978 5.48966 5.48951 5.48936
205.762 5.5 5.4999 5.49978 5.49966 5.49951 5.49936
205.831 5.51 5.5099 5.50979 5.50966 5.50951 5.50936
205.918 5.52 5.5199 5.51979 5.51966 5.51951 5.51936
206.005 5.53 5.5299 5.52979 5.52966 5.52952 5.52936
206.088 5.54 5.5399 5.53979 5.53966 5.53952 5.53937
206.174 5.55 5.5499 5.54979 5.54966 5.54952 5.54937
206.259 5.56 5.5599 5.55979 5.55966 5.55952 5.55937
206.332 5.57 5.5699 5.56979 5.56966 5.56952 5.56937
206.411 5.58 5.5799 5.57979 5.57966 5.57952 5.57937
206.489 5.59 5.5899 5.58979 5.58966 5.58952 5.58937
206.573 5.6 5.5999 5.59979 5.59966 5.59952 5.59937
206.646 5.61 5.6099 5.60979 5.60966 5.60952 5.60937
206.725 5.62 5.6199 5.61979 5.61966 5.61952 5.61937
206.804 5.63 5.6299 5.62979 5.62966 5.62952 5.62937
206.882 5.64 5.6399 5.63979 5.63966 5.63952 5.63937
206.961 5.65 5.6499 5.64979 5.64966 5.64952 5.64937
207.044 5.66 5.6599 5.65979 5.65966 5.65952 5.65937
207.118 5.67 5.6699 5.66979 5.66966 5.66952 5.66938
207.19 5.68 5.6799 5.67979 5.67966 5.67952 5.67938
207.264 5.69 5.6899 5.68979 5.68966 5.68952 5.68938
207.354 5.7 5.6999 5.69979 5.69966 5.69953 5.69938
207.433 5.71 5.7099 5.70979 5.70967 5.70953 5.70938
207.512 5.72 5.7199 5.71979 5.71967 5.71953 5.71938
207.59 5.73 5.7299 5.72979 5.72967 5.72953 5.72938
207.669 5.74 5.7399 5.73979 5.73967 5.73953 5.73938
207.782 5.75 5.7499 5.74979 5.74967 5.74953 5.74938
207.828 5.76 5.7599 5.75979 5.75967 5.75953 5.75938
207.905 5.77 5.7699 5.76979 5.76967 5.76953 5.76938
208.005 5.78 5.7799 5.77979 5.77967 5.77953 5.77938
208.057 5.79 5.7899 5.78979 5.78967 5.78953 5.78938
208.141 5.8 5.7999 5.79979 5.79967 5.79953 5.79939
208.216 5.81 5.8099 5.80979 5.80967 5.80953 5.80939
208.301 5.82 5.8199 5.81979 5.81967 5.81953 5.81939
208.376 5.83 5.8299 5.82979 5.82967 5.82953 5.82939
208.456 5.84 5.8399 5.83979 5.83967 5.83953 5.83939
208.535 5.85 5.8499 5.84979 5.84967 5.84953 5.84939
208.612 5.86 5.8599 5.85979 5.85967 5.85953 5.85939
208.693 5.87 5.8699 5.86979 5.86967 5.86953 5.86939
208.769 5.88 5.8799 5.87979 5.87967 5.87954 5.87939
208.848 5.89 5.8899 5.88979 5.88967 5.88954 5.88939
208.927 5.9 5.8999 5.89979 5.89967 5.89954 5.89939
209.004 5.91 5.9099 5.90979 5.90967 5.90954 5.90939
209.085 5.92 5.9199 5.91979 5.91967 5.91954 5.9194
209.157 5.93 5.9299 5.92979 5.92967 5.92954 5.9294
209.242 5.94 5.9399 5.9398 5.93967 5.93954 5.9394
209.322 5.95 5.9499 5.9498 5.94967 5.94954 5.9494
209.4 5.96 5.9599 5.9598 5.95968 5.95954 5.9594
209.447 5.97 5.9699 5.9698 5.96968 5.96954 5.9694
209.582 5.98 5.9799 5.9798 5.97968 5.97954 5.9794
209.633 5.99 5.9899 5.9898 5.98968 5.98954 5.9894
209.702 6 5.9999 5.9998 5.99968 5.99954 5.9994
209.793 6.01 6.0099 6.0098 6.00968 6.00954 6.0094
209.859 6.02 6.0199 6.0198 6.01968 6.01954 6.0194
209.95 6.03 6.0299 6.0298 6.02968 6.02954 6.0294
210.029 6.04 6.0399 6.0398 6.03968 6.03954 6.0394
210.099 6.05 6.0499 6.0498 6.04968 6.04955 6.04941
210.194 6.06 6.0599 6.0598 6.05968 6.05955 6.05941
210.265 6.07 6.0699 6.0698 6.06968 6.06955 6.06941
210.344 6.08 6.0799 6.0798 6.07968 6.07955 6.07941
210.422 6.09 6.0899 6.0898 6.08968 6.08955 6.08941
210.511 6.1 6.0999 6.0998 6.09968 6.09955 6.09941
210.582 6.11 6.1099 6.1098 6.10968 6.10955 6.10941
210.669 6.12 6.1199 6.1198 6.11968 6.11955 6.11941
210.737 6.13 6.1299 6.1298 6.12968 6.12955 6.12941
210.816 6.14 6.1399 6.1398 6.13968 6.13955 6.13941
210.893 6.15 6.1499 6.1498 6.14968 6.14955 6.14941
210.973 6.16 6.1599 6.1598 6.15968 6.15955 6.15941
211.052 6.17 6.1699 6.1698 6.16968 6.16955 6.16942
211.131 6.18 6.1799 6.1798 6.17968 6.17955 6.17942
211.21 6.19 6.1899 6.1898 6.18968 6.18955 6.18942
211.288 6.2 6.1999 6.1998 6.19968 6.19955 6.19942
211.379 6.21 6.2099 6.2098 6.20969 6.20955 6.20942
211.447 6.22 6.2199 6.2198 6.21969 6.21956 6.21942
211.524 6.23 6.2299 6.2298 6.22969 6.22956 6.22942
211.601 6.24 6.2399 6.2398 6.23969 6.23956 6.23942
211.68 6.25 6.2499 6.2498 6.24969 6.24956 6.24942
211.759 6.26 6.2599 6.2598 6.25969 6.25956 6.25942
211.838 6.27 6.2699 6.2698 6.26969 6.26956 6.26942
211.909 6.28 6.2799 6.2798 6.27969 6.27956 6.27942
211.995 6.29 6.2899 6.2898 6.28969 6.28956 6.28942
212.083 6.3 6.2999 6.2998 6.29969 6.29956 6.29943
212.15 6.31 6.3099 6.3098 6.30969 6.30956 6.30943
212.232 6.32 6.3199 6.3198 6.31969 6.31956 6.31943
212.313 6.33 6.3299 6.3298 6.32969 6.32956 6.32943
212.393 6.34 6.3399 6.3398 6.33969 6.33956 6.33943
212.47 6.35 6.34991 6.3498 6.34969 6.34956 6.34943
212.546 6.36 6.35991 6.35981 6.35969 6.35956 6.35943
212.613 6.37 6.36991 6.36981 6.36969 6.36956 6.36943
212.719 6.38 6.37991 6.37981 6.37969 6.37956 6.37943
212.782 6.39 6.38991 6.38981 6.38969 6.38956 6.38943
212.865 6.4 6.39991 6.39981 6.39969 6.39957 6.39943
212.941 6.41 6.40991 6.40981 6.40969 6.40957 6.40943
213.018 6.42 6.41991 6.41981 6.41969 6.41957 6.41943
213.096 6.43 6.42991 6.42981 6.42969 6.42957 6.42944
213.171 6.44 6.43991 6.43981 6.43969 6.43957 6.43944
213.257 6.45 6.44991 6.44981 6.44969 6.44957 6.44944
213.333 6.46 6.45991 6.45981 6.4597 6.45957 6.45944
213.408 6.47 6.46991 6.46981 6.4697 6.46957 6.46944
213.49 6.48 6.47991 6.47981 6.4797 6.47957 6.47944
213.556 6.49 6.48991 6.48981 6.4897 6.48957 6.48944
213.667 6.5 6.49991 6.49981 6.4997 6.49957 6.49944
213.731 6.51 6.50991 6.50981 6.5097 6.50957 6.50944
213.813 6.52 6.51991 6.51981 6.5197 6.51957 6.51944
213.885 6.53 6.52991 6.52981 6.5297 6.52957 6.52944
213.962 6.54 6.53991 6.53981 6.5397 6.53957 6.53944
214.043 6.55 6.54991 6.54981 6.5497 6.54957 6.54945
214.117 6.56 6.55991 6.55981 6.5597 6.55957 6.55945
214.191 6.57 6.56991 6.56981 6.5697 6.56958 6.56945
214.277 6.58 6.57991 6.57981 6.5797 6.57958 6.57945
214.34 6.59 6.58991 6.58981 6.5897 6.58958 6.58945
214.458 6.6 6.59991 6.59981 6.5997 6.59958 6.59945
214.515 6.61 6.60991 6.60981 6.6097 6.60958 6.60945
214.597 6.62 6.61991 6.61981 6.6197 6.61958 6.61945
214.674 6.63 6.62991 6.62981 6.6297 6.62958 6.62945
214.753 6.64 6.63991 6.63981 6.6397 6.63958 6.63945
214.828 6.65 6.64991 6.64981 6.6497 6.64958 6.64945
214.91 6.66 6.65991 6.65981 6.6597 6.65958 6.65945
214.986 6.67 6.66991 6.66981 6.6697 6.66958 6.66945
215.057 6.68 6.67991 6.67981 6.6797 6.67958 6.67946
215.138 6.69 6.68991 6.68981 6.6897 6.68958 6.68946
215.218 6.7 6.69991 6.69981 6.6997 6.69958 6.69946
215.3 6.71 6.70991 6.70981 6.70971 6.70958 6.70946
215.381 6.72 6.71991 6.71981 6.71971 6.71958 6.71946
215.457 6.73 6.72991 6.72981 6.72971 6.72958 6.72946
215.535 6.74 6.73991 6.73981 6.73971 6.73958 6.73946
215.615 6.75 6.74991 6.74981 6.74971 6.74959 6.74946
215.706 6.76 6.75991 6.75981 6.75971 6.75959 6.75946
215.772 6.77 6.76991 6.76982 6.76971 6.76959 6.76946
215.848 6.78 6.77991 6.77982 6.77971 6.77959 6.77946
215.924 6.79 6.78991 6.78982 6.78971 6.78959 6.78946
216.011 6.8 6.79991 6.79982 6.79971 6.79959 6.79946
216.085 6.81 6.80991 6.80982 6.80971 6.80959 6.80947
216.164 6.82 6.81991 6.81982 6.81971 6.81959 6.81947
216.244 6.83 6.82991 6.82982 6.82971 6.82959 6.82947
216.323 6.84 6.83991 6.83982 6.83971 6.83959 6.83947
216.4 6.85 6.84991 6.84982 6.84971 6.84959 6.84947
216.479 6.86 6.85991 6.85982 6.85971 6.85959 6.85947
216.557 6.87 6.86991 6.86982 6.86971 6.86959 6.86947
216.64 6.88 6.87991 6.87982 6.87971 6.87959 6.87947
216.715 6.89 6.88991 6.88982 6.88971 6.88959 6.88947
216.806 6.9 6.89991 6.89982 6.89971 6.89959 6.89947
216.87 6.91 6.90991 6.90982 6.90971 6.90959 6.90947
216.95 6.92 6.91991 6.91982 6.91971 6.9196 6.91947
217.019 6.93 6.92991 6.92982 6.92971 6.9296 6.92948
217.097 6.94 6.93991 6.93982 6.93971 6.9396 6.93948
217.168 6.95 6.94991 6.94982 6.94971 6.9496 6.94948
217.248 6.96 6.95991 6.95982 6.95972 6.9596 6.95948
217.327 6.97 6.96991 6.96982 6.96972 6.9696 6.96948
217.402 6.98 6.97991 6.97982 6.97972 6.9796 6.97948
217.473 6.99 6.98991 6.98982 6.98972 6.9896 6.98948
217.551 7 6.99991 6.99982 6.99972 6.9996 6.99948
217.62 7.01 7.00991 7.00982 7.00972 7.0096 7.00948
217.7 7.02 7.01991 7.01982 7.01972 7.0196 7.01948
217.769 7.03 7.02991 7.02982 7.02972 7.0296 7.02948
217.848 7.04 7.03991 7.03982 7.03972 7.0396 7.03948
217.927 7.05 7.04991 7.04982 7.04972 7.0496 7.04948
217.999 7.06 7.05991 7.05982 7.05972 7.0596 7.05949
218.079 7.07 7.06991 7.06982 7.06972 7.0696 7.06949
218.145 7.08 7.07991 7.07982 7.07972 7.0796 7.07949
218.226 7.09 7.08991 7.08982 7.08972 7.0896 7.08949
218.305 7.1 7.09991 7.09982 7.09972 7.0996 7.09949
218.379 7.11 7.10991 7.10982 7.10972 7.10961 7.10949
218.42 7.12 7.11991 7.11982 7.11972 7.11961 7.11949
218.56 7.13 7.12991 7.12982 7.12972 7.12961 7.12949
218.605 7.14 7.13991 7.13982 7.13972 7.13961 7.13949
218.683 7.15 7.14991 7.14982 7.14972 7.14961 7.14949
218.756 7.16 7.15991 7.15982 7.15972 7.15961 7.15949
218.834 7.17 7.16991 7.16982 7.16972 7.16961 7.16949
218.897 7.18 7.17991 7.17982 7.17972 7.17961 7.17949
218.981 7.19 7.18991 7.18982 7.18972 7.18961 7.1895
219.058 7.2 7.19991 7.19982 7.19972 7.19961 7.1995
219.133 7.21 7.20991 7.20982 7.20972 7.20961 7.2095
219.207 7.22 7.21991 7.21982 7.21972 7.21961 7.2195
219.277 7.23 7.22991 7.22982 7.22972 7.22961 7.2295
219.348 7.24 7.23991 7.23982 7.23972 7.23961 7.2395
219.355 7.25 7.24991 7.24982 7.24972 7.24961 7.2495
219.488 7.26 7.25991 7.25982 7.25972 7.25961 7.2595
219.557 7.27 7.26991 7.26983 7.26973 7.26961 7.2695
219.633 7.28 7.27991 7.27983 7.27973 7.27961 7.2795
219.698 7.29 7.28991 7.28983 7.28973 7.28961 7.2895
219.764 7.3 7.29991 7.29983 7.29973 7.29961 7.2995
219.841 7.31 7.30991 7.30983 7.30973 7.30962 7.3095
219.898 7.32 7.31991 7.31983 7.31973 7.31962 7.3195
219.968 7.33 7.32991 7.32983 7.32973 7.32962 7.32951
220.037 7.34 7.33991 7.33983 7.33973 7.33962 7.33951
220.096 7.35 7.34991 7.34983 7.34973 7.34962 7.34951
220.164 7.36 7.35991 7.35983 7.35973 7.35962 7.35951
220.235 7.37 7.36991 7.36983 7.36973 7.36962 7.36951
220.291 7.38 7.37991 7.37983 7.37973 7.37962 7.37951
220.358 7.39 7.38991 7.38983 7.38973 7.38962 7.38951
220.422 7.4 7.39991 7.39983 7.39973 7.39962 7.39951
220.488 7.41 7.40991 7.40983 7.40973 7.40962 7.40951
220.553 7.42 7.41991 7.41983 7.41973 7.41962 7.41951
220.619 7.43 7.42991 7.42983 7.42973 7.42962 7.42951
220.685 7.44 7.43991 7.43983 7.43973 7.43962 7.43951
220.753 7.45 7.44991 7.44983 7.44973 7.44962 7.44951
220.814 7.46 7.45991 7.45983 7.45973 7.45962 7.45951
220.879 7.47 7.46992 7.46983 7.46973 7.46962 7.46951
220.946 7.48 7.47992 7.47983 7.47973 7.47962 7.47951
221.01 7.49 7.48992 7.48983 7.48973 7.48962 7.48952
221.072 7.5 7.49992 7.49983 7.49973 7.49962 7.49952
221.137 7.51 7.50992 7.50983 7.50973 7.50963 7.50952
221.204 7.52 7.51992 7.51983 7.51973 7.51963 7.51952
221.268 7.53 7.52992 7.52983 7.52973 7.52963 7.52952
221.337 7.54 7.53992 7.53983 7.53973 7.53963 7.53952
221.397 7.55 7.54992 7.54983 7.54974 7.54963 7.54952
221.465 7.56 7.55992 7.55983 7.55974 7.55963 7.55952
221.525 7.57 7.56992 7.56983 7.56974 7.56963 7.56952
221.6 7.58 7.57992 7.57983 7.57974 7.57963 7.57952
221.674 7.59 7.58992 7.58983 7.58974 7.58963 7.58952
221.715 7.6 7.59992 7.59983 7.59974 7.59963 7.59952
221.791 7.61 7.60992 7.60983 7.60974 7.60963 7.60952
221.837 7.62 7.61992 7.61983 7.61974 7.61963 7.61952
221.918 7.63 7.62992 7.62983 7.62974 7.62963 7.62952
221.987 7.64 7.63992 7.63983 7.63974 7.63963 7.63953
222.051 7.65 7.64992 7.64983 7.64974 7.64963 7.64953
222.116 7.66 7.65992 7.65983 7.65974 7.65963 7.65953
222.181 7.67 7.66992 7.66983 7.66974 7.66963 7.66953
222.25 7.68 7.67992 7.67983 7.67974 7.67963 7.67953
222.311 7.69 7.68992 7.68983 7.68974 7.68963 7.68953
222.377 7.7 7.69992 7.69984 7.69974 7.69963 7.69953
222.442 7.71 7.70992 7.70984 7.70974 7.70964 7.70953
222.509 7.72 7.71992 7.71984 7.71974 7.71964 7.71953
222.572 7.73 7.72992 7.72984 7.72974 7.72964 7.72953
222.637 7.74 7.73992 7.73984 7.73974 7.73964 7.73953
222.702 7.75 7.74992 7.74984 7.74974 7.74964 7.74953
222.767 7.76 7.75992 7.75984 7.75974 7.75964 7.75953
222.832 7.77 7.76992 7.76984 7.76974 7.76964 7.76953
222.895 7.78 7.77992 7.77984 7.77974 7.77964 7.77953
222.956 7.79 7.78992 7.78984 7.78974 7.78964 7.78954
223.028 7.8 7.79992 7.79984 7.79974 7.79964 7.79954
223.1 7.81 7.80992 7.80984 7.80974 7.80964 7.80954
223.158 7.82 7.81992 7.81984 7.81975 7.81964 7.81954
223.212 7.83 7.82992 7.82984 7.82975 7.82964 7.82954
223.285 7.84 7.83992 7.83984 7.83975 7.83964 7.83954
223.355 7.85 7.84992 7.84984 7.84975 7.84964 7.84954
223.418 7.86 7.85992 7.85984 7.85975 7.85964 7.85954
223.484 7.87 7.86992 7.86984 7.86975 7.86964 7.86954
223.548 7.88 7.87992 7.87984 7.87975 7.87964 7.87954
223.607 7.89 7.88992 7.88984 7.88975 7.88964 7.88954
223.679 7.9 7.89992 7.89984 7.89975 7.89964 7.89954
223.742 7.91 7.90992 7.90984 7.90975 7.90965 7.90954
223.799 7.92 7.91992 7.91984 7.91975 7.91965 7.91954
223.87 7.93 7.92992 7.92984 7.92975 7.92965 7.92954
223.944 7.94 7.93992 7.93984 7.93975 7.93965 7.93954
224.009 7.95 7.94992 7.94984 7.94975 7.94965 7.94955
224.072 7.96 7.95992 7.95984 7.95975 7.95965 7.95955
224.136 7.97 7.96992 7.96984 7.96975 7.96965 7.96955
224.204 7.98 7.97992 7.97984 7.97975 7.97965 7.97955
224.265 7.99 7.98992 7.98984 7.98975 7.98965 7.98955
224.329 8 7.99992 7.99984 7.99975 7.99965 7.99955
224.395 8.01 8.00992 8.00984 8.00975 8.00965 8.00955
224.46 8.02 8.01992 8.01984 8.01975 8.01965 8.01955
224.524 8.03 8.02992 8.02984 8.02975 8.02965 8.02955
224.604 8.04 8.03992 8.03984 8.03975 8.03965 8.03955
224.656 8.05 8.04992 8.04984 8.04975 8.04965 8.04955
224.723 8.06 8.05992 8.05984 8.05975 8.05965 8.05955
224.786 8.07 8.06992 8.06984 8.06975 8.06965 8.06955
224.846 8.08 8.07992 8.07984 8.07975 8.07965 8.07955
224.912 8.09 8.08992 8.08984 8.08976 8.08965 8.08955
224.983 8.1 8.09992 8.09984 8.09976 8.09965 8.09956
225.039 8.11 8.10992 8.10985 8.10976 8.10966 8.10956
225.113 8.12 8.11992 8.11985 8.11976 8.11966 8.11956
225.173 8.13 8.12992 8.12985 8.12976 8.12966 8.12956
225.241 8.14 8.13992 8.13985 8.13976 8.13966 8.13956
225.307 8.15 8.14992 8.14985 8.14976 8.14966 8.14956
225.368 8.16 8.15992 8.15985 8.15976 8.15966 8.15956
225.433 8.17 8.16992 8.16985 8.16976 8.16966 8.16956
225.498 8.18 8.17992 8.17985 8.17976 8.17966 8.17956
225.566 8.19 8.18992 8.18985 8.18976 8.18966 8.18956
225.632 8.2 8.19992 8.19985 8.19976 8.19966 8.19956
225.69 8.21 8.20992 8.20985 8.20976 8.20966 8.20956
225.763 8.22 8.21992 8.21985 8.21976 8.21966 8.21956
225.827 8.23 8.22992 8.22985 8.22976 8.22966 8.22956
225.892 8.24 8.23992 8.23985 8.23976 8.23966 8.23956
225.956 8.25 8.24992 8.24985 8.24976 8.24966 8.24956
226.023 8.26 8.25992 8.25985 8.25976 8.25966 8.25957
226.088 8.27 8.26992 8.26985 8.26976 8.26966 8.26957
226.154 8.28 8.27992 8.27985 8.27976 8.27966 8.27957
226.218 8.29 8.28992 8.28985 8.28976 8.28966 8.28957
226.284 8.3 8.29992 8.29985 8.29976 8.29966 8.29957
226.349 8.31 8.30992 8.30985 8.30976 8.30966 8.30957
226.41 8.32 8.31992 8.31985 8.31976 8.31967 8.31957
226.48 8.33 8.32992 8.32985 8.32976 8.32967 8.32957
226.544 8.34 8.33992 8.33985 8.33976 8.33967 8.33957
226.61 8.35 8.34992 8.34985 8.34976 8.34967 8.34957
226.675 8.36 8.35992 8.35985 8.35977 8.35967 8.35957
226.736 8.37 8.36992 8.36985 8.36977 8.36967 8.36957
226.804 8.38 8.37992 8.37985 8.37977 8.37967 8.37957
226.869 8.39 8.38992 8.38985 8.38977 8.38967 8.38957
226.94 8.4 8.39992 8.39985 8.39977 8.39967 8.39957
227.002 8.41 8.40993 8.40985 8.40977 8.40967 8.40958
227.065 8.42 8.41993 8.41985 8.41977 8.41967 8.41958
227.13 8.43 8.42993 8.42985 8.42977 8.42967 8.42958
227.195 8.44 8.43993 8.43985 8.43977 8.43967 8.43958
227.259 8.45 8.44993 8.44985 8.44977 8.44967 8.44958
227.325 8.46 8.45993 8.45985 8.45977 8.45967 8.45958
227.391 8.47 8.46993 8.46985 8.46977 8.46967 8.46958
227.455 8.48 8.47993 8.47985 8.47977 8.47967 8.47958
227.52 8.49 8.48993 8.48985 8.48977 8.48967 8.48958
227.586 8.5 8.49993 8.49985 8.49977 8.49967 8.49958
227.651 8.51 8.50993 8.50985 8.50977 8.50967 8.50958
227.715 8.52 8.51993 8.51985 8.51977 8.51968 8.51958
227.781 8.53 8.52993 8.52986 8.52977 8.52968 8.52958
227.845 8.54 8.53993 8.53986 8.53977 8.53968 8.53958
227.911 8.55 8.54993 8.54986 8.54977 8.54968 8.54958
227.976 8.56 8.55993 8.55986 8.55977 8.55968 8.55958
228.043 8.57 8.56993 8.56986 8.56977 8.56968 8.56959
228.107 8.58 8.57993 8.57986 8.57977 8.57968 8.57959
228.171 8.59 8.58993 8.58986 8.58977 8.58968 8.58959
228.236 8.6 8.59993 8.59986 8.59977 8.59968 8.59959
228.302 8.61 8.60993 8.60986 8.60977 8.60968 8.60959
228.367 8.62 8.61993 8.61986 8.61977 8.61968 8.61959
228.428 8.63 8.62993 8.62986 8.62978 8.62968 8.62959
228.496 8.64 8.63993 8.63986 8.63978 8.63968 8.63959
228.562 8.65 8.64993 8.64986 8.64978 8.64968 8.64959
228.628 8.66 8.65993 8.65986 8.65978 8.65968 8.65959
228.694 8.67 8.66993 8.66986 8.66978 8.66968 8.66959
228.757 8.68 8.67993 8.67986 8.67978 8.67968 8.67959
228.828 8.69 8.68993 8.68986 8.68978 8.68968 8.68959
228.889 8.7 8.69993 8.69986 8.69978 8.69968 8.69959
228.953 8.71 8.70993 8.70986 8.70978 8.70968 8.70959
229.034 8.72 8.71993 8.71986 8.71978 8.71969 8.7196
229.076 8.73 8.72993 8.72986 8.72978 8.72969 8.7296
229.153 8.74 8.73993 8.73986 8.73978 8.73969 8.7396
229.203 8.75 8.74993 8.74986 8.74978 8.74969 8.7496
229.243 8.76 8.75993 8.75986 8.75978 8.75969 8.7596
229.325 8.77 8.76993 8.76986 8.76978 8.76969 8.7696
229.386 8.78 8.77993 8.77986 8.77978 8.77969 8.7796
229.447 8.79 8.78993 8.78986 8.78978 8.78969 8.7896
229.509 8.8 8.79993 8.79986 8.79978 8.79969 8.7996
229.57 8.81 8.80993 8.80986 8.80978 8.80969 8.8096
229.631 8.82 8.81993 8.81986 8.81978 8.81969 8.81961
229.69 8.83 8.82993 8.82986 8.82978 8.82969 8.82961
229.754 8.84 8.83993 8.83986 8.83978 8.83969 8.83961
229.832 8.85 8.84993 8.84986 8.84978 8.84969 8.84961
229.876 8.86 8.85993 8.85986 8.85978 8.85969 8.85961
229.937 8.87 8.86993 8.86986 8.86978 8.8697 8.86961
229.998 8.88 8.87993 8.87986 8.87978 8.8797 8.87961
230.064 8.89 8.88993 8.88986 8.88978 8.8897 8.88961
230.11 8.9 8.89993 8.89986 8.89978 8.8997 8.89961
230.183 8.91 8.90993 8.90986 8.90978 8.9097 8.90962
230.239 8.92 8.91993 8.91986 8.91978 8.9197 8.91962
230.309 8.93 8.92993 8.92986 8.92978 8.9297 8.92962
230.365 8.94 8.93993 8.93986 8.93978 8.9397 8.93962
230.427 8.95 8.94993 8.94986 8.94978 8.9497 8.94962
230.484 8.96 8.95993 8.95986 8.95978 8.9597 8.95962
230.544 8.97 8.96993 8.96986 8.96978 8.9697 8.96962
230.603 8.98 8.97993 8.97986 8.97979 8.9797 8.97962
230.66 8.99 8.98993 8.98986 8.98979 8.9897 8.98962
230.716 9 8.99993 8.99986 8.99979 8.9997 8.99963
230.773 9.01 9.00993 9.00986 9.00979 9.00971 9.00963
230.828 9.02 9.01993 9.01986 9.01979 9.01971 9.01963
230.885 9.03 9.02993 9.02986 9.02979 9.02971 9.02963
230.95 9.04 9.03993 9.03986 9.03979 9.03971 9.03963
230.999 9.05 9.04993 9.04986 9.04979 9.04971 9.04963
231.067 9.06 9.05993 9.05986 9.05979 9.05971 9.05964
231.109 9.07 9.06993 9.06986 9.06979 9.06971 9.06964
231.172 9.08 9.07993 9.07986 9.07979 9.07971 9.07964
231.226 9.09 9.08993 9.08986 9.08979 9.08971 9.08964
231.281 9.1 9.09993 9.09986 9.09979 9.09971 9.09964
231.342 9.11 9.10993 9.10986 9.10979 9.10972 9.10964
231.394 9.12 9.11993 9.11986 9.11979 9.11972 9.11964
231.451 9.13 9.12993 9.12986 9.12979 9.12972 9.12965
231.507 9.14 9.13993 9.13986 9.13979 9.13972 9.13965
231.561 9.15 9.14993 9.14986 9.14979 9.14972 9.14965
231.619 9.16 9.15993 9.15986 9.15979 9.15972 9.15965
231.676 9.17 9.16993 9.16986 9.16979 9.16972 9.16965
231.735 9.18 9.17993 9.17986 9.17979 9.17972 9.17965
231.789 9.19 9.18993 9.18986 9.1898 9.18972 9.18966
231.846 9.2 9.19993 9.19986 9.1998 9.19972 9.19966
231.905 9.21 9.20993 9.20986 9.2098 9.20972 9.20966
231.959 9.22 9.21993 9.21986 9.2198 9.21973 9.21966
232.015 9.23 9.22993 9.22986 9.2298 9.22973 9.22966
232.073 9.24 9.23993 9.23986 9.2398 9.23973 9.23966
232.128 9.25 9.24993 9.24987 9.2498 9.24973 9.24966
232.187 9.26 9.25993 9.25987 9.2598 9.25973 9.25967
232.242 9.27 9.26993 9.26987 9.2698 9.26973 9.26967
232.298 9.28 9.27993 9.27987 9.2798 9.27973 9.27967
232.355 9.29 9.28993 9.28987 9.2898 9.28973 9.28967
232.41 9.3 9.29993 9.29987 9.2998 9.29973 9.29967
232.468 9.31 9.30993 9.30987 9.3098 9.30973 9.30967
232.523 9.32 9.31993 9.31987 9.3198 9.31973 9.31968
232.581 9.33 9.32993 9.32987 9.3298 9.32974 9.32968
232.635 9.34 9.33993 9.33987 9.3398 9.33974 9.33968
232.692 9.35 9.34993 9.34987 9.3498 9.34974 9.34968
232.749 9.36 9.35993 9.35987 9.3598 9.35974 9.35968
232.804 9.37 9.36993 9.36987 9.3698 9.36974 9.36968
232.864 9.38 9.37993 9.37987 9.3798 9.37974 9.37969
232.918 9.39 9.38993 9.38987 9.3898 9.38974 9.38969
232.974 9.4 9.39993 9.39987 9.39981 9.39974 9.39969
233.029 9.41 9.40993 9.40987 9.40981 9.40974 9.40969
233.088 9.42 9.41993 9.41987 9.41981 9.41974 9.41969
233.142 9.43 9.42993 9.42987 9.42981 9.42975 9.42969
233.201 9.44 9.43993 9.43987 9.43981 9.43975 9.43969
233.258 9.45 9.44993 9.44987 9.44981 9.44975 9.4497
233.319 9.46 9.45993 9.45987 9.45981 9.45975 9.4597
233.388 9.47 9.46993 9.46987 9.46981 9.46975 9.4697
233.426 9.48 9.47993 9.47987 9.47981 9.47975 9.4797
233.483 9.49 9.48993 9.48987 9.48981 9.48975 9.4897
233.54 9.5 9.49993 9.49987 9.49981 9.49975 9.4997
233.596 9.51 9.50993 9.50987 9.50981 9.50975 9.50971
233.652 9.52 9.51993 9.51987 9.51981 9.51975 9.51971
233.711 9.53 9.52993 9.52987 9.52981 9.52975 9.52971
233.757 9.54 9.53993 9.53987 9.53981 9.53976 9.53971
233.822 9.55 9.54993 9.54987 9.54981 9.54976 9.54971
233.879 9.56 9.55993 9.55987 9.55981 9.55976 9.55971
233.935 9.57 9.56993 9.56987 9.56981 9.56976 9.56971
233.992 9.58 9.57993 9.57987 9.57981 9.57976 9.57972
234.046 9.59 9.58993 9.58987 9.58981 9.58976 9.58972
234.105 9.6 9.59993 9.59987 9.59981 9.59976 9.59972
234.161 9.61 9.60993 9.60987 9.60982 9.60976 9.60972
234.216 9.62 9.61993 9.61987 9.61982 9.61976 9.61972
234.273 9.63 9.62993 9.62987 9.62982 9.62976 9.62972
234.33 9.64 9.63993 9.63987 9.63982 9.63976 9.63973
234.386 9.65 9.64993 9.64987 9.64982 9.64977 9.64973
234.447 9.66 9.65993 9.65987 9.65982 9.65977 9.65973
234.497 9.67 9.66993 9.66987 9.66982 9.66977 9.66973
234.555 9.68 9.67993 9.67987 9.67982 9.67977 9.67973
234.609 9.69 9.68993 9.68987 9.68982 9.68977 9.68973
234.672 9.7 9.69993 9.69987 9.69982 9.69977 9.69973
234.727 9.71 9.70993 9.70987 9.70982 9.70977 9.70974
234.786 9.72 9.71993 9.71987 9.71982 9.71977 9.71974
234.838 9.73 9.72993 9.72987 9.72982 9.72977 9.72974
234.894 9.74 9.73993 9.73987 9.73982 9.73977 9.73974
234.954 9.75 9.74993 9.74987 9.74982 9.74978 9.74974
235.001 9.76 9.75993 9.75987 9.75982 9.75978 9.75974
235.066 9.77 9.76993 9.76987 9.76982 9.76978 9.76975
235.12 9.78 9.77993 9.77987 9.77982 9.77978 9.77975
235.173 9.79 9.78993 9.78987 9.78982 9.78978 9.78975
235.226 9.8 9.79993 9.79987 9.79982 9.79978 9.79975
235.296 9.81 9.80993 9.80987 9.80982 9.80978 9.80975
235.354 9.82 9.81993 9.81987 9.81983 9.81978 9.81975
235.403 9.83 9.82993 9.82987 9.82983 9.82978 9.82976
235.456 9.84 9.83993 9.83988 9.83983 9.83978 9.83976
235.517 9.85 9.84993 9.84988 9.84983 9.84978 9.84976
235.567 9.86 9.85993 9.85988 9.85983 9.85979 9.85976
235.629 9.87 9.86993 9.86988 9.86983 9.86979 9.86976
235.685 9.88 9.87993 9.87988 9.87983 9.87979 9.87976
235.736 9.89 9.88993 9.88988 9.88983 9.88979 9.88976
235.809 9.9 9.89993 9.89988 9.89983 9.89979 9.89977
235.855 9.91 9.90993 9.90988 9.90983 9.90979 9.90977
235.899 9.92 9.91993 9.91988 9.91983 9.91979 9.91977
235.967 9.93 9.92993 9.92988 9.92983 9.92979 9.92977
236.023 9.94 9.93993 9.93988 9.93983 9.93979 9.93977
236.072 9.95 9.94993 9.94988 9.94983 9.94979 9.94977
236.141 9.96 9.95993 9.95988 9.95983 9.95979 9.95978
236.187 9.97 9.96993 9.96988 9.96983 9.9698 9.96978
236.246 9.98 9.97993 9.97988 9.97983 9.9798 9.97978
236.311 9.99 9.98993 9.98988 9.98983 9.9898 9.98978
236.357 10 9.99993 9.99988 9.99983 9.9998 9.99978
236.413 10.01 10.0099 10.0099 10.0098 10.0098 10.0098
236.468 10.02 10.0199 10.0199 10.0198 10.0198 10.0198
236.528 10.03 10.0299 10.0299 10.0298 10.0298 10.0298
236.58 10.04 10.0399 10.0399 10.0398 10.0398 10.0398
236.634 10.05 10.0499 10.0499 10.0498 10.0498 10.0498
236.693 10.06 10.0599 10.0599 10.0598 10.0598 10.0598
236.736 10.07 10.0699 10.0699 10.0698 10.0698 10.0698
236.806 10.08 10.0799 10.0799 10.0798 10.0798 10.0798
236.858 10.09 10.0899 10.0899 10.0898 10.0898 10.0898
236.915 10.1 10.0999 10.0999 10.0998 10.0998 10.0998
236.969 10.11 10.1099 10.1099 10.1098 10.1098 10.1098
237.026 10.12 10.1199 10.1199 10.1198 10.1198 10.1198
237.083 10.13 10.1299 10.1299 10.1298 10.1298 10.1298
237.136 10.14 10.1399 10.1399 10.1398 10.1398 10.1398
237.18 10.15 10.1499 10.1499 10.1498 10.1498 10.1498
237.248 10.16 10.1599 10.1599 10.1598 10.1598 10.1598
237.304 10.17 10.1699 10.1699 10.1698 10.1698 10.1698
237.357 10.18 10.1799 10.1799 10.1798 10.1798 10.1798
237.41 10.19 10.1899 10.1899 10.1898 10.1898 10.1898
237.473 10.2 10.1999 10.1999 10.1998 10.1998 10.1998
237.527 10.21 10.2099 10.2099 10.2098 10.2098 10.2098
237.583 10.22 10.2199 10.2199 10.2198 10.2198 10.2198
237.639 10.23 10.2299 10.2299 10.2298 10.2298 10.2298
237.694 10.24 10.2399 10.2399 10.2398 10.2398 10.2398
237.748 10.25 10.2499 10.2499 10.2498 10.2498 10.2498
237.811 10.26 10.2599 10.2599 10.2598 10.2598 10.2598
237.858 10.27 10.2699 10.2699 10.2698 10.2698 10.2698
237.936 10.28 10.2799 10.2799 10.2798 10.2798 10.2798
237.973 10.29 10.2899 10.2899 10.2899 10.2898 10.2898
238.029 10.3 10.2999 10.2999 10.2999 10.2998 10.2998
238.084 10.31 10.3099 10.3099 10.3099 10.3098 10.3098
238.142 10.32 10.3199 10.3199 10.3199 10.3198 10.3198
238.19 10.33 10.3299 10.3299 10.3299 10.3298 10.3298
238.256 10.34 10.3399 10.3399 10.3399 10.3398 10.3398
238.307 10.35 10.3499 10.3499 10.3499 10.3498 10.3498
238.362 10.36 10.3599 10.3599 10.3599 10.3598 10.3598
238.418 10.37 10.3699 10.3699 10.3699 10.3698 10.3698
238.476 10.38 10.3799 10.3799 10.3799 10.3798 10.3798
238.53 10.39 10.3899 10.3899 10.3899 10.3898 10.3898
238.595 10.4 10.3999 10.3999 10.3999 10.3998 10.3998
238.64 10.41 10.4099 10.4099 10.4099 10.4098 10.4098
238.697 10.42 10.4199 10.4199 10.4199 10.4198 10.4199
238.757 10.43 10.4299 10.4299 10.4299 10.4298 10.4299
238.806 10.44 10.4399 10.4399 10.4399 10.4398 10.4399
238.864 10.45 10.4499 10.4499 10.4499 10.4498 10.4499
238.917 10.46 10.4599 10.4599 10.4599 10.4598 10.4599
238.976 10.47 10.4699 10.4699 10.4699 10.4698 10.4699
239.031 10.48 10.4799 10.4799 10.4799 10.4798 10.4799
239.087 10.49 10.4899 10.4899 10.4899 10.4898 10.4899
239.129 10.5 10.4999 10.4999 10.4999 10.4999 10.4999
239.203 10.51 10.5099 10.5099 10.5099 10.5099 10.5099
239.254 10.52 10.5199 10.5199 10.5199 10.5199 10.5199
239.316 10.53 10.5299 10.5299 10.5299 10.5299 10.5299
239.37 10.54 10.5399 10.5399 10.5399 10.5399 10.5399
239.426 10.55 10.5499 10.5499 10.5499 10.5499 10.5499
239.478 10.56 10.5599 10.5599 10.5599 10.5599 10.5599
239.532 10.57 10.5699 10.5699 10.5699 10.5699 10.5699
239.587 10.58 10.5799 10.5799 10.5799 10.5799 10.5799
239.651 10.59 10.5899 10.5899 10.5899 10.5899 10.5899
239.701 10.6 10.5999 10.5999 10.5999 10.5999 10.5999
239.751 10.61 10.6099 10.6099 10.6099 10.6099 10.6099
239.819 10.62 10.6199 10.6199 10.6199 10.6199 10.6199
239.864 10.63 10.6299 10.6299 10.6299 10.6299 10.6299
239.924 10.64 10.6399 10.6399 10.6399 10.6399 10.6399
239.977 10.65 10.6499 10.6499 10.6499 10.6499 10.6499
240.033 10.66 10.6599 10.6599 10.6599 10.6599 10.6599
240.089 10.67 10.6699 10.6699 10.6699 10.6699 10.6699
240.149 10.68 10.6799 10.6799 10.6799 10.6799 10.6799
240.207 10.69 10.6899 10.6899 10.6899 10.6899 10.6899
240.256 10.7 10.6999 10.6999 10.6999 10.6999 10.6999
240.323 10.71 10.7099 10.7099 10.7099 10.7099 10.7099
240.368 10.72 10.7199 10.7199 10.7199 10.7199 10.7199
240.423 10.73 10.7299 10.7299 10.7299 10.7299 10.7299
240.473 10.74 10.7399 10.7399 10.7399 10.7399 10.7399
240.529 10.75 10.7499 10.7499 10.7499 10.7499 10.7499
240.585 10.76 10.7599 10.7599 10.7599 10.7599 10.7599
240.644 10.77 10.7699 10.7699 10.7699 10.7699 10.7699
240.696 10.78 10.7799 10.7799 10.7799 10.7799 10.7799
240.763 10.79 10.7899 10.7899 10.7899 10.7899 10.7899
240.784 10.8 10.7999 10.7999 10.7999 10.7999 10.7999
240.864 10.81 10.8099 10.8099 10.8099 10.8099 10.8099
240.91 10.82 10.8199 10.8199 10.8199 10.8199 10.8199
240.962 10.83 10.8299 10.8299 10.8299 10.8299 10.8299
241.02 10.84 10.8399 10.8399 10.8399 10.8399 10.8399
241.072 10.85 10.8499 10.8499 10.8499 10.8499 10.8499
241.142 10.86 10.8599 10.8599 10.8599 10.8599 10.8599
241.179 10.87 10.8699 10.8699 10.8699 10.8699 10.8699
241.219 10.88 10.8799 10.8799 10.8799 10.8799 10.8799
241.293 10.89 10.8899 10.8899 10.8899 10.8899 10.8899
241.298 10.9 10.8999 10.8999 10.8999 10.8999 10.8999
241.395 10.91 10.9099 10.9099 10.9099 10.9099 10.9099
241.453 10.92 10.9199 10.9199 10.9199 10.9199 10.9199
241.5 10.93 10.9299 10.9299 10.9299 10.9299 10.9299
241.559 10.94 10.9399 10.9399 10.9399 10.9399 10.9399
241.609 10.95 10.9499 10.9499 10.9499 10.9499 10.9499
241.664 10.96 10.9599 10.9599 10.9599 10.9599 10.9599
241.72 10.97 10.9699 10.9699 10.9699 10.9699 10.9699
241.766 10.98 10.9799 10.9799 10.9799 10.9799 10.9799
241.824 10.99 10.9899 10.9899 10.9899 10.9899 10.9899
241.867 11 10.9999 10.9999 10.9999 10.9999 10.9999
241.932 11.01 11.0099 11.0099 11.0099 11.0099 11.0099
241.985 11.02 11.0199 11.0199 11.0199 11.0199 11.0199
242.04 11.03 11.0299 11.0299 11.0299 11.0299 11.0299
242.091 11.04 11.0399 11.0399 11.0399 11.0399 11.0399
242.142 11.05 11.0499 11.0499 11.0499 11.0499 11.0499
242.192 11.06 11.0599 11.0599 11.0599 11.0599 11.0599
242.242 11.07 11.0699 11.0699 11.0699 11.0699 11.0699
242.29 11.08 11.0799 11.0799 11.0799 11.0799 11.0799
242.341 11.09 11.0899 11.0899 11.0899 11.0899 11.0899
242.391 11.1 11.0999 11.0999 11.0999 11.0999 11.0999
242.441 11.11 11.1099 11.1099 11.1099 11.1099 11.1099
242.491 11.12 11.1199 11.1199 11.1199 11.1199 11.1199
242.54 11.13 11.1299 11.1299 11.1299 11.1299 11.1299
242.583 11.14 11.1399 11.1399 11.1399 11.1399 11.1399
242.637 11.15 11.1499 11.1499 11.1499 11.1499 11.1499
242.683 11.16 11.1599 11.1599 11.1599 11.1599 11.1599
242.728 11.17 11.1699 11.1699 11.1699 11.1699 11.1699
242.779 11.18 11.1799 11.1799 11.1799 11.1799 11.1799
242.83 11.19 11.1899 11.1899 11.1899 11.1899 11.1899
242.875 11.2 11.1999 11.1999 11.1999 11.1999 11.1999
242.923 11.21 11.2099 11.2099 11.2099 11.2099 11.2099
242.971 11.22 11.2199 11.2199 11.2199 11.2199 11.2199
243.019 11.23 11.2299 11.2299 11.2299 11.2299 11.2299
243.065 11.24 11.2399 11.2399 11.2399 11.2399 11.2399
243.09 11.25 11.2499 11.2499 11.2499 11.2499 11.2499
243.171 11.26 11.2599 11.2599 11.2599 11.2599 11.26
243.211 11.27 11.2699 11.2699 11.2699 11.2699 11.27
243.273 11.28 11.2799 11.2799 11.2799 11.2799 11.28
243.31 11.29 11.2899 11.2899 11.2899 11.2899 11.29
243.351 11.3 11.2999 11.2999 11.2999 11.2999 11.3
243.406 11.31 11.3099 11.3099 11.3099 11.3099 11.31
243.45 11.32 11.3199 11.3199 11.3199 11.3199 11.32
243.499 11.33 11.3299 11.3299 11.3299 11.3299 11.33
243.55 11.34 11.3399 11.3399 11.3399 11.3399 11.34
243.585 11.35 11.3499 11.3499 11.3499 11.3499 11.35
243.631 11.36 11.3599 11.3599 11.3599 11.3599 11.36
243.69 11.37 11.3699 11.3699 11.3699 11.3699 11.37
243.739 11.38 11.3799 11.3799 11.3799 11.3799 11.38
243.786 11.39 11.3899 11.3899 11.3899 11.3899 11.39
243.834 11.4 11.3999 11.3999 11.3999 11.3999 11.4
243.887 11.41 11.4099 11.4099 11.4099 11.4099 11.41
243.93 11.42 11.4199 11.4199 11.4199 11.4199 11.42
243.975 11.43 11.4299 11.4299 11.4299 11.4299 11.43
244.026 11.44 11.4399 11.4399 11.4399 11.4399 11.44
244.082 11.45 11.4499 11.4499 11.4499 11.4499 11.45
244.123 11.46 11.4599 11.4599 11.4599 11.4599 11.46
244.17 11.47 11.4699 11.4699 11.4699 11.4699 11.47
244.218 11.48 11.4799 11.4799 11.4799 11.4799 11.48
244.264 11.49 11.4899 11.4899 11.4899 11.4899 11.49
244.314 11.5 11.4999 11.4999 11.4999 11.4999 11.5
244.362 11.51 11.5099 11.5099 11.5099 11.5099 11.51
244.421 11.52 11.5199 11.5199 11.5199 11.5199 11.52
244.463 11.53 11.5299 11.5299 11.5299 11.5299 11.53
244.523 11.54 11.5399 11.5399 11.5399 11.5399 11.54
244.554 11.55 11.5499 11.5499 11.5499 11.5499 11.55
244.601 11.56 11.5599 11.5599 11.5599 11.5599 11.56
244.652 11.57 11.5699 11.5699 11.5699 11.5699 11.57
244.714 11.58 11.5799 11.5799 11.5799 11.5799 11.58
244.745 11.59 11.5899 11.5899 11.5899 11.5899 11.59
244.794 11.6 11.5999 11.5999 11.5999 11.5999 11.6
244.828 11.61 11.6099 11.6099 11.6099 11.6099 11.61
244.889 11.62 11.6199 11.6199 11.6199 11.6199 11.62
244.938 11.63 11.6299 11.6299 11.6299 11.6299 11.63
244.984 11.64 11.6399 11.6399 11.6399 11.6399 11.64
245.033 11.65 11.6499 11.6499 11.6499 11.6499 11.65
245.083 11.66 11.6599 11.6599 11.6599 11.6599 11.66
245.131 11.67 11.6699 11.6699 11.6699 11.6699 11.67
245.177 11.68 11.6799 11.6799 11.6799 11.6799 11.68
245.212 11.69 11.6899 11.6899 11.6899 11.6899 11.69
245.278 11.7 11.6999 11.6999 11.6999 11.6999 11.7
245.32 11.71 11.7099 11.7099 11.7099 11.7099 11.71
245.369 11.72 11.7199 11.7199 11.7199 11.7199 11.72
245.42 11.73 11.7299 11.7299 11.7299 11.7299 11.73
245.471 11.74 11.7399 11.7399 11.7399 11.7399 11.74
245.516 11.75 11.7499 11.7499 11.7499 11.7499 11.75
245.559 11.76 11.7599 11.7599 11.7599 11.7599 11.76
245.608 11.77 11.7699 11.7699 11.7699 11.7699 11.77
245.66 11.78 11.7799 11.7799 11.7799 11.7799 11.78
245.701 11.79 11.7899 11.7899 11.7899 11.7899 11.79
245.751 11.8 11.7999 11.7999 11.7999 11.7999 11.8
245.793 11.81 11.8099 11.8099 11.8099 11.8099 11.81
245.848 11.82 11.8199 11.8199 11.8199 11.8199 11.82
245.894 11.83 11.8299 11.8299 11.8299 11.8299 11.83
245.943 11.84 11.8399 11.8399 11.8399 11.8399 11.84
245.99 11.85 11.8499 11.8499 11.8499 11.8499 11.85
246.04 11.86 11.8599 11.8599 11.8599 11.8599 11.86
246.088 11.87 11.8699 11.8699 11.8699 11.8699 11.87
246.136 11.88 11.8799 11.8799 11.8799 11.8799 11.88
246.184 11.89 11.8899 11.8899 11.8899 11.8899 11.89
246.231 11.9 11.8999 11.8999 11.8999 11.8999 11.9
246.281 11.91 11.9099 11.9099 11.9099 11.9099 11.91
246.328 11.92 11.9199 11.9199 11.9199 11.9199 11.92
246.373 11.93 11.9299 11.9299 11.9299 11.9299 11.93
246.424 11.94 11.9399 11.9399 11.9399 11.9399 11.94
246.471 11.95 11.9499 11.9499 11.9499 11.9499 11.95
246.517 11.96 11.9599 11.9599 11.9599 11.9599 11.96
246.568 11.97 11.9699 11.9699 11.9699 11.9699 11.97
246.615 11.98 11.9799 11.9799 11.9799 11.9799 11.98
246.663 11.99 11.9899 11.9899 11.9899 11.9899 11.99
246.711 12 11.9999 11.9999 11.9999 11.9999 12
246.759 12.01 12.0099 12.0099 12.0099 12.0099 12.01
246.81 12.02 12.0199 12.0199 12.0199 12.0199 12.02
246.855 12.03 12.0299 12.0299 12.0299 12.0299 12.03
246.902 12.04 12.0399 12.0399 12.0399 12.0399 12.04
246.948 12.05 12.0499 12.0499 12.0499 12.0499 12.05
246.996 12.06 12.0599 12.0599 12.0599 12.0599 12.06
247.047 12.07 12.0699 12.0699 12.0699 12.0699 12.07
247.095 12.08 12.0799 12.0799 12.0799 12.0799 12.08
247.145 12.09 12.0899 12.0899 12.0899 12.0899 12.09
247.188 12.1 12.0999 12.0999 12.0999 12.0999 12.1
247.238 12.11 12.1099 12.1099 12.1099 12.1099 12.11
247.29 12.12 12.1199 12.1199 12.1199 12.1199 12.12
247.334 12.13 12.1299 12.1299 12.1299 12.1299 12.13
247.382 12.14 12.1399 12.1399 12.1399 12.1399 12.14
247.43 12.15 12.1499 12.1499 12.1499 12.1499 12.15
247.477 12.16 12.1599 12.1599 12.1599 12.1599 12.16
247.527 12.17 12.1699 12.1699 12.1699 12.1699 12.17
247.577 12.18 12.1799 12.1799 12.1799 12.1799 12.18
247.625 12.19 12.1899 12.1899 12.1899 12.1899 12.19
247.67 12.2 12.1999 12.1999 12.1999 12.1999 12.2
247.718 12.21 12.2099 12.2099 12.2099 12.2099 12.21
247.766 12.22 12.2199 12.2199 12.2199 12.2199 12.22
247.814 12.23 12.2299 12.2299 12.2299 12.2299 12.23
247.862 12.24 12.2399 12.2399 12.2399 12.2399 12.24
247.91 12.25 12.2499 12.2499 12.2499 12.2499 12.25
247.961 12.26 12.2599 12.2599 12.2599 12.2599 12.26
248.006 12.27 12.2699 12.2699 12.2699 12.2699 12.27
248.053 12.28 12.2799 12.2799 12.2799 12.2799 12.28
248.101 12.29 12.2899 12.2899 12.2899 12.2899 12.29
248.152 12.3 12.2999 12.2999 12.2999 12.2999 12.3
248.192 12.31 12.3099 12.3099 12.3099 12.3099 12.31
248.252 12.32 12.3199 12.3199 12.3199 12.3199 12.32
248.291 12.33 12.3299 12.3299 12.3299 12.3299 12.33
248.347 12.34 12.3399 12.3399 12.3399 12.3399 12.34
248.389 12.35 12.3499 12.3499 12.3499 12.3499 12.35
248.439 12.36 12.3599 12.3599 12.3599 12.3599 12.36
248.484 12.37 12.3699 12.3699 12.3699 12.3699 12.37
248.533 12.38 12.3799 12.3799 12.3799 12.3799 12.38
248.581 12.39 12.3899 12.3899 12.3899 12.3899 12.39
248.628 12.4 12.3999 12.3999 12.3999 12.3999 12.4
248.677 12.41 12.4099 12.4099 12.4099 12.4099 12.41
248.722 12.42 12.4199 12.4199 12.4199 12.4199 12.42
248.776 12.43 12.4299 12.4299 12.4299 12.4299 12.43
248.821 12.44 12.4399 12.4399 12.4399 12.4399 12.44
248.871 12.45 12.4499 12.4499 12.4499 12.4499 12.45
248.919 12.46 12.4599 12.4599 12.4599 12.4599 12.46
248.963 12.47 12.4699 12.4699 12.4699 12.4699 12.47
249.012 12.48 12.4799 12.4799 12.4799 12.4799 12.48
249.07 12.49 12.4899 12.4899 12.4899 12.4899 12.49
249.11 12.5 12.4999 12.4999 12.4999 12.4999 12.5
249.185 12.51 12.5099 12.5099 12.5099 12.5099 12.51
249.192 12.52 12.5199 12.5199 12.5199 12.5199 12.52
249.264 12.53 12.5299 12.5299 12.5299 12.5299 12.53
249.297 12.54 12.5399 12.5399 12.5399 12.5399 12.54
249.346 12.55 12.5499 12.5499 12.5499 12.5499 12.55
249.396 12.56 12.5599 12.5599 12.5599 12.5599 12.56
249.445 12.57 12.5699 12.5699 12.5699 12.5699 12.57
249.495 12.58 12.5799 12.5799 12.5799 12.5799 12.58
249.542 12.59 12.5899 12.5899 12.5899 12.5899 12.59
249.587 12.6 12.5999 12.5999 12.5999 12.5999 12.6
249.63 12.61 12.6099 12.6099 12.6099 12.6099 12.61
249.685 12.62 12.6199 12.6199 12.6199 12.6199 12.62
249.729 12.63 12.6299 12.6299 12.6299 12.6299 12.63
249.78 12.64 12.6399 12.6399 12.6399 12.6399 12.64
249.826 12.65 12.6499 12.6499 12.6499 12.6499 12.65
249.876 12.66 12.6599 12.6599 12.6599 12.6599 12.66
249.927 12.67 12.6699 12.6699 12.6699 12.6699 12.67
249.973 12.68 12.6799 12.6799 12.6799 12.6799 12.68
250.019 12.69 12.6899 12.6899 12.6899 12.6899 12.69
250.067 12.7 12.6999 12.6999 12.6999 12.6999 12.7
250.123 12.71 12.7099 12.7099 12.7099 12.7099 12.71
250.162 12.72 12.7199 12.7199 12.7199 12.7199 12.72
250.216 12.73 12.7299 12.7299 12.7299 12.7299 12.73
250.256 12.74 12.7399 12.7399 12.7399 12.7399 12.74
250.309 12.75 12.7499 12.7499 12.7499 12.7499 12.75
250.355 12.76 12.7599 12.7599 12.7599 12.7599 12.76
250.403 12.77 12.7699 12.7699 12.7699 12.7699 12.77
250.448 12.78 12.7799 12.7799 12.7799 12.7799 12.78
250.493 12.79 12.7899 12.7899 12.7899 12.7899 12.79
250.541 12.8 12.7999 12.7999 12.7999 12.7999 12.8
250.595 12.81 12.8099 12.8099 12.8099 12.8099 12.81
250.644 12.82 12.8199 12.8199 12.8199 12.8199 12.82
250.693 12.83 12.8299 12.8299 12.8299 12.8299 12.83
250.732 12.84 12.8399 12.8399 12.8399 12.8399 12.84
250.787 12.85 12.8499 12.8499 12.8499 12.8499 12.85
250.834 12.86 12.8599 12.8599 12.8599 12.8599 12.86
250.882 12.87 12.8699 12.8699 12.8699 12.8699 12.87
250.928 12.88 12.8799 12.8799 12.8799 12.8799 12.88
250.978 12.89 12.8899 12.8899 12.8899 12.8899 12.89
251.026 12.9 12.8999 12.8999 12.8999 12.8999 12.9
251.074 12.91 12.9099 12.9099 12.9099 12.9099 12.91
251.122 12.92 12.9199 12.9199 12.9199 12.9199 12.92
251.17 12.93 12.9299 12.9299 12.9299 12.9299 12.93
251.223 12.94 12.9399 12.9399 12.9399 12.9399 12.94
251.261 12.95 12.9499 12.9499 12.9499 12.9499 12.95
251.314 12.96 12.9599 12.9599 12.9599 12.9599 12.96
251.361 12.97 12.9699 12.9699 12.9699 12.9699 12.97
251.41 12.98 12.9799 12.9799 12.9799 12.9799 12.98
251.452 12.99 12.9899 12.9899 12.9899 12.9899 12.99
251.506 13 12.9999 12.9999 12.9999 12.9999 13
251.55 13.01 13.0099 13.0099 13.0099 13.0099 13.01
251.602 13.02 13.0199 13.0199 13.0199 13.0199 13.02
251.649 13.03 13.0299 13.0299 13.0299 13.0299 13.03
251.697 13.04 13.0399 13.0399 13.0399 13.0399 13.04
251.746 13.05 13.0499 13.0499 13.0499 13.0499 13.05
251.794 13.06 13.0599 13.0599 13.0599 13.0599 13.06
251.841 13.07 13.0699 13.0699 13.0699 13.0699 13.07
251.889 13.08 13.0799 13.0799 13.0799 13.0799 13.08
251.937 13.09 13.0899 13.0899 13.0899 13.0899 13.09
251.977 13.1 13.0999 13.0999 13.0999 13.0999 13.1
252.033 13.11 13.1099 13.1099 13.1099 13.1099 13.11
252.081 13.12 13.1199 13.1199 13.1199 13.1199 13.12
252.122 13.13 13.1299 13.1299 13.1299 13.1299 13.13
252.177 13.14 13.1399 13.1399 13.1399 13.1399 13.1401
252.226 13.15 13.1499 13.1499 13.1499 13.1499 13.1501
252.273 13.16 13.1599 13.1599 13.1599 13.1599 13.1601
252.321 13.17 13.1699 13.1699 13.1699 13.1699 13.1701
252.369 13.18 13.1799 13.1799 13.1799 13.1799 13.1801
252.417 13.19 13.1899 13.1899 13.1899 13.1899 13.1901
252.465 13.2 13.1999 13.1999 13.1999 13.1999 13.2001
252.52 13.21 13.2099 13.2099 13.2099 13.2099 13.2101
252.559 13.22 13.2199 13.2199 13.2199 13.2199 13.2201
252.607 13.23 13.2299 13.2299 13.2299 13.2299 13.2301
252.656 13.24 13.2399 13.2399 13.2399 13.2399 13.2401
252.7 13.25 13.2499 13.2499 13.2499 13.2499 13.2501
252.752 13.26 13.2599 13.2599 13.2599 13.2599 13.2601
252.795 13.27 13.2699 13.2699 13.2699 13.2699 13.2701
252.85 13.28 13.2799 13.2799 13.2799 13.2799 13.2801
252.893 13.29 13.2899 13.2899 13.2899 13.2899 13.2901
252.942 13.3 13.2999 13.2999 13.2999 13.2999 13.3001
252.994 13.31 13.3099 13.3099 13.3099 13.3099 13.3101
253.033 13.32 13.3199 13.3199 13.3199 13.3199 13.3201
253.085 13.33 13.3299 13.3299 13.3299 13.3299 13.3301
253.131 13.34 13.3399 13.3399 13.3399 13.3399 13.3401
253.184 13.35 13.3499 13.3499 13.3499 13.3499 13.3501
253.232 13.36 13.3599 13.3599 13.3599 13.3599 13.3601
253.28 13.37 13.3699 13.3699 13.3699 13.3699 13.3701
253.317 13.38 13.3799 13.3799 13.3799 13.3799 13.3801
253.376 13.39 13.3899 13.3899 13.3899 13.3899 13.3901
253.424 13.4 13.3999 13.3999 13.3999 13.3999 13.4001
253.472 13.41 13.4099 13.4099 13.4099 13.4099 13.4101
253.519 13.42 13.4199 13.4199 13.4199 13.4199 13.4201
253.567 13.43 13.4299 13.4299 13.4299 13.4299 13.4301
253.605 13.44 13.4399 13.4399 13.4399 13.4399 13.4401
253.663 13.45 13.4499 13.4499 13.4499 13.4499 13.4501
253.711 13.46 13.4599 13.4599 13.4599 13.4599 13.4601
253.759 13.47 13.4699 13.4699 13.4699 13.4699 13.4701
253.807 13.48 13.4799 13.4799 13.4799 13.4799 13.4801
253.855 13.49 13.4899 13.4899 13.4899 13.49 13.4901
253.903 13.5 13.4999 13.4999 13.4999 13.5 13.5001
253.951 13.51 13.5099 13.5099 13.5099 13.51 13.5101
253.999 13.52 13.5199 13.5199 13.5199 13.52 13.5201
254.047 13.53 13.5299 13.5299 13.5299 13.53 13.5301
254.095 13.54 13.5399 13.5399 13.5399 13.54 13.5401
254.143 13.55 13.5499 13.5499 13.5499 13.55 13.5501
254.191 13.56 13.5599 13.5599 13.5599 13.56 13.5601
254.239 13.57 13.5699 13.5699 13.5699 13.57 13.5701
254.272 13.58 13.5799 13.5799 13.5799 13.58 13.5801
254.335 13.59 13.5899 13.5899 13.5899 13.59 13.5901
254.382 13.6 13.5999 13.5999 13.5999 13.6 13.6001
254.43 13.61 13.6099 13.6099 13.6099 13.61 13.6101
254.478 13.62 13.6199 13.6199 13.6199 13.62 13.6201
254.463 13.63 13.6299 13.6299 13.6299 13.63 13.6301
254.574 13.64 13.6399 13.6399 13.6399 13.64 13.6401
254.591 13.65 13.6499 13.6499 13.6499 13.65 13.6501
254.67 13.66 13.6599 13.6599 13.6599 13.66 13.6601
254.7 13.67 13.6699 13.6699 13.6699 13.67 13.6701
254.766 13.68 13.6799 13.6799 13.6799 13.68 13.6801
254.804 13.69 13.6899 13.6899 13.6899 13.69 13.6901
254.862 13.7 13.6999 13.6999 13.6999 13.7 13.7001
254.91 13.71 13.7099 13.7099 13.7099 13.71 13.7101
254.958 13.72 13.7199 13.7199 13.7199 13.72 13.7201
255.013 13.73 13.7299 13.7299 13.7299 13.73 13.7301
255.062 13.74 13.7399 13.7399 13.7399 13.74 13.7401
255.105 13.75 13.7499 13.7499 13.7499 13.75 13.7501
255.146 13.76 13.7599 13.7599 13.7599 13.76 13.7601
255.19 13.77 13.7699 13.7699 13.7699 13.77 13.7701
255.246 13.78 13.7799 13.7799 13.7799 13.78 13.7801
255.293 13.79 13.7899 13.7899 13.7899 13.79 13.7901
255.341 13.8 13.7999 13.7999 13.7999 13.8 13.8001
255.39 13.81 13.8099 13.8099 13.8099 13.81 13.8101
255.438 13.82 13.8199 13.8199 13.8199 13.82 13.8201
255.485 13.83 13.8299 13.8299 13.8299 13.83 13.8301
255.533 13.84 13.8399 13.8399 13.8399 13.84 13.8401
255.581 13.85 13.8499 13.8499 13.8499 13.85 13.8501
255.616 13.86 13.8599 13.8599 13.8599 13.86 13.8601
255.677 13.87 13.8699 13.8699 13.8699 13.87 13.8701
255.725 13.88 13.8799 13.8799 13.8799 13.88 13.8801
255.773 13.89 13.8899 13.8899 13.8899 13.89 13.8901
255.823 13.9 13.8999 13.8999 13.8999 13.9 13.9001
255.869 13.91 13.9099 13.9099 13.9099 13.91 13.9101
255.917 13.92 13.9199 13.9199 13.9199 13.92 13.9201
255.965 13.93 13.9299 13.9299 13.9299 13.93 13.9301
256.013 13.94 13.9399 13.9399 13.9399 13.94 13.9401
256.061 13.95 13.9499 13.9499 13.9499 13.95 13.9501
256.106 13.96 13.9599 13.9599 13.9599 13.96 13.9601
256.157 13.97 13.9699 13.9699 13.9699 13.97 13.9701
256.205 13.98 13.9799 13.9799 13.9799 13.98 13.9801
256.253 13.99 13.9899 13.9899 13.9899 13.99 13.9901
256.3 14 13.9999 13.9999 13.9999 14 14.0001
256.348 14.01 14.0099 14.0099 14.0099 14.01 14.0101
256.396 14.02 14.0199 14.0199 14.0199 14.02 14.0201
256.444 14.03 14.0299 14.0299 14.0299 14.03 14.0301
256.492 14.04 14.0399 14.0399 14.0399 14.04 14.0401
256.54 14.05 14.0499 14.0499 14.0499 14.05 14.0501
256.588 14.06 14.0599 14.0599 14.0599 14.06 14.0601
256.636 14.07 14.0699 14.0699 14.0699 14.07 14.0701
256.675 14.08 14.0799 14.0799 14.0799 14.08 14.0801
256.732 14.09 14.0899 14.0899 14.0899 14.09 14.0901
256.78 14.1 14.0999 14.0999 14.0999 14.1 14.1001
256.828 14.11 14.1099 14.1099 14.1099 14.11 14.1101
256.876 14.12 14.1199 14.1199 14.1199 14.12 14.1201
256.924 14.13 14.1299 14.1299 14.1299 14.13 14.1301
256.972 14.14 14.1399 14.1399 14.1399 14.14 14.1401
257.007 14.15 14.1499 14.1499 14.1499 14.15 14.1501
257.068 14.16 14.1599 14.1599 14.1599 14.16 14.1601
257.116 14.17 14.1699 14.1699 14.1699 14.17 14.1701
257.164 14.18 14.1799 14.1799 14.1799 14.18 14.1801
257.212 14.19 14.1899 14.1899 14.1899 14.19 14.1901
257.259 14.2 14.1999 14.1999 14.1999 14.2 14.2001
257.307 14.21 14.2099 14.2099 14.2099 14.21 14.2101
257.355 14.22 14.2199 14.2199 14.2199 14.22 14.2201
257.403 14.23 14.2299 14.2299 14.2299 14.23 14.2301
257.451 14.24 14.2399 14.2399 14.2399 14.24 14.2401
257.5 14.25 14.2499 14.2499 14.2499 14.25 14.2501
257.547 14.26 14.2599 14.2599 14.2599 14.26 14.2601
257.595 14.27 14.2699 14.2699 14.2699 14.27 14.2701
257.65 14.28 14.2799 14.2799 14.2799 14.28 14.2801
257.69 14.29 14.2899 14.2899 14.2899 14.29 14.2901
257.739 14.3 14.2999 14.2999 14.2999 14.3 14.3001
257.787 14.31 14.3099 14.3099 14.3099 14.31 14.3101
257.819 14.32 14.3199 14.3199 14.3199 14.32 14.3201
257.883 14.33 14.3299 14.3299 14.3299 14.33 14.3301
257.931 14.34 14.3399 14.3399 14.3399 14.34 14.3401
257.979 14.35 14.3499 14.3499 14.3499 14.35 14.3501
258.026 14.36 14.3599 14.3599 14.3599 14.36 14.3601
258.074 14.37 14.3699 14.3699 14.3699 14.37 14.3701
258.122 14.38 14.3799 14.3799 14.3799 14.38 14.3801
258.17 14.39 14.3899 14.3899 14.3899 14.39 14.3901
258.224 14.4 14.3999 14.3999 14.3999 14.4 14.4001
258.299 14.41 14.4099 14.4099 14.4099 14.41 14.4101
258.314 14.42 14.4199 14.4199 14.4199 14.42 14.4201
258.362 14.43 14.4299 14.4299 14.4299 14.43 14.4301
258.401 14.44 14.4399 14.4399 14.4399 14.44 14.4401
258.458 14.45 14.4499 14.4499 14.4499 14.45 14.4501
258.494 14.46 14.4599 14.4599 14.4599 14.46 14.4601
258.554 14.47 14.4699 14.4699 14.4699 14.47 14.4701
258.602 14.48 14.4799 14.4799 14.4799 14.48 14.4801
258.65 14.49 14.4899 14.4899 14.4899 14.49 14.4901
258.646 14.5 14.4999 14.4999 14.4999 14.5 14.5001
258.74 14.51 14.5099 14.5099 14.5099 14.51 14.5101
258.831 14.52 14.5199 14.5199 14.5199 14.52 14.5201
258.828 14.53 14.5299 14.5299 14.5299 14.53 14.5301
258.889 14.54 14.5399 14.5399 14.5399 14.54 14.5401
258.937 14.55 14.5499 14.5499 14.5499 14.55 14.5501
259.003 14.56 14.5599 14.5599 14.5599 14.56 14.5601
259.017 14.57 14.5699 14.5699 14.5699 14.57 14.5701
259.08 14.58 14.5799 14.5799 14.5799 14.58 14.5801
259.085 14.59 14.5899 14.5899 14.5899 14.59 14.5901
259.177 14.6 14.5999 14.5999 14.5999 14.6 14.6001
259.2 14.61 14.6099 14.6099 14.6099 14.61 14.6101
259.273 14.62 14.6199 14.6199 14.6199 14.62 14.6201
259.321 14.63 14.6299 14.6299 14.6299 14.63 14.6301
259.369 14.64 14.6399 14.6399 14.6399 14.64 14.6401
259.419 14.65 14.6499 14.6499 14.6499 14.65 14.6501
259.465 14.66 14.6599 14.6599 14.6599 14.66 14.6601
259.513 14.67 14.6699 14.6699 14.6699 14.67 14.6701
259.561 14.68 14.6799 14.6799 14.6799 14.68 14.6801
259.602 14.69 14.6899 14.6899 14.6899 14.69 14.6901
259.657 14.7 14.6999 14.6999 14.6999 14.7 14.7001
259.705 14.71 14.7099 14.7099 14.7099 14.71 14.7101
259.753 14.72 14.7199 14.7199 14.7199 14.72 14.7201
259.801 14.73 14.7299 14.7299 14.7299 14.73 14.7301
259.849 14.74 14.7399 14.7399 14.7399 14.74 14.7401
259.896 14.75 14.7499 14.7499 14.7499 14.75 14.7501
259.944 14.76 14.7599 14.7599 14.7599 14.76 14.7601
259.957 14.77 14.7699 14.7699 14.7699 14.77 14.7701
260.04 14.78 14.7799 14.7799 14.7799 14.78 14.7801
260.091 14.79 14.7899 14.7899 14.7899 14.79 14.7901
260.136 14.8 14.7999 14.7999 14.7999 14.8 14.8001
260.119 14.81 14.8099 14.8099 14.8099 14.81 14.8101
260.232 14.82 14.8199 14.8199 14.8199 14.82 14.8201
260.28 14.83 14.8299 14.8299 14.8299 14.83 14.8301
260.328 14.84 14.8399 14.8399 14.8399 14.84 14.8401
260.376 14.85 14.8499 14.8499 14.8499 14.85 14.8501
260.428 14.86 14.8599 14.8599 14.8599 14.86 14.8601
260.472 14.87 14.8699 14.8699 14.8699 14.87 14.8701
260.52 14.88 14.8799 14.8799 14.8799 14.88 14.8801
260.568 14.89 14.8899 14.8899 14.8899 14.89 14.8901
260.616 14.9 14.8999 14.8999 14.8999 14.9 14.9001
260.664 14.91 14.9099 14.9099 14.9099 14.91 14.9101
260.713 14.92 14.9199 14.9199 14.9199 14.92 14.9201
260.761 14.93 14.9299 14.9299 14.9299 14.93 14.9301
260.807 14.94 14.9399 14.9399 14.9399 14.94 14.9401
260.856 14.95 14.9499 14.9499 14.9499 14.95 14.9501
260.903 14.96 14.9599 14.9599 14.9599 14.96 14.9601
260.951 14.97 14.9699 14.9699 14.9699 14.97 14.9701
260.999 14.98 14.9799 14.9799 14.9799 14.98 14.9801
261.047 14.99 14.9899 14.9899 14.9899 14.99 14.9901
261.095 15 14.9999 14.9999 14.9999 15 15.0001
261.143 15.01 15.0099 15.0099 15.0099 15.01 15.0102
261.191 15.02 15.0199 15.0199 15.0199 15.02 15.0202
261.238 15.03 15.0299 15.0299 15.0299 15.03 15.0302
261.286 15.04 15.0399 15.0399 15.0399 15.04 15.0402
261.333 15.05 15.0499 15.0499 15.0499 15.05 15.0502
261.38 15.06 15.0599 15.0599 15.0599 15.06 15.0602
261.428 15.07 15.0699 15.0699 15.0699 15.07 15.0702
261.475 15.08 15.0799 15.0799 15.0799 15.08 15.0802
261.522 15.09 15.0899 15.0899 15.0899 15.09 15.0902
261.57 15.1 15.0999 15.0999 15.0999 15.1 15.1002
261.617 15.11 15.1099 15.1099 15.1099 15.11 15.1102
261.664 15.12 15.1199 15.1199 15.1199 15.12 15.1202
261.712 15.13 15.1299 15.1299 15.1299 15.13 15.1302
261.759 15.14 15.1399 15.1399 15.1399 15.14 15.1402
261.806 15.15 15.1499 15.1499 15.1499 15.15 15.1502
261.854 15.16 15.1599 15.1599 15.1599 15.16 15.1602
261.842 15.17 15.1699 15.1699 15.1699 15.17 15.1702
261.948 15.18 15.1799 15.1799 15.1799 15.18 15.1802
261.996 15.19 15.1899 15.1899 15.1899 15.19 15.1902
262.043 15.2 15.1999 15.1999 15.1999 15.2 15.2002
262.094 15.21 15.2099 15.2099 15.2099 15.21 15.2102
262.137 15.22 15.2199 15.2199 15.2199 15.22 15.2202
262.185 15.23 15.2299 15.2299 15.2299 15.23 15.2302
262.232 15.24 15.2399 15.2399 15.2399 15.24 15.2402
262.279 15.25 15.2499 15.2499 15.2499 15.25 15.2502
262.323 15.26 15.2599 15.2599 15.2599 15.26 15.2602
262.371 15.27 15.2699 15.2699 15.2699 15.27 15.2702
262.421 15.28 15.2799 15.2799 15.2799 15.28 15.2802
262.469 15.29 15.2899 15.2899 15.2899 15.29 15.2902
262.516 15.3 15.2999 15.2999 15.2999 15.3 15.3002
262.563 15.31 15.3099 15.3099 15.3099 15.31 15.3102
262.611 15.32 15.3199 15.3199 15.3199 15.32 15.3202
262.661 15.33 15.3299 15.3299 15.3299 15.33 15.3302
262.705 15.34 15.3399 15.3399 15.3399 15.34 15.3402
262.753 15.35 15.3499 15.3499 15.3499 15.35 15.3502
262.8 15.36 15.3599 15.3599 15.3599 15.36 15.3602
262.847 15.37 15.3699 15.3699 15.3699 15.37 15.3702
262.895 15.38 15.3799 15.3799 15.3799 15.38 15.3802
262.942 15.39 15.3899 15.3899 15.3899 15.39 15.3902
262.989 15.4 15.3999 15.3999 15.3999 15.4 15.4002
263.025 15.41 15.4099 15.4099 15.4099 15.41 15.4102
263.084 15.42 15.4199 15.4199 15.4199 15.42 15.4202
263.131 15.43 15.4299 15.4299 15.4299 15.43 15.4302
263.178 15.44 15.4399 15.4399 15.4399 15.44 15.4402
263.226 15.45 15.4499 15.4499 15.4499 15.45 15.4502
263.273 15.46 15.4599 15.4599 15.4599 15.46 15.4602
263.32 15.47 15.4699 15.4699 15.4699 15.47 15.4702
263.368 15.48 15.4799 15.4799 15.4799 15.48 15.4802
263.393 15.49 15.4899 15.4899 15.4899 15.49 15.4902
263.461 15.5 15.4999 15.4999 15.4999 15.5 15.5002
263.501 15.51 15.5099 15.5099 15.5099 15.51 15.5102
263.54 15.52 15.5199 15.5199 15.5199 15.52 15.5202
263.569 15.53 15.5299 15.5299 15.5299 15.53 15.5302
263.612 15.54 15.5399 15.5399 15.5399 15.54 15.5402
263.648 15.55 15.5499 15.5499 15.5499 15.55 15.5502
263.687 15.56 15.5599 15.5599 15.5599 15.56 15.5602
263.721 15.57 15.5699 15.5699 15.5699 15.57 15.5702
263.751 15.58 15.5799 15.5799 15.5799 15.58 15.5802
263.794 15.59 15.5899 15.5899 15.5899 15.59 15.5902
263.831 15.6 15.5999 15.5999 15.5999 15.6 15.6002
263.866 15.61 15.6099 15.6099 15.6099 15.61 15.6102
263.903 15.62 15.6199 15.6199 15.6199 15.62 15.6202
263.939 15.63 15.6299 15.6299 15.6299 15.63 15.6302
263.975 15.64 15.6399 15.6399 15.6399 15.64 15.6402
264.012 15.65 15.6499 15.6499 15.6499 15.65 15.6502
264.048 15.66 15.6599 15.6599 15.6599 15.66 15.6602
264.084 15.67 15.6699 15.6699 15.6699 15.67 15.6702
264.121 15.68 15.6799 15.6799 15.6799 15.68 15.6802
264.158 15.69 15.6899 15.6899 15.6899 15.69 15.6902
264.193 15.7 15.6999 15.6999 15.6999 15.7 15.7002
264.23 15.71 15.7099 15.7099 15.7099 15.71 15.7102
264.266 15.72 15.7199 15.7199 15.7199 15.72 15.7202
264.302 15.73 15.7299 15.7299 15.7299 15.73 15.7302
264.339 15.74 15.7399 15.7399 15.7399 15.74 15.7402
264.375 15.75 15.7499 15.7499 15.7499 15.75 15.7502
264.411 15.76 15.7599 15.7599 15.7599 15.76 15.7602
264.448 15.77 15.7699 15.7699 15.7699 15.77 15.7702
264.484 15.78 15.7799 15.7799 15.7799 15.78 15.7802
264.52 15.79 15.7899 15.7899 15.7899 15.79 15.7902
264.557 15.8 15.7999 15.7999 15.7999 15.8 15.8002
264.593 15.81 15.8099 15.8099 15.8099 15.81 15.8102
264.624 15.82 15.8199 15.8199 15.8199 15.82 15.8202
264.666 15.83 15.8299 15.8299 15.8299 15.83 15.8302
264.702 15.84 15.8399 15.8399 15.8399 15.84 15.8402
264.738 15.85 15.8499 15.8499 15.8499 15.85 15.8502
264.734 15.86 15.8599 15.8599 15.8599 15.86 15.8602
264.811 15.87 15.8699 15.8699 15.8699 15.87 15.8702
264.847 15.88 15.8799 15.8799 15.8799 15.88 15.8802
264.883 15.89 15.8899 15.8899 15.8899 15.89 15.8902
264.92 15.9 15.8999 15.8999 15.8999 15.9 15.9002
264.956 15.91 15.9099 15.9099 15.9099 15.91 15.9102
264.999 15.92 15.9199 15.9199 15.9199 15.92 15.9202
265.029 15.93 15.9299 15.9299 15.9299 15.93 15.9302
265.031 15.94 15.9399 15.9399 15.9399 15.94 15.9402
265.101 15.95 15.9499 15.9499 15.9499 15.95 15.9502
265.096 15.96 15.9599 15.9599 15.9599 15.96 15.9602
265.097 15.97 15.9699 15.9699 15.9699 15.97 15.9702
265.194 15.98 15.9799 15.9799 15.9799 15.98 15.9802
265.251 15.99 15.9899 15.9899 15.9899 15.99 15.9902
265.264 16 15.9999 15.9999 15.9999 16 16.0002
265.319 16.01 16.0099 16.0099 16.0099 16.01 16.0102
265.355 16.02 16.0199 16.0199 16.0199 16.02 16.0202
265.392 16.03 16.0299 16.0299 16.0299 16.03 16.0302
265.431 16.04 16.0399 16.0399 16.0399 16.04 16.0402
265.464 16.05 16.0499 16.0499 16.0499 16.05 16.0502
265.5 16.06 16.0599 16.0599 16.0599 16.06 16.0602
265.537 16.07 16.0699 16.0699 16.0699 16.07 16.0702
265.578 16.08 16.0799 16.0799 16.0799 16.08 16.0802
265.61 16.09 16.0899 16.0899 16.0899 16.09 16.0902
265.646 16.1 16.0999 16.0999 16.0999 16.1 16.1002
265.684 16.11 16.1099 16.1099 16.1099 16.11 16.1102
265.718 16.12 16.1199 16.1199 16.1199 16.12 16.1202
265.755 16.13 16.1299 16.1299 16.1299 16.13 16.1302
265.791 16.14 16.1399 16.1399 16.1399 16.14 16.1402
265.828 16.15 16.1499 16.1499 16.1499 16.15 16.1502
265.864 16.16 16.1599 16.1599 16.1599 16.16 16.1602
265.902 16.17 16.1699 16.1699 16.1699 16.17 16.1702
265.936 16.18 16.1799 16.1799 16.1799 16.18 16.1802
265.973 16.19 16.1899 16.1899 16.1899 16.19 16.1902
266.009 16.2 16.1999 16.1999 16.1999 16.2 16.2002
266.045 16.21 16.2099 16.2099 16.2099 16.21 16.2102
266.082 16.22 16.2199 16.2199 16.2199 16.22 16.2202
266.118 16.23 16.2299 16.2299 16.2299 16.23 16.2302
266.083 16.24 16.2399 16.2399 16.2399 16.24 16.2402
266.191 16.25 16.2499 16.2499 16.2499 16.25 16.2502
266.227 16.26 16.2599 16.2599 16.2599 16.26 16.2602
266.257 16.27 16.2699 16.2699 16.2699 16.27 16.2702
266.3 16.28 16.2799 16.2799 16.2799 16.28 16.2802
266.336 16.29 16.2899 16.2899 16.2899 16.29 16.2902
266.372 16.3 16.2999 16.2999 16.2999 16.3 16.3002
266.409 16.31 16.3099 16.3099 16.3099 16.31 16.3102
266.445 16.32 16.3199 16.3199 16.3199 16.32 16.3202
266.481 16.33 16.3299 16.3299 16.3299 16.33 16.3302
266.518 16.34 16.3399 16.3399 16.3399 16.34 16.3402
266.554 16.35 16.3499 16.3499 16.3499 16.35 16.3502
266.567 16.36 16.3599 16.3599 16.3599 16.36 16.3602
266.627 16.37 16.3699 16.3699 16.3699 16.37 16.3702
266.663 16.38 16.3799 16.3799 16.3799 16.38 16.3802
266.699 16.39 16.3899 16.3899 16.3899 16.39 16.3902
266.735 16.4 16.3999 16.3999 16.3999 16.4 16.4002
266.772 16.41 16.4099 16.4099 16.4099 16.41 16.4102
266.762 16.42 16.4199 16.4199 16.4199 16.42 16.4202
266.844 16.43 16.4299 16.4299 16.4299 16.43 16.4302
266.881 16.44 16.4399 16.4399 16.4399 16.44 16.4402
266.917 16.45 16.4499 16.4499 16.4499 16.45 16.4502
266.931 16.46 16.4599 16.4599 16.4599 16.46 16.4602
266.99 16.47 16.4699 16.4699 16.4699 16.47 16.4702
267.026 16.48 16.4799 16.4799 16.4799 16.48 16.4802
267.062 16.49 16.4899 16.4899 16.4899 16.49 16.4902
267.099 16.5 16.4999 16.4999 16.4999 16.5 16.5002
267.135 16.51 16.5099 16.5099 16.5099 16.51 16.5102
267.171 16.52 16.5199 16.5199 16.5199 16.52 16.5202
267.207 16.53 16.5299 16.5299 16.5299 16.53 16.5302
267.227 16.54 16.5399 16.5399 16.5399 16.54 16.5402
267.28 16.55 16.5499 16.5499 16.5499 16.55 16.5502
267.317 16.56 16.5599 16.5599 16.5599 16.56 16.5602
267.353 16.57 16.5699 16.5699 16.5699 16.57 16.5702
267.389 16.58 16.5799 16.5799 16.5799 16.58 16.5802
267.425 16.59 16.5899 16.5899 16.5899 16.59 16.5902
267.462 16.6 16.5999 16.5999 16.5999 16.6 16.6002
267.472 16.61 16.6099 16.6099 16.6099 16.61 16.6102
267.534 16.62 16.6199 16.6199 16.6199 16.62 16.6202
267.571 16.63 16.6299 16.6299 16.6299 16.63 16.6302
267.607 16.64 16.6399 16.6399 16.6399 16.64 16.6402
267.605 16.65 16.6499 16.6499 16.6499 16.65 16.6502
267.68 16.66 16.6599 16.6599 16.6599 16.66 16.6602
267.716 16.67 16.6699 16.6699 16.6699 16.67 16.6702
267.752 16.68 16.6799 16.6799 16.6799 16.68 16.6802
267.788 16.69 16.6899 16.6899 16.6899 16.69 16.6902
267.794 16.7 16.6999 16.6999 16.6999 16.7 16.7002
267.861 16.71 16.7099 16.7099 16.7099 16.71 16.7102
267.898 16.72 16.7199 16.7199 16.7199 16.72 16.7202
267.934 16.73 16.7299 16.7299 16.7299 16.73 16.7302
267.97 16.74 16.7399 16.7399 16.7399 16.74 16.7402
268.007 16.75 16.7499 16.7499 16.7499 16.75 16.7502
268.043 16.76 16.7599 16.7599 16.7599 16.76 16.7602
268.079 16.77 16.7699 16.7699 16.7699 16.77 16.7702
268.116 16.78 16.7799 16.7799 16.7799 16.78 16.7802
268.115 16.79 16.7899 16.7899 16.7899 16.79 16.7902
268.188 16.8 16.7999 16.7999 16.7999 16.8 16.8002
268.227 16.81 16.8099 16.8099 16.8099 16.81 16.8102
268.26 16.82 16.8199 16.8199 16.8199 16.82 16.8202
268.297 16.83 16.8299 16.8299 16.8299 16.83 16.8302
268.333 16.84 16.8399 16.8399 16.8399 16.84 16.8402
268.37 16.85 16.8499 16.8499 16.8499 16.85 16.8502
268.399 16.86 16.8599 16.8599 16.8599 16.86 16.8602
268.434 16.87 16.8699 16.8699 16.8699 16.87 16.8702
268.466 16.88 16.8799 16.8799 16.8799 16.88 16.8802
268.497 16.89 16.8899 16.8899 16.8899 16.89 16.8902
268.528 16.9 16.8999 16.8999 16.8999 16.9 16.9002
268.56 16.91 16.9099 16.9099 16.9099 16.91 16.9102
268.591 16.92 16.9199 16.9199 16.9199 16.92 16.9202
268.629 16.93 16.9299 16.9299 16.9299 16.93 16.9302
268.654 16.94 16.9399 16.9399 16.9399 16.94 16.9402
268.663 16.95 16.9499 16.9499 16.9499 16.95 16.9502
268.717 16.96 16.9599 16.9599 16.9599 16.96 16.9602
268.747 16.97 16.9699 16.9699 16.9699 16.97 16.9702
268.777 16.98 16.9799 16.9799 16.9799 16.98 16.9802
268.811 16.99 16.9899 16.9899 16.9899 16.99 16.9902
268.803 17 16.9999 16.9999 16.9999 17 17.0002
268.874 17.01 17.0099 17.0099 17.0099 17.01 17.0102
268.906 17.02 17.0199 17.0199 17.0199 17.02 17.0202
268.937 17.03 17.0299 17.0299 17.0299 17.03 17.0302
268.981 17.04 17.0399 17.0399 17.0399 17.04 17.0402
269 17.05 17.0499 17.0499 17.0499 17.05 17.0502
269.002 17.06 17.0599 17.0599 17.0599 17.06 17.0602
269.063 17.07 17.0699 17.0699 17.0699 17.07 17.0702
269.094 17.08 17.0799 17.0799 17.0799 17.08 17.0802
269.125 17.09 17.0899 17.0899 17.0899 17.09 17.0902
269.157 17.1 17.0999 17.0999 17.0999 17.1 17.1002
269.188 17.11 17.1099 17.1099 17.1099 17.11 17.1102
269.22 17.12 17.1199 17.1199 17.1199 17.12 17.1202
269.251 17.13 17.1299 17.1299 17.1299 17.13 17.1302
269.283 17.14 17.1399 17.1399 17.1399 17.14 17.1402
269.314 17.15 17.1499 17.1499 17.1499 17.15 17.1502
269.346 17.16 17.1599 17.1599 17.1599 17.16 17.1602
269.377 17.17 17.1699 17.1699 17.1699 17.17 17.1702
269.352 17.18 17.1799 17.1799 17.1799 17.18 17.1802
269.44 17.19 17.1899 17.1899 17.1899 17.19 17.1902
269.471 17.2 17.1999 17.1999 17.1999 17.2 17.2002
269.502 17.21 17.2099 17.2099 17.2099 17.21 17.2102
269.535 17.22 17.2199 17.2199 17.2199 17.22 17.2202
269.565 17.23 17.2299 17.2299 17.2299 17.23 17.2302
269.597 17.24 17.2399 17.2399 17.2399 17.24 17.2402
269.628 17.25 17.2499 17.2499 17.2499 17.25 17.2502
269.659 17.26 17.2599 17.2599 17.2599 17.26 17.2602
269.691 17.27 17.2699 17.2699 17.2699 17.27 17.2702
269.722 17.28 17.2799 17.2799 17.2799 17.28 17.2802
269.754 17.29 17.2899 17.2899 17.2899 17.29 17.2902
269.785 17.3 17.2999 17.2999 17.2999 17.3 17.3002
269.817 17.31 17.3099 17.3099 17.3099 17.31 17.3102
269.824 17.32 17.3199 17.3199 17.3199 17.32 17.3202
269.88 17.33 17.3299 17.3299 17.3299 17.33 17.3302
269.911 17.34 17.3399 17.3399 17.3399 17.34 17.3402
269.938 17.35 17.3499 17.3499 17.3499 17.35 17.3502
269.974 17.36 17.3599 17.3599 17.3599 17.36 17.3602
270.005 17.37 17.3699 17.3699 17.3699 17.37 17.3702
270.036 17.38 17.3799 17.3799 17.3799 17.38 17.3802
270.067 17.39 17.3899 17.3899 17.3899 17.39 17.3902
270.099 17.4 17.3999 17.3999 17.3999 17.4 17.4002
270.129 17.41 17.4099 17.4099 17.4099 17.41 17.4102
270.159 17.42 17.4199 17.4199 17.4199 17.42 17.4202
270.193 17.43 17.4299 17.4299 17.4299 17.43 17.4302
270.231 17.44 17.4399 17.4399 17.4399 17.44 17.4402
270.25 17.45 17.4499 17.4499 17.4499 17.45 17.4502
270.281 17.46 17.4599 17.4599 17.4599 17.46 17.4602
270.311 17.47 17.4699 17.4699 17.4699 17.47 17.4702
270.342 17.48 17.4799 17.4799 17.4799 17.48 17.4802
270.341 17.49 17.4899 17.4899 17.4899 17.49 17.4902
270.402 17.5 17.4999 17.4999 17.4999 17.5 17.5002
270.433 17.51 17.5099 17.5099 17.5099 17.51 17.5102
270.463 17.52 17.5199 17.5199 17.5199 17.52 17.5202
270.494 17.53 17.5299 17.5299 17.5299 17.53 17.5302
270.49 17.54 17.5399 17.5399 17.5399 17.54 17.5402
270.554 17.55 17.5499 17.5499 17.5499 17.55 17.5502
270.585 17.56 17.5599 17.5599 17.5599 17.56 17.5602
270.615 17.57 17.5699 17.5699 17.5699 17.57 17.5702
270.646 17.58 17.5799 17.5799 17.5799 17.58 17.5803
270.647 17.59 17.5899 17.5899 17.5899 17.59 17.5903
270.706 17.6 17.5999 17.5999 17.5999 17.6 17.6003
270.737 17.61 17.6099 17.6099 17.6099 17.61 17.6103
270.774 17.62 17.6199 17.6199 17.6199 17.62 17.6203
270.797 17.63 17.6299 17.6299 17.6299 17.63 17.6303
270.828 17.64 17.6399 17.6399 17.6399 17.64 17.6403
270.858 17.65 17.6499 17.6499 17.6499 17.65 17.6503
270.887 17.66 17.6599 17.6599 17.6599 17.66 17.6603
270.919 17.67 17.6699 17.6699 17.6699 17.67 17.6703
270.951 17.68 17.6799 17.6799 17.6799 17.68 17.6803
270.98 17.69 17.6899 17.6899 17.6899 17.69 17.6903
271.01 17.7 17.6999 17.6999 17.6999 17.7 17.7003
271.04 17.71 17.7099 17.7099 17.7099 17.71 17.7103
271.071 17.72 17.7199 17.7199 17.7199 17.72 17.7203
271.101 17.73 17.7299 17.7299 17.7299 17.73 17.7303
271.131 17.74 17.7399 17.7399 17.7399 17.74 17.7403
271.16 17.75 17.7499 17.7499 17.7499 17.75 17.7503
271.189 17.76 17.7599 17.7599 17.7599 17.76 17.7603
271.219 17.77 17.7699 17.7699 17.7699 17.77 17.7703
271.248 17.78 17.7799 17.7799 17.7799 17.78 17.7803
271.256 17.79 17.7899 17.7899 17.7899 17.79 17.7903
271.307 17.8 17.7999 17.7999 17.7999 17.8 17.8003
271.333 17.81 17.8099 17.8099 17.8099 17.81 17.8103
271.365 17.82 17.8199 17.8199 17.8199 17.82 17.8203
271.395 17.83 17.8299 17.8299 17.8299 17.83 17.8303
271.424 17.84 17.8399 17.8399 17.8399 17.84 17.8403
271.453 17.85 17.8499 17.8499 17.8499 17.85 17.8503
271.483 17.86 17.8599 17.8599 17.8599 17.86 17.8603
271.516 17.87 17.8699 17.8699 17.8699 17.87 17.8703
271.541 17.88 17.8799 17.8799 17.8799 17.88 17.8803
271.581 17.89 17.8899 17.8899 17.8899 17.89 17.8903
271.599 17.9 17.8999 17.8999 17.8999 17.9 17.9003
271.628 17.91 17.9099 17.9099 17.9099 17.91 17.9103
271.659 17.92 17.9199 17.9199 17.9199 17.92 17.9203
271.688 17.93 17.9299 17.9299 17.9299 17.93 17.9303
271.718 17.94 17.9399 17.9399 17.9399 17.94 17.9403
271.747 17.95 17.9499 17.9499 17.9499 17.95 17.9503
271.776 17.96 17.9599 17.9599 17.9599 17.96 17.9603
271.806 17.97 17.9699 17.9699 17.9699 17.97 17.9703
271.835 17.98 17.9799 17.9799 17.9799 17.98 17.9803
271.864 17.99 17.9899 17.9899 17.9899 17.99 17.9903
271.894 18 17.9999 17.9999 17.9999 18 18.0003
271.923 18.01 18.0099 18.0099 18.0099 18.01 18.0103
271.932 18.02 18.0199 18.0199 18.0199 18.02 18.0203
271.921 18.03 18.0299 18.0299 18.0299 18.03 18.0303
272.011 18.04 18.0399 18.0399 18.0399 18.04 18.0403
272.015 18.05 18.0499 18.0499 18.0499 18.05 18.0503
272.07 18.06 18.0599 18.0599 18.0599 18.06 18.0603
272.099 18.07 18.0699 18.0699 18.0699 18.07 18.0703
272.128 18.08 18.0799 18.0799 18.0799 18.08 18.0803
272.148 18.09 18.0899 18.0899 18.0899 18.09 18.0903
272.187 18.1 18.0999 18.0999 18.0999 18.1001 18.1003
272.207 18.11 18.1099 18.1099 18.1099 18.1101 18.1103
272.246 18.12 18.1199 18.1199 18.1199 18.1201 18.1203
272.276 18.13 18.1299 18.1299 18.1299 18.1301 18.1303
272.305 18.14 18.1399 18.1399 18.1399 18.1401 18.1403
272.306 18.15 18.1499 18.1499 18.1499 18.1501 18.1503
272.365 18.16 18.1599 18.1599 18.1599 18.1601 18.1603
272.395 18.17 18.1699 18.1699 18.1699 18.1701 18.1703
272.411 18.18 18.1799 18.1799 18.1799 18.1801 18.1803
272.451 18.19 18.1899 18.1899 18.1899 18.1901 18.1903
272.481 18.2 18.1999 18.1999 18.1999 18.2001 18.2003
272.51 18.21 18.2099 18.2099 18.2099 18.2101 18.2103
272.541 18.22 18.2199 18.2199 18.2199 18.2201 18.2203
272.559 18.23 18.2299 18.2299 18.2299 18.2301 18.2303
272.598 18.24 18.2399 18.2399 18.2399 18.2401 18.2403
272.628 18.25 18.2499 18.2499 18.2499 18.2501 18.2503
272.62 18.26 18.2599 18.2599 18.2599 18.2601 18.2603
272.667 18.27 18.2699 18.2699 18.2699 18.2701 18.2703
272.716 18.28 18.2799 18.2799 18.2799 18.2801 18.2803
272.733 18.29 18.2899 18.2899 18.2899 18.2901 18.2903
272.775 18.3 18.2999 18.2999 18.2999 18.3001 18.3003
272.803 18.31 18.3099 18.3099 18.3099 18.3101 18.3103
272.832 18.32 18.3199 18.3199 18.3199 18.3201 18.3203
272.832 18.33 18.3299 18.3299 18.3299 18.3301 18.3303
-3.52841e+34 18.3402 1.3321e+29 -7.34008e+38 2.70338e+39 1.17371e+35 8.09132e+31
